#
# There is insufficient memory for the Java Runtime Environment to continue.
# Native memory allocation (mmap) failed to map 2097152 bytes for Failed to commit area from 0x0000000091500000 to 0x0000000091700000 of length 2097152.
# Possible reasons:
#   The system is out of physical RAM or swap space
#   The process is running with CompressedOops enabled, and the Java Heap may be blocking the growth of the native heap
# Possible solutions:
#   Reduce memory load on the system
#   Increase physical memory or swap space
#   Check if swap backing store is full
#   Decrease Java heap size (-Xmx/-Xms)
#   Decrease number of Java threads
#   Decrease Java thread stack sizes (-Xss)
#   Set larger code cache with -XX:ReservedCodeCacheSize=
#   JVM is running with Unscaled Compressed Oops mode in which the Java heap is
#     placed in the first 4GB address space. The Java Heap base address is the
#     maximum limit for the native heap growth. Please use -XX:HeapBaseMinAddress
#     to set the Java Heap base and to place the Java Heap above 4GB virtual address.
# This output file may be truncated or incomplete.
#
#  Out of Memory Error (./open/src/hotspot/os/windows/os_windows.cpp:3287), pid=1664, tid=10216
#
# JRE version: Java(TM) SE Runtime Environment 18.9 (11.0.16+11) (build 11.0.16+11-LTS-199)
# Java VM: Java HotSpot(TM) 64-Bit Server VM 18.9 (11.0.16+11-LTS-199, mixed mode, tiered, compressed oops, g1 gc, windows-amd64)
# No core dump will be written. Minidumps are not enabled by default on client versions of Windows
#

---------------  S U M M A R Y ------------

Command Line: -XX:MaxMetaspaceSize=512m --add-opens=java.base/java.util=ALL-UNNAMED --add-opens=java.base/java.lang=ALL-UNNAMED --add-opens=java.base/java.lang.invoke=ALL-UNNAMED --add-opens=java.base/java.util=ALL-UNNAMED --add-opens=java.prefs/java.util.prefs=ALL-UNNAMED --add-opens=java.prefs/java.util.prefs=ALL-UNNAMED --add-opens=java.base/java.nio.charset=ALL-UNNAMED --add-opens=java.base/java.net=ALL-UNNAMED --add-opens=java.base/java.util.concurrent.atomic=ALL-UNNAMED -Xmx2048m -Dfile.encoding=windows-1252 -Duser.country=US -Duser.language=en -Duser.variant org.gradle.launcher.daemon.bootstrap.GradleDaemon 7.5.1

Host: Intel(R) Core(TM) i5-8250U CPU @ 1.60GHz, 8 cores, 7G,  Windows 10 , 64 bit Build 19041 (10.0.19041.1566)
Time: Thu Oct  6 23:10:34 2022 Sri Lanka Standard Time elapsed time: 5798.505442 seconds (0d 1h 36m 38s)

---------------  T H R E A D  ---------------

Current thread (0x000002099fca0800):  JavaThread "ForkJoinPool.commonPool-worker-7" daemon [_thread_in_vm, id=10216, stack(0x000000655ea00000,0x000000655eb00000)]

Stack: [0x000000655ea00000,0x000000655eb00000]
Native frames: (J=compiled Java code, j=interpreted, Vv=VM code, C=native code)
V  [jvm.dll+0x62a3ea]
V  [jvm.dll+0x76418f]
V  [jvm.dll+0x765839]
V  [jvm.dll+0x765ec3]
V  [jvm.dll+0x23da98]
V  [jvm.dll+0x62770a]
V  [jvm.dll+0x61c475]
V  [jvm.dll+0x2f2aac]
V  [jvm.dll+0x2f2932]
V  [jvm.dll+0x2f7656]
V  [jvm.dll+0x33a1cf]
V  [jvm.dll+0x339c00]
V  [jvm.dll+0x2d090c]
V  [jvm.dll+0x2cc7d2]
V  [jvm.dll+0x5c1fb2]
V  [jvm.dll+0x5c1ada]
V  [jvm.dll+0x1e3a4d]
V  [jvm.dll+0x73cfb7]
V  [jvm.dll+0x68bbdd]
C  0x00000209800f1d29

Java frames: (J=compiled Java code, j=interpreted, Vv=VM code)
v  ~RuntimeStub::_new_array_Java
J 28915 c2 java.nio.ByteBuffer.allocate(I)Ljava/nio/ByteBuffer; java.base@11.0.16 (19 bytes) @ 0x000002098817031c [0x0000020988170120+0x00000000000001fc]
j  com.android.apksig.internal.apk.ApkSigningBlockUtils$ChunkSupplier.get()Lcom/android/apksig/internal/apk/ApkSigningBlockUtils$ChunkSupplier$Chunk;+99
j  com.android.apksig.internal.apk.ApkSigningBlockUtils$ChunkDigester.run()V+226
j  java.util.concurrent.ForkJoinTask$AdaptedRunnableAction.exec()Z+4 java.base@11.0.16
j  java.util.concurrent.ForkJoinTask.doExec()I+10 java.base@11.0.16
j  java.util.concurrent.ForkJoinPool$WorkQueue.topLevelExec(Ljava/util/concurrent/ForkJoinTask;Ljava/util/concurrent/ForkJoinPool$WorkQueue;I)V+12 java.base@11.0.16
j  java.util.concurrent.ForkJoinPool.scan(Ljava/util/concurrent/ForkJoinPool$WorkQueue;I)Z+182 java.base@11.0.16
j  java.util.concurrent.ForkJoinPool.runWorker(Ljava/util/concurrent/ForkJoinPool$WorkQueue;)V+25 java.base@11.0.16
j  java.util.concurrent.ForkJoinWorkerThread.run()V+24 java.base@11.0.16
v  ~StubRoutines::call_stub

---------------  P R O C E S S  ---------------

Threads class SMR info:
_java_thread_list=0x000002099bdeed50, length=181, elements={
0x00000209f3641000, 0x00000209916f0000, 0x00000209916fb800, 0x000002099170f000,
0x0000020991713000, 0x0000020991714000, 0x000002099171f800, 0x0000020991727800,
0x0000020991737000, 0x00000209921d3000, 0x0000020993c18800, 0x0000020993c16000,
0x0000020993c15000, 0x0000020994445000, 0x000002099444a000, 0x0000020994444000,
0x000002099444a800, 0x0000020994446800, 0x000002099444b800, 0x0000020994451800,
0x000002099444e000, 0x000002099444d000, 0x00000209991d3800, 0x00000209991d4000,
0x00000209991d2800, 0x00000209991d9000, 0x00000209991da000, 0x00000209991d5000,
0x0000020995e71000, 0x0000020995e7b000, 0x00000209993bd800, 0x00000209993c1800,
0x00000209993c1000, 0x00000209993c3800, 0x000002099e60d000, 0x000002099529a000,
0x000002099e3c2000, 0x00000209991df800, 0x0000020993c1b800, 0x0000020993c1a000,
0x0000020993c1b000, 0x00000209991dc000, 0x00000209991dd000, 0x0000020994449000,
0x0000020994446000, 0x0000020994448800, 0x000002099444f800, 0x0000020994450800,
0x000002099529c800, 0x000002099529b800, 0x000002099529d800, 0x000002099529e000,
0x000002099529b000, 0x0000020995299000, 0x0000020995298800, 0x00000209952a2000,
0x000002099529f800, 0x00000209952a3000, 0x00000209952a1800, 0x00000209952a4800,
0x00000209952a4000, 0x000002099529f000, 0x00000209952a5800, 0x00000209952a6800,
0x00000209952a0800, 0x00000209952a7000, 0x000002099e60f000, 0x000002099e610000,
0x000002099e612800, 0x000002099e611000, 0x000002099e60d800, 0x000002099e611800,
0x000002099e613800, 0x000002099e60e800, 0x000002099e615000, 0x000002099e61a000,
0x000002099e619000, 0x000002099e618000, 0x000002099e614000, 0x000002099e61a800,
0x000002099e61b800, 0x000002099e615800, 0x000002099e616800, 0x000002099e617800,
0x000002099e3c5800, 0x000002099e3c7000, 0x000002099e3c4800, 0x000002099e3c8800,
0x000002099e3c6000, 0x000002099e3c8000, 0x000002099e3c3800, 0x000002099e3c3000,
0x000002099e3ca000, 0x000002099e3c9800, 0x000002099e3cf000, 0x000002099e3cd800,
0x000002099e3d0000, 0x000002099e3d0800, 0x000002099e3cb000, 0x000002099e3cc000,
0x000002099e3cc800, 0x000002099e3ce800, 0x000002099dbec800, 0x000002099dbeb800,
0x000002099dbf0000, 0x000002099dbf1800, 0x000002099dbf0800, 0x000002099dbed800,
0x000002099dbee000, 0x000002099dbf2000, 0x000002099dbf3000, 0x000002099dbf4000,
0x000002099dbf4800, 0x000002099dbef000, 0x000002099dbfa800, 0x000002099dbf9800,
0x000002099dbf8000, 0x000002099dbf5800, 0x000002099dbf7000, 0x000002099dbf9000,
0x0000020995e74800, 0x0000020995e72800, 0x0000020995e75000, 0x0000020995e76000,
0x0000020995e72000, 0x0000020995e73800, 0x0000020995e7c800, 0x0000020995e77000,
0x0000020995e79000, 0x0000020995e77800, 0x0000020995e7a000, 0x0000020995e7e000,
0x0000020995e7d800, 0x0000020995e78800, 0x0000020995e7f000, 0x00000209993ba800,
0x00000209993c2800, 0x00000209993c4000, 0x00000209993be800, 0x00000209993c5000,
0x00000209993c0000, 0x00000209993bf000, 0x00000209993c7800, 0x00000209993c5800,
0x00000209993c9000, 0x00000209993c8000, 0x00000209993c6800, 0x00000209991db800,
0x00000209991d6800, 0x00000209991e0800, 0x0000020993c17000, 0x0000020993c17800,
0x0000020993c19800, 0x0000020995e70800, 0x00000209993bc800, 0x0000020997fa5000,
0x0000020997fa9000, 0x0000020997fa7000, 0x0000020997fa6000, 0x0000020997fa4800,
0x0000020997fa7800, 0x0000020997fa8800, 0x0000020997fa3800, 0x0000020997fab800,
0x0000020997faa000, 0x0000020997fab000, 0x0000020997faf800, 0x0000020997faf000,
0x0000020997fae000, 0x0000020997fac800, 0x0000020997fad800, 0x0000020997fb0800,
0x0000020997fb2000, 0x000002099fc9c800, 0x000002099fca1000, 0x000002099fca0800,
0x000002099fc9e800, 0x0000020997b9f000, 0x000002099fc9f800, 0x000002099fca2000,
0x000002099fca3000
}

Java Threads: ( => current thread )
  0x00000209f3641000 JavaThread "main" [_thread_blocked, id=13536, stack(0x0000006552f00000,0x0000006553000000)]
  0x00000209916f0000 JavaThread "Reference Handler" daemon [_thread_blocked, id=16016, stack(0x0000006553600000,0x0000006553700000)]
  0x00000209916fb800 JavaThread "Finalizer" daemon [_thread_blocked, id=16292, stack(0x0000006553700000,0x0000006553800000)]
  0x000002099170f000 JavaThread "Signal Dispatcher" daemon [_thread_blocked, id=15608, stack(0x0000006553800000,0x0000006553900000)]
  0x0000020991713000 JavaThread "Attach Listener" daemon [_thread_blocked, id=8748, stack(0x0000006553900000,0x0000006553a00000)]
  0x0000020991714000 JavaThread "Service Thread" daemon [_thread_blocked, id=13856, stack(0x0000006553a00000,0x0000006553b00000)]
  0x000002099171f800 JavaThread "C2 CompilerThread0" daemon [_thread_blocked, id=16340, stack(0x0000006553b00000,0x0000006553c00000)]
  0x0000020991727800 JavaThread "C1 CompilerThread0" daemon [_thread_blocked, id=16272, stack(0x0000006553c00000,0x0000006553d00000)]
  0x0000020991737000 JavaThread "Sweeper thread" daemon [_thread_blocked, id=11592, stack(0x0000006553d00000,0x0000006553e00000)]
  0x00000209921d3000 JavaThread "Common-Cleaner" daemon [_thread_blocked, id=14408, stack(0x0000006553e00000,0x0000006553f00000)]
  0x0000020993c18800 JavaThread "Daemon health stats" [_thread_blocked, id=11972, stack(0x0000006554400000,0x0000006554500000)]
  0x0000020993c16000 JavaThread "Incoming local TCP Connector on port 63665" [_thread_in_native, id=15724, stack(0x0000006554000000,0x0000006554100000)]
  0x0000020993c15000 JavaThread "Daemon periodic checks" [_thread_blocked, id=3484, stack(0x0000006554300000,0x0000006554400000)]
  0x0000020994445000 JavaThread "Cache worker for journal cache (C:\Users\Prabharsha\.gradle\caches\journal-1)" [_thread_blocked, id=11516, stack(0x0000006555100000,0x0000006555200000)]
  0x000002099444a000 JavaThread "File lock request listener" [_thread_in_native, id=6416, stack(0x0000006555200000,0x0000006555300000)]
  0x0000020994444000 JavaThread "Cache worker for file hash cache (C:\Users\Prabharsha\.gradle\caches\7.5.1\fileHashes)" [_thread_blocked, id=16280, stack(0x0000006555300000,0x0000006555400000)]
  0x000002099444a800 JavaThread "File watcher server" daemon [_thread_in_native, id=652, stack(0x0000006555600000,0x0000006555700000)]
  0x0000020994446800 JavaThread "File watcher consumer" daemon [_thread_blocked, id=10824, stack(0x0000006555700000,0x0000006555800000)]
  0x000002099444b800 JavaThread "Cache worker for file content cache (C:\Users\Prabharsha\.gradle\caches\7.5.1\fileContent)" [_thread_blocked, id=11408, stack(0x0000006555a00000,0x0000006555b00000)]
  0x0000020994451800 JavaThread "Cache worker for execution history cache (C:\Users\Prabharsha\.gradle\caches\7.5.1\executionHistory)" [_thread_blocked, id=15524, stack(0x0000006555e00000,0x0000006555f00000)]
  0x000002099444e000 JavaThread "jar transforms" [_thread_blocked, id=15692, stack(0x0000006555f00000,0x0000006556000000)]
  0x000002099444d000 JavaThread "jar transforms Thread 2" [_thread_blocked, id=14576, stack(0x0000006556000000,0x0000006556100000)]
  0x00000209991d3800 JavaThread "jar transforms Thread 3" [_thread_blocked, id=15356, stack(0x0000006556100000,0x0000006556200000)]
  0x00000209991d4000 JavaThread "jar transforms Thread 4" [_thread_blocked, id=13700, stack(0x0000006556200000,0x0000006556300000)]
  0x00000209991d2800 JavaThread "Cache worker for kotlin-dsl (C:\Users\Prabharsha\.gradle\caches\7.5.1\kotlin-dsl)" [_thread_blocked, id=15696, stack(0x0000006555b00000,0x0000006555c00000)]
  0x00000209991d9000 JavaThread "jar transforms Thread 5" [_thread_blocked, id=2332, stack(0x0000006556400000,0x0000006556500000)]
  0x00000209991da000 JavaThread "jar transforms Thread 6" [_thread_blocked, id=12176, stack(0x0000006556500000,0x0000006556600000)]
  0x00000209991d5000 JavaThread "jar transforms Thread 7" [_thread_blocked, id=15680, stack(0x0000006556800000,0x0000006556900000)]
  0x0000020995e71000 JavaThread "jar transforms Thread 8" [_thread_blocked, id=15656, stack(0x0000006558a00000,0x0000006558b00000)]
  0x0000020995e7b000 JavaThread "Memory manager" [_thread_blocked, id=16132, stack(0x0000006558c00000,0x0000006558d00000)]
  0x00000209993bd800 JavaThread "pool-3-thread-1" [_thread_blocked, id=14496, stack(0x0000006555500000,0x0000006555600000)]
  0x00000209993c1800 JavaThread "Monitor" [_thread_in_native, id=2816, stack(0x000000655cb00000,0x000000655cc00000)]
  0x00000209993c1000 JavaThread "JdwpProxyConnection" [_thread_in_native, id=16304, stack(0x000000655c700000,0x000000655c800000)]
  0x00000209993c3800 JavaThread "Device List Monitor" [_thread_in_native, id=6212, stack(0x000000655cc00000,0x000000655cd00000)]
  0x000002099e60d000 JavaThread "pool-6-thread-1" [_thread_blocked, id=8652, stack(0x000000655c400000,0x000000655c500000)]
  0x000002099529a000 JavaThread "pool-9-thread-1" [_thread_blocked, id=14092, stack(0x000000655c500000,0x000000655c600000)]
  0x000002099e3c2000 JavaThread "pool-12-thread-1" [_thread_blocked, id=13252, stack(0x000000655c600000,0x000000655c700000)]
  0x00000209991df800 JavaThread "pool-15-thread-1" [_thread_blocked, id=14616, stack(0x000000655c800000,0x000000655c900000)]
  0x0000020993c1b800 JavaThread "Monitor" [_thread_in_native, id=16116, stack(0x000000655cd00000,0x000000655ce00000)]
  0x0000020993c1a000 JavaThread "JdwpProxyConnection" [_thread_in_native, id=10872, stack(0x0000006558800000,0x0000006558900000)]
  0x0000020993c1b000 JavaThread "Device List Monitor" [_thread_in_native, id=14728, stack(0x000000655ce00000,0x000000655cf00000)]
  0x00000209991dc000 JavaThread "pool-18-thread-1" [_thread_blocked, id=7684, stack(0x000000655c900000,0x000000655ca00000)]
  0x00000209991dd000 JavaThread "Monitor" [_thread_in_native, id=9016, stack(0x000000655d100000,0x000000655d200000)]
  0x0000020994449000 JavaThread "JdwpProxyConnection" [_thread_in_native, id=16056, stack(0x000000655cf00000,0x000000655d000000)]
  0x0000020994446000 JavaThread "Device List Monitor" [_thread_in_native, id=1504, stack(0x000000655d200000,0x000000655d300000)]
  0x0000020994448800 JavaThread "Daemon Thread 7" [_thread_blocked, id=12388, stack(0x0000006552c00000,0x0000006552d00000)]
  0x000002099444f800 JavaThread "Handler for socket connection from /127.0.0.1:63665 to /127.0.0.1:65514" [_thread_in_native, id=1068, stack(0x0000006552d00000,0x0000006552e00000)]
  0x0000020994450800 JavaThread "Cancel handler" [_thread_blocked, id=13412, stack(0x0000006552e00000,0x0000006552f00000)]
  0x000002099529c800 JavaThread "Daemon worker Thread 7" [_thread_blocked, id=11520, stack(0x0000006554500000,0x0000006554600000)]
  0x000002099529b800 JavaThread "Asynchronous log dispatcher for DefaultDaemonConnection: socket connection from /127.0.0.1:63665 to /127.0.0.1:65514" [_thread_blocked, id=10124, stack(0x0000006554600000,0x0000006554700000)]
  0x000002099529d800 JavaThread "Stdin handler" [_thread_blocked, id=15940, stack(0x0000006554700000,0x0000006554800000)]
  0x000002099529e000 JavaThread "Daemon client event forwarder" [_thread_blocked, id=13816, stack(0x0000006554800000,0x0000006554900000)]
  0x000002099529b000 JavaThread "Cache worker for checksums cache (C:\SSD Idea Projects\Sem 3\AMD\CarSaleApp\FrontEnd\carSaleApp\android\.gradle\7.5.1\checksums)" [_thread_blocked, id=12312, stack(0x0000006554900000,0x0000006554a00000)]
  0x0000020995299000 JavaThread "Cache worker for cache directory md-rule (C:\Users\Prabharsha\.gradle\caches\7.5.1\md-rule)" [_thread_blocked, id=1156, stack(0x0000006554a00000,0x0000006554b00000)]
  0x0000020995298800 JavaThread "Cache worker for file hash cache (C:\SSD Idea Projects\Sem 3\AMD\CarSaleApp\FrontEnd\carSaleApp\android\.gradle\7.5.1\fileHashes)" [_thread_blocked, id=9564, stack(0x0000006554b00000,0x0000006554c00000)]
  0x00000209952a2000 JavaThread "Cache worker for cache directory md-supplier (C:\Users\Prabharsha\.gradle\caches\7.5.1\md-supplier)" [_thread_blocked, id=7120, stack(0x0000006555800000,0x0000006555900000)]
  0x000002099529f800 JavaThread "Cache worker for dependencies-accessors (C:\SSD Idea Projects\Sem 3\AMD\CarSaleApp\FrontEnd\carSaleApp\android\.gradle\7.5.1\dependencies-accessors)" [_thread_blocked, id=7224, stack(0x0000006555900000,0x0000006555a00000)]
  0x00000209952a3000 JavaThread "Cache worker for Build Output Cleanup Cache (C:\SSD Idea Projects\Sem 3\AMD\CarSaleApp\FrontEnd\carSaleApp\node_modules\react-native-gradle-plugin\.gradle\buildOutputCleanup)" [_thread_blocked, id=12652, stack(0x0000006555c00000,0x0000006555d00000)]
  0x00000209952a1800 JavaThread "Unconstrained build operations" [_thread_blocked, id=2004, stack(0x0000006555d00000,0x0000006555e00000)]
  0x00000209952a4800 JavaThread "Unconstrained build operations Thread 2" [_thread_blocked, id=13008, stack(0x0000006556300000,0x0000006556400000)]
  0x00000209952a4000 JavaThread "Unconstrained build operations Thread 3" [_thread_blocked, id=14452, stack(0x0000006556600000,0x0000006556700000)]
  0x000002099529f000 JavaThread "Unconstrained build operations Thread 4" [_thread_blocked, id=8088, stack(0x0000006556700000,0x0000006556800000)]
  0x00000209952a5800 JavaThread "Unconstrained build operations Thread 5" [_thread_blocked, id=32, stack(0x0000006556900000,0x0000006556a00000)]
  0x00000209952a6800 JavaThread "Unconstrained build operations Thread 6" [_thread_blocked, id=12464, stack(0x0000006556a00000,0x0000006556b00000)]
  0x00000209952a0800 JavaThread "Unconstrained build operations Thread 7" [_thread_blocked, id=11896, stack(0x0000006556b00000,0x0000006556c00000)]
  0x00000209952a7000 JavaThread "Unconstrained build operations Thread 8" [_thread_blocked, id=2916, stack(0x0000006556c00000,0x0000006556d00000)]
  0x000002099e60f000 JavaThread "Unconstrained build operations Thread 9" [_thread_blocked, id=9068, stack(0x0000006556d00000,0x0000006556e00000)]
  0x000002099e610000 JavaThread "Unconstrained build operations Thread 10" [_thread_blocked, id=10000, stack(0x0000006556e00000,0x0000006556f00000)]
  0x000002099e612800 JavaThread "Unconstrained build operations Thread 11" [_thread_blocked, id=16140, stack(0x0000006556f00000,0x0000006557000000)]
  0x000002099e611000 JavaThread "Unconstrained build operations Thread 12" [_thread_blocked, id=10536, stack(0x0000006557000000,0x0000006557100000)]
  0x000002099e60d800 JavaThread "Unconstrained build operations Thread 13" [_thread_blocked, id=6952, stack(0x0000006557100000,0x0000006557200000)]
  0x000002099e611800 JavaThread "Unconstrained build operations Thread 14" [_thread_blocked, id=10056, stack(0x0000006557200000,0x0000006557300000)]
  0x000002099e613800 JavaThread "Unconstrained build operations Thread 15" [_thread_blocked, id=144, stack(0x0000006557300000,0x0000006557400000)]
  0x000002099e60e800 JavaThread "Unconstrained build operations Thread 16" [_thread_blocked, id=10140, stack(0x0000006557400000,0x0000006557500000)]
  0x000002099e615000 JavaThread "Unconstrained build operations Thread 17" [_thread_blocked, id=3824, stack(0x0000006557500000,0x0000006557600000)]
  0x000002099e61a000 JavaThread "Unconstrained build operations Thread 18" [_thread_blocked, id=6936, stack(0x0000006557600000,0x0000006557700000)]
  0x000002099e619000 JavaThread "Unconstrained build operations Thread 19" [_thread_blocked, id=11772, stack(0x0000006557700000,0x0000006557800000)]
  0x000002099e618000 JavaThread "Unconstrained build operations Thread 20" [_thread_blocked, id=14132, stack(0x0000006557800000,0x0000006557900000)]
  0x000002099e614000 JavaThread "Unconstrained build operations Thread 21" [_thread_blocked, id=1716, stack(0x0000006557900000,0x0000006557a00000)]
  0x000002099e61a800 JavaThread "Unconstrained build operations Thread 22" [_thread_blocked, id=11816, stack(0x0000006557a00000,0x0000006557b00000)]
  0x000002099e61b800 JavaThread "Unconstrained build operations Thread 23" [_thread_blocked, id=7460, stack(0x0000006557b00000,0x0000006557c00000)]
  0x000002099e615800 JavaThread "Unconstrained build operations Thread 24" [_thread_blocked, id=13308, stack(0x0000006557c00000,0x0000006557d00000)]
  0x000002099e616800 JavaThread "Unconstrained build operations Thread 25" [_thread_blocked, id=6104, stack(0x0000006557d00000,0x0000006557e00000)]
  0x000002099e617800 JavaThread "Unconstrained build operations Thread 26" [_thread_blocked, id=11040, stack(0x0000006557e00000,0x0000006557f00000)]
  0x000002099e3c5800 JavaThread "Unconstrained build operations Thread 27" [_thread_blocked, id=6096, stack(0x0000006557f00000,0x0000006558000000)]
  0x000002099e3c7000 JavaThread "Unconstrained build operations Thread 28" [_thread_blocked, id=7660, stack(0x0000006558000000,0x0000006558100000)]
  0x000002099e3c4800 JavaThread "Unconstrained build operations Thread 29" [_thread_blocked, id=2260, stack(0x0000006558100000,0x0000006558200000)]
  0x000002099e3c8800 JavaThread "Unconstrained build operations Thread 30" [_thread_blocked, id=5276, stack(0x0000006558200000,0x0000006558300000)]
  0x000002099e3c6000 JavaThread "Unconstrained build operations Thread 31" [_thread_blocked, id=15712, stack(0x0000006558300000,0x0000006558400000)]
  0x000002099e3c8000 JavaThread "Unconstrained build operations Thread 32" [_thread_blocked, id=10728, stack(0x0000006558400000,0x0000006558500000)]
  0x000002099e3c3800 JavaThread "Unconstrained build operations Thread 33" [_thread_blocked, id=9960, stack(0x0000006558500000,0x0000006558600000)]
  0x000002099e3c3000 JavaThread "build event listener" [_thread_blocked, id=16188, stack(0x0000006558700000,0x0000006558800000)]
  0x000002099e3ca000 JavaThread "Cache worker for Build Output Cleanup Cache (C:\SSD Idea Projects\Sem 3\AMD\CarSaleApp\FrontEnd\carSaleApp\android\.gradle\buildOutputCleanup)" [_thread_blocked, id=9080, stack(0x0000006558900000,0x0000006558a00000)]
  0x000002099e3c9800 JavaThread "included builds" [_thread_blocked, id=9768, stack(0x0000006558d00000,0x0000006558e00000)]
  0x000002099e3cf000 JavaThread "Execution worker" [_thread_blocked, id=13364, stack(0x0000006558e00000,0x0000006558f00000)]
  0x000002099e3cd800 JavaThread "Execution worker Thread 2" [_thread_blocked, id=4456, stack(0x0000006558f00000,0x0000006559000000)]
  0x000002099e3d0000 JavaThread "Execution worker Thread 3" [_thread_blocked, id=12436, stack(0x0000006559000000,0x0000006559100000)]
  0x000002099e3d0800 JavaThread "Cache worker for execution history cache (C:\SSD Idea Projects\Sem 3\AMD\CarSaleApp\FrontEnd\carSaleApp\node_modules\react-native-gradle-plugin\.gradle\7.5.1\executionHistory)" [_thread_blocked, id=13168, stack(0x0000006559100000,0x0000006559200000)]
  0x000002099e3cb000 JavaThread "Execution worker Thread 4" [_thread_blocked, id=5488, stack(0x0000006559200000,0x0000006559300000)]
  0x000002099e3cc000 JavaThread "Execution worker Thread 5" [_thread_blocked, id=12772, stack(0x0000006559300000,0x0000006559400000)]
  0x000002099e3cc800 JavaThread "Execution worker Thread 6" [_thread_blocked, id=15492, stack(0x0000006559400000,0x0000006559500000)]
  0x000002099e3ce800 JavaThread "Execution worker Thread 7" [_thread_blocked, id=1924, stack(0x0000006559500000,0x0000006559600000)]
  0x000002099dbec800 JavaThread "Unconstrained build operations Thread 34" [_thread_blocked, id=14332, stack(0x0000006559600000,0x0000006559700000)]
  0x000002099dbeb800 JavaThread "Unconstrained build operations Thread 35" [_thread_blocked, id=12448, stack(0x0000006559700000,0x0000006559800000)]
  0x000002099dbf0000 JavaThread "Unconstrained build operations Thread 36" [_thread_blocked, id=9888, stack(0x0000006559800000,0x0000006559900000)]
  0x000002099dbf1800 JavaThread "Unconstrained build operations Thread 37" [_thread_blocked, id=13176, stack(0x0000006559900000,0x0000006559a00000)]
  0x000002099dbf0800 JavaThread "Unconstrained build operations Thread 38" [_thread_blocked, id=12196, stack(0x0000006559a00000,0x0000006559b00000)]
  0x000002099dbed800 JavaThread "Unconstrained build operations Thread 39" [_thread_blocked, id=13768, stack(0x0000006559b00000,0x0000006559c00000)]
  0x000002099dbee000 JavaThread "Unconstrained build operations Thread 40" [_thread_blocked, id=10932, stack(0x0000006559c00000,0x0000006559d00000)]
  0x000002099dbf2000 JavaThread "Unconstrained build operations Thread 41" [_thread_blocked, id=12344, stack(0x0000006559d00000,0x0000006559e00000)]
  0x000002099dbf3000 JavaThread "Unconstrained build operations Thread 42" [_thread_blocked, id=10160, stack(0x0000006559e00000,0x0000006559f00000)]
  0x000002099dbf4000 JavaThread "Unconstrained build operations Thread 43" [_thread_blocked, id=12212, stack(0x0000006559f00000,0x000000655a000000)]
  0x000002099dbf4800 JavaThread "Unconstrained build operations Thread 44" [_thread_blocked, id=7052, stack(0x000000655a000000,0x000000655a100000)]
  0x000002099dbef000 JavaThread "Unconstrained build operations Thread 45" [_thread_blocked, id=11240, stack(0x000000655a100000,0x000000655a200000)]
  0x000002099dbfa800 JavaThread "Unconstrained build operations Thread 46" [_thread_blocked, id=12732, stack(0x000000655a200000,0x000000655a300000)]
  0x000002099dbf9800 JavaThread "Unconstrained build operations Thread 47" [_thread_blocked, id=9640, stack(0x000000655a300000,0x000000655a400000)]
  0x000002099dbf8000 JavaThread "Unconstrained build operations Thread 48" [_thread_blocked, id=13928, stack(0x000000655a400000,0x000000655a500000)]
  0x000002099dbf5800 JavaThread "Unconstrained build operations Thread 49" [_thread_blocked, id=5028, stack(0x000000655a500000,0x000000655a600000)]
  0x000002099dbf7000 JavaThread "Unconstrained build operations Thread 50" [_thread_blocked, id=14836, stack(0x000000655a600000,0x000000655a700000)]
  0x000002099dbf9000 JavaThread "Unconstrained build operations Thread 51" [_thread_blocked, id=11860, stack(0x000000655a700000,0x000000655a800000)]
  0x0000020995e74800 JavaThread "Unconstrained build operations Thread 52" [_thread_blocked, id=16184, stack(0x000000655a800000,0x000000655a900000)]
  0x0000020995e72800 JavaThread "Unconstrained build operations Thread 53" [_thread_blocked, id=11672, stack(0x000000655a900000,0x000000655aa00000)]
  0x0000020995e75000 JavaThread "Unconstrained build operations Thread 54" [_thread_blocked, id=4816, stack(0x000000655aa00000,0x000000655ab00000)]
  0x0000020995e76000 JavaThread "Unconstrained build operations Thread 55" [_thread_blocked, id=3820, stack(0x000000655ab00000,0x000000655ac00000)]
  0x0000020995e72000 JavaThread "Unconstrained build operations Thread 56" [_thread_blocked, id=14572, stack(0x000000655ac00000,0x000000655ad00000)]
  0x0000020995e73800 JavaThread "Unconstrained build operations Thread 57" [_thread_blocked, id=11720, stack(0x000000655ad00000,0x000000655ae00000)]
  0x0000020995e7c800 JavaThread "Unconstrained build operations Thread 58" [_thread_blocked, id=8956, stack(0x000000655ae00000,0x000000655af00000)]
  0x0000020995e77000 JavaThread "Unconstrained build operations Thread 59" [_thread_blocked, id=8692, stack(0x000000655af00000,0x000000655b000000)]
  0x0000020995e79000 JavaThread "Unconstrained build operations Thread 60" [_thread_blocked, id=6216, stack(0x000000655b000000,0x000000655b100000)]
  0x0000020995e77800 JavaThread "Unconstrained build operations Thread 61" [_thread_blocked, id=15928, stack(0x000000655b100000,0x000000655b200000)]
  0x0000020995e7a000 JavaThread "Unconstrained build operations Thread 62" [_thread_blocked, id=9388, stack(0x000000655b200000,0x000000655b300000)]
  0x0000020995e7e000 JavaThread "Unconstrained build operations Thread 63" [_thread_blocked, id=5332, stack(0x000000655b300000,0x000000655b400000)]
  0x0000020995e7d800 JavaThread "Unconstrained build operations Thread 64" [_thread_blocked, id=3864, stack(0x000000655b400000,0x000000655b500000)]
  0x0000020995e78800 JavaThread "Unconstrained build operations Thread 65" [_thread_blocked, id=8696, stack(0x000000655b500000,0x000000655b600000)]
  0x0000020995e7f000 JavaThread "Unconstrained build operations Thread 66" [_thread_blocked, id=2896, stack(0x000000655b600000,0x000000655b700000)]
  0x00000209993ba800 JavaThread "Unconstrained build operations Thread 67" [_thread_blocked, id=12368, stack(0x000000655b700000,0x000000655b800000)]
  0x00000209993c2800 JavaThread "Unconstrained build operations Thread 68" [_thread_blocked, id=7180, stack(0x000000655b800000,0x000000655b900000)]
  0x00000209993c4000 JavaThread "Unconstrained build operations Thread 69" [_thread_blocked, id=2644, stack(0x000000655b900000,0x000000655ba00000)]
  0x00000209993be800 JavaThread "Unconstrained build operations Thread 70" [_thread_blocked, id=15476, stack(0x000000655ba00000,0x000000655bb00000)]
  0x00000209993c5000 JavaThread "Unconstrained build operations Thread 71" [_thread_blocked, id=9688, stack(0x000000655bb00000,0x000000655bc00000)]
  0x00000209993c0000 JavaThread "Unconstrained build operations Thread 72" [_thread_blocked, id=3252, stack(0x000000655bc00000,0x000000655bd00000)]
  0x00000209993bf000 JavaThread "Unconstrained build operations Thread 73" [_thread_blocked, id=6476, stack(0x000000655bd00000,0x000000655be00000)]
  0x00000209993c7800 JavaThread "Unconstrained build operations Thread 74" [_thread_blocked, id=10440, stack(0x000000655be00000,0x000000655bf00000)]
  0x00000209993c5800 JavaThread "Unconstrained build operations Thread 75" [_thread_blocked, id=3888, stack(0x000000655bf00000,0x000000655c000000)]
  0x00000209993c9000 JavaThread "Unconstrained build operations Thread 76" [_thread_blocked, id=10356, stack(0x000000655c000000,0x000000655c100000)]
  0x00000209993c8000 JavaThread "Unconstrained build operations Thread 77" [_thread_blocked, id=7760, stack(0x000000655c100000,0x000000655c200000)]
  0x00000209993c6800 JavaThread "Unconstrained build operations Thread 78" [_thread_blocked, id=7304, stack(0x000000655c200000,0x000000655c300000)]
  0x00000209991db800 JavaThread "Unconstrained build operations Thread 79" [_thread_blocked, id=2540, stack(0x000000655c300000,0x000000655c400000)]
  0x00000209991d6800 JavaThread "Unconstrained build operations Thread 80" [_thread_blocked, id=16296, stack(0x000000655ca00000,0x000000655cb00000)]
  0x00000209991e0800 JavaThread "pool-21-thread-1" [_thread_blocked, id=12804, stack(0x000000655d000000,0x000000655d100000)]
  0x0000020993c17000 JavaThread "build event listener" [_thread_blocked, id=11632, stack(0x000000655d300000,0x000000655d400000)]
  0x0000020993c17800 JavaThread "Cache worker for execution history cache (C:\SSD Idea Projects\Sem 3\AMD\CarSaleApp\FrontEnd\carSaleApp\android\.gradle\7.5.1\executionHistory)" [_thread_blocked, id=14088, stack(0x000000655d400000,0x000000655d500000)]
  0x0000020993c19800 JavaThread "WorkerExecutor Queue" [_thread_blocked, id=14972, stack(0x000000655d500000,0x000000655d600000)]
  0x0000020995e70800 JavaThread "WorkerExecutor Queue Thread 2" [_thread_blocked, id=9516, stack(0x000000655d600000,0x000000655d700000)]
  0x00000209993bc800 JavaThread "WorkerExecutor Queue Thread 3" [_thread_blocked, id=14116, stack(0x0000006558b00000,0x0000006558c00000)]
  0x0000020997fa5000 JavaThread "WorkerExecutor Queue Thread 4" [_thread_blocked, id=13876, stack(0x000000655d800000,0x000000655d900000)]
  0x0000020997fa9000 JavaThread "WorkerExecutor Queue Thread 5" [_thread_blocked, id=14676, stack(0x000000655d900000,0x000000655da00000)]
  0x0000020997fa7000 JavaThread "WorkerExecutor Queue Thread 6" [_thread_blocked, id=12508, stack(0x000000655da00000,0x000000655db00000)]
  0x0000020997fa6000 JavaThread "WorkerExecutor Queue Thread 7" [_thread_blocked, id=3268, stack(0x000000655db00000,0x000000655dc00000)]
  0x0000020997fa4800 JavaThread "WorkerExecutor Queue Thread 8" [_thread_blocked, id=14100, stack(0x000000655dc00000,0x000000655dd00000)]
  0x0000020997fa7800 JavaThread "pool-22-thread-1" [_thread_blocked, id=14300, stack(0x000000655dd00000,0x000000655de00000)]
  0x0000020997fa8800 JavaThread "Cache worker for Java compile cache (C:\Users\Prabharsha\.gradle\caches\7.5.1\javaCompile)" [_thread_blocked, id=15128, stack(0x000000655de00000,0x000000655df00000)]
  0x0000020997fa3800 JavaThread "stderr" [_thread_in_native, id=6288, stack(0x0000006558600000,0x0000006558700000)]
  0x0000020997fab800 JavaThread "stdout" [_thread_in_native, id=10468, stack(0x000000655d700000,0x000000655d800000)]
  0x0000020997faa000 JavaThread "Build operations" [_thread_blocked, id=12752, stack(0x000000655e000000,0x000000655e100000)]
  0x0000020997fab000 JavaThread "Build operations Thread 2" [_thread_blocked, id=2976, stack(0x000000655e100000,0x000000655e200000)]
  0x0000020997faf800 JavaThread "Build operations Thread 3" [_thread_blocked, id=8076, stack(0x000000655e200000,0x000000655e300000)]
  0x0000020997faf000 JavaThread "Build operations Thread 4" [_thread_blocked, id=1620, stack(0x000000655e300000,0x000000655e400000)]
  0x0000020997fae000 JavaThread "Build operations Thread 5" [_thread_blocked, id=9856, stack(0x000000655e400000,0x000000655e500000)]
  0x0000020997fac800 JavaThread "Build operations Thread 6" [_thread_blocked, id=11088, stack(0x000000655e500000,0x000000655e600000)]
  0x0000020997fad800 JavaThread "Build operations Thread 7" [_thread_blocked, id=6904, stack(0x000000655e600000,0x000000655e700000)]
  0x0000020997fb0800 JavaThread "Build operations Thread 8" [_thread_blocked, id=16032, stack(0x000000655e700000,0x000000655e800000)]
  0x0000020997fb2000 JavaThread "WorkerExecutor Queue Thread 9" [_thread_blocked, id=11668, stack(0x000000655e800000,0x000000655e900000)]
  0x000002099fc9c800 JavaThread "ForkJoinPool.commonPool-worker-3" daemon [_thread_blocked, id=15960, stack(0x000000655df00000,0x000000655e000000)]
  0x000002099fca1000 JavaThread "ForkJoinPool.commonPool-worker-5" daemon [_thread_blocked, id=10712, stack(0x000000655e900000,0x000000655ea00000)]
=>0x000002099fca0800 JavaThread "ForkJoinPool.commonPool-worker-7" daemon [_thread_in_vm, id=10216, stack(0x000000655ea00000,0x000000655eb00000)]
  0x000002099fc9e800 JavaThread "ForkJoinPool.commonPool-worker-9" daemon [_thread_blocked, id=16260, stack(0x000000655eb00000,0x000000655ec00000)]
  0x0000020997b9f000 JavaThread "C2 CompilerThread1" daemon [_thread_blocked, id=7528, stack(0x000000655ec00000,0x000000655ed00000)]
  0x000002099fc9f800 JavaThread "ForkJoinPool.commonPool-worker-11" daemon [_thread_blocked, id=11364, stack(0x000000655ed00000,0x000000655ee00000)]
  0x000002099fca2000 JavaThread "ForkJoinPool.commonPool-worker-13" daemon [_thread_blocked, id=3312, stack(0x000000655ee00000,0x000000655ef00000)]
  0x000002099fca3000 JavaThread "ForkJoinPool.commonPool-worker-15" daemon [_thread_blocked, id=3064, stack(0x000000655ef00000,0x000000655f000000)]

Other Threads:
  0x00000209916ee000 VMThread "VM Thread" [stack: 0x0000006553500000,0x0000006553600000] [id=6156]
  0x00000209921e9800 WatcherThread [stack: 0x0000006553f00000,0x0000006554000000] [id=1744]
  0x00000209f3656000 GCTaskThread "GC Thread#0" [stack: 0x0000006553000000,0x0000006553100000] [id=7280]
  0x00000209931f9800 GCTaskThread "GC Thread#1" [stack: 0x0000006554100000,0x0000006554200000] [id=7188]
  0x0000020992ea4000 GCTaskThread "GC Thread#2" [stack: 0x0000006554200000,0x0000006554300000] [id=13424]
  0x0000020994398000 GCTaskThread "GC Thread#3" [stack: 0x0000006554c00000,0x0000006554d00000] [id=4944]
  0x000002099526b800 GCTaskThread "GC Thread#4" [stack: 0x0000006554d00000,0x0000006554e00000] [id=3184]
  0x000002099437e000 GCTaskThread "GC Thread#5" [stack: 0x0000006554e00000,0x0000006554f00000] [id=6372]
  0x00000209935e2000 GCTaskThread "GC Thread#6" [stack: 0x0000006554f00000,0x0000006555000000] [id=7432]
  0x0000020993408800 GCTaskThread "GC Thread#7" [stack: 0x0000006555000000,0x0000006555100000] [id=7392]
  0x00000209f3689800 ConcurrentGCThread "G1 Main Marker" [stack: 0x0000006553100000,0x0000006553200000] [id=4472]
  0x00000209f368a800 ConcurrentGCThread "G1 Conc#0" [stack: 0x0000006553200000,0x0000006553300000] [id=12260]
  0x00000209947ec800 ConcurrentGCThread "G1 Conc#1" [stack: 0x0000006555400000,0x0000006555500000] [id=6100]
  0x0000020991560800 ConcurrentGCThread "G1 Refine#0" [stack: 0x0000006553300000,0x0000006553400000] [id=4656]
  0x0000020991561800 ConcurrentGCThread "G1 Young RemSet Sampling" [stack: 0x0000006553400000,0x0000006553500000] [id=11688]

Threads with active compile tasks:

VM state:not at safepoint (normal execution)

VM Mutex/Monitor currently owned by a thread:  ([mutex/lock_event])
[0x00000209f363cfe0] Heap_lock - owner thread: 0x000002099fca0800

Heap address: 0x0000000080000000, size: 2048 MB, Compressed Oops mode: 32-bit
Narrow klass base: 0x0000000000000000, Narrow klass shift: 3
Compressed class space size: 528482304 Address: 0x0000000100000000

Heap:
 garbage-first heap   total 285696K, used 269932K [0x0000000080000000, 0x0000000100000000)
  region size 1024K, 4 young (4096K), 3 survivors (3072K)
 Metaspace       used 214477K, capacity 220435K, committed 220536K, reserved 708608K
  class space    used 27306K, capacity 29535K, committed 29568K, reserved 516096K
Heap Regions: E=young(eden), S=young(survivor), O=old, HS=humongous(starts), HC=humongous(continues), CS=collection set, F=free, A=archive, TAMS=top-at-mark-start (previous, next)
|   0|0x0000000080000000, 0x0000000080100000, 0x0000000080100000|100%| O|  |TAMS 0x0000000080100000, 0x0000000080100000| Untracked 
|   1|0x0000000080100000, 0x0000000080200000, 0x0000000080200000|100%| O|  |TAMS 0x0000000080200000, 0x0000000080200000| Untracked 
|   2|0x0000000080200000, 0x0000000080300000, 0x0000000080300000|100%| O|  |TAMS 0x0000000080300000, 0x0000000080300000| Untracked 
|   3|0x0000000080300000, 0x0000000080400000, 0x0000000080400000|100%|HS|  |TAMS 0x0000000080400000, 0x0000000080400000| Complete 
|   4|0x0000000080400000, 0x0000000080500000, 0x0000000080500000|100%|HC|  |TAMS 0x0000000080500000, 0x0000000080500000| Complete 
|   5|0x0000000080500000, 0x0000000080600000, 0x0000000080600000|100%|HC|  |TAMS 0x0000000080600000, 0x0000000080600000| Complete 
|   6|0x0000000080600000, 0x0000000080700000, 0x0000000080700000|100%| O|  |TAMS 0x0000000080700000, 0x0000000080700000| Untracked 
|   7|0x0000000080700000, 0x0000000080800000, 0x0000000080800000|100%| O|  |TAMS 0x0000000080800000, 0x0000000080800000| Untracked 
|   8|0x0000000080800000, 0x0000000080900000, 0x0000000080900000|100%| O|  |TAMS 0x0000000080900000, 0x0000000080900000| Untracked 
|   9|0x0000000080900000, 0x0000000080a00000, 0x0000000080a00000|100%| O|  |TAMS 0x0000000080a00000, 0x0000000080a00000| Untracked 
|  10|0x0000000080a00000, 0x0000000080b00000, 0x0000000080b00000|100%| O|  |TAMS 0x0000000080b00000, 0x0000000080b00000| Untracked 
|  11|0x0000000080b00000, 0x0000000080c00000, 0x0000000080c00000|100%| O|  |TAMS 0x0000000080c00000, 0x0000000080c00000| Untracked 
|  12|0x0000000080c00000, 0x0000000080d00000, 0x0000000080d00000|100%| O|  |TAMS 0x0000000080d00000, 0x0000000080d00000| Untracked 
|  13|0x0000000080d00000, 0x0000000080e00000, 0x0000000080e00000|100%| O|  |TAMS 0x0000000080e00000, 0x0000000080e00000| Untracked 
|  14|0x0000000080e00000, 0x0000000080f00000, 0x0000000080f00000|100%| O|  |TAMS 0x0000000080f00000, 0x0000000080f00000| Untracked 
|  15|0x0000000080f00000, 0x0000000081000000, 0x0000000081000000|100%| O|  |TAMS 0x0000000081000000, 0x0000000081000000| Untracked 
|  16|0x0000000081000000, 0x0000000081100000, 0x0000000081100000|100%| O|  |TAMS 0x0000000081100000, 0x0000000081100000| Untracked 
|  17|0x0000000081100000, 0x0000000081200000, 0x0000000081200000|100%| O|  |TAMS 0x0000000081200000, 0x0000000081200000| Untracked 
|  18|0x0000000081200000, 0x0000000081300000, 0x0000000081300000|100%| O|  |TAMS 0x0000000081300000, 0x0000000081300000| Untracked 
|  19|0x0000000081300000, 0x0000000081400000, 0x0000000081400000|100%| O|  |TAMS 0x0000000081400000, 0x0000000081400000| Untracked 
|  20|0x0000000081400000, 0x0000000081500000, 0x0000000081500000|100%| O|  |TAMS 0x0000000081500000, 0x0000000081500000| Untracked 
|  21|0x0000000081500000, 0x0000000081600000, 0x0000000081600000|100%| O|  |TAMS 0x0000000081600000, 0x0000000081600000| Untracked 
|  22|0x0000000081600000, 0x0000000081700000, 0x0000000081700000|100%| O|  |TAMS 0x0000000081700000, 0x0000000081700000| Untracked 
|  23|0x0000000081700000, 0x0000000081800000, 0x0000000081800000|100%| O|  |TAMS 0x0000000081800000, 0x0000000081800000| Untracked 
|  24|0x0000000081800000, 0x0000000081900000, 0x0000000081900000|100%| O|  |TAMS 0x0000000081900000, 0x0000000081900000| Untracked 
|  25|0x0000000081900000, 0x0000000081a00000, 0x0000000081a00000|100%| O|  |TAMS 0x0000000081a00000, 0x0000000081a00000| Untracked 
|  26|0x0000000081a00000, 0x0000000081b00000, 0x0000000081b00000|100%| O|  |TAMS 0x0000000081b00000, 0x0000000081b00000| Untracked 
|  27|0x0000000081b00000, 0x0000000081c00000, 0x0000000081c00000|100%|HS|  |TAMS 0x0000000081c00000, 0x0000000081c00000| Complete 
|  28|0x0000000081c00000, 0x0000000081d00000, 0x0000000081d00000|100%|HS|  |TAMS 0x0000000081d00000, 0x0000000081d00000| Complete 
|  29|0x0000000081d00000, 0x0000000081e00000, 0x0000000081e00000|100%|HC|  |TAMS 0x0000000081e00000, 0x0000000081e00000| Complete 
|  30|0x0000000081e00000, 0x0000000081f00000, 0x0000000081f00000|100%|HC|  |TAMS 0x0000000081f00000, 0x0000000081f00000| Complete 
|  31|0x0000000081f00000, 0x0000000082000000, 0x0000000082000000|100%| O|  |TAMS 0x0000000082000000, 0x0000000082000000| Untracked 
|  32|0x0000000082000000, 0x0000000082100000, 0x0000000082100000|100%| O|  |TAMS 0x0000000082100000, 0x0000000082100000| Untracked 
|  33|0x0000000082100000, 0x0000000082200000, 0x0000000082200000|100%| O|  |TAMS 0x0000000082200000, 0x0000000082200000| Untracked 
|  34|0x0000000082200000, 0x0000000082300000, 0x0000000082300000|100%| O|  |TAMS 0x0000000082300000, 0x0000000082300000| Untracked 
|  35|0x0000000082300000, 0x0000000082400000, 0x0000000082400000|100%| O|  |TAMS 0x0000000082400000, 0x0000000082400000| Untracked 
|  36|0x0000000082400000, 0x0000000082500000, 0x0000000082500000|100%| O|  |TAMS 0x0000000082500000, 0x0000000082500000| Untracked 
|  37|0x0000000082500000, 0x0000000082600000, 0x0000000082600000|100%| O|  |TAMS 0x0000000082600000, 0x0000000082600000| Untracked 
|  38|0x0000000082600000, 0x0000000082700000, 0x0000000082700000|100%| O|  |TAMS 0x0000000082700000, 0x0000000082700000| Untracked 
|  39|0x0000000082700000, 0x0000000082800000, 0x0000000082800000|100%| O|  |TAMS 0x0000000082800000, 0x0000000082800000| Untracked 
|  40|0x0000000082800000, 0x0000000082900000, 0x0000000082900000|100%| O|  |TAMS 0x0000000082900000, 0x0000000082900000| Untracked 
|  41|0x0000000082900000, 0x0000000082a00000, 0x0000000082a00000|100%| O|  |TAMS 0x0000000082a00000, 0x0000000082a00000| Untracked 
|  42|0x0000000082a00000, 0x0000000082b00000, 0x0000000082b00000|100%| O|  |TAMS 0x0000000082b00000, 0x0000000082b00000| Untracked 
|  43|0x0000000082b00000, 0x0000000082c00000, 0x0000000082c00000|100%| O|  |TAMS 0x0000000082c00000, 0x0000000082c00000| Untracked 
|  44|0x0000000082c00000, 0x0000000082d00000, 0x0000000082d00000|100%|HS|  |TAMS 0x0000000082d00000, 0x0000000082d00000| Complete 
|  45|0x0000000082d00000, 0x0000000082e00000, 0x0000000082e00000|100%|HS|  |TAMS 0x0000000082e00000, 0x0000000082e00000| Complete 
|  46|0x0000000082e00000, 0x0000000082f00000, 0x0000000082f00000|100%|HS|  |TAMS 0x0000000082f00000, 0x0000000082f00000| Complete 
|  47|0x0000000082f00000, 0x0000000083000000, 0x0000000083000000|100%|HC|  |TAMS 0x0000000083000000, 0x0000000083000000| Complete 
|  48|0x0000000083000000, 0x0000000083100000, 0x0000000083100000|100%| O|  |TAMS 0x0000000083100000, 0x0000000083100000| Untracked 
|  49|0x0000000083100000, 0x0000000083200000, 0x0000000083200000|100%| O|  |TAMS 0x0000000083200000, 0x0000000083200000| Untracked 
|  50|0x0000000083200000, 0x0000000083300000, 0x0000000083300000|100%| O|  |TAMS 0x0000000083300000, 0x0000000083300000| Untracked 
|  51|0x0000000083300000, 0x0000000083400000, 0x0000000083400000|100%| O|  |TAMS 0x0000000083400000, 0x0000000083400000| Untracked 
|  52|0x0000000083400000, 0x0000000083500000, 0x0000000083500000|100%| O|  |TAMS 0x0000000083500000, 0x0000000083500000| Untracked 
|  53|0x0000000083500000, 0x0000000083600000, 0x0000000083600000|100%| O|  |TAMS 0x0000000083600000, 0x0000000083600000| Untracked 
|  54|0x0000000083600000, 0x0000000083700000, 0x0000000083700000|100%| O|  |TAMS 0x0000000083700000, 0x0000000083700000| Untracked 
|  55|0x0000000083700000, 0x0000000083800000, 0x0000000083800000|100%| O|  |TAMS 0x0000000083800000, 0x0000000083800000| Untracked 
|  56|0x0000000083800000, 0x0000000083900000, 0x0000000083900000|100%| O|  |TAMS 0x0000000083900000, 0x0000000083900000| Untracked 
|  57|0x0000000083900000, 0x0000000083a00000, 0x0000000083a00000|100%| O|  |TAMS 0x0000000083a00000, 0x0000000083a00000| Untracked 
|  58|0x0000000083a00000, 0x0000000083b00000, 0x0000000083b00000|100%| O|  |TAMS 0x0000000083b00000, 0x0000000083b00000| Untracked 
|  59|0x0000000083b00000, 0x0000000083b00000, 0x0000000083c00000|  0%| F|  |TAMS 0x0000000083b00000, 0x0000000083b00000| Untracked 
|  60|0x0000000083c00000, 0x0000000083d00000, 0x0000000083d00000|100%| O|  |TAMS 0x0000000083d00000, 0x0000000083d00000| Untracked 
|  61|0x0000000083d00000, 0x0000000083e00000, 0x0000000083e00000|100%| O|  |TAMS 0x0000000083e00000, 0x0000000083e00000| Untracked 
|  62|0x0000000083e00000, 0x0000000083f00000, 0x0000000083f00000|100%| O|  |TAMS 0x0000000083f00000, 0x0000000083f00000| Untracked 
|  63|0x0000000083f00000, 0x0000000084000000, 0x0000000084000000|100%| O|  |TAMS 0x0000000084000000, 0x0000000084000000| Untracked 
|  64|0x0000000084000000, 0x0000000084100000, 0x0000000084100000|100%| O|  |TAMS 0x0000000084100000, 0x0000000084100000| Untracked 
|  65|0x0000000084100000, 0x0000000084200000, 0x0000000084200000|100%| O|  |TAMS 0x0000000084200000, 0x0000000084200000| Untracked 
|  66|0x0000000084200000, 0x0000000084300000, 0x0000000084300000|100%| O|  |TAMS 0x0000000084300000, 0x0000000084300000| Untracked 
|  67|0x0000000084300000, 0x0000000084300000, 0x0000000084400000|  0%| F|  |TAMS 0x0000000084300000, 0x0000000084300000| Untracked 
|  68|0x0000000084400000, 0x0000000084500000, 0x0000000084500000|100%| O|  |TAMS 0x0000000084500000, 0x0000000084500000| Untracked 
|  69|0x0000000084500000, 0x0000000084600000, 0x0000000084600000|100%| O|  |TAMS 0x0000000084600000, 0x0000000084600000| Untracked 
|  70|0x0000000084600000, 0x0000000084700000, 0x0000000084700000|100%| O|  |TAMS 0x0000000084700000, 0x0000000084700000| Untracked 
|  71|0x0000000084700000, 0x0000000084800000, 0x0000000084800000|100%| O|  |TAMS 0x0000000084800000, 0x0000000084800000| Untracked 
|  72|0x0000000084800000, 0x0000000084900000, 0x0000000084900000|100%| O|  |TAMS 0x0000000084900000, 0x0000000084900000| Untracked 
|  73|0x0000000084900000, 0x0000000084a00000, 0x0000000084a00000|100%| O|  |TAMS 0x0000000084a00000, 0x0000000084a00000| Untracked 
|  74|0x0000000084a00000, 0x0000000084b00000, 0x0000000084b00000|100%| O|  |TAMS 0x0000000084b00000, 0x0000000084b00000| Untracked 
|  75|0x0000000084b00000, 0x0000000084b00000, 0x0000000084c00000|  0%| F|  |TAMS 0x0000000084b00000, 0x0000000084b00000| Untracked 
|  76|0x0000000084c00000, 0x0000000084d00000, 0x0000000084d00000|100%| O|  |TAMS 0x0000000084d00000, 0x0000000084d00000| Untracked 
|  77|0x0000000084d00000, 0x0000000084e00000, 0x0000000084e00000|100%| O|  |TAMS 0x0000000084e00000, 0x0000000084e00000| Untracked 
|  78|0x0000000084e00000, 0x0000000084f00000, 0x0000000084f00000|100%| O|  |TAMS 0x0000000084f00000, 0x0000000084f00000| Untracked 
|  79|0x0000000084f00000, 0x0000000085000000, 0x0000000085000000|100%| O|  |TAMS 0x0000000085000000, 0x0000000085000000| Untracked 
|  80|0x0000000085000000, 0x0000000085100000, 0x0000000085100000|100%| O|  |TAMS 0x0000000085100000, 0x0000000085100000| Untracked 
|  81|0x0000000085100000, 0x0000000085100000, 0x0000000085200000|  0%| F|  |TAMS 0x0000000085100000, 0x0000000085100000| Untracked 
|  82|0x0000000085200000, 0x0000000085300000, 0x0000000085300000|100%| O|  |TAMS 0x0000000085300000, 0x0000000085300000| Untracked 
|  83|0x0000000085300000, 0x0000000085400000, 0x0000000085400000|100%| O|  |TAMS 0x0000000085400000, 0x0000000085400000| Untracked 
|  84|0x0000000085400000, 0x0000000085500000, 0x0000000085500000|100%| O|  |TAMS 0x0000000085500000, 0x0000000085500000| Untracked 
|  85|0x0000000085500000, 0x0000000085600000, 0x0000000085600000|100%| O|  |TAMS 0x0000000085600000, 0x0000000085600000| Untracked 
|  86|0x0000000085600000, 0x0000000085700000, 0x0000000085700000|100%| O|  |TAMS 0x0000000085700000, 0x0000000085700000| Untracked 
|  87|0x0000000085700000, 0x0000000085800000, 0x0000000085800000|100%|HS|  |TAMS 0x0000000085700000, 0x0000000085800000| Complete 
|  88|0x0000000085800000, 0x0000000085900000, 0x0000000085900000|100%| O|  |TAMS 0x0000000085900000, 0x0000000085900000| Untracked 
|  89|0x0000000085900000, 0x0000000085a00000, 0x0000000085a00000|100%| O|  |TAMS 0x0000000085a00000, 0x0000000085a00000| Untracked 
|  90|0x0000000085a00000, 0x0000000085b00000, 0x0000000085b00000|100%| O|  |TAMS 0x0000000085b00000, 0x0000000085b00000| Untracked 
|  91|0x0000000085b00000, 0x0000000085c00000, 0x0000000085c00000|100%| O|  |TAMS 0x0000000085c00000, 0x0000000085c00000| Untracked 
|  92|0x0000000085c00000, 0x0000000085c00000, 0x0000000085d00000|  0%| F|  |TAMS 0x0000000085c00000, 0x0000000085c00000| Untracked 
|  93|0x0000000085d00000, 0x0000000085e00000, 0x0000000085e00000|100%| O|  |TAMS 0x0000000085e00000, 0x0000000085e00000| Untracked 
|  94|0x0000000085e00000, 0x0000000085f00000, 0x0000000085f00000|100%| O|  |TAMS 0x0000000085f00000, 0x0000000085f00000| Untracked 
|  95|0x0000000085f00000, 0x0000000086000000, 0x0000000086000000|100%| O|  |TAMS 0x0000000086000000, 0x0000000086000000| Untracked 
|  96|0x0000000086000000, 0x0000000086100000, 0x0000000086100000|100%| O|  |TAMS 0x0000000086100000, 0x0000000086100000| Untracked 
|  97|0x0000000086100000, 0x0000000086200000, 0x0000000086200000|100%| O|  |TAMS 0x0000000086200000, 0x0000000086200000| Untracked 
|  98|0x0000000086200000, 0x0000000086300000, 0x0000000086300000|100%| O|  |TAMS 0x0000000086300000, 0x0000000086300000| Untracked 
|  99|0x0000000086300000, 0x0000000086400000, 0x0000000086400000|100%| O|  |TAMS 0x0000000086400000, 0x0000000086400000| Untracked 
| 100|0x0000000086400000, 0x0000000086500000, 0x0000000086500000|100%| O|  |TAMS 0x0000000086500000, 0x0000000086500000| Untracked 
| 101|0x0000000086500000, 0x0000000086600000, 0x0000000086600000|100%| O|  |TAMS 0x0000000086600000, 0x0000000086600000| Untracked 
| 102|0x0000000086600000, 0x0000000086700000, 0x0000000086700000|100%| O|  |TAMS 0x0000000086700000, 0x0000000086700000| Untracked 
| 103|0x0000000086700000, 0x0000000086800000, 0x0000000086800000|100%| O|  |TAMS 0x0000000086800000, 0x0000000086800000| Untracked 
| 104|0x0000000086800000, 0x0000000086900000, 0x0000000086900000|100%| O|  |TAMS 0x0000000086900000, 0x0000000086900000| Untracked 
| 105|0x0000000086900000, 0x0000000086a00000, 0x0000000086a00000|100%| O|  |TAMS 0x0000000086a00000, 0x0000000086a00000| Untracked 
| 106|0x0000000086a00000, 0x0000000086b00000, 0x0000000086b00000|100%| O|  |TAMS 0x0000000086b00000, 0x0000000086b00000| Untracked 
| 107|0x0000000086b00000, 0x0000000086c00000, 0x0000000086c00000|100%| O|  |TAMS 0x0000000086c00000, 0x0000000086c00000| Untracked 
| 108|0x0000000086c00000, 0x0000000086d00000, 0x0000000086d00000|100%| O|  |TAMS 0x0000000086d00000, 0x0000000086d00000| Untracked 
| 109|0x0000000086d00000, 0x0000000086e00000, 0x0000000086e00000|100%| O|  |TAMS 0x0000000086e00000, 0x0000000086e00000| Untracked 
| 110|0x0000000086e00000, 0x0000000086f00000, 0x0000000086f00000|100%| O|  |TAMS 0x0000000086f00000, 0x0000000086f00000| Untracked 
| 111|0x0000000086f00000, 0x0000000087000000, 0x0000000087000000|100%| O|  |TAMS 0x0000000087000000, 0x0000000087000000| Untracked 
| 112|0x0000000087000000, 0x0000000087100000, 0x0000000087100000|100%| O|  |TAMS 0x0000000087100000, 0x0000000087100000| Untracked 
| 113|0x0000000087100000, 0x0000000087200000, 0x0000000087200000|100%| O|  |TAMS 0x0000000087200000, 0x0000000087200000| Untracked 
| 114|0x0000000087200000, 0x0000000087300000, 0x0000000087300000|100%| O|  |TAMS 0x0000000087300000, 0x0000000087300000| Untracked 
| 115|0x0000000087300000, 0x0000000087400000, 0x0000000087400000|100%| O|  |TAMS 0x0000000087400000, 0x0000000087400000| Untracked 
| 116|0x0000000087400000, 0x0000000087500000, 0x0000000087500000|100%| O|  |TAMS 0x0000000087500000, 0x0000000087500000| Untracked 
| 117|0x0000000087500000, 0x0000000087600000, 0x0000000087600000|100%| O|  |TAMS 0x0000000087600000, 0x0000000087600000| Untracked 
| 118|0x0000000087600000, 0x0000000087700000, 0x0000000087700000|100%| O|  |TAMS 0x0000000087700000, 0x0000000087700000| Untracked 
| 119|0x0000000087700000, 0x0000000087800000, 0x0000000087800000|100%| O|  |TAMS 0x0000000087800000, 0x0000000087800000| Untracked 
| 120|0x0000000087800000, 0x0000000087800000, 0x0000000087900000|  0%| F|  |TAMS 0x0000000087800000, 0x0000000087800000| Untracked 
| 121|0x0000000087900000, 0x0000000087a00000, 0x0000000087a00000|100%| O|  |TAMS 0x0000000087a00000, 0x0000000087a00000| Untracked 
| 122|0x0000000087a00000, 0x0000000087b00000, 0x0000000087b00000|100%| O|  |TAMS 0x0000000087a00000, 0x0000000087b00000| Untracked 
| 123|0x0000000087b00000, 0x0000000087c00000, 0x0000000087c00000|100%| O|  |TAMS 0x0000000087c00000, 0x0000000087c00000| Untracked 
| 124|0x0000000087c00000, 0x0000000087d00000, 0x0000000087d00000|100%| O|  |TAMS 0x0000000087d00000, 0x0000000087d00000| Untracked 
| 125|0x0000000087d00000, 0x0000000087d00000, 0x0000000087e00000|  0%| F|  |TAMS 0x0000000087d00000, 0x0000000087d00000| Untracked 
| 126|0x0000000087e00000, 0x0000000087f00000, 0x0000000087f00000|100%| O|  |TAMS 0x0000000087e00000, 0x0000000087f00000| Untracked 
| 127|0x0000000087f00000, 0x0000000088000000, 0x0000000088000000|100%|HS|  |TAMS 0x0000000087f00000, 0x0000000087f00000| Complete 
| 128|0x0000000088000000, 0x0000000088100000, 0x0000000088100000|100%|HC|  |TAMS 0x0000000088000000, 0x0000000088000000| Complete 
| 129|0x0000000088100000, 0x0000000088200000, 0x0000000088200000|100%| O|  |TAMS 0x0000000088200000, 0x0000000088200000| Untracked 
| 130|0x0000000088200000, 0x0000000088300000, 0x0000000088300000|100%| O|  |TAMS 0x0000000088300000, 0x0000000088300000| Untracked 
| 131|0x0000000088300000, 0x0000000088400000, 0x0000000088400000|100%| O|  |TAMS 0x0000000088400000, 0x0000000088400000| Untracked 
| 132|0x0000000088400000, 0x0000000088500000, 0x0000000088500000|100%| O|  |TAMS 0x0000000088500000, 0x0000000088500000| Untracked 
| 133|0x0000000088500000, 0x0000000088600000, 0x0000000088600000|100%| O|  |TAMS 0x0000000088600000, 0x0000000088600000| Untracked 
| 134|0x0000000088600000, 0x0000000088700000, 0x0000000088700000|100%| O|  |TAMS 0x0000000088700000, 0x0000000088700000| Untracked 
| 135|0x0000000088700000, 0x0000000088800000, 0x0000000088800000|100%| O|  |TAMS 0x0000000088800000, 0x0000000088800000| Untracked 
| 136|0x0000000088800000, 0x0000000088900000, 0x0000000088900000|100%| O|  |TAMS 0x0000000088900000, 0x0000000088900000| Untracked 
| 137|0x0000000088900000, 0x0000000088900000, 0x0000000088a00000|  0%| F|  |TAMS 0x0000000088900000, 0x0000000088900000| Untracked 
| 138|0x0000000088a00000, 0x0000000088b00000, 0x0000000088b00000|100%| O|  |TAMS 0x0000000088b00000, 0x0000000088b00000| Untracked 
| 139|0x0000000088b00000, 0x0000000088c00000, 0x0000000088c00000|100%| O|  |TAMS 0x0000000088c00000, 0x0000000088c00000| Untracked 
| 140|0x0000000088c00000, 0x0000000088d00000, 0x0000000088d00000|100%| O|  |TAMS 0x0000000088d00000, 0x0000000088d00000| Untracked 
| 141|0x0000000088d00000, 0x0000000088e00000, 0x0000000088e00000|100%| O|  |TAMS 0x0000000088e00000, 0x0000000088e00000| Untracked 
| 142|0x0000000088e00000, 0x0000000088f00000, 0x0000000088f00000|100%| O|  |TAMS 0x0000000088f00000, 0x0000000088f00000| Untracked 
| 143|0x0000000088f00000, 0x0000000089000000, 0x0000000089000000|100%| O|  |TAMS 0x0000000089000000, 0x0000000089000000| Untracked 
| 144|0x0000000089000000, 0x0000000089100000, 0x0000000089100000|100%| O|  |TAMS 0x0000000089100000, 0x0000000089100000| Untracked 
| 145|0x0000000089100000, 0x0000000089200000, 0x0000000089200000|100%|HS|  |TAMS 0x0000000089100000, 0x0000000089100000| Complete 
| 146|0x0000000089200000, 0x0000000089300000, 0x0000000089300000|100%|HC|  |TAMS 0x0000000089200000, 0x0000000089200000| Complete 
| 147|0x0000000089300000, 0x0000000089400000, 0x0000000089400000|100%| O|  |TAMS 0x0000000089300000, 0x0000000089400000| Untracked 
| 148|0x0000000089400000, 0x0000000089500000, 0x0000000089500000|100%| O|  |TAMS 0x0000000089400000, 0x0000000089500000| Untracked 
| 149|0x0000000089500000, 0x0000000089600000, 0x0000000089600000|100%| O|  |TAMS 0x0000000089600000, 0x0000000089600000| Untracked 
| 150|0x0000000089600000, 0x0000000089700000, 0x0000000089700000|100%| O|  |TAMS 0x0000000089700000, 0x0000000089700000| Untracked 
| 151|0x0000000089700000, 0x0000000089800000, 0x0000000089800000|100%| O|  |TAMS 0x0000000089700000, 0x0000000089800000| Untracked 
| 152|0x0000000089800000, 0x0000000089900000, 0x0000000089900000|100%|HS|  |TAMS 0x0000000089800000, 0x0000000089800000| Complete 
| 153|0x0000000089900000, 0x0000000089a00000, 0x0000000089a00000|100%|HC|  |TAMS 0x0000000089900000, 0x0000000089900000| Complete 
| 154|0x0000000089a00000, 0x0000000089b00000, 0x0000000089b00000|100%| O|  |TAMS 0x0000000089a00000, 0x0000000089b00000| Untracked 
| 155|0x0000000089b00000, 0x0000000089b00000, 0x0000000089c00000|  0%| F|  |TAMS 0x0000000089b00000, 0x0000000089b00000| Untracked 
| 156|0x0000000089c00000, 0x0000000089d00000, 0x0000000089d00000|100%| O|  |TAMS 0x0000000089c00000, 0x0000000089d00000| Untracked 
| 157|0x0000000089d00000, 0x0000000089e00000, 0x0000000089e00000|100%| O|  |TAMS 0x0000000089e00000, 0x0000000089e00000| Untracked 
| 158|0x0000000089e00000, 0x0000000089e00000, 0x0000000089f00000|  0%| F|  |TAMS 0x0000000089e00000, 0x0000000089e00000| Untracked 
| 159|0x0000000089f00000, 0x000000008a000000, 0x000000008a000000|100%| O|  |TAMS 0x0000000089f00000, 0x000000008a000000| Untracked 
| 160|0x000000008a000000, 0x000000008a100000, 0x000000008a100000|100%| O|  |TAMS 0x000000008a000000, 0x000000008a100000| Untracked 
| 161|0x000000008a100000, 0x000000008a200000, 0x000000008a200000|100%| O|  |TAMS 0x000000008a200000, 0x000000008a200000| Untracked 
| 162|0x000000008a200000, 0x000000008a300000, 0x000000008a300000|100%| O|  |TAMS 0x000000008a300000, 0x000000008a300000| Untracked 
| 163|0x000000008a300000, 0x000000008a400000, 0x000000008a400000|100%| O|  |TAMS 0x000000008a400000, 0x000000008a400000| Untracked 
| 164|0x000000008a400000, 0x000000008a500000, 0x000000008a500000|100%| O|  |TAMS 0x000000008a500000, 0x000000008a500000| Untracked 
| 165|0x000000008a500000, 0x000000008a600000, 0x000000008a600000|100%| O|  |TAMS 0x000000008a600000, 0x000000008a600000| Untracked 
| 166|0x000000008a600000, 0x000000008a700000, 0x000000008a700000|100%| O|  |TAMS 0x000000008a700000, 0x000000008a700000| Untracked 
| 167|0x000000008a700000, 0x000000008a800000, 0x000000008a800000|100%| O|  |TAMS 0x000000008a800000, 0x000000008a800000| Untracked 
| 168|0x000000008a800000, 0x000000008a900000, 0x000000008a900000|100%| O|  |TAMS 0x000000008a900000, 0x000000008a900000| Untracked 
| 169|0x000000008a900000, 0x000000008aa00000, 0x000000008aa00000|100%| O|  |TAMS 0x000000008aa00000, 0x000000008aa00000| Untracked 
| 170|0x000000008aa00000, 0x000000008ab00000, 0x000000008ab00000|100%| O|  |TAMS 0x000000008ab00000, 0x000000008ab00000| Untracked 
| 171|0x000000008ab00000, 0x000000008ac00000, 0x000000008ac00000|100%| O|  |TAMS 0x000000008ac00000, 0x000000008ac00000| Untracked 
| 172|0x000000008ac00000, 0x000000008ad00000, 0x000000008ad00000|100%| O|  |TAMS 0x000000008ad00000, 0x000000008ad00000| Untracked 
| 173|0x000000008ad00000, 0x000000008ae00000, 0x000000008ae00000|100%| O|  |TAMS 0x000000008ae00000, 0x000000008ae00000| Untracked 
| 174|0x000000008ae00000, 0x000000008af00000, 0x000000008af00000|100%| O|  |TAMS 0x000000008af00000, 0x000000008af00000| Untracked 
| 175|0x000000008af00000, 0x000000008b000000, 0x000000008b000000|100%| O|  |TAMS 0x000000008b000000, 0x000000008b000000| Untracked 
| 176|0x000000008b000000, 0x000000008b100000, 0x000000008b100000|100%| O|  |TAMS 0x000000008b100000, 0x000000008b100000| Untracked 
| 177|0x000000008b100000, 0x000000008b200000, 0x000000008b200000|100%| O|  |TAMS 0x000000008b200000, 0x000000008b200000| Untracked 
| 178|0x000000008b200000, 0x000000008b300000, 0x000000008b300000|100%| O|  |TAMS 0x000000008b300000, 0x000000008b300000| Untracked 
| 179|0x000000008b300000, 0x000000008b400000, 0x000000008b400000|100%| O|  |TAMS 0x000000008b400000, 0x000000008b400000| Untracked 
| 180|0x000000008b400000, 0x000000008b500000, 0x000000008b500000|100%| O|  |TAMS 0x000000008b500000, 0x000000008b500000| Untracked 
| 181|0x000000008b500000, 0x000000008b600000, 0x000000008b600000|100%| O|  |TAMS 0x000000008b600000, 0x000000008b600000| Untracked 
| 182|0x000000008b600000, 0x000000008b700000, 0x000000008b700000|100%| O|  |TAMS 0x000000008b600000, 0x000000008b700000| Untracked 
| 183|0x000000008b700000, 0x000000008b800000, 0x000000008b800000|100%| O|  |TAMS 0x000000008b700000, 0x000000008b800000| Untracked 
| 184|0x000000008b800000, 0x000000008b900000, 0x000000008b900000|100%| O|  |TAMS 0x000000008b800000, 0x000000008b900000| Untracked 
| 185|0x000000008b900000, 0x000000008ba00000, 0x000000008ba00000|100%| O|  |TAMS 0x000000008ba00000, 0x000000008ba00000| Untracked 
| 186|0x000000008ba00000, 0x000000008bb00000, 0x000000008bb00000|100%| O|  |TAMS 0x000000008bb00000, 0x000000008bb00000| Untracked 
| 187|0x000000008bb00000, 0x000000008bc00000, 0x000000008bc00000|100%|HS|  |TAMS 0x000000008bb00000, 0x000000008bb00000| Complete 
| 188|0x000000008bc00000, 0x000000008bd00000, 0x000000008bd00000|100%|HC|  |TAMS 0x000000008bc00000, 0x000000008bc00000| Complete 
| 189|0x000000008bd00000, 0x000000008be00000, 0x000000008be00000|100%| O|  |TAMS 0x000000008be00000, 0x000000008be00000| Untracked 
| 190|0x000000008be00000, 0x000000008be00000, 0x000000008bf00000|  0%| F|  |TAMS 0x000000008be00000, 0x000000008be00000| Untracked 
| 191|0x000000008bf00000, 0x000000008c000000, 0x000000008c000000|100%| O|  |TAMS 0x000000008c000000, 0x000000008c000000| Untracked 
| 192|0x000000008c000000, 0x000000008c100000, 0x000000008c100000|100%| O|  |TAMS 0x000000008c100000, 0x000000008c100000| Untracked 
| 193|0x000000008c100000, 0x000000008c200000, 0x000000008c200000|100%| O|  |TAMS 0x000000008c200000, 0x000000008c200000| Untracked 
| 194|0x000000008c200000, 0x000000008c300000, 0x000000008c300000|100%| O|  |TAMS 0x000000008c300000, 0x000000008c300000| Untracked 
| 195|0x000000008c300000, 0x000000008c400000, 0x000000008c400000|100%| O|  |TAMS 0x000000008c400000, 0x000000008c400000| Untracked 
| 196|0x000000008c400000, 0x000000008c500000, 0x000000008c500000|100%| O|  |TAMS 0x000000008c500000, 0x000000008c500000| Untracked 
| 197|0x000000008c500000, 0x000000008c600000, 0x000000008c600000|100%| O|  |TAMS 0x000000008c600000, 0x000000008c600000| Untracked 
| 198|0x000000008c600000, 0x000000008c700000, 0x000000008c700000|100%| O|  |TAMS 0x000000008c700000, 0x000000008c700000| Untracked 
| 199|0x000000008c700000, 0x000000008c800000, 0x000000008c800000|100%| O|  |TAMS 0x000000008c800000, 0x000000008c800000| Untracked 
| 200|0x000000008c800000, 0x000000008c900000, 0x000000008c900000|100%| O|  |TAMS 0x000000008c900000, 0x000000008c900000| Untracked 
| 201|0x000000008c900000, 0x000000008ca00000, 0x000000008ca00000|100%| O|  |TAMS 0x000000008ca00000, 0x000000008ca00000| Untracked 
| 202|0x000000008ca00000, 0x000000008cb00000, 0x000000008cb00000|100%| O|  |TAMS 0x000000008cafa600, 0x000000008cb00000| Untracked 
| 203|0x000000008cb00000, 0x000000008cc00000, 0x000000008cc00000|100%| O|  |TAMS 0x000000008cb00000, 0x000000008cc00000| Untracked 
| 204|0x000000008cc00000, 0x000000008cd00000, 0x000000008cd00000|100%| O|  |TAMS 0x000000008cc00000, 0x000000008cd00000| Untracked 
| 205|0x000000008cd00000, 0x000000008ce00000, 0x000000008ce00000|100%| O|  |TAMS 0x000000008cd00000, 0x000000008ce00000| Untracked 
| 206|0x000000008ce00000, 0x000000008cf00000, 0x000000008cf00000|100%| O|  |TAMS 0x000000008ce00000, 0x000000008cf00000| Untracked 
| 207|0x000000008cf00000, 0x000000008cfffc00, 0x000000008d000000| 99%| O|  |TAMS 0x000000008cf00000, 0x000000008cfffc00| Untracked 
| 208|0x000000008d000000, 0x000000008d100000, 0x000000008d100000|100%|HS|  |TAMS 0x000000008d000000, 0x000000008d000000| Complete 
| 209|0x000000008d100000, 0x000000008d200000, 0x000000008d200000|100%|HC|  |TAMS 0x000000008d100000, 0x000000008d100000| Complete 
| 210|0x000000008d200000, 0x000000008d300000, 0x000000008d300000|100%|HS|  |TAMS 0x000000008d200000, 0x000000008d200000| Complete 
| 211|0x000000008d300000, 0x000000008d400000, 0x000000008d400000|100%|HC|  |TAMS 0x000000008d300000, 0x000000008d300000| Complete 
| 212|0x000000008d400000, 0x000000008d500000, 0x000000008d500000|100%|HS|  |TAMS 0x000000008d400000, 0x000000008d400000| Complete 
| 213|0x000000008d500000, 0x000000008d600000, 0x000000008d600000|100%|HC|  |TAMS 0x000000008d500000, 0x000000008d500000| Complete 
| 214|0x000000008d600000, 0x000000008d700000, 0x000000008d700000|100%|HS|  |TAMS 0x000000008d600000, 0x000000008d600000| Complete 
| 215|0x000000008d700000, 0x000000008d800000, 0x000000008d800000|100%|HC|  |TAMS 0x000000008d700000, 0x000000008d700000| Complete 
| 216|0x000000008d800000, 0x000000008d900000, 0x000000008d900000|100%|HS|  |TAMS 0x000000008d800000, 0x000000008d800000| Complete 
| 217|0x000000008d900000, 0x000000008da00000, 0x000000008da00000|100%|HC|  |TAMS 0x000000008d900000, 0x000000008d900000| Complete 
| 218|0x000000008da00000, 0x000000008db00000, 0x000000008db00000|100%|HS|  |TAMS 0x000000008da00000, 0x000000008da00000| Complete 
| 219|0x000000008db00000, 0x000000008dc00000, 0x000000008dc00000|100%|HC|  |TAMS 0x000000008db00000, 0x000000008db00000| Complete 
| 220|0x000000008dc00000, 0x000000008dd00000, 0x000000008dd00000|100%|HS|  |TAMS 0x000000008dc00000, 0x000000008dc00000| Complete 
| 221|0x000000008dd00000, 0x000000008de00000, 0x000000008de00000|100%|HC|  |TAMS 0x000000008dd00000, 0x000000008dd00000| Complete 
| 222|0x000000008de00000, 0x000000008df00000, 0x000000008df00000|100%|HS|  |TAMS 0x000000008de00000, 0x000000008de00000| Complete 
| 223|0x000000008df00000, 0x000000008e000000, 0x000000008e000000|100%|HC|  |TAMS 0x000000008df00000, 0x000000008df00000| Complete 
| 224|0x000000008e000000, 0x000000008e100000, 0x000000008e100000|100%|HS|  |TAMS 0x000000008e000000, 0x000000008e000000| Complete 
| 225|0x000000008e100000, 0x000000008e200000, 0x000000008e200000|100%|HC|  |TAMS 0x000000008e100000, 0x000000008e100000| Complete 
| 226|0x000000008e200000, 0x000000008e300000, 0x000000008e300000|100%|HS|  |TAMS 0x000000008e200000, 0x000000008e200000| Complete 
| 227|0x000000008e300000, 0x000000008e400000, 0x000000008e400000|100%|HC|  |TAMS 0x000000008e300000, 0x000000008e300000| Complete 
| 228|0x000000008e400000, 0x000000008e500000, 0x000000008e500000|100%|HS|  |TAMS 0x000000008e400000, 0x000000008e400000| Complete 
| 229|0x000000008e500000, 0x000000008e600000, 0x000000008e600000|100%|HC|  |TAMS 0x000000008e500000, 0x000000008e500000| Complete 
| 230|0x000000008e600000, 0x000000008e700000, 0x000000008e700000|100%|HS|  |TAMS 0x000000008e600000, 0x000000008e600000| Complete 
| 231|0x000000008e700000, 0x000000008e800000, 0x000000008e800000|100%|HC|  |TAMS 0x000000008e700000, 0x000000008e700000| Complete 
| 232|0x000000008e800000, 0x000000008e900000, 0x000000008e900000|100%|HS|  |TAMS 0x000000008e800000, 0x000000008e800000| Complete 
| 233|0x000000008e900000, 0x000000008ea00000, 0x000000008ea00000|100%|HC|  |TAMS 0x000000008e900000, 0x000000008e900000| Complete 
| 234|0x000000008ea00000, 0x000000008eb00000, 0x000000008eb00000|100%|HS|  |TAMS 0x000000008ea00000, 0x000000008ea00000| Complete 
| 235|0x000000008eb00000, 0x000000008ec00000, 0x000000008ec00000|100%|HC|  |TAMS 0x000000008eb00000, 0x000000008eb00000| Complete 
| 236|0x000000008ec00000, 0x000000008ed00000, 0x000000008ed00000|100%|HS|  |TAMS 0x000000008ec00000, 0x000000008ec00000| Complete 
| 237|0x000000008ed00000, 0x000000008ee00000, 0x000000008ee00000|100%|HC|  |TAMS 0x000000008ed00000, 0x000000008ed00000| Complete 
| 238|0x000000008ee00000, 0x000000008ef00000, 0x000000008ef00000|100%|HS|  |TAMS 0x000000008ee00000, 0x000000008ee00000| Complete 
| 239|0x000000008ef00000, 0x000000008f000000, 0x000000008f000000|100%|HC|  |TAMS 0x000000008ef00000, 0x000000008ef00000| Complete 
| 240|0x000000008f000000, 0x000000008f100000, 0x000000008f100000|100%|HS|  |TAMS 0x000000008f000000, 0x000000008f000000| Complete 
| 241|0x000000008f100000, 0x000000008f200000, 0x000000008f200000|100%|HC|  |TAMS 0x000000008f100000, 0x000000008f100000| Complete 
| 242|0x000000008f200000, 0x000000008f300000, 0x000000008f300000|100%|HS|  |TAMS 0x000000008f200000, 0x000000008f200000| Complete 
| 243|0x000000008f300000, 0x000000008f400000, 0x000000008f400000|100%|HC|  |TAMS 0x000000008f300000, 0x000000008f300000| Complete 
| 244|0x000000008f400000, 0x000000008f500000, 0x000000008f500000|100%|HS|  |TAMS 0x000000008f400000, 0x000000008f400000| Complete 
| 245|0x000000008f500000, 0x000000008f600000, 0x000000008f600000|100%|HC|  |TAMS 0x000000008f500000, 0x000000008f500000| Complete 
| 246|0x000000008f600000, 0x000000008f700000, 0x000000008f700000|100%|HS|  |TAMS 0x000000008f600000, 0x000000008f600000| Complete 
| 247|0x000000008f700000, 0x000000008f800000, 0x000000008f800000|100%|HC|  |TAMS 0x000000008f700000, 0x000000008f700000| Complete 
| 248|0x000000008f800000, 0x000000008f900000, 0x000000008f900000|100%|HS|  |TAMS 0x000000008f800000, 0x000000008f800000| Complete 
| 249|0x000000008f900000, 0x000000008fa00000, 0x000000008fa00000|100%|HC|  |TAMS 0x000000008f900000, 0x000000008f900000| Complete 
| 250|0x000000008fa00000, 0x000000008fb00000, 0x000000008fb00000|100%|HS|  |TAMS 0x000000008fa00000, 0x000000008fa00000| Complete 
| 251|0x000000008fb00000, 0x000000008fc00000, 0x000000008fc00000|100%|HC|  |TAMS 0x000000008fb00000, 0x000000008fb00000| Complete 
| 252|0x000000008fc00000, 0x000000008fd00000, 0x000000008fd00000|100%|HS|  |TAMS 0x000000008fc00000, 0x000000008fc00000| Complete 
| 253|0x000000008fd00000, 0x000000008fe00000, 0x000000008fe00000|100%|HC|  |TAMS 0x000000008fd00000, 0x000000008fd00000| Complete 
| 254|0x000000008fe00000, 0x000000008fe00000, 0x000000008ff00000|  0%| F|  |TAMS 0x000000008fe00000, 0x000000008fe00000| Untracked 
| 255|0x000000008ff00000, 0x000000008ff9b700, 0x0000000090000000| 60%| S|CS|TAMS 0x000000008ff00000, 0x000000008ff00000| Complete 
| 256|0x0000000090000000, 0x0000000090100000, 0x0000000090100000|100%| S|CS|TAMS 0x0000000090000000, 0x0000000090000000| Complete 
| 257|0x0000000090100000, 0x0000000090200000, 0x0000000090200000|100%| S|CS|TAMS 0x0000000090100000, 0x0000000090100000| Complete 
| 258|0x0000000090200000, 0x0000000090300000, 0x0000000090300000|100%|HS|  |TAMS 0x0000000090200000, 0x0000000090200000| Complete 
| 259|0x0000000090300000, 0x0000000090400000, 0x0000000090400000|100%|HC|  |TAMS 0x0000000090300000, 0x0000000090300000| Complete 
| 260|0x0000000090400000, 0x0000000090500000, 0x0000000090500000|100%|HS|  |TAMS 0x0000000090400000, 0x0000000090400000| Complete 
| 261|0x0000000090500000, 0x0000000090600000, 0x0000000090600000|100%|HC|  |TAMS 0x0000000090500000, 0x0000000090500000| Complete 
| 262|0x0000000090600000, 0x0000000090700000, 0x0000000090700000|100%|HS|  |TAMS 0x0000000090600000, 0x0000000090600000| Complete 
| 263|0x0000000090700000, 0x0000000090800000, 0x0000000090800000|100%|HC|  |TAMS 0x0000000090700000, 0x0000000090700000| Complete 
| 264|0x0000000090800000, 0x0000000090900000, 0x0000000090900000|100%|HS|  |TAMS 0x0000000090800000, 0x0000000090800000| Complete 
| 265|0x0000000090900000, 0x0000000090a00000, 0x0000000090a00000|100%|HC|  |TAMS 0x0000000090900000, 0x0000000090900000| Complete 
| 266|0x0000000090a00000, 0x0000000090b00000, 0x0000000090b00000|100%|HS|  |TAMS 0x0000000090a00000, 0x0000000090a00000| Complete 
| 267|0x0000000090b00000, 0x0000000090c00000, 0x0000000090c00000|100%|HC|  |TAMS 0x0000000090b00000, 0x0000000090b00000| Complete 
| 268|0x0000000090c00000, 0x0000000090d00000, 0x0000000090d00000|100%|HS|  |TAMS 0x0000000090c00000, 0x0000000090c00000| Complete 
| 269|0x0000000090d00000, 0x0000000090e00000, 0x0000000090e00000|100%|HC|  |TAMS 0x0000000090d00000, 0x0000000090d00000| Complete 
| 270|0x0000000090e00000, 0x0000000090f00000, 0x0000000090f00000|100%|HS|  |TAMS 0x0000000090e00000, 0x0000000090e00000| Complete 
| 271|0x0000000090f00000, 0x0000000091000000, 0x0000000091000000|100%|HC|  |TAMS 0x0000000090f00000, 0x0000000090f00000| Complete 
| 272|0x0000000091000000, 0x0000000091100000, 0x0000000091100000|100%|HS|  |TAMS 0x0000000091000000, 0x0000000091000000| Complete 
| 273|0x0000000091100000, 0x0000000091200000, 0x0000000091200000|100%|HC|  |TAMS 0x0000000091100000, 0x0000000091100000| Complete 
| 274|0x0000000091200000, 0x0000000091300000, 0x0000000091300000|100%|HS|  |TAMS 0x0000000091200000, 0x0000000091200000| Complete 
| 275|0x0000000091300000, 0x0000000091400000, 0x0000000091400000|100%|HC|  |TAMS 0x0000000091300000, 0x0000000091300000| Complete 
| 276|0x0000000091400000, 0x0000000091466be8, 0x0000000091500000| 40%| E|  |TAMS 0x0000000091400000, 0x0000000091400000| Complete 

Card table byte_map: [0x00000209fb420000,0x00000209fb820000] _byte_map_base: 0x00000209fb020000

Marking Bits (Prev, Next): (CMBitMap*) 0x00000209f3680740, (CMBitMap*) 0x00000209f3680708
 Prev Bits: [0x00000209fdc20000, 0x00000209ffc20000)
 Next Bits: [0x00000209fbc20000, 0x00000209fdc20000)

Polling page: 0x00000209f1650000

Metaspace:

Usage:
  Non-class:    186.43 MB capacity,   182.78 MB ( 98%) used,     3.01 MB (  2%) free+waste,   649.94 KB ( <1%) overhead. 
      Class:     28.84 MB capacity,    26.67 MB ( 92%) used,     1.89 MB (  7%) free+waste,   291.25 KB ( <1%) overhead. 
       Both:    215.27 MB capacity,   209.45 MB ( 97%) used,     4.90 MB (  2%) free+waste,   941.19 KB ( <1%) overhead. 

Virtual space:
  Non-class space:      188.00 MB reserved,     186.49 MB (>99%) committed 
      Class space:      504.00 MB reserved,      28.88 MB (  6%) committed 
             Both:      692.00 MB reserved,     215.37 MB ( 31%) committed 

Chunk freelists:
   Non-Class:  512 bytes
       Class:  128 bytes
        Both:  640 bytes

CodeHeap 'non-profiled nmethods': size=120000Kb used=20592Kb max_used=20592Kb free=99407Kb
 bounds [0x0000020987ad0000, 0x0000020988ef0000, 0x000002098f000000]
CodeHeap 'profiled nmethods': size=120000Kb used=58578Kb max_used=58578Kb free=61421Kb
 bounds [0x00000209805a0000, 0x0000020983f00000, 0x0000020987ad0000]
CodeHeap 'non-nmethods': size=5760Kb used=2406Kb max_used=2454Kb free=3353Kb
 bounds [0x0000020980000000, 0x0000020980270000, 0x00000209805a0000]
 total_blobs=28578 nmethods=27527 adapters=961
 compilation: enabled
              stopped_count=0, restarted_count=0
 full_count=0

Compilation events (10 events):
Event: 5798.290 Thread 0x0000020991727800 31839       3       java.math.BigInteger::compareTo (71 bytes)
Event: 5798.290 Thread 0x0000020991727800 nmethod 31839 0x0000020983efc210 code [0x0000020983efc3e0, 0x0000020983efc698]
Event: 5798.305 Thread 0x000002099171f800 nmethod 31833 0x0000020988ee9f90 code [0x0000020988eea140, 0x0000020988eeacd8]
Event: 5798.305 Thread 0x000002099171f800 31836       4       java.math.MutableBigInteger::primitiveLeftShift (89 bytes)
Event: 5798.309 Thread 0x000002099171f800 nmethod 31836 0x0000020988eeb190 code [0x0000020988eeb320, 0x0000020988eeb618]
Event: 5798.310 Thread 0x000002099171f800 31835       4       java.math.MutableBigInteger::primitiveRightShift (80 bytes)
Event: 5798.314 Thread 0x000002099171f800 nmethod 31835 0x0000020988eeb790 code [0x0000020988eeb920, 0x0000020988eebc38]
Event: 5798.315 Thread 0x0000020997b9f000 nmethod 31834 0x0000020988eebd90 code [0x0000020988eebf40, 0x0000020988eece38]
Event: 5798.315 Thread 0x000002099171f800 31838       4       java.math.MutableBigInteger::mulsub (110 bytes)
Event: 5798.320 Thread 0x000002099171f800 nmethod 31838 0x0000020988eed290 code [0x0000020988eed400, 0x0000020988eed838]

GC Heap History (10 events):
Event: 5796.419 GC heap before
{Heap before GC invocations=195 (full 0):
 garbage-first heap   total 283648K, used 208424K [0x0000000080000000, 0x0000000100000000)
  region size 1024K, 13 young (13312K), 6 survivors (6144K)
 Metaspace       used 212650K, capacity 218583K, committed 218872K, reserved 706560K
  class space    used 27144K, capacity 29374K, committed 29440K, reserved 516096K
}
Event: 5796.439 GC heap after
{Heap after GC invocations=196 (full 0):
 garbage-first heap   total 283648K, used 200061K [0x0000000080000000, 0x0000000100000000)
  region size 1024K, 2 young (2048K), 2 survivors (2048K)
 Metaspace       used 212650K, capacity 218583K, committed 218872K, reserved 706560K
  class space    used 27144K, capacity 29374K, committed 29440K, reserved 516096K
}
Event: 5796.679 GC heap before
{Heap before GC invocations=196 (full 0):
 garbage-first heap   total 283648K, used 234877K [0x0000000080000000, 0x0000000100000000)
  region size 1024K, 36 young (36864K), 2 survivors (2048K)
 Metaspace       used 212862K, capacity 218844K, committed 219128K, reserved 706560K
  class space    used 27144K, capacity 29374K, committed 29440K, reserved 516096K
}
Event: 5796.688 GC heap after
{Heap after GC invocations=197 (full 0):
 garbage-first heap   total 283648K, used 200542K [0x0000000080000000, 0x0000000100000000)
  region size 1024K, 2 young (2048K), 2 survivors (2048K)
 Metaspace       used 212862K, capacity 218844K, committed 219128K, reserved 706560K
  class space    used 27144K, capacity 29374K, committed 29440K, reserved 516096K
}
Event: 5797.321 GC heap before
{Heap before GC invocations=198 (full 0):
 garbage-first heap   total 283648K, used 234334K [0x0000000080000000, 0x0000000100000000)
  region size 1024K, 38 young (38912K), 2 survivors (2048K)
 Metaspace       used 213417K, capacity 219343K, committed 219640K, reserved 706560K
  class space    used 27153K, capacity 29385K, committed 29440K, reserved 516096K
}
Event: 5797.328 GC heap after
{Heap after GC invocations=199 (full 0):
 garbage-first heap   total 283648K, used 200834K [0x0000000080000000, 0x0000000100000000)
  region size 1024K, 5 young (5120K), 5 survivors (5120K)
 Metaspace       used 213417K, capacity 219343K, committed 219640K, reserved 706560K
  class space    used 27153K, capacity 29385K, committed 29440K, reserved 516096K
}
Event: 5797.850 GC heap before
{Heap before GC invocations=199 (full 0):
 garbage-first heap   total 283648K, used 210050K [0x0000000080000000, 0x0000000100000000)
  region size 1024K, 13 young (13312K), 5 survivors (5120K)
 Metaspace       used 213480K, capacity 219485K, committed 219640K, reserved 706560K
  class space    used 27162K, capacity 29391K, committed 29440K, reserved 516096K
}
Event: 5797.905 GC heap after
{Heap after GC invocations=200 (full 0):
 garbage-first heap   total 283648K, used 194372K [0x0000000080000000, 0x0000000100000000)
  region size 1024K, 1 young (1024K), 1 survivors (1024K)
 Metaspace       used 213480K, capacity 219485K, committed 219640K, reserved 706560K
  class space    used 27162K, capacity 29391K, committed 29440K, reserved 516096K
}
Event: 5798.329 GC heap before
{Heap before GC invocations=200 (full 0):
 garbage-first heap   total 283648K, used 210756K [0x0000000080000000, 0x0000000100000000)
  region size 1024K, 19 young (19456K), 1 survivors (1024K)
 Metaspace       used 214474K, capacity 220435K, committed 220536K, reserved 708608K
  class space    used 27306K, capacity 29535K, committed 29568K, reserved 516096K
}
Event: 5798.336 GC heap after
{Heap after GC invocations=201 (full 0):
 garbage-first heap   total 283648K, used 196204K [0x0000000080000000, 0x0000000100000000)
  region size 1024K, 3 young (3072K), 3 survivors (3072K)
 Metaspace       used 214474K, capacity 220435K, committed 220536K, reserved 708608K
  class space    used 27306K, capacity 29535K, committed 29568K, reserved 516096K
}

Deoptimization events (10 events):
Event: 5797.971 Thread 0x00000209993bc800 Uncommon trap: reason=bimorphic_or_optimized_type_check action=maybe_recompile pc=0x0000020988d47138 method=java.security.MessageDigest$Delegate.engineUpdate(B)V @ 5 c2
Event: 5797.971 Thread 0x00000209993bc800 Uncommon trap: reason=bimorphic_or_optimized_type_check action=maybe_recompile pc=0x0000020988d47138 method=java.security.MessageDigest$Delegate.engineUpdate(B)V @ 5 c2
Event: 5797.971 Thread 0x00000209993bc800 Uncommon trap: reason=bimorphic_or_optimized_type_check action=maybe_recompile pc=0x0000020988d47138 method=java.security.MessageDigest$Delegate.engineUpdate(B)V @ 5 c2
Event: 5797.973 Thread 0x00000209993bc800 Uncommon trap: reason=class_check action=maybe_recompile pc=0x00000209883e541c method=java.io.DataInputStream.readUnsignedShort()I @ 4 c2
Event: 5797.973 Thread 0x00000209993bc800 Uncommon trap: reason=class_check action=maybe_recompile pc=0x00000209883e541c method=java.io.DataInputStream.readUnsignedShort()I @ 4 c2
Event: 5797.995 Thread 0x00000209993bc800 Uncommon trap: reason=class_check action=maybe_recompile pc=0x000002098808af58 method=com.google.common.collect.Iterables.castOrCopyToCollection(Ljava/lang/Iterable;)Ljava/util/Collection; @ 1 c2
Event: 5797.995 Thread 0x00000209993bc800 Uncommon trap: reason=class_check action=maybe_recompile pc=0x000002098808af58 method=com.google.common.collect.Iterables.castOrCopyToCollection(Ljava/lang/Iterable;)Ljava/util/Collection; @ 1 c2
Event: 5797.995 Thread 0x00000209993bc800 Uncommon trap: reason=class_check action=maybe_recompile pc=0x000002098808af58 method=com.google.common.collect.Iterables.castOrCopyToCollection(Ljava/lang/Iterable;)Ljava/util/Collection; @ 1 c2
Event: 5798.008 Thread 0x00000209993bc800 Uncommon trap: reason=unstable_if action=reinterpret pc=0x0000020987b46fe0 method=java.util.Properties$LineReader.readLine()I @ 25 c2
Event: 5798.009 Thread 0x00000209993bc800 Uncommon trap: reason=unstable_if action=reinterpret pc=0x0000020987b3df40 method=java.util.Properties$LineReader.readLine()I @ 117 c2

Classes redefined (0 events):
No events

Internal exceptions (10 events):
Event: 5797.140 Thread 0x0000020997fa4800 Exception <a 'sun/nio/fs/WindowsException'{0x000000008fbb2328}> (0x000000008fbb2328) thrown at [./open/src/hotspot/share/prims/jni.cpp, line 611]
Event: 5797.145 Thread 0x0000020995e70800 Exception <a 'sun/nio/fs/WindowsException'{0x0000000090ecff58}> (0x0000000090ecff58) thrown at [./open/src/hotspot/share/prims/jni.cpp, line 611]
Event: 5797.151 Thread 0x0000020995e70800 Exception <a 'sun/nio/fs/WindowsException'{0x000000008faa1060}> (0x000000008faa1060) thrown at [./open/src/hotspot/share/prims/jni.cpp, line 611]
Event: 5797.378 Thread 0x0000020997fa9000 Exception <a 'sun/nio/fs/WindowsException'{0x000000009107b020}> (0x000000009107b020) thrown at [./open/src/hotspot/share/prims/jni.cpp, line 611]
Event: 5797.632 Thread 0x000002099e3c9800 Exception <a 'java/lang/ClassNotFoundException'{0x0000000090e10f38}: org/gradle/api/internal/file/FilteredFileTreeBeanInfo> (0x0000000090e10f38) thrown at [./open/src/hotspot/share/classfile/systemDictionary.cpp, line 226]
Event: 5797.633 Thread 0x000002099e3c9800 Exception <a 'java/lang/ClassNotFoundException'{0x0000000090e3a160}: org/gradle/api/internal/file/FilteredFileTreeCustomizer> (0x0000000090e3a160) thrown at [./open/src/hotspot/share/classfile/systemDictionary.cpp, line 226]
Event: 5797.637 Thread 0x000002099e3c9800 Exception <a 'java/lang/ClassNotFoundException'{0x0000000090ed6a60}: org/gradle/api/tasks/util/internal/PatternSets$InternalPatternSetBeanInfo> (0x0000000090ed6a60) thrown at [./open/src/hotspot/share/classfile/systemDictionary.cpp, line 226]
Event: 5797.637 Thread 0x000002099e3c9800 Exception <a 'java/lang/ClassNotFoundException'{0x0000000090eff350}: org/gradle/api/tasks/util/PatternSetBeanInfo> (0x0000000090eff350) thrown at [./open/src/hotspot/share/classfile/systemDictionary.cpp, line 226]
Event: 5797.638 Thread 0x000002099e3c9800 Exception <a 'java/lang/ClassNotFoundException'{0x0000000090d285e0}: org/gradle/api/tasks/util/PatternSetCustomizer> (0x0000000090d285e0) thrown at [./open/src/hotspot/share/classfile/systemDictionary.cpp, line 226]
Event: 5797.639 Thread 0x000002099e3c9800 Exception <a 'java/lang/ClassNotFoundException'{0x0000000090d7ccd8}: org/gradle/api/tasks/util/internal/PatternSets$InternalPatternSetCustomizer> (0x0000000090d7ccd8) thrown at [./open/src/hotspot/share/classfile/systemDictionary.cpp, line 226]

Events (10 events):
Event: 5798.338 Executing VM operation: RevokeBias
Event: 5798.338 Executing VM operation: RevokeBias done
Event: 5798.338 Executing VM operation: RevokeBias
Event: 5798.339 Executing VM operation: RevokeBias done
Event: 5798.339 Executing VM operation: RevokeBias
Event: 5798.339 Executing VM operation: RevokeBias done
Event: 5798.343 loading class com/android/apksig/internal/apk/ApkSigningBlockUtils$ChunkSupplier$Chunk
Event: 5798.343 loading class com/android/apksig/internal/apk/ApkSigningBlockUtils$ChunkSupplier$Chunk done
Event: 5798.343 Executing VM operation: RevokeBias
Event: 5798.344 Executing VM operation: RevokeBias done


Dynamic libraries:
0x00007ff6b9d40000 - 0x00007ff6b9d4f000 	C:\Program Files\Java\jdk-11.0.16\bin\java.exe
0x00007ff86a410000 - 0x00007ff86a605000 	C:\WINDOWS\SYSTEM32\ntdll.dll
0x00007ff869700000 - 0x00007ff8697be000 	C:\WINDOWS\System32\KERNEL32.DLL
0x00007ff867f50000 - 0x00007ff868218000 	C:\WINDOWS\System32\KERNELBASE.dll
0x00007ff867c70000 - 0x00007ff867d70000 	C:\WINDOWS\System32\ucrtbase.dll
0x00007ff83a760000 - 0x00007ff83a775000 	C:\Program Files\Java\jdk-11.0.16\bin\VCRUNTIME140.dll
0x00007ff8392e0000 - 0x00007ff8392f8000 	C:\Program Files\Java\jdk-11.0.16\bin\jli.dll
0x00007ff869a10000 - 0x00007ff869abe000 	C:\WINDOWS\System32\ADVAPI32.dll
0x00007ff869370000 - 0x00007ff86940e000 	C:\WINDOWS\System32\msvcrt.dll
0x00007ff869ac0000 - 0x00007ff869b5c000 	C:\WINDOWS\System32\sechost.dll
0x00007ff869ec0000 - 0x00007ff869fe5000 	C:\WINDOWS\System32\RPCRT4.dll
0x00007ff8697c0000 - 0x00007ff869960000 	C:\WINDOWS\System32\USER32.dll
0x00007ff866f40000 - 0x00007ff8671da000 	C:\WINDOWS\WinSxS\amd64_microsoft.windows.common-controls_6595b64144ccf1df_6.0.19041.1110_none_60b5254171f9507e\COMCTL32.dll
0x00007ff867b30000 - 0x00007ff867b52000 	C:\WINDOWS\System32\win32u.dll
0x00007ff86a0c0000 - 0x00007ff86a0eb000 	C:\WINDOWS\System32\GDI32.dll
0x00007ff867b60000 - 0x00007ff867c6b000 	C:\WINDOWS\System32\gdi32full.dll
0x00007ff867eb0000 - 0x00007ff867f4d000 	C:\WINDOWS\System32\msvcp_win.dll
0x00007ff8611d0000 - 0x00007ff8611da000 	C:\WINDOWS\SYSTEM32\VERSION.dll
0x00007ff869650000 - 0x00007ff869680000 	C:\WINDOWS\System32\IMM32.DLL
0x00007ff8248f0000 - 0x00007ff82498b000 	C:\Program Files\Java\jdk-11.0.16\bin\msvcp140.dll
0x00007ffffe7c0000 - 0x00007fffff2d8000 	C:\Program Files\Java\jdk-11.0.16\bin\server\jvm.dll
0x00007ff84ee30000 - 0x00007ff84ee57000 	C:\WINDOWS\SYSTEM32\WINMM.dll
0x00007ff852c10000 - 0x00007ff852c19000 	C:\WINDOWS\SYSTEM32\WSOCK32.dll
0x00007ff869640000 - 0x00007ff869648000 	C:\WINDOWS\System32\PSAPI.DLL
0x00007ff86a050000 - 0x00007ff86a0bb000 	C:\WINDOWS\System32\WS2_32.dll
0x00007ff8655d0000 - 0x00007ff8655e2000 	C:\WINDOWS\SYSTEM32\kernel.appcore.dll
0x00007ff83dd40000 - 0x00007ff83dd50000 	C:\Program Files\Java\jdk-11.0.16\bin\verify.dll
0x00007ff867400000 - 0x00007ff8675e4000 	C:\WINDOWS\SYSTEM32\DBGHELP.DLL
0x00007ff867300000 - 0x00007ff86732c000 	C:\WINDOWS\SYSTEM32\dbgcore.DLL
0x00007ff867e20000 - 0x00007ff867ea2000 	C:\WINDOWS\System32\bcryptPrimitives.dll
0x00007ff830c40000 - 0x00007ff830c68000 	C:\Program Files\Java\jdk-11.0.16\bin\java.dll
0x00007ff83b8f0000 - 0x00007ff83b8fa000 	C:\Program Files\Java\jdk-11.0.16\bin\jimage.dll
0x00007ff838dd0000 - 0x00007ff838de6000 	C:\Program Files\Java\jdk-11.0.16\bin\zip.dll
0x00007ff868c10000 - 0x00007ff869354000 	C:\WINDOWS\System32\SHELL32.dll
0x00007ff8655f0000 - 0x00007ff865d84000 	C:\WINDOWS\SYSTEM32\windows.storage.dll
0x00007ff869b60000 - 0x00007ff869eb4000 	C:\WINDOWS\System32\combase.dll
0x00007ff866ea0000 - 0x00007ff866ecc000 	C:\WINDOWS\SYSTEM32\Wldp.dll
0x00007ff868590000 - 0x00007ff86863d000 	C:\WINDOWS\System32\SHCORE.dll
0x00007ff869680000 - 0x00007ff8696d5000 	C:\WINDOWS\System32\shlwapi.dll
0x00007ff867a70000 - 0x00007ff867a8f000 	C:\WINDOWS\SYSTEM32\profapi.dll
0x00007ff836cd0000 - 0x00007ff836ce9000 	C:\Program Files\Java\jdk-11.0.16\bin\net.dll
0x00007ff8613a0000 - 0x00007ff8614a9000 	C:\WINDOWS\SYSTEM32\WINHTTP.dll
0x00007ff866c00000 - 0x00007ff866c6a000 	C:\WINDOWS\system32\mswsock.dll
0x00007ff82bd90000 - 0x00007ff82bda2000 	C:\Program Files\Java\jdk-11.0.16\bin\nio.dll
0x00007ff839450000 - 0x00007ff839477000 	C:\Users\Prabharsha\.gradle\native\e1d6ef7f7dcc3fd88c89a11ec53ec762bb8ba0a96d01ffa2cd45eb1d1d8dd5c5\windows-amd64\native-platform.dll
0x00007ff8040b0000 - 0x00007ff8041f4000 	C:\Users\Prabharsha\.gradle\native\0d407fdbe67a94daf76414ababcb853783967236a71b16ec16e742cd7a986fd3\windows-amd64\native-platform-file-events.dll
0x00007ff83b440000 - 0x00007ff83b449000 	C:\Program Files\Java\jdk-11.0.16\bin\management.dll
0x00007ff83a170000 - 0x00007ff83a17b000 	C:\Program Files\Java\jdk-11.0.16\bin\management_ext.dll
0x00007ff8678b0000 - 0x00007ff8678c8000 	C:\WINDOWS\SYSTEM32\CRYPTSP.dll
0x00007ff8665a0000 - 0x00007ff8665d4000 	C:\WINDOWS\system32\rsaenh.dll
0x00007ff868440000 - 0x00007ff868467000 	C:\WINDOWS\System32\bcrypt.dll
0x00007ff8679f0000 - 0x00007ff867a1e000 	C:\WINDOWS\SYSTEM32\USERENV.dll
0x00007ff866e90000 - 0x00007ff866e9c000 	C:\WINDOWS\SYSTEM32\CRYPTBASE.dll
0x00007ff8668f0000 - 0x00007ff86692b000 	C:\WINDOWS\SYSTEM32\IPHLPAPI.DLL
0x00007ff869570000 - 0x00007ff869578000 	C:\WINDOWS\System32\NSI.dll
0x00007ff8602d0000 - 0x00007ff8602e7000 	C:\WINDOWS\SYSTEM32\dhcpcsvc6.DLL
0x00007ff860750000 - 0x00007ff86076d000 	C:\WINDOWS\SYSTEM32\dhcpcsvc.DLL
0x00007ff866930000 - 0x00007ff8669fa000 	C:\WINDOWS\SYSTEM32\DNSAPI.dll
0x00007ff840c50000 - 0x00007ff840c5d000 	C:\Program Files\Java\jdk-11.0.16\bin\sunmscapi.dll
0x00007ff868290000 - 0x00007ff8683e6000 	C:\WINDOWS\System32\CRYPT32.dll
0x00007ff866f10000 - 0x00007ff866f37000 	C:\WINDOWS\SYSTEM32\ncrypt.dll
0x00007ff866ed0000 - 0x00007ff866f0b000 	C:\WINDOWS\SYSTEM32\NTASN1.dll
0x00007ff82bc00000 - 0x00007ff82bc25000 	C:\Program Files\Java\jdk-11.0.16\bin\sunec.dll
0x00007ff85af80000 - 0x00007ff85af8a000 	C:\Windows\System32\rasadhlp.dll
0x00007ff85ce40000 - 0x00007ff85cebf000 	C:\WINDOWS\System32\fwpuclnt.dll

dbghelp: loaded successfully - version: 4.0.5 - missing functions: none
symbol engine: initialized successfully - sym options: 0x614 - pdb path: .;C:\Program Files\Java\jdk-11.0.16\bin;C:\WINDOWS\SYSTEM32;C:\WINDOWS\WinSxS\amd64_microsoft.windows.common-controls_6595b64144ccf1df_6.0.19041.1110_none_60b5254171f9507e;C:\Program Files\Java\jdk-11.0.16\bin\server;C:\Users\Prabharsha\.gradle\native\e1d6ef7f7dcc3fd88c89a11ec53ec762bb8ba0a96d01ffa2cd45eb1d1d8dd5c5\windows-amd64;C:\Users\Prabharsha\.gradle\native\0d407fdbe67a94daf76414ababcb853783967236a71b16ec16e742cd7a986fd3\windows-amd64

VM Arguments:
jvm_args: -XX:MaxMetaspaceSize=512m --add-opens=java.base/java.util=ALL-UNNAMED --add-opens=java.base/java.lang=ALL-UNNAMED --add-opens=java.base/java.lang.invoke=ALL-UNNAMED --add-opens=java.base/java.util=ALL-UNNAMED --add-opens=java.prefs/java.util.prefs=ALL-UNNAMED --add-opens=java.prefs/java.util.prefs=ALL-UNNAMED --add-opens=java.base/java.nio.charset=ALL-UNNAMED --add-opens=java.base/java.net=ALL-UNNAMED --add-opens=java.base/java.util.concurrent.atomic=ALL-UNNAMED -Xmx2048m -Dfile.encoding=windows-1252 -Duser.country=US -Duser.language=en -Duser.variant 
java_command: org.gradle.launcher.daemon.bootstrap.GradleDaemon 7.5.1
java_class_path (initial): C:\Users\Prabharsha\.gradle\wrapper\dists\gradle-7.5.1-all\1ehga6e77gqps5uk2kc5kf1vc\gradle-7.5.1\lib\gradle-launcher-7.5.1.jar
Launcher Type: SUN_STANDARD

[Global flags]
     intx CICompilerCount                          = 4                                         {product} {ergonomic}
   size_t CompressedClassSpaceSize                 = 528482304                                 {product} {ergonomic}
     uint ConcGCThreads                            = 2                                         {product} {ergonomic}
     uint G1ConcRefinementThreads                  = 8                                         {product} {ergonomic}
   size_t G1HeapRegionSize                         = 1048576                                   {product} {ergonomic}
    uintx GCDrainStackTargetSize                   = 64                                        {product} {ergonomic}
   size_t InitialHeapSize                          = 134217728                                 {product} {ergonomic}
   size_t MarkStackSize                            = 4194304                                   {product} {ergonomic}
   size_t MaxHeapSize                              = 2147483648                                {product} {command line}
   size_t MaxMetaspaceSize                         = 536870912                                 {product} {command line}
   size_t MaxNewSize                               = 1287651328                                {product} {ergonomic}
   size_t MinHeapDeltaBytes                        = 1048576                                   {product} {ergonomic}
    uintx NonNMethodCodeHeapSize                   = 5836300                                {pd product} {ergonomic}
    uintx NonProfiledCodeHeapSize                  = 122910970                              {pd product} {ergonomic}
    uintx ProfiledCodeHeapSize                     = 122910970                              {pd product} {ergonomic}
    uintx ReservedCodeCacheSize                    = 251658240                              {pd product} {ergonomic}
     bool SegmentedCodeCache                       = true                                      {product} {ergonomic}
     bool UseCompressedClassPointers               = true                                 {lp64_product} {ergonomic}
     bool UseCompressedOops                        = true                                 {lp64_product} {ergonomic}
     bool UseG1GC                                  = true                                      {product} {ergonomic}
     bool UseLargePagesIndividualAllocation        = false                                  {pd product} {ergonomic}

Logging:
Log output configuration:
 #0: stdout all=warning uptime,level,tags
 #1: stderr all=off uptime,level,tags

Environment Variables:
JAVA_HOME=C:\Program Files\Java\jdk-11.0.16
CLASSPATH=C:\SSD Idea Projects\Sem 3\AMD\CarSaleApp\FrontEnd\carSaleApp\android\\gradle\wrapper\gradle-wrapper.jar
PATH=C:\SSD Idea Projects\Sem 3\AMD\CarSaleApp\FrontEnd\carSaleApp\android\node_modules\.bin;C:\SSD Idea Projects\Sem 3\AMD\CarSaleApp\FrontEnd\carSaleApp\node_modules\.bin;C:\SSD Idea Projects\Sem 3\AMD\CarSaleApp\FrontEnd\node_modules\.bin;C:\SSD Idea Projects\Sem 3\AMD\CarSaleApp\node_modules\.bin;C:\SSD Idea Projects\Sem 3\AMD\node_modules\.bin;C:\SSD Idea Projects\Sem 3\node_modules\.bin;C:\SSD Idea Projects\node_modules\.bin;C:\node_modules\.bin;C:\Program Files\nodejs;C:\SSD Idea Projects\Sem 3\AMD\CarSaleApp\FrontEnd\carSaleApp\node_modules\.bin;C:\SSD Idea Projects\Sem 3\AMD\CarSaleApp\FrontEnd\carSaleApp\node_modules\.bin;C:\SSD Idea Projects\Sem 3\AMD\CarSaleApp\FrontEnd\node_modules\.bin;C:\SSD Idea Projects\Sem 3\AMD\CarSaleApp\node_modules\.bin;C:\SSD Idea Projects\Sem 3\AMD\node_modules\.bin;C:\SSD Idea Projects\Sem 3\node_modules\.bin;C:\SSD Idea Projects\node_modules\.bin;C:\node_modules\.bin;C:\Users\Prabharsha\AppData\Roaming\npm\node_modules\npm\node_modules\@npmcli\run-script\lib\node-gyp-bin;C:\Program Files\Java\jdk-11.0.16\bin;C:\Program Files\Common Files\Oracle\Java\javapath;C:\Program Files\Eclipse Adoptium\jdk-8.0.322.6-hotspot\bin;C:\Python310\Scripts\;C:\Python310\;C:\Program Files (x86)\Common Files\Oracle\Java\javapath;C:\WINDOWS\system32;C:\Program Files\Java\jdk1.8.0_271\bin;C:\WINDOWS;C:\WINDOWS\System32\Wbem;C:\WINDOWS\System32\WindowsPowerShell\v1.0\;C:\WINDOWS\System32\OpenSSH\;C:\Program Files\NVIDIA Corporation\NVIDIA NvDLISR;C:\Program Files (x86)\NVIDIA Corporation\PhysX\Common;C:\Program Files\MySQL\MySQL Server 8.0\bin;C:\Program Files (x86)\QuickTime\QTSystem\;C:\Program Files\Git\cmd;C:\ProgramData\chocolatey\bin;C:\Program Files (x86)\NoteBook FanControl\;C:\Program Files\nodejs\;C:\Program Files (x86)\dotnet\;%LOCALAPPDATA%\Android\Sdk\platform-tools;C:\Users\Prabharsha\AppData\Roaming\npm;C:\Program Files\MySQL\MySQL Shell 8.0\bin\;C:\Users\Prabharsha\AppData\Local\Microsoft\WindowsApps;C:\Program Files\JetBrains\Intelli
USERNAME=Prabharsha
OS=Windows_NT
PROCESSOR_IDENTIFIER=Intel64 Family 6 Model 142 Stepping 10, GenuineIntel



---------------  S Y S T E M  ---------------

OS: Windows 10 , 64 bit Build 19041 (10.0.19041.1566)

CPU:total 8 (initial active 8) (4 cores per cpu, 2 threads per core) family 6 model 142 stepping 10 microcode 0xb4, cmov, cx8, fxsr, mmx, sse, sse2, sse3, ssse3, sse4.1, sse4.2, popcnt, avx, avx2, aes, clmul, erms, 3dnowpref, lzcnt, ht, tsc, tscinvbit, bmi1, bmi2, adx, fma

Memory: 4k page, system-wide physical 8074M (555M free)
TotalPageFile size 12074M (AvailPageFile size 18M)
current process WorkingSet (physical memory assigned to process): 726M, peak: 726M
current process commit charge ("private bytes"): 839M, peak: 841M

vm_info: Java HotSpot(TM) 64-Bit Server VM (11.0.16+11-LTS-199) for windows-amd64 JRE (11.0.16+11-LTS-199), built on Jun 28 2022 08:23:17 by "mach5one" with MS VC++ 15.9 (VS2017)

END.
