#
# There is insufficient memory for the Java Runtime Environment to continue.
# Native memory allocation (malloc) failed to allocate 997376 bytes for Chunk::new
# Possible reasons:
#   The system is out of physical RAM or swap space
#   The process is running with CompressedOops enabled, and the Java Heap may be blocking the growth of the native heap
# Possible solutions:
#   Reduce memory load on the system
#   Increase physical memory or swap space
#   Check if swap backing store is full
#   Decrease Java heap size (-Xmx/-Xms)
#   Decrease number of Java threads
#   Decrease Java thread stack sizes (-Xss)
#   Set larger code cache with -XX:ReservedCodeCacheSize=
#   JVM is running with Unscaled Compressed Oops mode in which the Java heap is
#     placed in the first 4GB address space. The Java Heap base address is the
#     maximum limit for the native heap growth. Please use -XX:HeapBaseMinAddress
#     to set the Java Heap base and to place the Java Heap above 4GB virtual address.
# This output file may be truncated or incomplete.
#
#  Out of Memory Error (./open/src/hotspot/share/memory/arena.cpp:197), pid=9652, tid=1964
#
# JRE version: Java(TM) SE Runtime Environment 18.9 (11.0.16+11) (build 11.0.16+11-LTS-199)
# Java VM: Java HotSpot(TM) 64-Bit Server VM 18.9 (11.0.16+11-LTS-199, mixed mode, tiered, compressed oops, g1 gc, windows-amd64)
# No core dump will be written. Minidumps are not enabled by default on client versions of Windows
#

---------------  S U M M A R Y ------------

Command Line: -XX:MaxMetaspaceSize=512m --add-opens=java.base/java.util=ALL-UNNAMED --add-opens=java.base/java.lang=ALL-UNNAMED --add-opens=java.base/java.lang.invoke=ALL-UNNAMED --add-opens=java.base/java.util=ALL-UNNAMED --add-opens=java.prefs/java.util.prefs=ALL-UNNAMED --add-opens=java.prefs/java.util.prefs=ALL-UNNAMED --add-opens=java.base/java.nio.charset=ALL-UNNAMED --add-opens=java.base/java.net=ALL-UNNAMED --add-opens=java.base/java.util.concurrent.atomic=ALL-UNNAMED -Xmx2048m -Dfile.encoding=windows-1252 -Duser.country=US -Duser.language=en -Duser.variant org.gradle.launcher.daemon.bootstrap.GradleDaemon 7.5.1

Host: Intel(R) Core(TM) i5-8250U CPU @ 1.60GHz, 8 cores, 7G,  Windows 10 , 64 bit Build 19041 (10.0.19041.1566)
Time: Mon Oct 10 22:30:52 2022 Sri Lanka Standard Time elapsed time: 70.149532 seconds (0d 0h 1m 10s)

---------------  T H R E A D  ---------------

Current thread (0x0000029729ab8000):  JavaThread "C2 CompilerThread0" daemon [_thread_in_native, id=1964, stack(0x0000009835200000,0x0000009835300000)]


Current CompileTask:
C2:  70149 12365       4       org.gradle.internal.service.DefaultServiceRegistry$ClassInspector$ClassDetails::collectTypes (63 bytes)

Stack: [0x0000009835200000,0x0000009835300000]
Native frames: (J=compiled Java code, j=interpreted, Vv=VM code, C=native code)
V  [jvm.dll+0x62a3ea]
V  [jvm.dll+0x76418f]
V  [jvm.dll+0x765839]
V  [jvm.dll+0x765ec3]
V  [jvm.dll+0x23da98]
V  [jvm.dll+0xb2a1c]
V  [jvm.dll+0xb2fdc]
V  [jvm.dll+0x2ae814]
V  [jvm.dll+0x53d97b]
V  [jvm.dll+0x200877]
V  [jvm.dll+0x1fa5ba]
V  [jvm.dll+0x1f756d]
V  [jvm.dll+0x177c81]
V  [jvm.dll+0x207006]
V  [jvm.dll+0x20519b]
V  [jvm.dll+0x729fa0]
V  [jvm.dll+0x722b74]
V  [jvm.dll+0x629286]
C  [ucrtbase.dll+0x21bb2]
C  [KERNEL32.DLL+0x17034]
C  [ntdll.dll+0x52651]


---------------  P R O C E S S  ---------------

Threads class SMR info:
_java_thread_list=0x0000029736cc3ba0, length=135, elements={
0x000002970999a000, 0x0000029729a92000, 0x0000029729a9d800, 0x0000029729ab3800,
0x0000029729ab6000, 0x0000029729ab7000, 0x0000029729ab8000, 0x000002972a403800,
0x000002972a406800, 0x000002972a571800, 0x000002972b9c6800, 0x000002972ba4b000,
0x000002972be40000, 0x000002972bd09000, 0x000002972be3e000, 0x000002972c38c000,
0x000002972c1a4800, 0x000002972c1b7000, 0x000002972c1c9000, 0x000002972c1b4800,
0x000002972c1ae800, 0x000002972c1b3800, 0x000002972c1b1000, 0x000002972c1b2000,
0x000002972c1b5000, 0x000002972c1b2800, 0x000002972c1af800, 0x000002972c1b0000,
0x000002972d149800, 0x000002972d14a000, 0x000002972d146000, 0x000002972d14c000,
0x000002972d148800, 0x000002972d147800, 0x000002972d147000, 0x000002972d14e000,
0x000002972d151800, 0x000002972d150800, 0x000002972d14f000, 0x000002972d152800,
0x000002972d150000, 0x000002972d14d800, 0x000002972d153000, 0x000002972d154000,
0x000002972d155000, 0x000002972fde6800, 0x000002972fde5000, 0x000002972fde5800,
0x000002972fde7000, 0x000002972fde4000, 0x000002972fde8000, 0x000002972fde9000,
0x000002972fde3000, 0x000002972fde9800, 0x000002972eb17800, 0x000002972eb1a000,
0x000002972eb1b000, 0x000002972eb18800, 0x000002972eb1b800, 0x000002972eb1c800,
0x000002972eb17000, 0x000002972eb1d800, 0x000002972eb1e000, 0x000002972eb1f000,
0x000002972eb19000, 0x000002972eb21800, 0x000002972eb20800, 0x000002972eb22000,
0x000002972eb25800, 0x000002972eb23000, 0x000002972eb24000, 0x000002972eb24800,
0x000002972eb1f800, 0x000002972febb800, 0x000002972fec0000, 0x000002972febd000,
0x000002972febc000, 0x000002972febf800, 0x000002972febd800, 0x000002972feba800,
0x000002972fec6000, 0x000002972fec6800, 0x000002972fec1000, 0x000002972fec7800,
0x000002972fec2800, 0x000002972fec3800, 0x000002972fec2000, 0x000002972fec8800,
0x000002972fec9000, 0x000002972fec4800, 0x000002972fec5000, 0x000002972a930000,
0x000002972a930800, 0x000002972a92f000, 0x000002972a931800, 0x000002972a932800,
0x000002972a933000, 0x000002972a934000, 0x000002972a92e000, 0x000002972a93a800,
0x000002972a937000, 0x000002972a938000, 0x000002972a935800, 0x000002972a934800,
0x000002972a939000, 0x000002972a93c000, 0x000002972a93b800, 0x000002972a936800,
0x000002972a939800, 0x000002972a93d000, 0x000002972c71a800, 0x000002972c718000,
0x000002972c71c000, 0x000002972c717000, 0x000002972c71b800, 0x000002972c71d800,
0x000002972c71d000, 0x000002972c71e800, 0x000002972c719000, 0x000002972c71f800,
0x000002972c719800, 0x000002972c723800, 0x000002972c726000, 0x000002972c725000,
0x000002972c722000, 0x000002972c720000, 0x000002972c721000, 0x000002972c724000,
0x000002972c722800, 0x000002972c61a800, 0x000002972c617000, 0x000002972c618000,
0x000002972c618800, 0x000002972c619800, 0x000002972cd28000
}

Java Threads: ( => current thread )
  0x000002970999a000 JavaThread "main" [_thread_blocked, id=960, stack(0x0000009834600000,0x0000009834700000)]
  0x0000029729a92000 JavaThread "Reference Handler" daemon [_thread_blocked, id=13548, stack(0x0000009834d00000,0x0000009834e00000)]
  0x0000029729a9d800 JavaThread "Finalizer" daemon [_thread_blocked, id=8604, stack(0x0000009834e00000,0x0000009834f00000)]
  0x0000029729ab3800 JavaThread "Signal Dispatcher" daemon [_thread_blocked, id=16860, stack(0x0000009834f00000,0x0000009835000000)]
  0x0000029729ab6000 JavaThread "Attach Listener" daemon [_thread_blocked, id=17180, stack(0x0000009835000000,0x0000009835100000)]
  0x0000029729ab7000 JavaThread "Service Thread" daemon [_thread_blocked, id=10648, stack(0x0000009835100000,0x0000009835200000)]
=>0x0000029729ab8000 JavaThread "C2 CompilerThread0" daemon [_thread_in_native, id=1964, stack(0x0000009835200000,0x0000009835300000)]
  0x000002972a403800 JavaThread "C1 CompilerThread0" daemon [_thread_blocked, id=5032, stack(0x0000009835300000,0x0000009835400000)]
  0x000002972a406800 JavaThread "Sweeper thread" daemon [_thread_blocked, id=12580, stack(0x0000009835400000,0x0000009835500000)]
  0x000002972a571800 JavaThread "Common-Cleaner" daemon [_thread_blocked, id=4572, stack(0x0000009835500000,0x0000009835600000)]
  0x000002972b9c6800 JavaThread "Daemon health stats" [_thread_blocked, id=17332, stack(0x0000009835900000,0x0000009835a00000)]
  0x000002972ba4b000 JavaThread "Incoming local TCP Connector on port 57117" [_thread_in_native, id=11508, stack(0x0000009835a00000,0x0000009835b00000)]
  0x000002972be40000 JavaThread "Daemon periodic checks" [_thread_blocked, id=10440, stack(0x0000009835b00000,0x0000009835c00000)]
  0x000002972bd09000 JavaThread "Daemon" [_thread_blocked, id=4520, stack(0x0000009835c00000,0x0000009835d00000)]
  0x000002972be3e000 JavaThread "Handler for socket connection from /127.0.0.1:57117 to /127.0.0.1:57118" [_thread_in_native, id=13496, stack(0x0000009835d00000,0x0000009835e00000)]
  0x000002972c38c000 JavaThread "Cancel handler" [_thread_blocked, id=14264, stack(0x0000009835e00000,0x0000009835f00000)]
  0x000002972c1a4800 JavaThread "Daemon worker" [_thread_in_Java, id=4816, stack(0x0000009835f00000,0x0000009836000000)]
  0x000002972c1b7000 JavaThread "Asynchronous log dispatcher for DefaultDaemonConnection: socket connection from /127.0.0.1:57117 to /127.0.0.1:57118" [_thread_blocked, id=12584, stack(0x0000009836000000,0x0000009836100000)]
  0x000002972c1c9000 JavaThread "Stdin handler" [_thread_blocked, id=10816, stack(0x0000009836100000,0x0000009836200000)]
  0x000002972c1b4800 JavaThread "Daemon client event forwarder" [_thread_blocked, id=7052, stack(0x0000009836200000,0x0000009836300000)]
  0x000002972c1ae800 JavaThread "Cache worker for journal cache (C:\Users\Prabharsha\.gradle\caches\journal-1)" [_thread_blocked, id=11492, stack(0x0000009836800000,0x0000009836900000)]
  0x000002972c1b3800 JavaThread "File lock request listener" [_thread_in_native, id=4544, stack(0x0000009836900000,0x0000009836a00000)]
  0x000002972c1b1000 JavaThread "Cache worker for file hash cache (C:\Users\Prabharsha\.gradle\caches\7.5.1\fileHashes)" [_thread_blocked, id=7572, stack(0x0000009836a00000,0x0000009836b00000)]
  0x000002972c1b2000 JavaThread "File watcher server" daemon [_thread_in_native, id=12804, stack(0x0000009836c00000,0x0000009836d00000)]
  0x000002972c1b5000 JavaThread "File watcher consumer" daemon [_thread_blocked, id=10360, stack(0x0000009836d00000,0x0000009836e00000)]
  0x000002972c1b2800 JavaThread "Cache worker for checksums cache (C:\SSD Idea Projects\Sem 3\AMD\CarSaleApp\FrontEnd\carSaleApp\android\.gradle\7.5.1\checksums)" [_thread_blocked, id=8480, stack(0x0000009836e00000,0x0000009836f00000)]
  0x000002972c1af800 JavaThread "Cache worker for cache directory md-rule (C:\Users\Prabharsha\.gradle\caches\7.5.1\md-rule)" [_thread_blocked, id=14472, stack(0x0000009836f00000,0x0000009837000000)]
  0x000002972c1b0000 JavaThread "Cache worker for file content cache (C:\Users\Prabharsha\.gradle\caches\7.5.1\fileContent)" [_thread_blocked, id=15528, stack(0x0000009837000000,0x0000009837100000)]
  0x000002972d149800 JavaThread "Cache worker for file hash cache (C:\SSD Idea Projects\Sem 3\AMD\CarSaleApp\FrontEnd\carSaleApp\android\.gradle\7.5.1\fileHashes)" [_thread_blocked, id=5512, stack(0x0000009837100000,0x0000009837200000)]
  0x000002972d14a000 JavaThread "Cache worker for cache directory md-supplier (C:\Users\Prabharsha\.gradle\caches\7.5.1\md-supplier)" [_thread_blocked, id=11740, stack(0x0000009837200000,0x0000009837300000)]
  0x000002972d146000 JavaThread "Cache worker for execution history cache (C:\Users\Prabharsha\.gradle\caches\7.5.1\executionHistory)" [_thread_blocked, id=7036, stack(0x0000009837300000,0x0000009837400000)]
  0x000002972d14c000 JavaThread "jar transforms" [_thread_blocked, id=9848, stack(0x0000009837400000,0x0000009837500000)]
  0x000002972d148800 JavaThread "jar transforms Thread 2" [_thread_blocked, id=10752, stack(0x0000009837500000,0x0000009837600000)]
  0x000002972d147800 JavaThread "jar transforms Thread 3" [_thread_blocked, id=11712, stack(0x0000009837600000,0x0000009837700000)]
  0x000002972d147000 JavaThread "jar transforms Thread 4" [_thread_blocked, id=14636, stack(0x0000009837700000,0x0000009837800000)]
  0x000002972d14e000 JavaThread "Cache worker for kotlin-dsl (C:\Users\Prabharsha\.gradle\caches\7.5.1\kotlin-dsl)" [_thread_blocked, id=3220, stack(0x0000009837800000,0x0000009837900000)]
  0x000002972d151800 JavaThread "jar transforms Thread 5" [_thread_blocked, id=9920, stack(0x0000009837900000,0x0000009837a00000)]
  0x000002972d150800 JavaThread "jar transforms Thread 6" [_thread_blocked, id=10740, stack(0x0000009837a00000,0x0000009837b00000)]
  0x000002972d14f000 JavaThread "Cache worker for dependencies-accessors (C:\SSD Idea Projects\Sem 3\AMD\CarSaleApp\FrontEnd\carSaleApp\android\.gradle\7.5.1\dependencies-accessors)" [_thread_blocked, id=6392, stack(0x0000009837b00000,0x0000009837c00000)]
  0x000002972d152800 JavaThread "Cache worker for Build Output Cleanup Cache (C:\SSD Idea Projects\Sem 3\AMD\CarSaleApp\FrontEnd\carSaleApp\node_modules\react-native-gradle-plugin\.gradle\buildOutputCleanup)" [_thread_blocked, id=6436, stack(0x0000009837c00000,0x0000009837d00000)]
  0x000002972d150000 JavaThread "jar transforms Thread 7" [_thread_blocked, id=8856, stack(0x0000009837d00000,0x0000009837e00000)]
  0x000002972d14d800 JavaThread "Unconstrained build operations" [_thread_blocked, id=5644, stack(0x0000009838100000,0x0000009838200000)]
  0x000002972d153000 JavaThread "Unconstrained build operations Thread 2" [_thread_blocked, id=3736, stack(0x0000009838200000,0x0000009838300000)]
  0x000002972d154000 JavaThread "Unconstrained build operations Thread 3" [_thread_blocked, id=6224, stack(0x0000009838300000,0x0000009838400000)]
  0x000002972d155000 JavaThread "Unconstrained build operations Thread 4" [_thread_blocked, id=3056, stack(0x0000009838400000,0x0000009838500000)]
  0x000002972fde6800 JavaThread "Unconstrained build operations Thread 5" [_thread_blocked, id=15708, stack(0x0000009838500000,0x0000009838600000)]
  0x000002972fde5000 JavaThread "Unconstrained build operations Thread 6" [_thread_blocked, id=9404, stack(0x0000009838600000,0x0000009838700000)]
  0x000002972fde5800 JavaThread "Unconstrained build operations Thread 7" [_thread_blocked, id=4896, stack(0x0000009838700000,0x0000009838800000)]
  0x000002972fde7000 JavaThread "Unconstrained build operations Thread 8" [_thread_blocked, id=3528, stack(0x0000009838800000,0x0000009838900000)]
  0x000002972fde4000 JavaThread "Unconstrained build operations Thread 9" [_thread_blocked, id=7244, stack(0x0000009838900000,0x0000009838a00000)]
  0x000002972fde8000 JavaThread "Unconstrained build operations Thread 10" [_thread_blocked, id=16172, stack(0x0000009838a00000,0x0000009838b00000)]
  0x000002972fde9000 JavaThread "Unconstrained build operations Thread 11" [_thread_blocked, id=8452, stack(0x0000009838b00000,0x0000009838c00000)]
  0x000002972fde3000 JavaThread "Unconstrained build operations Thread 12" [_thread_blocked, id=8852, stack(0x0000009838c00000,0x0000009838d00000)]
  0x000002972fde9800 JavaThread "Unconstrained build operations Thread 13" [_thread_blocked, id=15584, stack(0x0000009838d00000,0x0000009838e00000)]
  0x000002972eb17800 JavaThread "Unconstrained build operations Thread 14" [_thread_blocked, id=10072, stack(0x0000009838e00000,0x0000009838f00000)]
  0x000002972eb1a000 JavaThread "Unconstrained build operations Thread 15" [_thread_blocked, id=1452, stack(0x0000009838f00000,0x0000009839000000)]
  0x000002972eb1b000 JavaThread "Unconstrained build operations Thread 16" [_thread_blocked, id=11312, stack(0x0000009839000000,0x0000009839100000)]
  0x000002972eb18800 JavaThread "Unconstrained build operations Thread 17" [_thread_blocked, id=2488, stack(0x0000009839100000,0x0000009839200000)]
  0x000002972eb1b800 JavaThread "Unconstrained build operations Thread 18" [_thread_blocked, id=6980, stack(0x0000009839200000,0x0000009839300000)]
  0x000002972eb1c800 JavaThread "Unconstrained build operations Thread 19" [_thread_blocked, id=15496, stack(0x0000009839300000,0x0000009839400000)]
  0x000002972eb17000 JavaThread "Unconstrained build operations Thread 20" [_thread_blocked, id=612, stack(0x0000009839400000,0x0000009839500000)]
  0x000002972eb1d800 JavaThread "Unconstrained build operations Thread 21" [_thread_blocked, id=13640, stack(0x0000009839500000,0x0000009839600000)]
  0x000002972eb1e000 JavaThread "Unconstrained build operations Thread 22" [_thread_blocked, id=17308, stack(0x0000009839600000,0x0000009839700000)]
  0x000002972eb1f000 JavaThread "Unconstrained build operations Thread 23" [_thread_blocked, id=16212, stack(0x0000009839700000,0x0000009839800000)]
  0x000002972eb19000 JavaThread "Unconstrained build operations Thread 24" [_thread_blocked, id=14820, stack(0x0000009839800000,0x0000009839900000)]
  0x000002972eb21800 JavaThread "Unconstrained build operations Thread 25" [_thread_blocked, id=17052, stack(0x0000009839900000,0x0000009839a00000)]
  0x000002972eb20800 JavaThread "Unconstrained build operations Thread 26" [_thread_blocked, id=11628, stack(0x0000009839a00000,0x0000009839b00000)]
  0x000002972eb22000 JavaThread "Unconstrained build operations Thread 27" [_thread_blocked, id=8348, stack(0x0000009839b00000,0x0000009839c00000)]
  0x000002972eb25800 JavaThread "Unconstrained build operations Thread 28" [_thread_blocked, id=5124, stack(0x0000009839c00000,0x0000009839d00000)]
  0x000002972eb23000 JavaThread "Unconstrained build operations Thread 29" [_thread_blocked, id=17252, stack(0x0000009839d00000,0x0000009839e00000)]
  0x000002972eb24000 JavaThread "Unconstrained build operations Thread 30" [_thread_blocked, id=7428, stack(0x0000009839e00000,0x0000009839f00000)]
  0x000002972eb24800 JavaThread "Unconstrained build operations Thread 31" [_thread_blocked, id=11924, stack(0x0000009839f00000,0x000000983a000000)]
  0x000002972eb1f800 JavaThread "Unconstrained build operations Thread 32" [_thread_blocked, id=11980, stack(0x000000983a000000,0x000000983a100000)]
  0x000002972febb800 JavaThread "Unconstrained build operations Thread 33" [_thread_blocked, id=1364, stack(0x000000983a100000,0x000000983a200000)]
  0x000002972fec0000 JavaThread "jar transforms Thread 8" [_thread_blocked, id=16504, stack(0x000000983a200000,0x000000983a300000)]
  0x000002972febd000 JavaThread "build event listener" [_thread_blocked, id=16472, stack(0x000000983a300000,0x000000983a400000)]
  0x000002972febc000 JavaThread "Memory manager" [_thread_blocked, id=7440, stack(0x000000983a400000,0x000000983a500000)]
  0x000002972febf800 JavaThread "Cache worker for Build Output Cleanup Cache (C:\SSD Idea Projects\Sem 3\AMD\CarSaleApp\FrontEnd\carSaleApp\android\.gradle\buildOutputCleanup)" [_thread_blocked, id=10112, stack(0x000000983a500000,0x000000983a600000)]
  0x000002972febd800 JavaThread "included builds" [_thread_blocked, id=7424, stack(0x000000983a700000,0x000000983a800000)]
  0x000002972feba800 JavaThread "Execution worker" [_thread_blocked, id=12348, stack(0x000000983a800000,0x000000983a900000)]
  0x000002972fec6000 JavaThread "Execution worker Thread 2" [_thread_blocked, id=7288, stack(0x000000983a900000,0x000000983aa00000)]
  0x000002972fec6800 JavaThread "Execution worker Thread 3" [_thread_blocked, id=13988, stack(0x000000983aa00000,0x000000983ab00000)]
  0x000002972fec1000 JavaThread "Execution worker Thread 4" [_thread_blocked, id=8840, stack(0x000000983ab00000,0x000000983ac00000)]
  0x000002972fec7800 JavaThread "Execution worker Thread 5" [_thread_blocked, id=2920, stack(0x000000983ac00000,0x000000983ad00000)]
  0x000002972fec2800 JavaThread "Execution worker Thread 6" [_thread_blocked, id=12752, stack(0x000000983ad00000,0x000000983ae00000)]
  0x000002972fec3800 JavaThread "Execution worker Thread 7" [_thread_blocked, id=9420, stack(0x000000983ae00000,0x000000983af00000)]
  0x000002972fec2000 JavaThread "Cache worker for execution history cache (C:\SSD Idea Projects\Sem 3\AMD\CarSaleApp\FrontEnd\carSaleApp\node_modules\react-native-gradle-plugin\.gradle\7.5.1\executionHistory)" [_thread_blocked, id=14836, stack(0x000000983af00000,0x000000983b000000)]
  0x000002972fec8800 JavaThread "Unconstrained build operations Thread 34" [_thread_blocked, id=5964, stack(0x000000983b000000,0x000000983b100000)]
  0x000002972fec9000 JavaThread "Unconstrained build operations Thread 35" [_thread_blocked, id=12168, stack(0x000000983b100000,0x000000983b200000)]
  0x000002972fec4800 JavaThread "Unconstrained build operations Thread 36" [_thread_blocked, id=6584, stack(0x000000983b200000,0x000000983b300000)]
  0x000002972fec5000 JavaThread "Unconstrained build operations Thread 37" [_thread_blocked, id=2684, stack(0x000000983b300000,0x000000983b400000)]
  0x000002972a930000 JavaThread "Unconstrained build operations Thread 38" [_thread_blocked, id=11848, stack(0x000000983b400000,0x000000983b500000)]
  0x000002972a930800 JavaThread "Unconstrained build operations Thread 39" [_thread_blocked, id=9220, stack(0x000000983b500000,0x000000983b600000)]
  0x000002972a92f000 JavaThread "Unconstrained build operations Thread 40" [_thread_blocked, id=13804, stack(0x000000983b600000,0x000000983b700000)]
  0x000002972a931800 JavaThread "Unconstrained build operations Thread 41" [_thread_blocked, id=11484, stack(0x000000983b700000,0x000000983b800000)]
  0x000002972a932800 JavaThread "Unconstrained build operations Thread 42" [_thread_blocked, id=12164, stack(0x000000983b800000,0x000000983b900000)]
  0x000002972a933000 JavaThread "Unconstrained build operations Thread 43" [_thread_blocked, id=848, stack(0x000000983b900000,0x000000983ba00000)]
  0x000002972a934000 JavaThread "Unconstrained build operations Thread 44" [_thread_blocked, id=12632, stack(0x000000983ba00000,0x000000983bb00000)]
  0x000002972a92e000 JavaThread "Unconstrained build operations Thread 45" [_thread_blocked, id=8708, stack(0x000000983bb00000,0x000000983bc00000)]
  0x000002972a93a800 JavaThread "Unconstrained build operations Thread 46" [_thread_blocked, id=9140, stack(0x000000983bc00000,0x000000983bd00000)]
  0x000002972a937000 JavaThread "Unconstrained build operations Thread 47" [_thread_blocked, id=16768, stack(0x000000983bd00000,0x000000983be00000)]
  0x000002972a938000 JavaThread "Unconstrained build operations Thread 48" [_thread_blocked, id=16640, stack(0x000000983be00000,0x000000983bf00000)]
  0x000002972a935800 JavaThread "Unconstrained build operations Thread 49" [_thread_blocked, id=16972, stack(0x000000983bf00000,0x000000983c000000)]
  0x000002972a934800 JavaThread "Unconstrained build operations Thread 50" [_thread_blocked, id=13544, stack(0x000000983c000000,0x000000983c100000)]
  0x000002972a939000 JavaThread "Unconstrained build operations Thread 51" [_thread_blocked, id=9232, stack(0x000000983c100000,0x000000983c200000)]
  0x000002972a93c000 JavaThread "Unconstrained build operations Thread 52" [_thread_blocked, id=3468, stack(0x000000983c200000,0x000000983c300000)]
  0x000002972a93b800 JavaThread "Unconstrained build operations Thread 53" [_thread_blocked, id=12412, stack(0x000000983c300000,0x000000983c400000)]
  0x000002972a936800 JavaThread "Unconstrained build operations Thread 54" [_thread_blocked, id=15736, stack(0x000000983c400000,0x000000983c500000)]
  0x000002972a939800 JavaThread "Unconstrained build operations Thread 55" [_thread_blocked, id=10480, stack(0x000000983a600000,0x000000983a700000)]
  0x000002972a93d000 JavaThread "Unconstrained build operations Thread 56" [_thread_blocked, id=6432, stack(0x0000009837e00000,0x0000009837f00000)]
  0x000002972c71a800 JavaThread "Unconstrained build operations Thread 57" [_thread_blocked, id=12864, stack(0x000000983c500000,0x000000983c600000)]
  0x000002972c718000 JavaThread "Unconstrained build operations Thread 58" [_thread_blocked, id=15760, stack(0x000000983c600000,0x000000983c700000)]
  0x000002972c71c000 JavaThread "Unconstrained build operations Thread 59" [_thread_blocked, id=16168, stack(0x000000983c700000,0x000000983c800000)]
  0x000002972c717000 JavaThread "Unconstrained build operations Thread 60" [_thread_blocked, id=12648, stack(0x000000983c800000,0x000000983c900000)]
  0x000002972c71b800 JavaThread "Unconstrained build operations Thread 61" [_thread_blocked, id=9320, stack(0x000000983c900000,0x000000983ca00000)]
  0x000002972c71d800 JavaThread "Unconstrained build operations Thread 62" [_thread_blocked, id=9936, stack(0x000000983ca00000,0x000000983cb00000)]
  0x000002972c71d000 JavaThread "Unconstrained build operations Thread 63" [_thread_blocked, id=17356, stack(0x000000983cb00000,0x000000983cc00000)]
  0x000002972c71e800 JavaThread "Unconstrained build operations Thread 64" [_thread_blocked, id=7308, stack(0x000000983cc00000,0x000000983cd00000)]
  0x000002972c719000 JavaThread "Unconstrained build operations Thread 65" [_thread_blocked, id=11232, stack(0x000000983cd00000,0x000000983ce00000)]
  0x000002972c71f800 JavaThread "Unconstrained build operations Thread 66" [_thread_blocked, id=8044, stack(0x000000983ce00000,0x000000983cf00000)]
  0x000002972c719800 JavaThread "Unconstrained build operations Thread 67" [_thread_blocked, id=7732, stack(0x000000983cf00000,0x000000983d000000)]
  0x000002972c723800 JavaThread "Unconstrained build operations Thread 68" [_thread_blocked, id=2508, stack(0x000000983d000000,0x000000983d100000)]
  0x000002972c726000 JavaThread "Unconstrained build operations Thread 69" [_thread_blocked, id=12644, stack(0x000000983d100000,0x000000983d200000)]
  0x000002972c725000 JavaThread "Unconstrained build operations Thread 70" [_thread_blocked, id=15888, stack(0x000000983d200000,0x000000983d300000)]
  0x000002972c722000 JavaThread "Unconstrained build operations Thread 71" [_thread_blocked, id=10916, stack(0x000000983d300000,0x000000983d400000)]
  0x000002972c720000 JavaThread "Unconstrained build operations Thread 72" [_thread_blocked, id=13184, stack(0x000000983d400000,0x000000983d500000)]
  0x000002972c721000 JavaThread "Unconstrained build operations Thread 73" [_thread_blocked, id=16668, stack(0x000000983d500000,0x000000983d600000)]
  0x000002972c724000 JavaThread "Unconstrained build operations Thread 74" [_thread_blocked, id=10860, stack(0x000000983d600000,0x000000983d700000)]
  0x000002972c722800 JavaThread "Unconstrained build operations Thread 75" [_thread_blocked, id=4536, stack(0x000000983d700000,0x000000983d800000)]
  0x000002972c61a800 JavaThread "Unconstrained build operations Thread 76" [_thread_blocked, id=11020, stack(0x000000983d800000,0x000000983d900000)]
  0x000002972c617000 JavaThread "Unconstrained build operations Thread 77" [_thread_blocked, id=8148, stack(0x000000983d900000,0x000000983da00000)]
  0x000002972c618000 JavaThread "Unconstrained build operations Thread 78" [_thread_blocked, id=9536, stack(0x000000983da00000,0x000000983db00000)]
  0x000002972c618800 JavaThread "Unconstrained build operations Thread 79" [_thread_blocked, id=9348, stack(0x000000983db00000,0x000000983dc00000)]
  0x000002972c619800 JavaThread "Unconstrained build operations Thread 80" [_thread_blocked, id=13796, stack(0x000000983dc00000,0x000000983dd00000)]
  0x000002972cd28000 JavaThread "C2 CompilerThread1" daemon [_thread_in_native, id=13492, stack(0x0000009834300000,0x0000009834400000)]

Other Threads:
  0x0000029729a90800 VMThread "VM Thread" [stack: 0x0000009834c00000,0x0000009834d00000] [id=12592]
  0x000002972a5b3800 WatcherThread [stack: 0x0000009835600000,0x0000009835700000] [id=13996]
  0x000002970ba56000 GCTaskThread "GC Thread#0" [stack: 0x0000009834700000,0x0000009834800000] [id=10572]
  0x000002972a8c8800 GCTaskThread "GC Thread#1" [stack: 0x0000009835700000,0x0000009835800000] [id=14044]
  0x000002972b173800 GCTaskThread "GC Thread#2" [stack: 0x0000009835800000,0x0000009835900000] [id=11716]
  0x000002972c259800 GCTaskThread "GC Thread#3" [stack: 0x0000009836300000,0x0000009836400000] [id=15876]
  0x000002972c245800 GCTaskThread "GC Thread#4" [stack: 0x0000009836400000,0x0000009836500000] [id=16644]
  0x000002972c202000 GCTaskThread "GC Thread#5" [stack: 0x0000009836500000,0x0000009836600000] [id=17200]
  0x000002972c202800 GCTaskThread "GC Thread#6" [stack: 0x0000009836600000,0x0000009836700000] [id=11308]
  0x000002972c595000 GCTaskThread "GC Thread#7" [stack: 0x0000009836700000,0x0000009836800000] [id=4620]
  0x000002970ba89800 ConcurrentGCThread "G1 Main Marker" [stack: 0x0000009834800000,0x0000009834900000] [id=13976]
  0x000002970ba8a800 ConcurrentGCThread "G1 Conc#0" [stack: 0x0000009834900000,0x0000009834a00000] [id=10692]
  0x000002972c24d800 ConcurrentGCThread "G1 Conc#1" [stack: 0x0000009836b00000,0x0000009836c00000] [id=13404]
  0x00000297298f2800 ConcurrentGCThread "G1 Refine#0" [stack: 0x0000009834a00000,0x0000009834b00000] [id=13612]
  0x00000297298f3000 ConcurrentGCThread "G1 Young RemSet Sampling" [stack: 0x0000009834b00000,0x0000009834c00000] [id=15868]

Threads with active compile tasks:
C2 CompilerThread0    70245 12365       4       org.gradle.internal.service.DefaultServiceRegistry$ClassInspector$ClassDetails::collectTypes (63 bytes)
C2 CompilerThread1    70246 12077       4       org.gradle.api.internal.provider.DefaultValueSourceProviderFactory$ValueSourceProvider::calculateOwnValue (14 bytes)

VM state:not at safepoint (normal execution)

VM Mutex/Monitor currently owned by a thread: None

Heap address: 0x0000000080000000, size: 2048 MB, Compressed Oops mode: 32-bit
Narrow klass base: 0x0000000000000000, Narrow klass shift: 3
Compressed class space size: 528482304 Address: 0x0000000100000000

Heap:
 garbage-first heap   total 214016K, used 125952K [0x0000000080000000, 0x0000000100000000)
  region size 1024K, 9 young (9216K), 5 survivors (5120K)
 Metaspace       used 105232K, capacity 109088K, committed 109340K, reserved 610304K
  class space    used 14001K, capacity 15467K, committed 15564K, reserved 516096K
Heap Regions: E=young(eden), S=young(survivor), O=old, HS=humongous(starts), HC=humongous(continues), CS=collection set, F=free, A=archive, TAMS=top-at-mark-start (previous, next)
|   0|0x0000000080000000, 0x0000000080100000, 0x0000000080100000|100%| O|  |TAMS 0x0000000080100000, 0x0000000080000000| Untracked 
|   1|0x0000000080100000, 0x0000000080200000, 0x0000000080200000|100%| O|  |TAMS 0x0000000080200000, 0x0000000080100000| Untracked 
|   2|0x0000000080200000, 0x0000000080300000, 0x0000000080300000|100%| O|  |TAMS 0x0000000080300000, 0x0000000080200000| Untracked 
|   3|0x0000000080300000, 0x0000000080400000, 0x0000000080400000|100%|HS|  |TAMS 0x0000000080400000, 0x0000000080300000| Complete 
|   4|0x0000000080400000, 0x0000000080500000, 0x0000000080500000|100%|HC|  |TAMS 0x0000000080500000, 0x0000000080400000| Complete 
|   5|0x0000000080500000, 0x0000000080600000, 0x0000000080600000|100%|HC|  |TAMS 0x0000000080600000, 0x0000000080500000| Complete 
|   6|0x0000000080600000, 0x0000000080700000, 0x0000000080700000|100%| O|  |TAMS 0x0000000080700000, 0x0000000080600000| Untracked 
|   7|0x0000000080700000, 0x0000000080800000, 0x0000000080800000|100%| O|  |TAMS 0x0000000080800000, 0x0000000080700000| Untracked 
|   8|0x0000000080800000, 0x0000000080900000, 0x0000000080900000|100%| O|  |TAMS 0x0000000080900000, 0x0000000080800000| Untracked 
|   9|0x0000000080900000, 0x0000000080a00000, 0x0000000080a00000|100%| O|  |TAMS 0x0000000080a00000, 0x0000000080900000| Untracked 
|  10|0x0000000080a00000, 0x0000000080b00000, 0x0000000080b00000|100%| O|  |TAMS 0x0000000080b00000, 0x0000000080a00000| Untracked 
|  11|0x0000000080b00000, 0x0000000080c00000, 0x0000000080c00000|100%| O|  |TAMS 0x0000000080c00000, 0x0000000080b00000| Untracked 
|  12|0x0000000080c00000, 0x0000000080d00000, 0x0000000080d00000|100%| O|  |TAMS 0x0000000080d00000, 0x0000000080c00000| Untracked 
|  13|0x0000000080d00000, 0x0000000080e00000, 0x0000000080e00000|100%| O|  |TAMS 0x0000000080e00000, 0x0000000080d00000| Untracked 
|  14|0x0000000080e00000, 0x0000000080f00000, 0x0000000080f00000|100%| O|  |TAMS 0x0000000080f00000, 0x0000000080e00000| Untracked 
|  15|0x0000000080f00000, 0x0000000081000000, 0x0000000081000000|100%| O|  |TAMS 0x0000000081000000, 0x0000000080f00000| Untracked 
|  16|0x0000000081000000, 0x0000000081100000, 0x0000000081100000|100%| O|  |TAMS 0x0000000081100000, 0x0000000081000000| Untracked 
|  17|0x0000000081100000, 0x0000000081200000, 0x0000000081200000|100%|HS|  |TAMS 0x0000000081200000, 0x0000000081100000| Complete 
|  18|0x0000000081200000, 0x0000000081300000, 0x0000000081300000|100%| O|  |TAMS 0x0000000081300000, 0x0000000081200000| Untracked 
|  19|0x0000000081300000, 0x0000000081400000, 0x0000000081400000|100%| O|  |TAMS 0x0000000081400000, 0x0000000081300000| Untracked 
|  20|0x0000000081400000, 0x0000000081500000, 0x0000000081500000|100%| O|  |TAMS 0x0000000081500000, 0x0000000081400000| Untracked 
|  21|0x0000000081500000, 0x0000000081600000, 0x0000000081600000|100%| O|  |TAMS 0x0000000081600000, 0x0000000081500000| Untracked 
|  22|0x0000000081600000, 0x0000000081700000, 0x0000000081700000|100%| O|  |TAMS 0x0000000081700000, 0x0000000081600000| Untracked 
|  23|0x0000000081700000, 0x0000000081800000, 0x0000000081800000|100%| O|  |TAMS 0x0000000081800000, 0x0000000081700000| Untracked 
|  24|0x0000000081800000, 0x0000000081900000, 0x0000000081900000|100%| O|  |TAMS 0x0000000081900000, 0x0000000081800000| Untracked 
|  25|0x0000000081900000, 0x0000000081a00000, 0x0000000081a00000|100%| O|  |TAMS 0x0000000081a00000, 0x0000000081900000| Untracked 
|  26|0x0000000081a00000, 0x0000000081b00000, 0x0000000081b00000|100%| O|  |TAMS 0x0000000081b00000, 0x0000000081a00000| Untracked 
|  27|0x0000000081b00000, 0x0000000081c00000, 0x0000000081c00000|100%| O|  |TAMS 0x0000000081c00000, 0x0000000081b00000| Untracked 
|  28|0x0000000081c00000, 0x0000000081d00000, 0x0000000081d00000|100%|HS|  |TAMS 0x0000000081d00000, 0x0000000081c00000| Complete 
|  29|0x0000000081d00000, 0x0000000081e00000, 0x0000000081e00000|100%|HC|  |TAMS 0x0000000081e00000, 0x0000000081d00000| Complete 
|  30|0x0000000081e00000, 0x0000000081f00000, 0x0000000081f00000|100%|HC|  |TAMS 0x0000000081f00000, 0x0000000081e00000| Complete 
|  31|0x0000000081f00000, 0x0000000082000000, 0x0000000082000000|100%| O|  |TAMS 0x0000000082000000, 0x0000000081f00000| Untracked 
|  32|0x0000000082000000, 0x0000000082100000, 0x0000000082100000|100%| O|  |TAMS 0x0000000082100000, 0x0000000082000000| Untracked 
|  33|0x0000000082100000, 0x0000000082200000, 0x0000000082200000|100%| O|  |TAMS 0x0000000082200000, 0x0000000082100000| Untracked 
|  34|0x0000000082200000, 0x0000000082300000, 0x0000000082300000|100%| O|  |TAMS 0x0000000082300000, 0x0000000082200000| Untracked 
|  35|0x0000000082300000, 0x0000000082400000, 0x0000000082400000|100%| O|  |TAMS 0x0000000082400000, 0x0000000082300000| Untracked 
|  36|0x0000000082400000, 0x0000000082500000, 0x0000000082500000|100%| O|  |TAMS 0x0000000082500000, 0x0000000082400000| Untracked 
|  37|0x0000000082500000, 0x0000000082600000, 0x0000000082600000|100%| O|  |TAMS 0x0000000082600000, 0x0000000082500000| Untracked 
|  38|0x0000000082600000, 0x0000000082700000, 0x0000000082700000|100%| O|  |TAMS 0x0000000082700000, 0x0000000082600000| Untracked 
|  39|0x0000000082700000, 0x0000000082800000, 0x0000000082800000|100%| O|  |TAMS 0x0000000082800000, 0x0000000082700000| Untracked 
|  40|0x0000000082800000, 0x0000000082900000, 0x0000000082900000|100%| O|  |TAMS 0x0000000082900000, 0x0000000082800000| Untracked 
|  41|0x0000000082900000, 0x0000000082a00000, 0x0000000082a00000|100%| O|  |TAMS 0x0000000082a00000, 0x0000000082900000| Untracked 
|  42|0x0000000082a00000, 0x0000000082b00000, 0x0000000082b00000|100%| O|  |TAMS 0x0000000082b00000, 0x0000000082a00000| Untracked 
|  43|0x0000000082b00000, 0x0000000082c00000, 0x0000000082c00000|100%|HS|  |TAMS 0x0000000082c00000, 0x0000000082b00000| Complete 
|  44|0x0000000082c00000, 0x0000000082d00000, 0x0000000082d00000|100%|HS|  |TAMS 0x0000000082d00000, 0x0000000082c00000| Complete 
|  45|0x0000000082d00000, 0x0000000082e00000, 0x0000000082e00000|100%|HS|  |TAMS 0x0000000082e00000, 0x0000000082d00000| Complete 
|  46|0x0000000082e00000, 0x0000000082f00000, 0x0000000082f00000|100%|HC|  |TAMS 0x0000000082f00000, 0x0000000082e00000| Complete 
|  47|0x0000000082f00000, 0x0000000083000000, 0x0000000083000000|100%| O|  |TAMS 0x0000000083000000, 0x0000000082f00000| Untracked 
|  48|0x0000000083000000, 0x0000000083100000, 0x0000000083100000|100%| O|  |TAMS 0x0000000083100000, 0x0000000083000000| Untracked 
|  49|0x0000000083100000, 0x0000000083200000, 0x0000000083200000|100%| O|  |TAMS 0x0000000083200000, 0x0000000083100000| Untracked 
|  50|0x0000000083200000, 0x0000000083300000, 0x0000000083300000|100%| O|  |TAMS 0x0000000083300000, 0x0000000083200000| Untracked 
|  51|0x0000000083300000, 0x0000000083400000, 0x0000000083400000|100%| O|  |TAMS 0x0000000083400000, 0x0000000083300000| Untracked 
|  52|0x0000000083400000, 0x0000000083500000, 0x0000000083500000|100%| O|  |TAMS 0x0000000083500000, 0x0000000083400000| Untracked 
|  53|0x0000000083500000, 0x0000000083600000, 0x0000000083600000|100%| O|  |TAMS 0x0000000083600000, 0x0000000083500000| Untracked 
|  54|0x0000000083600000, 0x0000000083700000, 0x0000000083700000|100%| O|  |TAMS 0x0000000083700000, 0x0000000083600000| Untracked 
|  55|0x0000000083700000, 0x0000000083800000, 0x0000000083800000|100%| O|  |TAMS 0x0000000083800000, 0x0000000083700000| Untracked 
|  56|0x0000000083800000, 0x0000000083900000, 0x0000000083900000|100%| O|  |TAMS 0x0000000083900000, 0x0000000083800000| Untracked 
|  57|0x0000000083900000, 0x0000000083a00000, 0x0000000083a00000|100%| O|  |TAMS 0x0000000083a00000, 0x0000000083900000| Untracked 
|  58|0x0000000083a00000, 0x0000000083b00000, 0x0000000083b00000|100%| O|  |TAMS 0x0000000083b00000, 0x0000000083a00000| Untracked 
|  59|0x0000000083b00000, 0x0000000083c00000, 0x0000000083c00000|100%| O|  |TAMS 0x0000000083c00000, 0x0000000083b00000| Untracked 
|  60|0x0000000083c00000, 0x0000000083d00000, 0x0000000083d00000|100%| O|  |TAMS 0x0000000083d00000, 0x0000000083c00000| Untracked 
|  61|0x0000000083d00000, 0x0000000083e00000, 0x0000000083e00000|100%| O|  |TAMS 0x0000000083e00000, 0x0000000083d00000| Untracked 
|  62|0x0000000083e00000, 0x0000000083f00000, 0x0000000083f00000|100%| O|  |TAMS 0x0000000083f00000, 0x0000000083e00000| Untracked 
|  63|0x0000000083f00000, 0x0000000084000000, 0x0000000084000000|100%| O|  |TAMS 0x0000000084000000, 0x0000000083f00000| Untracked 
|  64|0x0000000084000000, 0x0000000084100000, 0x0000000084100000|100%| O|  |TAMS 0x0000000084100000, 0x0000000084000000| Untracked 
|  65|0x0000000084100000, 0x0000000084200000, 0x0000000084200000|100%| O|  |TAMS 0x0000000084200000, 0x0000000084100000| Untracked 
|  66|0x0000000084200000, 0x0000000084300000, 0x0000000084300000|100%| O|  |TAMS 0x0000000084300000, 0x0000000084200000| Untracked 
|  67|0x0000000084300000, 0x0000000084400000, 0x0000000084400000|100%| O|  |TAMS 0x0000000084400000, 0x0000000084300000| Untracked 
|  68|0x0000000084400000, 0x0000000084500000, 0x0000000084500000|100%| O|  |TAMS 0x0000000084500000, 0x0000000084400000| Untracked 
|  69|0x0000000084500000, 0x0000000084600000, 0x0000000084600000|100%| O|  |TAMS 0x0000000084600000, 0x0000000084500000| Untracked 
|  70|0x0000000084600000, 0x0000000084700000, 0x0000000084700000|100%| O|  |TAMS 0x0000000084700000, 0x0000000084600000| Untracked 
|  71|0x0000000084700000, 0x0000000084800000, 0x0000000084800000|100%| O|  |TAMS 0x0000000084800000, 0x0000000084700000| Untracked 
|  72|0x0000000084800000, 0x0000000084900000, 0x0000000084900000|100%| O|  |TAMS 0x0000000084900000, 0x0000000084800000| Untracked 
|  73|0x0000000084900000, 0x0000000084a00000, 0x0000000084a00000|100%| O|  |TAMS 0x0000000084a00000, 0x0000000084900000| Untracked 
|  74|0x0000000084a00000, 0x0000000084b00000, 0x0000000084b00000|100%| O|  |TAMS 0x0000000084b00000, 0x0000000084a00000| Untracked 
|  75|0x0000000084b00000, 0x0000000084c00000, 0x0000000084c00000|100%| O|  |TAMS 0x0000000084c00000, 0x0000000084b00000| Untracked 
|  76|0x0000000084c00000, 0x0000000084d00000, 0x0000000084d00000|100%| O|  |TAMS 0x0000000084d00000, 0x0000000084c00000| Untracked 
|  77|0x0000000084d00000, 0x0000000084e00000, 0x0000000084e00000|100%| O|  |TAMS 0x0000000084e00000, 0x0000000084d00000| Untracked 
|  78|0x0000000084e00000, 0x0000000084f00000, 0x0000000084f00000|100%| O|  |TAMS 0x0000000084f00000, 0x0000000084e00000| Untracked 
|  79|0x0000000084f00000, 0x0000000085000000, 0x0000000085000000|100%| O|  |TAMS 0x0000000085000000, 0x0000000084f00000| Untracked 
|  80|0x0000000085000000, 0x0000000085100000, 0x0000000085100000|100%| O|  |TAMS 0x0000000085100000, 0x0000000085000000| Untracked 
|  81|0x0000000085100000, 0x0000000085200000, 0x0000000085200000|100%|HS|  |TAMS 0x0000000085200000, 0x0000000085100000| Complete 
|  82|0x0000000085200000, 0x0000000085300000, 0x0000000085300000|100%|HS|  |TAMS 0x0000000085300000, 0x0000000085200000| Complete 
|  83|0x0000000085300000, 0x0000000085400000, 0x0000000085400000|100%|HC|  |TAMS 0x0000000085400000, 0x0000000085300000| Complete 
|  84|0x0000000085400000, 0x0000000085500000, 0x0000000085500000|100%|HC|  |TAMS 0x0000000085500000, 0x0000000085400000| Complete 
|  85|0x0000000085500000, 0x0000000085600000, 0x0000000085600000|100%| O|  |TAMS 0x0000000085600000, 0x0000000085500000| Untracked 
|  86|0x0000000085600000, 0x0000000085700000, 0x0000000085700000|100%| O|  |TAMS 0x0000000085700000, 0x0000000085600000| Untracked 
|  87|0x0000000085700000, 0x0000000085800000, 0x0000000085800000|100%| O|  |TAMS 0x0000000085800000, 0x0000000085700000| Untracked 
|  88|0x0000000085800000, 0x0000000085900000, 0x0000000085900000|100%| O|  |TAMS 0x0000000085900000, 0x0000000085800000| Untracked 
|  89|0x0000000085900000, 0x0000000085a00000, 0x0000000085a00000|100%| O|  |TAMS 0x0000000085a00000, 0x0000000085900000| Untracked 
|  90|0x0000000085a00000, 0x0000000085b00000, 0x0000000085b00000|100%| O|  |TAMS 0x0000000085b00000, 0x0000000085a00000| Untracked 
|  91|0x0000000085b00000, 0x0000000085c00000, 0x0000000085c00000|100%| O|  |TAMS 0x0000000085c00000, 0x0000000085b00000| Untracked 
|  92|0x0000000085c00000, 0x0000000085d00000, 0x0000000085d00000|100%| O|  |TAMS 0x0000000085d00000, 0x0000000085c00000| Untracked 
|  93|0x0000000085d00000, 0x0000000085e00000, 0x0000000085e00000|100%| O|  |TAMS 0x0000000085e00000, 0x0000000085d00000| Untracked 
|  94|0x0000000085e00000, 0x0000000085f00000, 0x0000000085f00000|100%| O|  |TAMS 0x0000000085f00000, 0x0000000085e00000| Untracked 
|  95|0x0000000085f00000, 0x0000000086000000, 0x0000000086000000|100%| O|  |TAMS 0x0000000086000000, 0x0000000085f00000| Untracked 
|  96|0x0000000086000000, 0x0000000086100000, 0x0000000086100000|100%| O|  |TAMS 0x0000000086100000, 0x0000000086000000| Untracked 
|  97|0x0000000086100000, 0x0000000086200000, 0x0000000086200000|100%| O|  |TAMS 0x0000000086200000, 0x0000000086100000| Untracked 
|  98|0x0000000086200000, 0x0000000086300000, 0x0000000086300000|100%| O|  |TAMS 0x0000000086300000, 0x0000000086200000| Untracked 
|  99|0x0000000086300000, 0x0000000086400000, 0x0000000086400000|100%|HS|  |TAMS 0x0000000086400000, 0x0000000086300000| Complete 
| 100|0x0000000086400000, 0x0000000086500000, 0x0000000086500000|100%| O|  |TAMS 0x0000000086500000, 0x0000000086400000| Untracked 
| 101|0x0000000086500000, 0x0000000086600000, 0x0000000086600000|100%| O|  |TAMS 0x0000000086600000, 0x0000000086500000| Untracked 
| 102|0x0000000086600000, 0x0000000086700000, 0x0000000086700000|100%| O|  |TAMS 0x0000000086700000, 0x0000000086600000| Untracked 
| 103|0x0000000086700000, 0x0000000086800000, 0x0000000086800000|100%| O|  |TAMS 0x0000000086800000, 0x0000000086700000| Untracked 
| 104|0x0000000086800000, 0x0000000086900000, 0x0000000086900000|100%| O|  |TAMS 0x0000000086900000, 0x0000000086800000| Untracked 
| 105|0x0000000086900000, 0x0000000086a00000, 0x0000000086a00000|100%| O|  |TAMS 0x0000000086a00000, 0x0000000086900000| Untracked 
| 106|0x0000000086a00000, 0x0000000086b00000, 0x0000000086b00000|100%| O|  |TAMS 0x0000000086b00000, 0x0000000086a00000| Untracked 
| 107|0x0000000086b00000, 0x0000000086c00000, 0x0000000086c00000|100%| O|  |TAMS 0x0000000086c00000, 0x0000000086b00000| Untracked 
| 108|0x0000000086c00000, 0x0000000086d00000, 0x0000000086d00000|100%| O|  |TAMS 0x0000000086d00000, 0x0000000086c00000| Untracked 
| 109|0x0000000086d00000, 0x0000000086e00000, 0x0000000086e00000|100%| O|  |TAMS 0x0000000086e00000, 0x0000000086d00000| Untracked 
| 110|0x0000000086e00000, 0x0000000086f00000, 0x0000000086f00000|100%| O|  |TAMS 0x0000000086f00000, 0x0000000086e00000| Untracked 
| 111|0x0000000086f00000, 0x0000000087000000, 0x0000000087000000|100%| O|  |TAMS 0x0000000086fb6c00, 0x0000000086f00000| Untracked 
| 112|0x0000000087000000, 0x0000000087100000, 0x0000000087100000|100%| O|  |TAMS 0x0000000087000000, 0x0000000087000000| Untracked 
| 113|0x0000000087100000, 0x0000000087200000, 0x0000000087200000|100%| O|  |TAMS 0x0000000087100000, 0x0000000087100000| Untracked 
| 114|0x0000000087200000, 0x0000000087300000, 0x0000000087300000|100%| O|  |TAMS 0x0000000087200000, 0x0000000087200000| Untracked 
| 115|0x0000000087300000, 0x0000000087300000, 0x0000000087400000|  0%| F|  |TAMS 0x0000000087300000, 0x0000000087300000| Untracked 
| 116|0x0000000087400000, 0x0000000087400000, 0x0000000087500000|  0%| F|  |TAMS 0x0000000087400000, 0x0000000087400000| Untracked 
| 117|0x0000000087500000, 0x0000000087500000, 0x0000000087600000|  0%| F|  |TAMS 0x0000000087500000, 0x0000000087500000| Untracked 
| 118|0x0000000087600000, 0x0000000087600000, 0x0000000087700000|  0%| F|  |TAMS 0x0000000087600000, 0x0000000087600000| Untracked 
| 119|0x0000000087700000, 0x0000000087700000, 0x0000000087800000|  0%| F|  |TAMS 0x0000000087700000, 0x0000000087700000| Untracked 
| 120|0x0000000087800000, 0x0000000087800000, 0x0000000087900000|  0%| F|  |TAMS 0x0000000087800000, 0x0000000087800000| Untracked 
| 121|0x0000000087900000, 0x0000000087900000, 0x0000000087a00000|  0%| F|  |TAMS 0x0000000087900000, 0x0000000087900000| Untracked 
| 122|0x0000000087a00000, 0x0000000087a00000, 0x0000000087b00000|  0%| F|  |TAMS 0x0000000087a00000, 0x0000000087a00000| Untracked 
| 123|0x0000000087b00000, 0x0000000087b00000, 0x0000000087c00000|  0%| F|  |TAMS 0x0000000087b00000, 0x0000000087b00000| Untracked 
| 124|0x0000000087c00000, 0x0000000087c00000, 0x0000000087d00000|  0%| F|  |TAMS 0x0000000087c00000, 0x0000000087c00000| Untracked 
| 125|0x0000000087d00000, 0x0000000087d00000, 0x0000000087e00000|  0%| F|  |TAMS 0x0000000087d00000, 0x0000000087d00000| Untracked 
| 126|0x0000000087e00000, 0x0000000087e00000, 0x0000000087f00000|  0%| F|  |TAMS 0x0000000087e00000, 0x0000000087e00000| Untracked 
| 127|0x0000000087f00000, 0x0000000087f00000, 0x0000000088000000|  0%| F|  |TAMS 0x0000000087f00000, 0x0000000087f00000| Untracked 
| 128|0x0000000088000000, 0x0000000088000000, 0x0000000088100000|  0%| F|  |TAMS 0x0000000088000000, 0x0000000088000000| Untracked 
| 129|0x0000000088100000, 0x0000000088100000, 0x0000000088200000|  0%| F|  |TAMS 0x0000000088100000, 0x0000000088100000| Untracked 
| 130|0x0000000088200000, 0x0000000088200000, 0x0000000088300000|  0%| F|  |TAMS 0x0000000088200000, 0x0000000088200000| Untracked 
| 131|0x0000000088300000, 0x0000000088300000, 0x0000000088400000|  0%| F|  |TAMS 0x0000000088300000, 0x0000000088300000| Untracked 
| 132|0x0000000088400000, 0x0000000088400000, 0x0000000088500000|  0%| F|  |TAMS 0x0000000088400000, 0x0000000088400000| Untracked 
| 133|0x0000000088500000, 0x0000000088500000, 0x0000000088600000|  0%| F|  |TAMS 0x0000000088500000, 0x0000000088500000| Untracked 
| 134|0x0000000088600000, 0x0000000088600000, 0x0000000088700000|  0%| F|  |TAMS 0x0000000088600000, 0x0000000088600000| Untracked 
| 135|0x0000000088700000, 0x0000000088700000, 0x0000000088800000|  0%| F|  |TAMS 0x0000000088700000, 0x0000000088700000| Untracked 
| 136|0x0000000088800000, 0x0000000088800000, 0x0000000088900000|  0%| F|  |TAMS 0x0000000088800000, 0x0000000088800000| Untracked 
| 137|0x0000000088900000, 0x0000000088900000, 0x0000000088a00000|  0%| F|  |TAMS 0x0000000088900000, 0x0000000088900000| Untracked 
| 138|0x0000000088a00000, 0x0000000088a00000, 0x0000000088b00000|  0%| F|  |TAMS 0x0000000088a00000, 0x0000000088a00000| Untracked 
| 139|0x0000000088b00000, 0x0000000088b00000, 0x0000000088c00000|  0%| F|  |TAMS 0x0000000088b00000, 0x0000000088b00000| Untracked 
| 140|0x0000000088c00000, 0x0000000088c00000, 0x0000000088d00000|  0%| F|  |TAMS 0x0000000088c00000, 0x0000000088c00000| Untracked 
| 141|0x0000000088d00000, 0x0000000088d00000, 0x0000000088e00000|  0%| F|  |TAMS 0x0000000088d00000, 0x0000000088d00000| Untracked 
| 142|0x0000000088e00000, 0x0000000088e00000, 0x0000000088f00000|  0%| F|  |TAMS 0x0000000088e00000, 0x0000000088e00000| Untracked 
| 143|0x0000000088f00000, 0x0000000088f00000, 0x0000000089000000|  0%| F|  |TAMS 0x0000000088f00000, 0x0000000088f00000| Untracked 
| 144|0x0000000089000000, 0x0000000089000000, 0x0000000089100000|  0%| F|  |TAMS 0x0000000089000000, 0x0000000089000000| Untracked 
| 145|0x0000000089100000, 0x0000000089100000, 0x0000000089200000|  0%| F|  |TAMS 0x0000000089100000, 0x0000000089100000| Untracked 
| 146|0x0000000089200000, 0x0000000089200000, 0x0000000089300000|  0%| F|  |TAMS 0x0000000089200000, 0x0000000089200000| Untracked 
| 147|0x0000000089300000, 0x0000000089300000, 0x0000000089400000|  0%| F|  |TAMS 0x0000000089300000, 0x0000000089300000| Untracked 
| 148|0x0000000089400000, 0x0000000089400000, 0x0000000089500000|  0%| F|  |TAMS 0x0000000089400000, 0x0000000089400000| Untracked 
| 149|0x0000000089500000, 0x0000000089500000, 0x0000000089600000|  0%| F|  |TAMS 0x0000000089500000, 0x0000000089500000| Untracked 
| 150|0x0000000089600000, 0x0000000089600000, 0x0000000089700000|  0%| F|  |TAMS 0x0000000089600000, 0x0000000089600000| Untracked 
| 151|0x0000000089700000, 0x0000000089700000, 0x0000000089800000|  0%| F|  |TAMS 0x0000000089700000, 0x0000000089700000| Untracked 
| 152|0x0000000089800000, 0x0000000089800000, 0x0000000089900000|  0%| F|  |TAMS 0x0000000089800000, 0x0000000089800000| Untracked 
| 153|0x0000000089900000, 0x0000000089900000, 0x0000000089a00000|  0%| F|  |TAMS 0x0000000089900000, 0x0000000089900000| Untracked 
| 154|0x0000000089a00000, 0x0000000089a00000, 0x0000000089b00000|  0%| F|  |TAMS 0x0000000089a00000, 0x0000000089a00000| Untracked 
| 155|0x0000000089b00000, 0x0000000089b00000, 0x0000000089c00000|  0%| F|  |TAMS 0x0000000089b00000, 0x0000000089b00000| Untracked 
| 156|0x0000000089c00000, 0x0000000089c00000, 0x0000000089d00000|  0%| F|  |TAMS 0x0000000089c00000, 0x0000000089c00000| Untracked 
| 157|0x0000000089d00000, 0x0000000089d00000, 0x0000000089e00000|  0%| F|  |TAMS 0x0000000089d00000, 0x0000000089d00000| Untracked 
| 158|0x0000000089e00000, 0x0000000089e00000, 0x0000000089f00000|  0%| F|  |TAMS 0x0000000089e00000, 0x0000000089e00000| Untracked 
| 159|0x0000000089f00000, 0x0000000089f00000, 0x000000008a000000|  0%| F|  |TAMS 0x0000000089f00000, 0x0000000089f00000| Untracked 
| 160|0x000000008a000000, 0x000000008a000000, 0x000000008a100000|  0%| F|  |TAMS 0x000000008a000000, 0x000000008a000000| Untracked 
| 161|0x000000008a100000, 0x000000008a100000, 0x000000008a200000|  0%| F|  |TAMS 0x000000008a100000, 0x000000008a100000| Untracked 
| 162|0x000000008a200000, 0x000000008a200000, 0x000000008a300000|  0%| F|  |TAMS 0x000000008a200000, 0x000000008a200000| Untracked 
| 163|0x000000008a300000, 0x000000008a300000, 0x000000008a400000|  0%| F|  |TAMS 0x000000008a300000, 0x000000008a300000| Untracked 
| 164|0x000000008a400000, 0x000000008a400000, 0x000000008a500000|  0%| F|  |TAMS 0x000000008a400000, 0x000000008a400000| Untracked 
| 165|0x000000008a500000, 0x000000008a500000, 0x000000008a600000|  0%| F|  |TAMS 0x000000008a500000, 0x000000008a500000| Untracked 
| 166|0x000000008a600000, 0x000000008a600000, 0x000000008a700000|  0%| F|  |TAMS 0x000000008a600000, 0x000000008a600000| Untracked 
| 167|0x000000008a700000, 0x000000008a700000, 0x000000008a800000|  0%| F|  |TAMS 0x000000008a700000, 0x000000008a700000| Untracked 
| 168|0x000000008a800000, 0x000000008a900000, 0x000000008a900000|100%| S|CS|TAMS 0x000000008a800000, 0x000000008a800000| Complete 
| 169|0x000000008a900000, 0x000000008aa00000, 0x000000008aa00000|100%| S|CS|TAMS 0x000000008a900000, 0x000000008a900000| Complete 
| 170|0x000000008aa00000, 0x000000008ab00000, 0x000000008ab00000|100%| S|CS|TAMS 0x000000008aa00000, 0x000000008aa00000| Complete 
| 171|0x000000008ab00000, 0x000000008ac00000, 0x000000008ac00000|100%| S|CS|TAMS 0x000000008ab00000, 0x000000008ab00000| Complete 
| 172|0x000000008ac00000, 0x000000008ad00000, 0x000000008ad00000|100%| S|CS|TAMS 0x000000008ac00000, 0x000000008ac00000| Complete 
| 173|0x000000008ad00000, 0x000000008ad00000, 0x000000008ae00000|  0%| F|  |TAMS 0x000000008ad00000, 0x000000008ad00000| Untracked 
| 174|0x000000008ae00000, 0x000000008ae00000, 0x000000008af00000|  0%| F|  |TAMS 0x000000008ae00000, 0x000000008ae00000| Untracked 
| 175|0x000000008af00000, 0x000000008af00000, 0x000000008b000000|  0%| F|  |TAMS 0x000000008af00000, 0x000000008af00000| Untracked 
| 176|0x000000008b000000, 0x000000008b000000, 0x000000008b100000|  0%| F|  |TAMS 0x000000008b000000, 0x000000008b000000| Untracked 
| 177|0x000000008b100000, 0x000000008b100000, 0x000000008b200000|  0%| F|  |TAMS 0x000000008b100000, 0x000000008b100000| Untracked 
| 178|0x000000008b200000, 0x000000008b200000, 0x000000008b300000|  0%| F|  |TAMS 0x000000008b200000, 0x000000008b200000| Untracked 
| 179|0x000000008b300000, 0x000000008b300000, 0x000000008b400000|  0%| F|  |TAMS 0x000000008b300000, 0x000000008b300000| Untracked 
| 180|0x000000008b400000, 0x000000008b400000, 0x000000008b500000|  0%| F|  |TAMS 0x000000008b400000, 0x000000008b400000| Untracked 
| 181|0x000000008b500000, 0x000000008b500000, 0x000000008b600000|  0%| F|  |TAMS 0x000000008b500000, 0x000000008b500000| Untracked 
| 182|0x000000008b600000, 0x000000008b600000, 0x000000008b700000|  0%| F|  |TAMS 0x000000008b600000, 0x000000008b600000| Untracked 
| 183|0x000000008b700000, 0x000000008b700000, 0x000000008b800000|  0%| F|  |TAMS 0x000000008b700000, 0x000000008b700000| Untracked 
| 184|0x000000008b800000, 0x000000008b800000, 0x000000008b900000|  0%| F|  |TAMS 0x000000008b800000, 0x000000008b800000| Untracked 
| 185|0x000000008b900000, 0x000000008b900000, 0x000000008ba00000|  0%| F|  |TAMS 0x000000008b900000, 0x000000008b900000| Untracked 
| 186|0x000000008ba00000, 0x000000008ba00000, 0x000000008bb00000|  0%| F|  |TAMS 0x000000008ba00000, 0x000000008ba00000| Untracked 
| 187|0x000000008bb00000, 0x000000008bb00000, 0x000000008bc00000|  0%| F|  |TAMS 0x000000008bb00000, 0x000000008bb00000| Untracked 
| 188|0x000000008bc00000, 0x000000008bc00000, 0x000000008bd00000|  0%| F|  |TAMS 0x000000008bc00000, 0x000000008bc00000| Untracked 
| 189|0x000000008bd00000, 0x000000008bd00000, 0x000000008be00000|  0%| F|  |TAMS 0x000000008bd00000, 0x000000008bd00000| Untracked 
| 190|0x000000008be00000, 0x000000008be00000, 0x000000008bf00000|  0%| F|  |TAMS 0x000000008be00000, 0x000000008be00000| Untracked 
| 191|0x000000008bf00000, 0x000000008bf00000, 0x000000008c000000|  0%| F|  |TAMS 0x000000008bf00000, 0x000000008bf00000| Untracked 
| 192|0x000000008c000000, 0x000000008c000000, 0x000000008c100000|  0%| F|  |TAMS 0x000000008c000000, 0x000000008c000000| Untracked 
| 193|0x000000008c100000, 0x000000008c100000, 0x000000008c200000|  0%| F|  |TAMS 0x000000008c100000, 0x000000008c100000| Untracked 
| 194|0x000000008c200000, 0x000000008c200000, 0x000000008c300000|  0%| F|  |TAMS 0x000000008c200000, 0x000000008c200000| Untracked 
| 195|0x000000008c300000, 0x000000008c300000, 0x000000008c400000|  0%| F|  |TAMS 0x000000008c300000, 0x000000008c300000| Untracked 
| 196|0x000000008c400000, 0x000000008c400000, 0x000000008c500000|  0%| F|  |TAMS 0x000000008c400000, 0x000000008c400000| Untracked 
| 197|0x000000008c500000, 0x000000008c500000, 0x000000008c600000|  0%| F|  |TAMS 0x000000008c500000, 0x000000008c500000| Untracked 
| 198|0x000000008c600000, 0x000000008c600000, 0x000000008c700000|  0%| F|  |TAMS 0x000000008c600000, 0x000000008c600000| Untracked 
| 199|0x000000008c700000, 0x000000008c700000, 0x000000008c800000|  0%| F|  |TAMS 0x000000008c700000, 0x000000008c700000| Untracked 
| 200|0x000000008c800000, 0x000000008c800000, 0x000000008c900000|  0%| F|  |TAMS 0x000000008c800000, 0x000000008c800000| Untracked 
| 201|0x000000008c900000, 0x000000008c900000, 0x000000008ca00000|  0%| F|  |TAMS 0x000000008c900000, 0x000000008c900000| Untracked 
| 202|0x000000008ca00000, 0x000000008ca00000, 0x000000008cb00000|  0%| F|  |TAMS 0x000000008ca00000, 0x000000008ca00000| Untracked 
| 203|0x000000008cb00000, 0x000000008cb00000, 0x000000008cc00000|  0%| F|  |TAMS 0x000000008cb00000, 0x000000008cb00000| Untracked 
| 204|0x000000008cc00000, 0x000000008cc80800, 0x000000008cd00000| 50%| E|  |TAMS 0x000000008cc00000, 0x000000008cc00000| Complete 
| 205|0x000000008cd00000, 0x000000008ce00000, 0x000000008ce00000|100%| E|CS|TAMS 0x000000008cd00000, 0x000000008cd00000| Complete 
| 206|0x000000008ce00000, 0x000000008cf00000, 0x000000008cf00000|100%| E|CS|TAMS 0x000000008ce00000, 0x000000008ce00000| Complete 
| 207|0x000000008cf00000, 0x000000008d000000, 0x000000008d000000|100%| E|CS|TAMS 0x000000008cf00000, 0x000000008cf00000| Complete 
| 208|0x000000008d000000, 0x000000008d100000, 0x000000008d100000|100%| E|CS|TAMS 0x000000008d000000, 0x000000008d000000| Complete 

Card table byte_map: [0x0000029722820000,0x0000029722c20000] _byte_map_base: 0x0000029722420000

Marking Bits (Prev, Next): (CMBitMap*) 0x000002970ba80ab0, (CMBitMap*) 0x000002970ba80a78
 Prev Bits: [0x0000029725020000, 0x0000029727020000)
 Next Bits: [0x0000029723020000, 0x0000029725020000)

Polling page: 0x0000029709870000

Metaspace:

Usage:
  Non-class:     91.43 MB capacity,    89.10 MB ( 97%) used,     2.03 MB (  2%) free+waste,   310.13 KB ( <1%) overhead. 
      Class:     15.10 MB capacity,    13.67 MB ( 91%) used,     1.29 MB (  9%) free+waste,   149.31 KB ( <1%) overhead. 
       Both:    106.53 MB capacity,   102.77 MB ( 96%) used,     3.31 MB (  3%) free+waste,   459.44 KB ( <1%) overhead. 

Virtual space:
  Non-class space:       92.00 MB reserved,      91.58 MB (>99%) committed 
      Class space:      504.00 MB reserved,      15.20 MB (  3%) committed 
             Both:      596.00 MB reserved,     106.78 MB ( 18%) committed 

Chunk freelists:
   Non-Class:  3.38 KB
       Class:  2.63 KB
        Both:  6.00 KB

CodeHeap 'non-profiled nmethods': size=120000Kb used=8058Kb max_used=8058Kb free=111941Kb
 bounds [0x000002971abc0000, 0x000002971b3a0000, 0x00000297220f0000]
CodeHeap 'profiled nmethods': size=120000Kb used=27923Kb max_used=27923Kb free=92076Kb
 bounds [0x0000029713690000, 0x00000297151e0000, 0x000002971abc0000]
CodeHeap 'non-nmethods': size=5760Kb used=2315Kb max_used=2397Kb free=3444Kb
 bounds [0x00000297130f0000, 0x0000029713360000, 0x0000029713690000]
 total_blobs=13351 nmethods=12420 adapters=841
 compilation: enabled
              stopped_count=0, restarted_count=0
 full_count=0

Compilation events (10 events):
Event: 70.125 Thread 0x000002972a403800 nmethod 12483 0x00000297151b5910 code [0x00000297151b5aa0, 0x00000297151b5c38]
Event: 70.139 Thread 0x000002972a403800 12486       3       java.lang.StringBuffer::<init> (7 bytes)
Event: 70.139 Thread 0x000002972a403800 nmethod 12486 0x00000297151b5d10 code [0x00000297151b5ec0, 0x00000297151b5fe8]
Event: 70.141 Thread 0x000002972a403800 12487       3       org.gradle.internal.component.model.MultipleCandidateMatcher::getValueIndex (16 bytes)
Event: 70.141 Thread 0x000002972a403800 nmethod 12487 0x00000297151b6090 code [0x00000297151b6240, 0x00000297151b6428]
Event: 70.142 Thread 0x000002972a403800 12488       3       org.gradle.api.internal.artifacts.ivyservice.ivyresolve.CachingModuleComponentRepository$LocateInCacheRepositoryAccess::resolveComponentMetaData (38 bytes)
Event: 70.142 Thread 0x000002972a403800 nmethod 12488 0x00000297151b6510 code [0x00000297151b66e0, 0x00000297151b6af8]
Event: 70.142 Thread 0x000002972a403800 12489       3       org.gradle.api.internal.artifacts.repositories.resolver.ExternalResourceResolver$LocalRepositoryAccess::resolveComponentMetaData (1 bytes)
Event: 70.142 Thread 0x000002972a403800 nmethod 12489 0x00000297151b6c90 code [0x00000297151b6e20, 0x00000297151b6f18]
Event: 70.142 Thread 0x000002972a403800 12490       3       org.gradle.api.internal.artifacts.ivyservice.ivyresolve.CachingModuleComponentRepository$LocateInCacheRepositoryAccess::resolveComponentMetaDataFromCache (406 bytes)

GC Heap History (10 events):
Event: 67.720 GC heap before
{Heap before GC invocations=52 (full 0):
 garbage-first heap   total 157696K, used 126008K [0x0000000080000000, 0x0000000100000000)
  region size 1024K, 14 young (14336K), 1 survivors (1024K)
 Metaspace       used 98455K, capacity 102087K, committed 102300K, reserved 604160K
  class space    used 13141K, capacity 14564K, committed 14668K, reserved 516096K
}
Event: 67.724 GC heap after
{Heap after GC invocations=53 (full 0):
 garbage-first heap   total 157696K, used 114060K [0x0000000080000000, 0x0000000100000000)
  region size 1024K, 2 young (2048K), 2 survivors (2048K)
 Metaspace       used 98455K, capacity 102087K, committed 102300K, reserved 604160K
  class space    used 13141K, capacity 14564K, committed 14668K, reserved 516096K
}
Event: 68.118 GC heap before
{Heap before GC invocations=53 (full 0):
 garbage-first heap   total 157696K, used 127372K [0x0000000080000000, 0x0000000100000000)
  region size 1024K, 15 young (15360K), 2 survivors (2048K)
 Metaspace       used 99938K, capacity 103571K, committed 103708K, reserved 606208K
  class space    used 13375K, capacity 14759K, committed 14796K, reserved 516096K
}
Event: 68.124 GC heap after
{Heap after GC invocations=54 (full 0):
 garbage-first heap   total 157696K, used 114562K [0x0000000080000000, 0x0000000100000000)
  region size 1024K, 1 young (1024K), 1 survivors (1024K)
 Metaspace       used 99938K, capacity 103571K, committed 103708K, reserved 606208K
  class space    used 13375K, capacity 14759K, committed 14796K, reserved 516096K
}
Event: 68.566 GC heap before
{Heap before GC invocations=55 (full 0):
 garbage-first heap   total 157696K, used 127874K [0x0000000080000000, 0x0000000100000000)
  region size 1024K, 14 young (14336K), 1 survivors (1024K)
 Metaspace       used 101138K, capacity 104839K, committed 104988K, reserved 606208K
  class space    used 13557K, capacity 15000K, committed 15052K, reserved 516096K
}
Event: 68.569 GC heap after
{Heap after GC invocations=56 (full 0):
 garbage-first heap   total 157696K, used 115202K [0x0000000080000000, 0x0000000100000000)
  region size 1024K, 2 young (2048K), 2 survivors (2048K)
 Metaspace       used 101138K, capacity 104839K, committed 104988K, reserved 606208K
  class space    used 13557K, capacity 15000K, committed 15052K, reserved 516096K
}
Event: 69.017 GC heap before
{Heap before GC invocations=56 (full 0):
 garbage-first heap   total 157696K, used 129538K [0x0000000080000000, 0x0000000100000000)
  region size 1024K, 16 young (16384K), 2 survivors (2048K)
 Metaspace       used 102982K, capacity 106771K, committed 106908K, reserved 608256K
  class space    used 13762K, capacity 15172K, committed 15180K, reserved 516096K
}
Event: 69.028 GC heap after
{Heap after GC invocations=57 (full 0):
 garbage-first heap   total 214016K, used 116313K [0x0000000080000000, 0x0000000100000000)
  region size 1024K, 2 young (2048K), 2 survivors (2048K)
 Metaspace       used 102982K, capacity 106771K, committed 106908K, reserved 608256K
  class space    used 13762K, capacity 15172K, committed 15180K, reserved 516096K
}
Event: 69.983 GC heap before
{Heap before GC invocations=58 (full 0):
 garbage-first heap   total 214016K, used 153177K [0x0000000080000000, 0x0000000100000000)
  region size 1024K, 38 young (38912K), 2 survivors (2048K)
 Metaspace       used 105057K, capacity 108897K, committed 109084K, reserved 610304K
  class space    used 13984K, capacity 15425K, committed 15564K, reserved 516096K
}
Event: 69.997 GC heap after
{Heap after GC invocations=59 (full 0):
 garbage-first heap   total 214016K, used 122880K [0x0000000080000000, 0x0000000100000000)
  region size 1024K, 5 young (5120K), 5 survivors (5120K)
 Metaspace       used 105057K, capacity 108897K, committed 109084K, reserved 610304K
  class space    used 13984K, capacity 15425K, committed 15564K, reserved 516096K
}

Deoptimization events (10 events):
Event: 69.804 Thread 0x000002972c1a4800 Uncommon trap: reason=class_check action=maybe_recompile pc=0x000002971ae3c120 method=com.google.common.io.CountingInputStream.read()I @ 4 c2
Event: 69.804 Thread 0x000002972c1a4800 Uncommon trap: reason=class_check action=maybe_recompile pc=0x000002971ae3c120 method=com.google.common.io.CountingInputStream.read()I @ 4 c2
Event: 69.804 Thread 0x000002972c1a4800 Uncommon trap: reason=class_check action=maybe_recompile pc=0x000002971ae3c120 method=com.google.common.io.CountingInputStream.read()I @ 4 c2
Event: 69.804 Thread 0x000002972c1a4800 Uncommon trap: reason=class_check action=maybe_recompile pc=0x000002971ae3c120 method=com.google.common.io.CountingInputStream.read()I @ 4 c2
Event: 69.804 Thread 0x000002972c1a4800 Uncommon trap: reason=class_check action=maybe_recompile pc=0x000002971ad5a8a0 method=com.google.common.io.CountingInputStream.read([BII)I @ 7 c2
Event: 69.804 Thread 0x000002972c1a4800 Uncommon trap: reason=class_check action=maybe_recompile pc=0x000002971ad5a8a0 method=com.google.common.io.CountingInputStream.read([BII)I @ 7 c2
Event: 69.806 Thread 0x000002972c1a4800 Uncommon trap: reason=class_check action=maybe_recompile pc=0x000002971ad5a8a0 method=com.google.common.io.CountingInputStream.read([BII)I @ 7 c2
Event: 69.821 Thread 0x000002972c1a4800 Uncommon trap: reason=unstable_if action=reinterpret pc=0x000002971b342a24 method=java.util.regex.Pattern$GroupTail.match(Ljava/util/regex/Matcher;ILjava/lang/CharSequence;)Z @ 73 c2
Event: 69.861 Thread 0x000002972c1a4800 Uncommon trap: reason=unstable_if action=reinterpret pc=0x000002971afbf7c0 method=sun.invoke.util.VerifyAccess.isTypeVisible(Ljava/lang/Class;Ljava/lang/Class;)Z @ 77 c2
Event: 69.866 Thread 0x000002972c1a4800 Uncommon trap: reason=class_check action=maybe_recompile pc=0x000002971ad5a8a0 method=com.google.common.io.CountingInputStream.read([BII)I @ 7 c2

Classes redefined (0 events):
No events

Internal exceptions (10 events):
Event: 67.717 Thread 0x000002972c1a4800 Exception <a 'sun/nio/fs/WindowsException'{0x0000000088df55e0}> (0x0000000088df55e0) thrown at [./open/src/hotspot/share/prims/jni.cpp, line 611]
Event: 67.717 Thread 0x000002972c1a4800 Exception <a 'sun/nio/fs/WindowsException'{0x0000000088df5b28}> (0x0000000088df5b28) thrown at [./open/src/hotspot/share/prims/jni.cpp, line 611]
Event: 68.008 Thread 0x000002972c1a4800 Exception <a 'java/lang/NullPointerException'{0x00000000890f5828}> (0x00000000890f5828) thrown at [./open/src/hotspot/share/interpreter/linkResolver.cpp, line 1436]
Event: 68.212 Thread 0x000002972c1a4800 Implicit null exception at 0x000002971af44efe to 0x000002971af4b7d4
Event: 68.573 Thread 0x000002972c1a4800 Exception <a 'java/lang/NoSuchMethodError'{0x0000000089934720}: java.lang.invoke.DirectMethodHandle$Holder.invokeStatic(Ljava/lang/Object;Ljava/lang/Object;ILjava/lang/Object;)I> (0x0000000089934720) thrown at [./open/src/hotspot/share/interpreter/linkRes
Event: 68.735 Thread 0x000002972c1a4800 Exception <a 'sun/nio/fs/WindowsException'{0x00000000898537b0}> (0x00000000898537b0) thrown at [./open/src/hotspot/share/prims/jni.cpp, line 611]
Event: 68.736 Thread 0x000002972c1a4800 Exception <a 'sun/nio/fs/WindowsException'{0x0000000089854b50}> (0x0000000089854b50) thrown at [./open/src/hotspot/share/prims/jni.cpp, line 611]
Event: 68.736 Thread 0x000002972c1a4800 Exception <a 'sun/nio/fs/WindowsException'{0x0000000089855f40}> (0x0000000089855f40) thrown at [./open/src/hotspot/share/prims/jni.cpp, line 611]
Event: 68.736 Thread 0x000002972c1a4800 Exception <a 'sun/nio/fs/WindowsException'{0x0000000089857330}> (0x0000000089857330) thrown at [./open/src/hotspot/share/prims/jni.cpp, line 611]
Event: 69.029 Thread 0x0000029729a9d800 Implicit null exception at 0x000002971b24400d to 0x000002971b244844

Events (10 events):
Event: 70.124 loading class org/gradle/api/internal/artifacts/repositories/resolver/MetadataFetchingCost
Event: 70.124 loading class org/gradle/api/internal/artifacts/repositories/resolver/MetadataFetchingCost done
Event: 70.124 loading class org/gradle/internal/Factory
Event: 70.124 loading class org/gradle/internal/Factory done
Event: 70.140 loading class org/gradle/api/artifacts/component/ModuleComponentIdentifier
Event: 70.140 loading class org/gradle/api/artifacts/component/ModuleComponentIdentifier done
Event: 70.140 loading class org/gradle/api/internal/artifacts/ivyservice/ivyresolve/FilteredModuleComponentRepository$FilteringAccess
Event: 70.140 loading class org/gradle/api/internal/artifacts/ivyservice/ivyresolve/FilteredModuleComponentRepository$FilteringAccess done
Event: 70.140 loading class org/gradle/internal/resolve/result/BuildableModuleComponentMetaDataResolveResult
Event: 70.140 loading class org/gradle/internal/resolve/result/BuildableModuleComponentMetaDataResolveResult done


Dynamic libraries:
0x00007ff70b8e0000 - 0x00007ff70b8ef000 	C:\Program Files\Java\jdk-11.0.16\bin\java.exe
0x00007ffb3b2b0000 - 0x00007ffb3b4a5000 	C:\WINDOWS\SYSTEM32\ntdll.dll
0x00007ffb3a2d0000 - 0x00007ffb3a38e000 	C:\WINDOWS\System32\KERNEL32.DLL
0x00007ffb38be0000 - 0x00007ffb38ea8000 	C:\WINDOWS\System32\KERNELBASE.dll
0x00007ffb30a80000 - 0x00007ffb30a95000 	C:\Program Files\Java\jdk-11.0.16\bin\VCRUNTIME140.dll
0x00007ffb38ae0000 - 0x00007ffb38be0000 	C:\WINDOWS\System32\ucrtbase.dll
0x00007ffb308a0000 - 0x00007ffb308b8000 	C:\Program Files\Java\jdk-11.0.16\bin\jli.dll
0x00007ffb3a9e0000 - 0x00007ffb3aa8e000 	C:\WINDOWS\System32\ADVAPI32.dll
0x00007ffb39e70000 - 0x00007ffb39f0e000 	C:\WINDOWS\System32\msvcrt.dll
0x00007ffb3a390000 - 0x00007ffb3a42c000 	C:\WINDOWS\System32\sechost.dll
0x00007ffb3a1a0000 - 0x00007ffb3a2c5000 	C:\WINDOWS\System32\RPCRT4.dll
0x00007ffb3a5a0000 - 0x00007ffb3a740000 	C:\WINDOWS\System32\USER32.dll
0x00007ffb392e0000 - 0x00007ffb39302000 	C:\WINDOWS\System32\win32u.dll
0x00007ffb3a550000 - 0x00007ffb3a57b000 	C:\WINDOWS\System32\GDI32.dll
0x00007ffb37de0000 - 0x00007ffb3807a000 	C:\WINDOWS\WinSxS\amd64_microsoft.windows.common-controls_6595b64144ccf1df_6.0.19041.1110_none_60b5254171f9507e\COMCTL32.dll
0x00007ffb38eb0000 - 0x00007ffb38fbb000 	C:\WINDOWS\System32\gdi32full.dll
0x00007ffb389d0000 - 0x00007ffb38a6d000 	C:\WINDOWS\System32\msvcp_win.dll
0x00007ffb35e20000 - 0x00007ffb35e2a000 	C:\WINDOWS\SYSTEM32\VERSION.dll
0x00007ffb39520000 - 0x00007ffb39550000 	C:\WINDOWS\System32\IMM32.DLL
0x00007ffad7840000 - 0x00007ffad78db000 	C:\Program Files\Java\jdk-11.0.16\bin\msvcp140.dll
0x00007ffabc680000 - 0x00007ffabd198000 	C:\Program Files\Java\jdk-11.0.16\bin\server\jvm.dll
0x00007ffb3b260000 - 0x00007ffb3b268000 	C:\WINDOWS\System32\PSAPI.DLL
0x00007ffb23b50000 - 0x00007ffb23b59000 	C:\WINDOWS\SYSTEM32\WSOCK32.dll
0x00007ffb3a0d0000 - 0x00007ffb3a13b000 	C:\WINDOWS\System32\WS2_32.dll
0x00007ffb1d750000 - 0x00007ffb1d777000 	C:\WINDOWS\SYSTEM32\WINMM.dll
0x00007ffb36470000 - 0x00007ffb36482000 	C:\WINDOWS\SYSTEM32\kernel.appcore.dll
0x00007ffb35f70000 - 0x00007ffb35f80000 	C:\Program Files\Java\jdk-11.0.16\bin\verify.dll
0x00007ffb38250000 - 0x00007ffb38434000 	C:\WINDOWS\SYSTEM32\DBGHELP.DLL
0x00007ffb381a0000 - 0x00007ffb381cc000 	C:\WINDOWS\SYSTEM32\dbgcore.DLL
0x00007ffb39150000 - 0x00007ffb391d2000 	C:\WINDOWS\System32\bcryptPrimitives.dll
0x00007ffb2ce10000 - 0x00007ffb2ce38000 	C:\Program Files\Java\jdk-11.0.16\bin\java.dll
0x00007ffb2ce00000 - 0x00007ffb2ce0a000 	C:\Program Files\Java\jdk-11.0.16\bin\jimage.dll
0x00007ffb0c220000 - 0x00007ffb0c236000 	C:\Program Files\Java\jdk-11.0.16\bin\zip.dll
0x00007ffb3aa90000 - 0x00007ffb3b1d4000 	C:\WINDOWS\System32\SHELL32.dll
0x00007ffb36490000 - 0x00007ffb36c24000 	C:\WINDOWS\SYSTEM32\windows.storage.dll
0x00007ffb39550000 - 0x00007ffb398a4000 	C:\WINDOWS\System32\combase.dll
0x00007ffb37d40000 - 0x00007ffb37d6c000 	C:\WINDOWS\SYSTEM32\Wldp.dll
0x00007ffb3a930000 - 0x00007ffb3a9dd000 	C:\WINDOWS\System32\SHCORE.dll
0x00007ffb3b1f0000 - 0x00007ffb3b245000 	C:\WINDOWS\System32\shlwapi.dll
0x00007ffb38910000 - 0x00007ffb3892f000 	C:\WINDOWS\SYSTEM32\profapi.dll
0x00007ffb080b0000 - 0x00007ffb080c9000 	C:\Program Files\Java\jdk-11.0.16\bin\net.dll
0x00007ffb2e1f0000 - 0x00007ffb2e2f9000 	C:\WINDOWS\SYSTEM32\WINHTTP.dll
0x00007ffb37c10000 - 0x00007ffb37c7a000 	C:\WINDOWS\system32\mswsock.dll
0x00007ffb06430000 - 0x00007ffb06442000 	C:\Program Files\Java\jdk-11.0.16\bin\nio.dll
0x00007ffb07430000 - 0x00007ffb07457000 	C:\Users\Prabharsha\.gradle\native\e1d6ef7f7dcc3fd88c89a11ec53ec762bb8ba0a96d01ffa2cd45eb1d1d8dd5c5\windows-amd64\native-platform.dll
0x00007ffad76f0000 - 0x00007ffad7834000 	C:\Users\Prabharsha\.gradle\native\0d407fdbe67a94daf76414ababcb853783967236a71b16ec16e742cd7a986fd3\windows-amd64\native-platform-file-events.dll
0x00007ffb2cdf0000 - 0x00007ffb2cdf9000 	C:\Program Files\Java\jdk-11.0.16\bin\management.dll
0x00007ffb12ce0000 - 0x00007ffb12ceb000 	C:\Program Files\Java\jdk-11.0.16\bin\management_ext.dll
0x00007ffb38750000 - 0x00007ffb38768000 	C:\WINDOWS\SYSTEM32\CRYPTSP.dll
0x00007ffb37440000 - 0x00007ffb37474000 	C:\WINDOWS\system32\rsaenh.dll
0x00007ffb38fc0000 - 0x00007ffb38fe7000 	C:\WINDOWS\System32\bcrypt.dll
0x00007ffb38890000 - 0x00007ffb388be000 	C:\WINDOWS\SYSTEM32\USERENV.dll
0x00007ffb37d00000 - 0x00007ffb37d0c000 	C:\WINDOWS\SYSTEM32\CRYPTBASE.dll
0x00007ffb37790000 - 0x00007ffb377cb000 	C:\WINDOWS\SYSTEM32\IPHLPAPI.DLL
0x00007ffb3b250000 - 0x00007ffb3b258000 	C:\WINDOWS\System32\NSI.dll
0x00007ffb30fa0000 - 0x00007ffb30fb7000 	C:\WINDOWS\SYSTEM32\dhcpcsvc6.DLL
0x00007ffb31590000 - 0x00007ffb315ad000 	C:\WINDOWS\SYSTEM32\dhcpcsvc.DLL
0x00007ffb377d0000 - 0x00007ffb3789a000 	C:\WINDOWS\SYSTEM32\DNSAPI.dll

dbghelp: loaded successfully - version: 4.0.5 - missing functions: none
symbol engine: initialized successfully - sym options: 0x614 - pdb path: .;C:\Program Files\Java\jdk-11.0.16\bin;C:\WINDOWS\SYSTEM32;C:\WINDOWS\WinSxS\amd64_microsoft.windows.common-controls_6595b64144ccf1df_6.0.19041.1110_none_60b5254171f9507e;C:\Program Files\Java\jdk-11.0.16\bin\server;C:\Users\Prabharsha\.gradle\native\e1d6ef7f7dcc3fd88c89a11ec53ec762bb8ba0a96d01ffa2cd45eb1d1d8dd5c5\windows-amd64;C:\Users\Prabharsha\.gradle\native\0d407fdbe67a94daf76414ababcb853783967236a71b16ec16e742cd7a986fd3\windows-amd64

VM Arguments:
jvm_args: -XX:MaxMetaspaceSize=512m --add-opens=java.base/java.util=ALL-UNNAMED --add-opens=java.base/java.lang=ALL-UNNAMED --add-opens=java.base/java.lang.invoke=ALL-UNNAMED --add-opens=java.base/java.util=ALL-UNNAMED --add-opens=java.prefs/java.util.prefs=ALL-UNNAMED --add-opens=java.prefs/java.util.prefs=ALL-UNNAMED --add-opens=java.base/java.nio.charset=ALL-UNNAMED --add-opens=java.base/java.net=ALL-UNNAMED --add-opens=java.base/java.util.concurrent.atomic=ALL-UNNAMED -Xmx2048m -Dfile.encoding=windows-1252 -Duser.country=US -Duser.language=en -Duser.variant 
java_command: org.gradle.launcher.daemon.bootstrap.GradleDaemon 7.5.1
java_class_path (initial): C:\Users\Prabharsha\.gradle\wrapper\dists\gradle-7.5.1-all\1ehga6e77gqps5uk2kc5kf1vc\gradle-7.5.1\lib\gradle-launcher-7.5.1.jar
Launcher Type: SUN_STANDARD

[Global flags]
     intx CICompilerCount                          = 4                                         {product} {ergonomic}
   size_t CompressedClassSpaceSize                 = 528482304                                 {product} {ergonomic}
     uint ConcGCThreads                            = 2                                         {product} {ergonomic}
     uint G1ConcRefinementThreads                  = 8                                         {product} {ergonomic}
   size_t G1HeapRegionSize                         = 1048576                                   {product} {ergonomic}
    uintx GCDrainStackTargetSize                   = 64                                        {product} {ergonomic}
   size_t InitialHeapSize                          = 134217728                                 {product} {ergonomic}
   size_t MarkStackSize                            = 4194304                                   {product} {ergonomic}
   size_t MaxHeapSize                              = 2147483648                                {product} {command line}
   size_t MaxMetaspaceSize                         = 536870912                                 {product} {command line}
   size_t MaxNewSize                               = 1287651328                                {product} {ergonomic}
   size_t MinHeapDeltaBytes                        = 1048576                                   {product} {ergonomic}
    uintx NonNMethodCodeHeapSize                   = 5836300                                {pd product} {ergonomic}
    uintx NonProfiledCodeHeapSize                  = 122910970                              {pd product} {ergonomic}
    uintx ProfiledCodeHeapSize                     = 122910970                              {pd product} {ergonomic}
    uintx ReservedCodeCacheSize                    = 251658240                              {pd product} {ergonomic}
     bool SegmentedCodeCache                       = true                                      {product} {ergonomic}
     bool UseCompressedClassPointers               = true                                 {lp64_product} {ergonomic}
     bool UseCompressedOops                        = true                                 {lp64_product} {ergonomic}
     bool UseG1GC                                  = true                                      {product} {ergonomic}
     bool UseLargePagesIndividualAllocation        = false                                  {pd product} {ergonomic}

Logging:
Log output configuration:
 #0: stdout all=warning uptime,level,tags
 #1: stderr all=off uptime,level,tags

Environment Variables:
JAVA_HOME=C:\Program Files\Java\jdk-11.0.16
CLASSPATH=C:\SSD Idea Projects\Sem 3\AMD\CarSaleApp\FrontEnd\carSaleApp\android\\gradle\wrapper\gradle-wrapper.jar
PATH=C:\SSD Idea Projects\Sem 3\AMD\CarSaleApp\FrontEnd\carSaleApp\android\node_modules\.bin;C:\SSD Idea Projects\Sem 3\AMD\CarSaleApp\FrontEnd\carSaleApp\node_modules\.bin;C:\SSD Idea Projects\Sem 3\AMD\CarSaleApp\FrontEnd\node_modules\.bin;C:\SSD Idea Projects\Sem 3\AMD\CarSaleApp\node_modules\.bin;C:\SSD Idea Projects\Sem 3\AMD\node_modules\.bin;C:\SSD Idea Projects\Sem 3\node_modules\.bin;C:\SSD Idea Projects\node_modules\.bin;C:\node_modules\.bin;C:\Program Files\nodejs;C:\SSD Idea Projects\Sem 3\AMD\CarSaleApp\FrontEnd\carSaleApp\node_modules\.bin;C:\SSD Idea Projects\Sem 3\AMD\CarSaleApp\FrontEnd\carSaleApp\node_modules\.bin;C:\SSD Idea Projects\Sem 3\AMD\CarSaleApp\FrontEnd\node_modules\.bin;C:\SSD Idea Projects\Sem 3\AMD\CarSaleApp\node_modules\.bin;C:\SSD Idea Projects\Sem 3\AMD\node_modules\.bin;C:\SSD Idea Projects\Sem 3\node_modules\.bin;C:\SSD Idea Projects\node_modules\.bin;C:\node_modules\.bin;C:\Users\Prabharsha\AppData\Roaming\npm\node_modules\npm\node_modules\@npmcli\run-script\lib\node-gyp-bin;C:\Program Files\Java\jdk-11.0.16\bin;C:\Program Files\Common Files\Oracle\Java\javapath;C:\Program Files\Eclipse Adoptium\jdk-8.0.322.6-hotspot\bin;C:\Python310\Scripts\;C:\Python310\;C:\Program Files (x86)\Common Files\Oracle\Java\javapath;C:\WINDOWS\system32;C:\Program Files\Java\jdk1.8.0_271\bin;C:\WINDOWS;C:\WINDOWS\System32\Wbem;C:\WINDOWS\System32\WindowsPowerShell\v1.0\;C:\WINDOWS\System32\OpenSSH\;C:\Program Files\NVIDIA Corporation\NVIDIA NvDLISR;C:\Program Files (x86)\NVIDIA Corporation\PhysX\Common;C:\Program Files\MySQL\MySQL Server 8.0\bin;C:\Program Files (x86)\QuickTime\QTSystem\;C:\Program Files\Git\cmd;C:\ProgramData\chocolatey\bin;C:\Program Files (x86)\NoteBook FanControl\;C:\Program Files\nodejs\;C:\Program Files (x86)\dotnet\;%LOCALAPPDATA%\Android\Sdk\platform-tools;C:\Users\Prabharsha\AppData\Roaming\npm;C:\Program Files\MySQL\MySQL Shell 8.0\bin\;C:\Users\Prabharsha\AppData\Local\Microsoft\WindowsApps;C:\Program Files\JetBrains\Intelli
USERNAME=Prabharsha
OS=Windows_NT
PROCESSOR_IDENTIFIER=Intel64 Family 6 Model 142 Stepping 10, GenuineIntel



---------------  S Y S T E M  ---------------

OS: Windows 10 , 64 bit Build 19041 (10.0.19041.1566)

CPU:total 8 (initial active 8) (4 cores per cpu, 2 threads per core) family 6 model 142 stepping 10 microcode 0xb4, cmov, cx8, fxsr, mmx, sse, sse2, sse3, ssse3, sse4.1, sse4.2, popcnt, avx, avx2, aes, clmul, erms, 3dnowpref, lzcnt, ht, tsc, tscinvbit, bmi1, bmi2, adx, fma

Memory: 4k page, system-wide physical 8074M (463M free)
TotalPageFile size 12074M (AvailPageFile size 1M)
current process WorkingSet (physical memory assigned to process): 492M, peak: 495M
current process commit charge ("private bytes"): 564M, peak: 568M

vm_info: Java HotSpot(TM) 64-Bit Server VM (11.0.16+11-LTS-199) for windows-amd64 JRE (11.0.16+11-LTS-199), built on Jun 28 2022 08:23:17 by "mach5one" with MS VC++ 15.9 (VS2017)

END.
