#
# There is insufficient memory for the Java Runtime Environment to continue.
# Native memory allocation (malloc) failed to allocate 2248656 bytes for Chunk::new
# Possible reasons:
#   The system is out of physical RAM or swap space
#   The process is running with CompressedOops enabled, and the Java Heap may be blocking the growth of the native heap
# Possible solutions:
#   Reduce memory load on the system
#   Increase physical memory or swap space
#   Check if swap backing store is full
#   Decrease Java heap size (-Xmx/-Xms)
#   Decrease number of Java threads
#   Decrease Java thread stack sizes (-Xss)
#   Set larger code cache with -XX:ReservedCodeCacheSize=
#   JVM is running with Unscaled Compressed Oops mode in which the Java heap is
#     placed in the first 4GB address space. The Java Heap base address is the
#     maximum limit for the native heap growth. Please use -XX:HeapBaseMinAddress
#     to set the Java Heap base and to place the Java Heap above 4GB virtual address.
# This output file may be truncated or incomplete.
#
#  Out of Memory Error (./open/src/hotspot/share/memory/arena.cpp:197), pid=15636, tid=14648
#
# JRE version: Java(TM) SE Runtime Environment 18.9 (11.0.16+11) (build 11.0.16+11-LTS-199)
# Java VM: Java HotSpot(TM) 64-Bit Server VM 18.9 (11.0.16+11-LTS-199, mixed mode, tiered, compressed oops, g1 gc, windows-amd64)
# No core dump will be written. Minidumps are not enabled by default on client versions of Windows
#

---------------  S U M M A R Y ------------

Command Line: -XX:MaxMetaspaceSize=512m --add-opens=java.base/java.util=ALL-UNNAMED --add-opens=java.base/java.lang=ALL-UNNAMED --add-opens=java.base/java.lang.invoke=ALL-UNNAMED --add-opens=java.base/java.util=ALL-UNNAMED --add-opens=java.prefs/java.util.prefs=ALL-UNNAMED --add-opens=java.prefs/java.util.prefs=ALL-UNNAMED --add-opens=java.base/java.nio.charset=ALL-UNNAMED --add-opens=java.base/java.net=ALL-UNNAMED --add-opens=java.base/java.util.concurrent.atomic=ALL-UNNAMED -Xmx2048m -Dfile.encoding=windows-1252 -Duser.country=US -Duser.language=en -Duser.variant org.gradle.launcher.daemon.bootstrap.GradleDaemon 7.5.1

Host: Intel(R) Core(TM) i5-8250U CPU @ 1.60GHz, 8 cores, 7G,  Windows 10 , 64 bit Build 19041 (10.0.19041.1566)
Time: Thu Oct  6 21:33:36 2022 Sri Lanka Standard Time elapsed time: 28.089025 seconds (0d 0h 0m 28s)

---------------  T H R E A D  ---------------

Current thread (0x000001b93d685800):  JavaThread "C2 CompilerThread1" daemon [_thread_in_native, id=14648, stack(0x0000008ff1200000,0x0000008ff1300000)]


Current CompileTask:
C2:  28089 9127   !   4       com.sun.beans.TypeResolver::resolve (261 bytes)

Stack: [0x0000008ff1200000,0x0000008ff1300000]
Native frames: (J=compiled Java code, j=interpreted, Vv=VM code, C=native code)
V  [jvm.dll+0x62a3ea]
V  [jvm.dll+0x76418f]
V  [jvm.dll+0x765839]
V  [jvm.dll+0x765ec3]
V  [jvm.dll+0x23da98]
V  [jvm.dll+0xb2a1c]
V  [jvm.dll+0xb2fdc]
V  [jvm.dll+0x341487]
V  [jvm.dll+0x30ec83]
V  [jvm.dll+0x30dfca]
V  [jvm.dll+0x1f84a5]
V  [jvm.dll+0x1f768d]
V  [jvm.dll+0x177c81]
V  [jvm.dll+0x207006]
V  [jvm.dll+0x20519b]
V  [jvm.dll+0x729fa0]
V  [jvm.dll+0x722b74]
V  [jvm.dll+0x629286]
C  [ucrtbase.dll+0x21bb2]
C  [KERNEL32.DLL+0x17034]
C  [ntdll.dll+0x52651]


---------------  P R O C E S S  ---------------

Threads class SMR info:
_java_thread_list=0x000001b938436de0, length=135, elements={
0x000001b9139c0000, 0x000001b9319de000, 0x000001b9319e9000, 0x000001b9319fb800,
0x000001b9319ff800, 0x000001b931a01000, 0x000001b931a0c000, 0x000001b931a10000,
0x000001b931a16800, 0x000001b9324c3800, 0x000001b932602000, 0x000001b93266f800,
0x000001b93488e000, 0x000001b934556800, 0x000001b934859800, 0x000001b933974800,
0x000001b9338f0800, 0x000001b9342df800, 0x000001b933885000, 0x000001b934603000,
0x000001b934602000, 0x000001b9345fd800, 0x000001b934604000, 0x000001b9345fe000,
0x000001b9345ff000, 0x000001b9345ff800, 0x000001b934600800, 0x000001b934601800,
0x000001b936135800, 0x000001b936131800, 0x000001b936132800, 0x000001b936135000,
0x000001b936136800, 0x000001b936133000, 0x000001b936139000, 0x000001b936139800,
0x000001b936134000, 0x000001b936140000, 0x000001b93613f800, 0x000001b93613c000,
0x000001b93613e800, 0x000001b93613b800, 0x000001b93613a800, 0x000001b93613d000,
0x000001b93613e000, 0x000001b936bb6000, 0x000001b936bb8800, 0x000001b936bb9800,
0x000001b936bba800, 0x000001b936bbb000, 0x000001b936bbc000, 0x000001b936bbd000,
0x000001b936bb7000, 0x000001b936bb8000, 0x000001b936bc1800, 0x000001b936bc1000,
0x000001b936bbd800, 0x000001b936bc2800, 0x000001b936bc3800, 0x000001b936bc4000,
0x000001b936bbe800, 0x000001b936bc5000, 0x000001b936bbf000, 0x000001b936bc0000,
0x000001b933538000, 0x000001b933535800, 0x000001b933534800, 0x000001b933532800,
0x000001b933536800, 0x000001b933537000, 0x000001b933539000, 0x000001b933533000,
0x000001b933539800, 0x000001b933534000, 0x000001b933540000, 0x000001b93353d800,
0x000001b93353c000, 0x000001b93353d000, 0x000001b93353e800, 0x000001b93353f800,
0x000001b93353a800, 0x000001b933541000, 0x000001b937ffb000, 0x000001b937ffc800,
0x000001b937ffd800, 0x000001b937ffe800, 0x000001b937fff000, 0x000001b938000000,
0x000001b937ffa000, 0x000001b938001800, 0x000001b938000800, 0x000001b937ffc000,
0x000001b938004000, 0x000001b938005000, 0x000001b938005800, 0x000001b938007000,
0x000001b938006800, 0x000001b938008000, 0x000001b938002800, 0x000001b938009000,
0x000001b938003000, 0x000001b936efc800, 0x000001b936eff000, 0x000001b936efe000,
0x000001b936ef9800, 0x000001b936f00000, 0x000001b936efa000, 0x000001b936efd800,
0x000001b936f00800, 0x000001b936efb000, 0x000001b936efb800, 0x000001b936f02000,
0x000001b936f07000, 0x000001b936f04000, 0x000001b936f04800, 0x000001b936f05800,
0x000001b936f03000, 0x000001b936f06800, 0x000001b936f01800, 0x000001b936f08000,
0x000001b93bbb2000, 0x000001b93bbb2800, 0x000001b93bbb0000, 0x000001b93bbaf800,
0x000001b93bbb1000, 0x000001b93bbb5000, 0x000001b93bbb7800, 0x000001b93bbb8800,
0x000001b93bbb6000, 0x000001b93bbb6800, 0x000001b93bbb9000, 0x000001b93bbb4800,
0x000001b93bbb3800, 0x000001b93bbba000, 0x000001b93d685800
}

Java Threads: ( => current thread )
  0x000001b9139c0000 JavaThread "main" [_thread_blocked, id=15860, stack(0x0000008fed900000,0x0000008feda00000)]
  0x000001b9319de000 JavaThread "Reference Handler" daemon [_thread_blocked, id=14536, stack(0x0000008fee000000,0x0000008fee100000)]
  0x000001b9319e9000 JavaThread "Finalizer" daemon [_thread_blocked, id=14936, stack(0x0000008fee100000,0x0000008fee200000)]
  0x000001b9319fb800 JavaThread "Signal Dispatcher" daemon [_thread_blocked, id=14544, stack(0x0000008fee200000,0x0000008fee300000)]
  0x000001b9319ff800 JavaThread "Attach Listener" daemon [_thread_blocked, id=16220, stack(0x0000008fee300000,0x0000008fee400000)]
  0x000001b931a01000 JavaThread "Service Thread" daemon [_thread_blocked, id=11012, stack(0x0000008fee400000,0x0000008fee500000)]
  0x000001b931a0c000 JavaThread "C2 CompilerThread0" daemon [_thread_blocked, id=8472, stack(0x0000008fee500000,0x0000008fee600000)]
  0x000001b931a10000 JavaThread "C1 CompilerThread0" daemon [_thread_blocked, id=14520, stack(0x0000008fee600000,0x0000008fee700000)]
  0x000001b931a16800 JavaThread "Sweeper thread" daemon [_thread_blocked, id=16120, stack(0x0000008fee700000,0x0000008fee800000)]
  0x000001b9324c3800 JavaThread "Common-Cleaner" daemon [_thread_blocked, id=14344, stack(0x0000008fee800000,0x0000008fee900000)]
  0x000001b932602000 JavaThread "Daemon health stats" [_thread_blocked, id=14596, stack(0x0000008feea00000,0x0000008feeb00000)]
  0x000001b93266f800 JavaThread "Incoming local TCP Connector on port 63656" [_thread_in_native, id=2624, stack(0x0000008feeb00000,0x0000008feec00000)]
  0x000001b93488e000 JavaThread "Daemon periodic checks" [_thread_blocked, id=6940, stack(0x0000008feef00000,0x0000008fef000000)]
  0x000001b934556800 JavaThread "Daemon" [_thread_blocked, id=15904, stack(0x0000008fef000000,0x0000008fef100000)]
  0x000001b934859800 JavaThread "Handler for socket connection from /127.0.0.1:63656 to /127.0.0.1:63657" [_thread_in_native, id=5000, stack(0x0000008fef100000,0x0000008fef200000)]
  0x000001b933974800 JavaThread "Cancel handler" [_thread_blocked, id=5956, stack(0x0000008fef200000,0x0000008fef300000)]
  0x000001b9338f0800 JavaThread "Daemon worker" [_thread_in_native, id=10388, stack(0x0000008fef300000,0x0000008fef400000)]
  0x000001b9342df800 JavaThread "Asynchronous log dispatcher for DefaultDaemonConnection: socket connection from /127.0.0.1:63656 to /127.0.0.1:63657" [_thread_blocked, id=10996, stack(0x0000008fef400000,0x0000008fef500000)]
  0x000001b933885000 JavaThread "Stdin handler" [_thread_blocked, id=15920, stack(0x0000008fef500000,0x0000008fef600000)]
  0x000001b934603000 JavaThread "Daemon client event forwarder" [_thread_blocked, id=14008, stack(0x0000008fef600000,0x0000008fef700000)]
  0x000001b934602000 JavaThread "Cache worker for journal cache (C:\Users\Prabharsha\.gradle\caches\journal-1)" [_thread_blocked, id=10364, stack(0x0000008fefc00000,0x0000008fefd00000)]
  0x000001b9345fd800 JavaThread "File lock request listener" [_thread_in_native, id=5440, stack(0x0000008fefd00000,0x0000008fefe00000)]
  0x000001b934604000 JavaThread "Cache worker for file hash cache (C:\Users\Prabharsha\.gradle\caches\7.5.1\fileHashes)" [_thread_blocked, id=15084, stack(0x0000008fefe00000,0x0000008feff00000)]
  0x000001b9345fe000 JavaThread "File watcher server" daemon [_thread_in_native, id=15408, stack(0x0000008ff0100000,0x0000008ff0200000)]
  0x000001b9345ff000 JavaThread "File watcher consumer" daemon [_thread_blocked, id=5852, stack(0x0000008ff0200000,0x0000008ff0300000)]
  0x000001b9345ff800 JavaThread "Cache worker for checksums cache (C:\SSD Idea Projects\Sem 3\AMD\CarSaleApp\FrontEnd\carSaleApp\android\.gradle\7.5.1\checksums)" [_thread_blocked, id=10920, stack(0x0000008ff0300000,0x0000008ff0400000)]
  0x000001b934600800 JavaThread "Cache worker for cache directory md-rule (C:\Users\Prabharsha\.gradle\caches\7.5.1\md-rule)" [_thread_blocked, id=15932, stack(0x0000008ff0400000,0x0000008ff0500000)]
  0x000001b934601800 JavaThread "Cache worker for file content cache (C:\Users\Prabharsha\.gradle\caches\7.5.1\fileContent)" [_thread_blocked, id=2376, stack(0x0000008ff0500000,0x0000008ff0600000)]
  0x000001b936135800 JavaThread "Cache worker for file hash cache (C:\SSD Idea Projects\Sem 3\AMD\CarSaleApp\FrontEnd\carSaleApp\android\.gradle\7.5.1\fileHashes)" [_thread_blocked, id=15952, stack(0x0000008ff0600000,0x0000008ff0700000)]
  0x000001b936131800 JavaThread "Cache worker for cache directory md-supplier (C:\Users\Prabharsha\.gradle\caches\7.5.1\md-supplier)" [_thread_blocked, id=15852, stack(0x0000008ff0700000,0x0000008ff0800000)]
  0x000001b936132800 JavaThread "Cache worker for execution history cache (C:\Users\Prabharsha\.gradle\caches\7.5.1\executionHistory)" [_thread_blocked, id=12048, stack(0x0000008ff0800000,0x0000008ff0900000)]
  0x000001b936135000 JavaThread "jar transforms" [_thread_blocked, id=9332, stack(0x0000008ff0900000,0x0000008ff0a00000)]
  0x000001b936136800 JavaThread "jar transforms Thread 2" [_thread_blocked, id=4884, stack(0x0000008ff0a00000,0x0000008ff0b00000)]
  0x000001b936133000 JavaThread "jar transforms Thread 3" [_thread_blocked, id=2616, stack(0x0000008ff0b00000,0x0000008ff0c00000)]
  0x000001b936139000 JavaThread "jar transforms Thread 4" [_thread_blocked, id=4396, stack(0x0000008ff0c00000,0x0000008ff0d00000)]
  0x000001b936139800 JavaThread "Cache worker for kotlin-dsl (C:\Users\Prabharsha\.gradle\caches\7.5.1\kotlin-dsl)" [_thread_blocked, id=11752, stack(0x0000008ff0d00000,0x0000008ff0e00000)]
  0x000001b936134000 JavaThread "jar transforms Thread 5" [_thread_blocked, id=6116, stack(0x0000008ff0e00000,0x0000008ff0f00000)]
  0x000001b936140000 JavaThread "jar transforms Thread 6" [_thread_blocked, id=15552, stack(0x0000008ff0f00000,0x0000008ff1000000)]
  0x000001b93613f800 JavaThread "Cache worker for dependencies-accessors (C:\SSD Idea Projects\Sem 3\AMD\CarSaleApp\FrontEnd\carSaleApp\android\.gradle\7.5.1\dependencies-accessors)" [_thread_blocked, id=9424, stack(0x0000008ff1000000,0x0000008ff1100000)]
  0x000001b93613c000 JavaThread "Cache worker for Build Output Cleanup Cache (C:\SSD Idea Projects\Sem 3\AMD\CarSaleApp\FrontEnd\carSaleApp\node_modules\react-native-gradle-plugin\.gradle\buildOutputCleanup)" [_thread_blocked, id=13676, stack(0x0000008ff0000000,0x0000008ff0100000)]
  0x000001b93613e800 JavaThread "jar transforms Thread 7" [_thread_blocked, id=8760, stack(0x0000008ff1100000,0x0000008ff1200000)]
  0x000001b93613b800 JavaThread "Unconstrained build operations" [_thread_blocked, id=9356, stack(0x0000008ff1300000,0x0000008ff1400000)]
  0x000001b93613a800 JavaThread "Unconstrained build operations Thread 2" [_thread_blocked, id=15944, stack(0x0000008ff1400000,0x0000008ff1500000)]
  0x000001b93613d000 JavaThread "Unconstrained build operations Thread 3" [_thread_blocked, id=16148, stack(0x0000008ff1500000,0x0000008ff1600000)]
  0x000001b93613e000 JavaThread "Unconstrained build operations Thread 4" [_thread_blocked, id=16368, stack(0x0000008ff1600000,0x0000008ff1700000)]
  0x000001b936bb6000 JavaThread "Unconstrained build operations Thread 5" [_thread_blocked, id=8564, stack(0x0000008ff1700000,0x0000008ff1800000)]
  0x000001b936bb8800 JavaThread "Unconstrained build operations Thread 6" [_thread_blocked, id=3476, stack(0x0000008ff1800000,0x0000008ff1900000)]
  0x000001b936bb9800 JavaThread "Unconstrained build operations Thread 7" [_thread_blocked, id=10352, stack(0x0000008ff1900000,0x0000008ff1a00000)]
  0x000001b936bba800 JavaThread "Unconstrained build operations Thread 8" [_thread_blocked, id=6956, stack(0x0000008ff1a00000,0x0000008ff1b00000)]
  0x000001b936bbb000 JavaThread "Unconstrained build operations Thread 9" [_thread_blocked, id=11000, stack(0x0000008ff1b00000,0x0000008ff1c00000)]
  0x000001b936bbc000 JavaThread "Unconstrained build operations Thread 10" [_thread_blocked, id=15584, stack(0x0000008ff1c00000,0x0000008ff1d00000)]
  0x000001b936bbd000 JavaThread "Unconstrained build operations Thread 11" [_thread_blocked, id=7124, stack(0x0000008ff1d00000,0x0000008ff1e00000)]
  0x000001b936bb7000 JavaThread "Unconstrained build operations Thread 12" [_thread_blocked, id=1920, stack(0x0000008ff1e00000,0x0000008ff1f00000)]
  0x000001b936bb8000 JavaThread "Unconstrained build operations Thread 13" [_thread_blocked, id=2696, stack(0x0000008ff1f00000,0x0000008ff2000000)]
  0x000001b936bc1800 JavaThread "Unconstrained build operations Thread 14" [_thread_blocked, id=4408, stack(0x0000008ff2000000,0x0000008ff2100000)]
  0x000001b936bc1000 JavaThread "Unconstrained build operations Thread 15" [_thread_blocked, id=15008, stack(0x0000008ff2100000,0x0000008ff2200000)]
  0x000001b936bbd800 JavaThread "Unconstrained build operations Thread 16" [_thread_blocked, id=5864, stack(0x0000008ff2200000,0x0000008ff2300000)]
  0x000001b936bc2800 JavaThread "Unconstrained build operations Thread 17" [_thread_blocked, id=13004, stack(0x0000008ff2300000,0x0000008ff2400000)]
  0x000001b936bc3800 JavaThread "Unconstrained build operations Thread 18" [_thread_blocked, id=15104, stack(0x0000008ff2400000,0x0000008ff2500000)]
  0x000001b936bc4000 JavaThread "Unconstrained build operations Thread 19" [_thread_blocked, id=12676, stack(0x0000008ff2500000,0x0000008ff2600000)]
  0x000001b936bbe800 JavaThread "Unconstrained build operations Thread 20" [_thread_blocked, id=14928, stack(0x0000008ff2600000,0x0000008ff2700000)]
  0x000001b936bc5000 JavaThread "Unconstrained build operations Thread 21" [_thread_blocked, id=8116, stack(0x0000008ff2700000,0x0000008ff2800000)]
  0x000001b936bbf000 JavaThread "Unconstrained build operations Thread 22" [_thread_blocked, id=3388, stack(0x0000008ff2800000,0x0000008ff2900000)]
  0x000001b936bc0000 JavaThread "Unconstrained build operations Thread 23" [_thread_blocked, id=15096, stack(0x0000008ff2900000,0x0000008ff2a00000)]
  0x000001b933538000 JavaThread "Unconstrained build operations Thread 24" [_thread_blocked, id=1476, stack(0x0000008ff2a00000,0x0000008ff2b00000)]
  0x000001b933535800 JavaThread "Unconstrained build operations Thread 25" [_thread_blocked, id=8308, stack(0x0000008ff2b00000,0x0000008ff2c00000)]
  0x000001b933534800 JavaThread "Unconstrained build operations Thread 26" [_thread_blocked, id=3740, stack(0x0000008ff2c00000,0x0000008ff2d00000)]
  0x000001b933532800 JavaThread "Unconstrained build operations Thread 27" [_thread_blocked, id=15772, stack(0x0000008ff2d00000,0x0000008ff2e00000)]
  0x000001b933536800 JavaThread "Unconstrained build operations Thread 28" [_thread_blocked, id=13052, stack(0x0000008ff2e00000,0x0000008ff2f00000)]
  0x000001b933537000 JavaThread "Unconstrained build operations Thread 29" [_thread_blocked, id=9860, stack(0x0000008ff2f00000,0x0000008ff3000000)]
  0x000001b933539000 JavaThread "Unconstrained build operations Thread 30" [_thread_blocked, id=11824, stack(0x0000008ff3000000,0x0000008ff3100000)]
  0x000001b933533000 JavaThread "Unconstrained build operations Thread 31" [_thread_blocked, id=15864, stack(0x0000008ff3100000,0x0000008ff3200000)]
  0x000001b933539800 JavaThread "Unconstrained build operations Thread 32" [_thread_blocked, id=10784, stack(0x0000008ff3200000,0x0000008ff3300000)]
  0x000001b933534000 JavaThread "Unconstrained build operations Thread 33" [_thread_blocked, id=14612, stack(0x0000008ff3300000,0x0000008ff3400000)]
  0x000001b933540000 JavaThread "jar transforms Thread 8" [_thread_blocked, id=15760, stack(0x0000008ff3400000,0x0000008ff3500000)]
  0x000001b93353d800 JavaThread "build event listener" [_thread_blocked, id=16112, stack(0x0000008ff3500000,0x0000008ff3600000)]
  0x000001b93353c000 JavaThread "Memory manager" [_thread_blocked, id=16100, stack(0x0000008ff3600000,0x0000008ff3700000)]
  0x000001b93353d000 JavaThread "Cache worker for Build Output Cleanup Cache (C:\SSD Idea Projects\Sem 3\AMD\CarSaleApp\FrontEnd\carSaleApp\android\.gradle\buildOutputCleanup)" [_thread_blocked, id=7684, stack(0x0000008ff3700000,0x0000008ff3800000)]
  0x000001b93353e800 JavaThread "included builds" [_thread_blocked, id=11320, stack(0x0000008ff3800000,0x0000008ff3900000)]
  0x000001b93353f800 JavaThread "Execution worker" [_thread_blocked, id=9712, stack(0x0000008ff3900000,0x0000008ff3a00000)]
  0x000001b93353a800 JavaThread "Execution worker Thread 2" [_thread_blocked, id=14860, stack(0x0000008ff3a00000,0x0000008ff3b00000)]
  0x000001b933541000 JavaThread "Execution worker Thread 3" [_thread_blocked, id=3492, stack(0x0000008ff3b00000,0x0000008ff3c00000)]
  0x000001b937ffb000 JavaThread "Execution worker Thread 4" [_thread_blocked, id=15388, stack(0x0000008ff3c00000,0x0000008ff3d00000)]
  0x000001b937ffc800 JavaThread "Execution worker Thread 5" [_thread_blocked, id=3316, stack(0x0000008ff3d00000,0x0000008ff3e00000)]
  0x000001b937ffd800 JavaThread "Execution worker Thread 6" [_thread_blocked, id=15204, stack(0x0000008ff3e00000,0x0000008ff3f00000)]
  0x000001b937ffe800 JavaThread "Execution worker Thread 7" [_thread_blocked, id=6264, stack(0x0000008ff3f00000,0x0000008ff4000000)]
  0x000001b937fff000 JavaThread "Cache worker for execution history cache (C:\SSD Idea Projects\Sem 3\AMD\CarSaleApp\FrontEnd\carSaleApp\node_modules\react-native-gradle-plugin\.gradle\7.5.1\executionHistory)" [_thread_blocked, id=9840, stack(0x0000008ff4000000,0x0000008ff4100000)]
  0x000001b938000000 JavaThread "Unconstrained build operations Thread 34" [_thread_blocked, id=4664, stack(0x0000008ff4100000,0x0000008ff4200000)]
  0x000001b937ffa000 JavaThread "Unconstrained build operations Thread 35" [_thread_blocked, id=5272, stack(0x0000008ff4200000,0x0000008ff4300000)]
  0x000001b938001800 JavaThread "Unconstrained build operations Thread 36" [_thread_blocked, id=2332, stack(0x0000008ff4300000,0x0000008ff4400000)]
  0x000001b938000800 JavaThread "Unconstrained build operations Thread 37" [_thread_blocked, id=14496, stack(0x0000008ff4400000,0x0000008ff4500000)]
  0x000001b937ffc000 JavaThread "Unconstrained build operations Thread 38" [_thread_blocked, id=9756, stack(0x0000008ff4500000,0x0000008ff4600000)]
  0x000001b938004000 JavaThread "Unconstrained build operations Thread 39" [_thread_blocked, id=3688, stack(0x0000008ff4600000,0x0000008ff4700000)]
  0x000001b938005000 JavaThread "Unconstrained build operations Thread 40" [_thread_blocked, id=5696, stack(0x0000008ff4700000,0x0000008ff4800000)]
  0x000001b938005800 JavaThread "Unconstrained build operations Thread 41" [_thread_blocked, id=7804, stack(0x0000008ff4800000,0x0000008ff4900000)]
  0x000001b938007000 JavaThread "Unconstrained build operations Thread 42" [_thread_blocked, id=15036, stack(0x0000008ff4900000,0x0000008ff4a00000)]
  0x000001b938006800 JavaThread "Unconstrained build operations Thread 43" [_thread_blocked, id=16008, stack(0x0000008ff4a00000,0x0000008ff4b00000)]
  0x000001b938008000 JavaThread "Unconstrained build operations Thread 44" [_thread_blocked, id=11160, stack(0x0000008ff4b00000,0x0000008ff4c00000)]
  0x000001b938002800 JavaThread "Unconstrained build operations Thread 45" [_thread_blocked, id=3292, stack(0x0000008ff4c00000,0x0000008ff4d00000)]
  0x000001b938009000 JavaThread "Unconstrained build operations Thread 46" [_thread_blocked, id=15620, stack(0x0000008ff4d00000,0x0000008ff4e00000)]
  0x000001b938003000 JavaThread "Unconstrained build operations Thread 47" [_thread_blocked, id=8428, stack(0x0000008ff4e00000,0x0000008ff4f00000)]
  0x000001b936efc800 JavaThread "Unconstrained build operations Thread 48" [_thread_blocked, id=10780, stack(0x0000008ff4f00000,0x0000008ff5000000)]
  0x000001b936eff000 JavaThread "Unconstrained build operations Thread 49" [_thread_blocked, id=15404, stack(0x0000008ff5000000,0x0000008ff5100000)]
  0x000001b936efe000 JavaThread "Unconstrained build operations Thread 50" [_thread_blocked, id=8332, stack(0x0000008ff5100000,0x0000008ff5200000)]
  0x000001b936ef9800 JavaThread "Unconstrained build operations Thread 51" [_thread_blocked, id=3716, stack(0x0000008ff5200000,0x0000008ff5300000)]
  0x000001b936f00000 JavaThread "Unconstrained build operations Thread 52" [_thread_blocked, id=10360, stack(0x0000008ff5300000,0x0000008ff5400000)]
  0x000001b936efa000 JavaThread "Unconstrained build operations Thread 53" [_thread_blocked, id=12596, stack(0x0000008ff5400000,0x0000008ff5500000)]
  0x000001b936efd800 JavaThread "Unconstrained build operations Thread 54" [_thread_blocked, id=1756, stack(0x0000008ff5500000,0x0000008ff5600000)]
  0x000001b936f00800 JavaThread "Unconstrained build operations Thread 55" [_thread_blocked, id=10220, stack(0x0000008ff5600000,0x0000008ff5700000)]
  0x000001b936efb000 JavaThread "Unconstrained build operations Thread 56" [_thread_blocked, id=3384, stack(0x0000008ff5700000,0x0000008ff5800000)]
  0x000001b936efb800 JavaThread "Unconstrained build operations Thread 57" [_thread_blocked, id=14704, stack(0x0000008ff5800000,0x0000008ff5900000)]
  0x000001b936f02000 JavaThread "Unconstrained build operations Thread 58" [_thread_blocked, id=9020, stack(0x0000008ff5900000,0x0000008ff5a00000)]
  0x000001b936f07000 JavaThread "Unconstrained build operations Thread 59" [_thread_blocked, id=10812, stack(0x0000008ff5a00000,0x0000008ff5b00000)]
  0x000001b936f04000 JavaThread "Unconstrained build operations Thread 60" [_thread_blocked, id=2608, stack(0x0000008ff5b00000,0x0000008ff5c00000)]
  0x000001b936f04800 JavaThread "Unconstrained build operations Thread 61" [_thread_blocked, id=15160, stack(0x0000008ff5c00000,0x0000008ff5d00000)]
  0x000001b936f05800 JavaThread "Unconstrained build operations Thread 62" [_thread_blocked, id=14044, stack(0x0000008ff5d00000,0x0000008ff5e00000)]
  0x000001b936f03000 JavaThread "Unconstrained build operations Thread 63" [_thread_blocked, id=2256, stack(0x0000008ff5e00000,0x0000008ff5f00000)]
  0x000001b936f06800 JavaThread "Unconstrained build operations Thread 64" [_thread_blocked, id=5504, stack(0x0000008ff5f00000,0x0000008ff6000000)]
  0x000001b936f01800 JavaThread "Unconstrained build operations Thread 65" [_thread_blocked, id=1484, stack(0x0000008ff6000000,0x0000008ff6100000)]
  0x000001b936f08000 JavaThread "Unconstrained build operations Thread 66" [_thread_blocked, id=12952, stack(0x0000008ff6100000,0x0000008ff6200000)]
  0x000001b93bbb2000 JavaThread "Unconstrained build operations Thread 67" [_thread_blocked, id=15184, stack(0x0000008ff6200000,0x0000008ff6300000)]
  0x000001b93bbb2800 JavaThread "Unconstrained build operations Thread 68" [_thread_blocked, id=11132, stack(0x0000008ff6300000,0x0000008ff6400000)]
  0x000001b93bbb0000 JavaThread "Unconstrained build operations Thread 69" [_thread_blocked, id=15876, stack(0x0000008ff6400000,0x0000008ff6500000)]
  0x000001b93bbaf800 JavaThread "Unconstrained build operations Thread 70" [_thread_blocked, id=2068, stack(0x0000008ff6500000,0x0000008ff6600000)]
  0x000001b93bbb1000 JavaThread "Unconstrained build operations Thread 71" [_thread_blocked, id=9188, stack(0x0000008ff6600000,0x0000008ff6700000)]
  0x000001b93bbb5000 JavaThread "Unconstrained build operations Thread 72" [_thread_blocked, id=6232, stack(0x0000008ff6700000,0x0000008ff6800000)]
  0x000001b93bbb7800 JavaThread "Unconstrained build operations Thread 73" [_thread_blocked, id=13128, stack(0x0000008ff6800000,0x0000008ff6900000)]
  0x000001b93bbb8800 JavaThread "Unconstrained build operations Thread 74" [_thread_blocked, id=15644, stack(0x0000008ff6900000,0x0000008ff6a00000)]
  0x000001b93bbb6000 JavaThread "Unconstrained build operations Thread 75" [_thread_blocked, id=15572, stack(0x0000008ff6a00000,0x0000008ff6b00000)]
  0x000001b93bbb6800 JavaThread "Unconstrained build operations Thread 76" [_thread_blocked, id=11700, stack(0x0000008ff6b00000,0x0000008ff6c00000)]
  0x000001b93bbb9000 JavaThread "Unconstrained build operations Thread 77" [_thread_blocked, id=8568, stack(0x0000008ff6c00000,0x0000008ff6d00000)]
  0x000001b93bbb4800 JavaThread "Unconstrained build operations Thread 78" [_thread_blocked, id=2044, stack(0x0000008ff6d00000,0x0000008ff6e00000)]
  0x000001b93bbb3800 JavaThread "Unconstrained build operations Thread 79" [_thread_blocked, id=13644, stack(0x0000008ff6e00000,0x0000008ff6f00000)]
  0x000001b93bbba000 JavaThread "Unconstrained build operations Thread 80" [_thread_blocked, id=16088, stack(0x0000008ff6f00000,0x0000008ff7000000)]
=>0x000001b93d685800 JavaThread "C2 CompilerThread1" daemon [_thread_in_native, id=14648, stack(0x0000008ff1200000,0x0000008ff1300000)]

Other Threads:
  0x000001b9319dc000 VMThread "VM Thread" [stack: 0x0000008fedf00000,0x0000008fee000000] [id=16252]
  0x000001b9324ff800 WatcherThread [stack: 0x0000008fee900000,0x0000008feea00000] [id=4976]
  0x000001b9139d5800 GCTaskThread "GC Thread#0" [stack: 0x0000008feda00000,0x0000008fedb00000] [id=5452]
  0x000001b933355800 GCTaskThread "GC Thread#1" [stack: 0x0000008feec00000,0x0000008feed00000] [id=15684]
  0x000001b933080000 GCTaskThread "GC Thread#2" [stack: 0x0000008feed00000,0x0000008feee00000] [id=15916]
  0x000001b934146000 GCTaskThread "GC Thread#3" [stack: 0x0000008feee00000,0x0000008feef00000] [id=15704]
  0x000001b93448a800 GCTaskThread "GC Thread#4" [stack: 0x0000008fef700000,0x0000008fef800000] [id=14112]
  0x000001b93448b800 GCTaskThread "GC Thread#5" [stack: 0x0000008fef800000,0x0000008fef900000] [id=14332]
  0x000001b934271800 GCTaskThread "GC Thread#6" [stack: 0x0000008fef900000,0x0000008fefa00000] [id=2180]
  0x000001b934272000 GCTaskThread "GC Thread#7" [stack: 0x0000008fefa00000,0x0000008fefb00000] [id=5940]
  0x000001b913a09800 ConcurrentGCThread "G1 Main Marker" [stack: 0x0000008fedb00000,0x0000008fedc00000] [id=3396]
  0x000001b913a0a800 ConcurrentGCThread "G1 Conc#0" [stack: 0x0000008fedc00000,0x0000008fedd00000] [id=15524]
  0x000001b93299d800 ConcurrentGCThread "G1 Conc#1" [stack: 0x0000008feff00000,0x0000008ff0000000] [id=15356]
  0x000001b931850800 ConcurrentGCThread "G1 Refine#0" [stack: 0x0000008fedd00000,0x0000008fede00000] [id=13700]
  0x000001b9333b1000 ConcurrentGCThread "G1 Refine#1" [stack: 0x0000008fefb00000,0x0000008fefc00000] [id=4240]
  0x000001b931851800 ConcurrentGCThread "G1 Young RemSet Sampling" [stack: 0x0000008fede00000,0x0000008fedf00000] [id=2004]

Threads with active compile tasks:
C2 CompilerThread1    28160 9127   !   4       com.sun.beans.TypeResolver::resolve (261 bytes)

VM state:not at safepoint (normal execution)

VM Mutex/Monitor currently owned by a thread: None

Heap address: 0x0000000080000000, size: 2048 MB, Compressed Oops mode: 32-bit
Narrow klass base: 0x0000000000000000, Narrow klass shift: 3
Compressed class space size: 528482304 Address: 0x0000000100000000

Heap:
 garbage-first heap   total 131072K, used 76621K [0x0000000080000000, 0x0000000100000000)
  region size 1024K, 5 young (5120K), 3 survivors (3072K)
 Metaspace       used 83934K, capacity 86462K, committed 86692K, reserved 591872K
  class space    used 11024K, capacity 12052K, committed 12124K, reserved 516096K
Heap Regions: E=young(eden), S=young(survivor), O=old, HS=humongous(starts), HC=humongous(continues), CS=collection set, F=free, A=archive, TAMS=top-at-mark-start (previous, next)
|   0|0x0000000080000000, 0x0000000080100000, 0x0000000080100000|100%| O|  |TAMS 0x0000000080100000, 0x0000000080000000| Untracked 
|   1|0x0000000080100000, 0x0000000080200000, 0x0000000080200000|100%| O|  |TAMS 0x0000000080200000, 0x0000000080100000| Untracked 
|   2|0x0000000080200000, 0x0000000080300000, 0x0000000080300000|100%| O|  |TAMS 0x0000000080300000, 0x0000000080200000| Untracked 
|   3|0x0000000080300000, 0x0000000080400000, 0x0000000080400000|100%|HS|  |TAMS 0x0000000080400000, 0x0000000080300000| Complete 
|   4|0x0000000080400000, 0x0000000080500000, 0x0000000080500000|100%|HC|  |TAMS 0x0000000080500000, 0x0000000080400000| Complete 
|   5|0x0000000080500000, 0x0000000080600000, 0x0000000080600000|100%|HC|  |TAMS 0x0000000080600000, 0x0000000080500000| Complete 
|   6|0x0000000080600000, 0x0000000080700000, 0x0000000080700000|100%| O|  |TAMS 0x0000000080700000, 0x0000000080600000| Untracked 
|   7|0x0000000080700000, 0x0000000080800000, 0x0000000080800000|100%| O|  |TAMS 0x0000000080800000, 0x0000000080700000| Untracked 
|   8|0x0000000080800000, 0x0000000080900000, 0x0000000080900000|100%| O|  |TAMS 0x0000000080900000, 0x0000000080800000| Untracked 
|   9|0x0000000080900000, 0x0000000080a00000, 0x0000000080a00000|100%| O|  |TAMS 0x0000000080a00000, 0x0000000080900000| Untracked 
|  10|0x0000000080a00000, 0x0000000080b00000, 0x0000000080b00000|100%| O|  |TAMS 0x0000000080b00000, 0x0000000080a00000| Untracked 
|  11|0x0000000080b00000, 0x0000000080c00000, 0x0000000080c00000|100%| O|  |TAMS 0x0000000080c00000, 0x0000000080b00000| Untracked 
|  12|0x0000000080c00000, 0x0000000080d00000, 0x0000000080d00000|100%| O|  |TAMS 0x0000000080d00000, 0x0000000080c00000| Untracked 
|  13|0x0000000080d00000, 0x0000000080e00000, 0x0000000080e00000|100%| O|  |TAMS 0x0000000080e00000, 0x0000000080d00000| Untracked 
|  14|0x0000000080e00000, 0x0000000080f00000, 0x0000000080f00000|100%| O|  |TAMS 0x0000000080f00000, 0x0000000080e00000| Untracked 
|  15|0x0000000080f00000, 0x0000000081000000, 0x0000000081000000|100%| O|  |TAMS 0x0000000081000000, 0x0000000080f00000| Untracked 
|  16|0x0000000081000000, 0x0000000081100000, 0x0000000081100000|100%| O|  |TAMS 0x0000000081100000, 0x0000000081000000| Untracked 
|  17|0x0000000081100000, 0x0000000081200000, 0x0000000081200000|100%|HS|  |TAMS 0x0000000081200000, 0x0000000081100000| Complete 
|  18|0x0000000081200000, 0x0000000081300000, 0x0000000081300000|100%| O|  |TAMS 0x0000000081300000, 0x0000000081200000| Untracked 
|  19|0x0000000081300000, 0x0000000081400000, 0x0000000081400000|100%| O|  |TAMS 0x0000000081400000, 0x0000000081300000| Untracked 
|  20|0x0000000081400000, 0x0000000081500000, 0x0000000081500000|100%| O|  |TAMS 0x0000000081500000, 0x0000000081400000| Untracked 
|  21|0x0000000081500000, 0x0000000081600000, 0x0000000081600000|100%| O|  |TAMS 0x0000000081600000, 0x0000000081500000| Untracked 
|  22|0x0000000081600000, 0x0000000081700000, 0x0000000081700000|100%| O|  |TAMS 0x0000000081700000, 0x0000000081600000| Untracked 
|  23|0x0000000081700000, 0x0000000081800000, 0x0000000081800000|100%| O|  |TAMS 0x0000000081800000, 0x0000000081700000| Untracked 
|  24|0x0000000081800000, 0x0000000081900000, 0x0000000081900000|100%| O|  |TAMS 0x0000000081900000, 0x0000000081800000| Untracked 
|  25|0x0000000081900000, 0x0000000081a00000, 0x0000000081a00000|100%| O|  |TAMS 0x0000000081a00000, 0x0000000081900000| Untracked 
|  26|0x0000000081a00000, 0x0000000081b00000, 0x0000000081b00000|100%| O|  |TAMS 0x0000000081b00000, 0x0000000081a00000| Untracked 
|  27|0x0000000081b00000, 0x0000000081c00000, 0x0000000081c00000|100%| O|  |TAMS 0x0000000081c00000, 0x0000000081b00000| Untracked 
|  28|0x0000000081c00000, 0x0000000081d00000, 0x0000000081d00000|100%|HS|  |TAMS 0x0000000081d00000, 0x0000000081c00000| Complete 
|  29|0x0000000081d00000, 0x0000000081e00000, 0x0000000081e00000|100%|HC|  |TAMS 0x0000000081e00000, 0x0000000081d00000| Complete 
|  30|0x0000000081e00000, 0x0000000081f00000, 0x0000000081f00000|100%|HC|  |TAMS 0x0000000081f00000, 0x0000000081e00000| Complete 
|  31|0x0000000081f00000, 0x0000000082000000, 0x0000000082000000|100%| O|  |TAMS 0x0000000082000000, 0x0000000081f00000| Untracked 
|  32|0x0000000082000000, 0x0000000082100000, 0x0000000082100000|100%| O|  |TAMS 0x0000000082100000, 0x0000000082000000| Untracked 
|  33|0x0000000082100000, 0x0000000082200000, 0x0000000082200000|100%| O|  |TAMS 0x0000000082200000, 0x0000000082100000| Untracked 
|  34|0x0000000082200000, 0x0000000082300000, 0x0000000082300000|100%| O|  |TAMS 0x0000000082300000, 0x0000000082200000| Untracked 
|  35|0x0000000082300000, 0x0000000082400000, 0x0000000082400000|100%| O|  |TAMS 0x0000000082400000, 0x0000000082300000| Untracked 
|  36|0x0000000082400000, 0x0000000082500000, 0x0000000082500000|100%| O|  |TAMS 0x0000000082500000, 0x0000000082400000| Untracked 
|  37|0x0000000082500000, 0x0000000082600000, 0x0000000082600000|100%| O|  |TAMS 0x0000000082600000, 0x0000000082500000| Untracked 
|  38|0x0000000082600000, 0x0000000082700000, 0x0000000082700000|100%| O|  |TAMS 0x0000000082700000, 0x0000000082600000| Untracked 
|  39|0x0000000082700000, 0x0000000082800000, 0x0000000082800000|100%| O|  |TAMS 0x0000000082800000, 0x0000000082700000| Untracked 
|  40|0x0000000082800000, 0x0000000082900000, 0x0000000082900000|100%| O|  |TAMS 0x0000000082900000, 0x0000000082800000| Untracked 
|  41|0x0000000082900000, 0x0000000082a00000, 0x0000000082a00000|100%| O|  |TAMS 0x0000000082a00000, 0x0000000082900000| Untracked 
|  42|0x0000000082a00000, 0x0000000082b00000, 0x0000000082b00000|100%| O|  |TAMS 0x0000000082b00000, 0x0000000082a00000| Untracked 
|  43|0x0000000082b00000, 0x0000000082c00000, 0x0000000082c00000|100%|HS|  |TAMS 0x0000000082c00000, 0x0000000082b00000| Complete 
|  44|0x0000000082c00000, 0x0000000082d00000, 0x0000000082d00000|100%|HS|  |TAMS 0x0000000082d00000, 0x0000000082c00000| Complete 
|  45|0x0000000082d00000, 0x0000000082e00000, 0x0000000082e00000|100%|HS|  |TAMS 0x0000000082e00000, 0x0000000082d00000| Complete 
|  46|0x0000000082e00000, 0x0000000082f00000, 0x0000000082f00000|100%|HC|  |TAMS 0x0000000082f00000, 0x0000000082e00000| Complete 
|  47|0x0000000082f00000, 0x0000000083000000, 0x0000000083000000|100%| O|  |TAMS 0x0000000083000000, 0x0000000082f00000| Untracked 
|  48|0x0000000083000000, 0x0000000083100000, 0x0000000083100000|100%| O|  |TAMS 0x0000000083100000, 0x0000000083000000| Untracked 
|  49|0x0000000083100000, 0x0000000083200000, 0x0000000083200000|100%| O|  |TAMS 0x0000000083200000, 0x0000000083100000| Untracked 
|  50|0x0000000083200000, 0x0000000083300000, 0x0000000083300000|100%| O|  |TAMS 0x0000000083300000, 0x0000000083200000| Untracked 
|  51|0x0000000083300000, 0x0000000083400000, 0x0000000083400000|100%| O|  |TAMS 0x0000000083400000, 0x0000000083300000| Untracked 
|  52|0x0000000083400000, 0x0000000083500000, 0x0000000083500000|100%| O|  |TAMS 0x0000000083500000, 0x0000000083400000| Untracked 
|  53|0x0000000083500000, 0x0000000083600000, 0x0000000083600000|100%| O|  |TAMS 0x0000000083600000, 0x0000000083500000| Untracked 
|  54|0x0000000083600000, 0x0000000083700000, 0x0000000083700000|100%| O|  |TAMS 0x0000000083700000, 0x0000000083600000| Untracked 
|  55|0x0000000083700000, 0x0000000083800000, 0x0000000083800000|100%| O|  |TAMS 0x0000000083800000, 0x0000000083700000| Untracked 
|  56|0x0000000083800000, 0x0000000083900000, 0x0000000083900000|100%| O|  |TAMS 0x0000000083900000, 0x0000000083800000| Untracked 
|  57|0x0000000083900000, 0x0000000083a00000, 0x0000000083a00000|100%| O|  |TAMS 0x0000000083a00000, 0x0000000083900000| Untracked 
|  58|0x0000000083a00000, 0x0000000083b00000, 0x0000000083b00000|100%| O|  |TAMS 0x0000000083b00000, 0x0000000083a00000| Untracked 
|  59|0x0000000083b00000, 0x0000000083c00000, 0x0000000083c00000|100%| O|  |TAMS 0x0000000083c00000, 0x0000000083b00000| Untracked 
|  60|0x0000000083c00000, 0x0000000083d00000, 0x0000000083d00000|100%| O|  |TAMS 0x0000000083d00000, 0x0000000083c00000| Untracked 
|  61|0x0000000083d00000, 0x0000000083e00000, 0x0000000083e00000|100%| O|  |TAMS 0x0000000083e00000, 0x0000000083d00000| Untracked 
|  62|0x0000000083e00000, 0x0000000083f00000, 0x0000000083f00000|100%| O|  |TAMS 0x0000000083f00000, 0x0000000083e00000| Untracked 
|  63|0x0000000083f00000, 0x0000000084000000, 0x0000000084000000|100%| O|  |TAMS 0x0000000084000000, 0x0000000083f00000| Untracked 
|  64|0x0000000084000000, 0x0000000084100000, 0x0000000084100000|100%| O|  |TAMS 0x0000000084100000, 0x0000000084000000| Untracked 
|  65|0x0000000084100000, 0x0000000084200000, 0x0000000084200000|100%| O|  |TAMS 0x0000000084200000, 0x0000000084100000| Untracked 
|  66|0x0000000084200000, 0x0000000084300000, 0x0000000084300000|100%| O|  |TAMS 0x0000000084300000, 0x0000000084200000| Untracked 
|  67|0x0000000084300000, 0x0000000084400000, 0x0000000084400000|100%| O|  |TAMS 0x0000000084400000, 0x0000000084300000| Untracked 
|  68|0x0000000084400000, 0x0000000084500000, 0x0000000084500000|100%| O|  |TAMS 0x0000000084500000, 0x0000000084400000| Untracked 
|  69|0x0000000084500000, 0x0000000084600000, 0x0000000084600000|100%| O|  |TAMS 0x0000000084600000, 0x0000000084500000| Untracked 
|  70|0x0000000084600000, 0x00000000846d3400, 0x0000000084700000| 82%| O|  |TAMS 0x00000000846d3400, 0x0000000084600000| Untracked 
|  71|0x0000000084700000, 0x0000000084700000, 0x0000000084800000|  0%| F|  |TAMS 0x0000000084700000, 0x0000000084700000| Untracked 
|  72|0x0000000084800000, 0x0000000084800000, 0x0000000084900000|  0%| F|  |TAMS 0x0000000084800000, 0x0000000084800000| Untracked 
|  73|0x0000000084900000, 0x0000000084900000, 0x0000000084a00000|  0%| F|  |TAMS 0x0000000084900000, 0x0000000084900000| Untracked 
|  74|0x0000000084a00000, 0x0000000084a00000, 0x0000000084b00000|  0%| F|  |TAMS 0x0000000084a00000, 0x0000000084a00000| Untracked 
|  75|0x0000000084b00000, 0x0000000084b00000, 0x0000000084c00000|  0%| F|  |TAMS 0x0000000084b00000, 0x0000000084b00000| Untracked 
|  76|0x0000000084c00000, 0x0000000084c00000, 0x0000000084d00000|  0%| F|  |TAMS 0x0000000084c00000, 0x0000000084c00000| Untracked 
|  77|0x0000000084d00000, 0x0000000084d00000, 0x0000000084e00000|  0%| F|  |TAMS 0x0000000084d00000, 0x0000000084d00000| Untracked 
|  78|0x0000000084e00000, 0x0000000084e00000, 0x0000000084f00000|  0%| F|  |TAMS 0x0000000084e00000, 0x0000000084e00000| Untracked 
|  79|0x0000000084f00000, 0x0000000084f00000, 0x0000000085000000|  0%| F|  |TAMS 0x0000000084f00000, 0x0000000084f00000| Untracked 
|  80|0x0000000085000000, 0x0000000085000000, 0x0000000085100000|  0%| F|  |TAMS 0x0000000085000000, 0x0000000085000000| Untracked 
|  81|0x0000000085100000, 0x0000000085100000, 0x0000000085200000|  0%| F|  |TAMS 0x0000000085100000, 0x0000000085100000| Untracked 
|  82|0x0000000085200000, 0x0000000085200000, 0x0000000085300000|  0%| F|  |TAMS 0x0000000085200000, 0x0000000085200000| Untracked 
|  83|0x0000000085300000, 0x0000000085300000, 0x0000000085400000|  0%| F|  |TAMS 0x0000000085300000, 0x0000000085300000| Untracked 
|  84|0x0000000085400000, 0x0000000085400000, 0x0000000085500000|  0%| F|  |TAMS 0x0000000085400000, 0x0000000085400000| Untracked 
|  85|0x0000000085500000, 0x0000000085500000, 0x0000000085600000|  0%| F|  |TAMS 0x0000000085500000, 0x0000000085500000| Untracked 
|  86|0x0000000085600000, 0x0000000085600000, 0x0000000085700000|  0%| F|  |TAMS 0x0000000085600000, 0x0000000085600000| Untracked 
|  87|0x0000000085700000, 0x0000000085700000, 0x0000000085800000|  0%| F|  |TAMS 0x0000000085700000, 0x0000000085700000| Untracked 
|  88|0x0000000085800000, 0x0000000085800000, 0x0000000085900000|  0%| F|  |TAMS 0x0000000085800000, 0x0000000085800000| Untracked 
|  89|0x0000000085900000, 0x0000000085900000, 0x0000000085a00000|  0%| F|  |TAMS 0x0000000085900000, 0x0000000085900000| Untracked 
|  90|0x0000000085a00000, 0x0000000085a00000, 0x0000000085b00000|  0%| F|  |TAMS 0x0000000085a00000, 0x0000000085a00000| Untracked 
|  91|0x0000000085b00000, 0x0000000085c00000, 0x0000000085c00000|100%| S|CS|TAMS 0x0000000085b00000, 0x0000000085b00000| Complete 
|  92|0x0000000085c00000, 0x0000000085d00000, 0x0000000085d00000|100%| S|CS|TAMS 0x0000000085c00000, 0x0000000085c00000| Complete 
|  93|0x0000000085d00000, 0x0000000085e00000, 0x0000000085e00000|100%| S|CS|TAMS 0x0000000085d00000, 0x0000000085d00000| Complete 
|  94|0x0000000085e00000, 0x0000000085e00000, 0x0000000085f00000|  0%| F|  |TAMS 0x0000000085e00000, 0x0000000085e00000| Untracked 
|  95|0x0000000085f00000, 0x0000000085f00000, 0x0000000086000000|  0%| F|  |TAMS 0x0000000085f00000, 0x0000000085f00000| Untracked 
|  96|0x0000000086000000, 0x0000000086000000, 0x0000000086100000|  0%| F|  |TAMS 0x0000000086000000, 0x0000000086000000| Untracked 
|  97|0x0000000086100000, 0x0000000086100000, 0x0000000086200000|  0%| F|  |TAMS 0x0000000086100000, 0x0000000086100000| Untracked 
|  98|0x0000000086200000, 0x0000000086200000, 0x0000000086300000|  0%| F|  |TAMS 0x0000000086200000, 0x0000000086200000| Untracked 
|  99|0x0000000086300000, 0x0000000086300000, 0x0000000086400000|  0%| F|  |TAMS 0x0000000086300000, 0x0000000086300000| Untracked 
| 100|0x0000000086400000, 0x0000000086400000, 0x0000000086500000|  0%| F|  |TAMS 0x0000000086400000, 0x0000000086400000| Untracked 
| 101|0x0000000086500000, 0x0000000086500000, 0x0000000086600000|  0%| F|  |TAMS 0x0000000086500000, 0x0000000086500000| Untracked 
| 102|0x0000000086600000, 0x0000000086600000, 0x0000000086700000|  0%| F|  |TAMS 0x0000000086600000, 0x0000000086600000| Untracked 
| 103|0x0000000086700000, 0x0000000086700000, 0x0000000086800000|  0%| F|  |TAMS 0x0000000086700000, 0x0000000086700000| Untracked 
| 104|0x0000000086800000, 0x0000000086800000, 0x0000000086900000|  0%| F|  |TAMS 0x0000000086800000, 0x0000000086800000| Untracked 
| 105|0x0000000086900000, 0x0000000086900000, 0x0000000086a00000|  0%| F|  |TAMS 0x0000000086900000, 0x0000000086900000| Untracked 
| 106|0x0000000086a00000, 0x0000000086a00000, 0x0000000086b00000|  0%| F|  |TAMS 0x0000000086a00000, 0x0000000086a00000| Untracked 
| 107|0x0000000086b00000, 0x0000000086b00000, 0x0000000086c00000|  0%| F|  |TAMS 0x0000000086b00000, 0x0000000086b00000| Untracked 
| 108|0x0000000086c00000, 0x0000000086c00000, 0x0000000086d00000|  0%| F|  |TAMS 0x0000000086c00000, 0x0000000086c00000| Untracked 
| 109|0x0000000086d00000, 0x0000000086d00000, 0x0000000086e00000|  0%| F|  |TAMS 0x0000000086d00000, 0x0000000086d00000| Untracked 
| 110|0x0000000086e00000, 0x0000000086e00000, 0x0000000086f00000|  0%| F|  |TAMS 0x0000000086e00000, 0x0000000086e00000| Untracked 
| 111|0x0000000086f00000, 0x0000000086f00000, 0x0000000087000000|  0%| F|  |TAMS 0x0000000086f00000, 0x0000000086f00000| Untracked 
| 112|0x0000000087000000, 0x0000000087000000, 0x0000000087100000|  0%| F|  |TAMS 0x0000000087000000, 0x0000000087000000| Untracked 
| 113|0x0000000087100000, 0x0000000087100000, 0x0000000087200000|  0%| F|  |TAMS 0x0000000087100000, 0x0000000087100000| Untracked 
| 114|0x0000000087200000, 0x0000000087200000, 0x0000000087300000|  0%| F|  |TAMS 0x0000000087200000, 0x0000000087200000| Untracked 
| 115|0x0000000087300000, 0x0000000087300000, 0x0000000087400000|  0%| F|  |TAMS 0x0000000087300000, 0x0000000087300000| Untracked 
| 116|0x0000000087400000, 0x0000000087400000, 0x0000000087500000|  0%| F|  |TAMS 0x0000000087400000, 0x0000000087400000| Untracked 
| 117|0x0000000087500000, 0x0000000087500000, 0x0000000087600000|  0%| F|  |TAMS 0x0000000087500000, 0x0000000087500000| Untracked 
| 118|0x0000000087600000, 0x0000000087600000, 0x0000000087700000|  0%| F|  |TAMS 0x0000000087600000, 0x0000000087600000| Untracked 
| 119|0x0000000087700000, 0x0000000087700000, 0x0000000087800000|  0%| F|  |TAMS 0x0000000087700000, 0x0000000087700000| Untracked 
| 120|0x0000000087800000, 0x0000000087800000, 0x0000000087900000|  0%| F|  |TAMS 0x0000000087800000, 0x0000000087800000| Untracked 
| 121|0x0000000087900000, 0x0000000087900000, 0x0000000087a00000|  0%| F|  |TAMS 0x0000000087900000, 0x0000000087900000| Untracked 
| 122|0x0000000087a00000, 0x0000000087a00000, 0x0000000087b00000|  0%| F|  |TAMS 0x0000000087a00000, 0x0000000087a00000| Untracked 
| 123|0x0000000087b00000, 0x0000000087b00000, 0x0000000087c00000|  0%| F|  |TAMS 0x0000000087b00000, 0x0000000087b00000| Untracked 
| 124|0x0000000087c00000, 0x0000000087c00000, 0x0000000087d00000|  0%| F|  |TAMS 0x0000000087c00000, 0x0000000087c00000| Untracked 
| 125|0x0000000087d00000, 0x0000000087d00000, 0x0000000087e00000|  0%| F|  |TAMS 0x0000000087d00000, 0x0000000087d00000| Untracked 
| 126|0x0000000087e00000, 0x0000000087e050c8, 0x0000000087f00000|  1%| E|  |TAMS 0x0000000087e00000, 0x0000000087e00000| Complete 
| 127|0x0000000087f00000, 0x0000000088000000, 0x0000000088000000|100%| E|CS|TAMS 0x0000000087f00000, 0x0000000087f00000| Complete 

Card table byte_map: [0x000001b92a7b0000,0x000001b92abb0000] _byte_map_base: 0x000001b92a3b0000

Marking Bits (Prev, Next): (CMBitMap*) 0x000001b913a00a40, (CMBitMap*) 0x000001b913a00a08
 Prev Bits: [0x000001b92cfb0000, 0x000001b92efb0000)
 Next Bits: [0x000001b92afb0000, 0x000001b92cfb0000)

Polling page: 0x000001b911990000

Metaspace:

Usage:
  Non-class:     72.67 MB capacity,    71.20 MB ( 98%) used,     1.22 MB (  2%) free+waste,   249.81 KB ( <1%) overhead. 
      Class:     11.77 MB capacity,    10.77 MB ( 91%) used,   906.68 KB (  8%) free+waste,   121.31 KB (  1%) overhead. 
       Both:     84.44 MB capacity,    81.97 MB ( 97%) used,     2.11 MB (  2%) free+waste,   371.13 KB ( <1%) overhead. 

Virtual space:
  Non-class space:       74.00 MB reserved,      72.82 MB ( 98%) committed 
      Class space:      504.00 MB reserved,      11.84 MB (  2%) committed 
             Both:      578.00 MB reserved,      84.66 MB ( 15%) committed 

Chunk freelists:
   Non-Class:  3.75 KB
       Class:  1.50 KB
        Both:  5.25 KB

CodeHeap 'non-profiled nmethods': size=120000Kb used=5661Kb max_used=5661Kb free=114338Kb
 bounds [0x000001b922b40000, 0x000001b9230d0000, 0x000001b92a070000]
CodeHeap 'profiled nmethods': size=120000Kb used=19880Kb max_used=19880Kb free=100119Kb
 bounds [0x000001b91b610000, 0x000001b91c980000, 0x000001b922b40000]
CodeHeap 'non-nmethods': size=5760Kb used=2300Kb max_used=2358Kb free=3459Kb
 bounds [0x000001b91b070000, 0x000001b91b2e0000, 0x000001b91b610000]
 total_blobs=10045 nmethods=9136 adapters=819
 compilation: enabled
              stopped_count=0, restarted_count=0
 full_count=0

Compilation events (10 events):
Event: 27.162 Thread 0x000001b931a10000 nmethod 9193 0x000001b91c979990 code [0x000001b91c979b40, 0x000001b91c979de8]
Event: 27.164 Thread 0x000001b931a10000 9194       1       org.gradle.internal.action.DefaultConfigurableRule::isCacheable (5 bytes)
Event: 27.164 Thread 0x000001b931a10000 nmethod 9194 0x000001b9230a5610 code [0x000001b9230a57a0, 0x000001b9230a5858]
Event: 27.165 Thread 0x000001b931a10000 9195       3       org.gradle.internal.Actions::doNothing (4 bytes)
Event: 27.165 Thread 0x000001b931a10000 nmethod 9195 0x000001b91c979f10 code [0x000001b91c97a0a0, 0x000001b91c97a198]
Event: 27.831 Thread 0x000001b93d685800 nmethod 9182 0x000001b9230a5910 code [0x000001b9230a6120, 0x000001b9230b1250]
Event: 27.831 Thread 0x000001b93d685800 9142       4       com.sun.beans.TypeResolver::getActualType (24 bytes)
Event: 27.842 Thread 0x000001b93d685800 nmethod 9142 0x000001b9230b5410 code [0x000001b9230b5640, 0x000001b9230b5f00]
Event: 27.843 Thread 0x000001b93d685800 9127   !   4       com.sun.beans.TypeResolver::resolve (261 bytes)
Event: 27.904 Thread 0x000001b931a0c000 nmethod 9188 0x000001b9230b6590 code [0x000001b9230b7060, 0x000001b9230c2840]

GC Heap History (10 events):
Event: 24.572 GC heap before
{Heap before GC invocations=17 (full 0):
 garbage-first heap   total 131072K, used 109246K [0x0000000080000000, 0x0000000100000000)
  region size 1024K, 61 young (62464K), 8 survivors (8192K)
 Metaspace       used 72555K, capacity 74810K, committed 75044K, reserved 581632K
  class space    used 9667K, capacity 10610K, committed 10716K, reserved 516096K
}
Event: 24.582 GC heap after
{Heap after GC invocations=18 (full 0):
 garbage-first heap   total 131072K, used 63120K [0x0000000080000000, 0x0000000100000000)
  region size 1024K, 8 young (8192K), 8 survivors (8192K)
 Metaspace       used 72555K, capacity 74810K, committed 75044K, reserved 581632K
  class space    used 9667K, capacity 10610K, committed 10716K, reserved 516096K
}
Event: 25.558 GC heap before
{Heap before GC invocations=18 (full 0):
 garbage-first heap   total 131072K, used 105104K [0x0000000080000000, 0x0000000100000000)
  region size 1024K, 49 young (50176K), 8 survivors (8192K)
 Metaspace       used 78979K, capacity 81306K, committed 81700K, reserved 587776K
  class space    used 10355K, capacity 11341K, committed 11484K, reserved 516096K
}
Event: 25.564 GC heap after
{Heap after GC invocations=19 (full 0):
 garbage-first heap   total 131072K, used 66025K [0x0000000080000000, 0x0000000100000000)
  region size 1024K, 3 young (3072K), 3 survivors (3072K)
 Metaspace       used 78979K, capacity 81306K, committed 81700K, reserved 587776K
  class space    used 10355K, capacity 11341K, committed 11484K, reserved 516096K
}
Event: 26.406 GC heap before
{Heap before GC invocations=19 (full 0):
 garbage-first heap   total 131072K, used 105961K [0x0000000080000000, 0x0000000100000000)
  region size 1024K, 43 young (44032K), 3 survivors (3072K)
 Metaspace       used 82444K, capacity 84853K, committed 85156K, reserved 589824K
  class space    used 10775K, capacity 11772K, committed 11868K, reserved 516096K
}
Event: 26.412 GC heap after
{Heap after GC invocations=20 (full 0):
 garbage-first heap   total 131072K, used 68985K [0x0000000080000000, 0x0000000100000000)
  region size 1024K, 6 young (6144K), 6 survivors (6144K)
 Metaspace       used 82444K, capacity 84853K, committed 85156K, reserved 589824K
  class space    used 10775K, capacity 11772K, committed 11868K, reserved 516096K
}
Event: 26.925 GC heap before
{Heap before GC invocations=21 (full 0):
 garbage-first heap   total 131072K, used 106873K [0x0000000080000000, 0x0000000100000000)
  region size 1024K, 43 young (44032K), 6 survivors (6144K)
 Metaspace       used 83749K, capacity 86284K, committed 86436K, reserved 591872K
  class space    used 10994K, capacity 12013K, committed 12124K, reserved 516096K
}
Event: 26.933 GC heap after
{Heap after GC invocations=22 (full 0):
 garbage-first heap   total 131072K, used 72758K [0x0000000080000000, 0x0000000100000000)
  region size 1024K, 4 young (4096K), 4 survivors (4096K)
 Metaspace       used 83749K, capacity 86284K, committed 86436K, reserved 591872K
  class space    used 10994K, capacity 12013K, committed 12124K, reserved 516096K
}
Event: 27.149 GC heap before
{Heap before GC invocations=22 (full 0):
 garbage-first heap   total 131072K, used 107574K [0x0000000080000000, 0x0000000100000000)
  region size 1024K, 38 young (38912K), 4 survivors (4096K)
 Metaspace       used 83932K, capacity 86462K, committed 86692K, reserved 591872K
  class space    used 11024K, capacity 12052K, committed 12124K, reserved 516096K
}
Event: 27.156 GC heap after
{Heap after GC invocations=23 (full 0):
 garbage-first heap   total 131072K, used 75597K [0x0000000080000000, 0x0000000100000000)
  region size 1024K, 3 young (3072K), 3 survivors (3072K)
 Metaspace       used 83932K, capacity 86462K, committed 86692K, reserved 591872K
  class space    used 11024K, capacity 12052K, committed 12124K, reserved 516096K
}

Deoptimization events (10 events):
Event: 26.459 Thread 0x000001b9338f0800 Uncommon trap: reason=unstable_if action=reinterpret pc=0x000001b92305bc18 method=org.objectweb.asm.Label.resolve([BI)Z @ 80 c2
Event: 26.459 Thread 0x000001b9338f0800 Uncommon trap: reason=unstable_if action=reinterpret pc=0x000001b922e239a0 method=org.objectweb.asm.Label.resolve([BI)Z @ 80 c2
Event: 26.615 Thread 0x000001b9338f0800 Uncommon trap: reason=unstable_if action=reinterpret pc=0x000001b922c19e7c method=java.lang.AbstractStringBuilder.appendChars(Ljava/lang/CharSequence;II)V @ 43 c2
Event: 26.615 Thread 0x000001b9338f0800 Uncommon trap: reason=unstable_if action=reinterpret pc=0x000001b922b6e014 method=java.lang.AbstractStringBuilder.isLatin1()Z @ 10 c2
Event: 26.615 Thread 0x000001b9338f0800 Uncommon trap: reason=unstable_if action=reinterpret pc=0x000001b922d73624 method=java.lang.AbstractStringBuilder.putStringAt(ILjava/lang/String;)V @ 8 c2
Event: 26.615 Thread 0x000001b9338f0800 Uncommon trap: reason=unstable_if action=reinterpret pc=0x000001b922b75cec method=java.lang.String.getBytes([BIB)V @ 5 c2
Event: 26.620 Thread 0x000001b9338f0800 Uncommon trap: reason=unstable_if action=reinterpret pc=0x000001b922ec4500 method=java.util.regex.Pattern.closure(Ljava/util/regex/Pattern$Node;)Ljava/util/regex/Pattern$Node; @ 79 c2
Event: 26.775 Thread 0x000001b9338f0800 Uncommon trap: reason=unstable_if action=reinterpret pc=0x000001b922cde560 method=java.util.StringJoiner.add(Ljava/lang/CharSequence;)Ljava/util/StringJoiner; @ 33 c2
Event: 26.860 Thread 0x000001b9338f0800 Uncommon trap: reason=null_check action=make_not_entrant pc=0x000001b922e01a64 method=com.sun.beans.introspect.MethodInfo$MethodOrder.compare(Ljava/lang/reflect/Method;Ljava/lang/reflect/Method;)I @ 133 c2
Event: 26.981 Thread 0x000001b9338f0800 Uncommon trap: reason=null_check action=make_not_entrant pc=0x000001b92308879c method=com.sun.beans.introspect.MethodInfo$MethodOrder.compare(Ljava/lang/reflect/Method;Ljava/lang/reflect/Method;)I @ 145 c2

Classes redefined (0 events):
No events

Internal exceptions (10 events):
Event: 27.129 Thread 0x000001b9338f0800 Exception <a 'java/lang/ClassNotFoundException'{0x000000008620dae0}: org/gradle/api/internal/ConventionTaskCustomizer> (0x000000008620dae0) thrown at [./open/src/hotspot/share/classfile/systemDictionary.cpp, line 226]
Event: 27.131 Thread 0x000001b9338f0800 Exception <a 'java/lang/ClassNotFoundException'{0x000000008624ca50}: org/gradle/api/tasks/AbstractCopyTaskCustomizer> (0x000000008624ca50) thrown at [./open/src/hotspot/share/classfile/systemDictionary.cpp, line 226]
Event: 27.135 Thread 0x000001b9338f0800 Exception <a 'java/lang/ClassNotFoundException'{0x00000000862e66d8}: org/gradle/api/tasks/CopyCustomizer> (0x00000000862e66d8) thrown at [./open/src/hotspot/share/classfile/systemDictionary.cpp, line 226]
Event: 27.136 Thread 0x000001b9338f0800 Exception <a 'java/lang/ClassNotFoundException'{0x000000008612b9b8}: org/gradle/api/tasks/Copy_DecoratedCustomizer> (0x000000008612b9b8) thrown at [./open/src/hotspot/share/classfile/systemDictionary.cpp, line 226]
Event: 27.144 Thread 0x000001b9338f0800 Exception <a 'java/lang/ClassNotFoundException'{0x0000000085e1de40}: org/gradle/api/internal/artifacts/configurations/DefaultConfigurationContainer_DecoratedBeanInfo> (0x0000000085e1de40) thrown at [./open/src/hotspot/share/classfile/systemDictionary.cpp,
Event: 27.145 Thread 0x000001b9338f0800 Exception <a 'java/lang/ClassNotFoundException'{0x0000000085e69ce0}: org/gradle/api/internal/artifacts/configurations/DefaultConfigurationContainerBeanInfo> (0x0000000085e69ce0) thrown at [./open/src/hotspot/share/classfile/systemDictionary.cpp, line 226]
Event: 27.147 Thread 0x000001b9338f0800 Exception <a 'java/lang/ClassNotFoundException'{0x0000000085ea33e8}: org/gradle/api/internal/AbstractValidatingNamedDomainObjectContainerBeanInfo> (0x0000000085ea33e8) thrown at [./open/src/hotspot/share/classfile/systemDictionary.cpp, line 226]
Event: 27.148 Thread 0x000001b9338f0800 Exception <a 'java/lang/ClassNotFoundException'{0x0000000085edce40}: org/gradle/api/internal/AbstractValidatingNamedDomainObjectContainerCustomizer> (0x0000000085edce40) thrown at [./open/src/hotspot/share/classfile/systemDictionary.cpp, line 226]
Event: 27.157 Thread 0x000001b9338f0800 Exception <a 'java/lang/ClassNotFoundException'{0x0000000087f34120}: org/gradle/api/internal/artifacts/configurations/DefaultConfigurationContainerCustomizer> (0x0000000087f34120) thrown at [./open/src/hotspot/share/classfile/systemDictionary.cpp, line 22
Event: 27.159 Thread 0x000001b9338f0800 Exception <a 'java/lang/ClassNotFoundException'{0x0000000087f98828}: org/gradle/api/internal/artifacts/configurations/DefaultConfigurationContainer_DecoratedCustomizer> (0x0000000087f98828) thrown at [./open/src/hotspot/share/classfile/systemDictionary.cp

Events (10 events):
Event: 27.159 loading class org/gradle/api/internal/artifacts/configurations/DefaultConfigurationContainer_DecoratedCustomizer
Event: 27.159 loading class org/gradle/api/internal/artifacts/configurations/DefaultConfigurationContainer_DecoratedCustomizer done
Event: 27.159 loading class org/gradle/api/internal/artifacts/configurations/DefaultConfigurationContainer_DecoratedCustomizer
Event: 27.159 loading class org/gradle/api/internal/artifacts/configurations/DefaultConfigurationContainer_DecoratedCustomizer done
Event: 27.159 loading class org/gradle/api/internal/artifacts/configurations/DefaultConfigurationContainer_DecoratedCustomizer
Event: 27.159 loading class org/gradle/api/internal/artifacts/configurations/DefaultConfigurationContainer_DecoratedCustomizer done
Event: 27.260 Executing VM operation: CGC_Operation
Event: 27.268 Executing VM operation: CGC_Operation done
Event: 27.321 Executing VM operation: CGC_Operation
Event: 27.322 Executing VM operation: CGC_Operation done


Dynamic libraries:
0x00007ff6b9d40000 - 0x00007ff6b9d4f000 	C:\Program Files\Java\jdk-11.0.16\bin\java.exe
0x00007ff86a410000 - 0x00007ff86a605000 	C:\WINDOWS\SYSTEM32\ntdll.dll
0x00007ff869700000 - 0x00007ff8697be000 	C:\WINDOWS\System32\KERNEL32.DLL
0x00007ff867f50000 - 0x00007ff868218000 	C:\WINDOWS\System32\KERNELBASE.dll
0x00007ff867c70000 - 0x00007ff867d70000 	C:\WINDOWS\System32\ucrtbase.dll
0x00007ff83a760000 - 0x00007ff83a775000 	C:\Program Files\Java\jdk-11.0.16\bin\VCRUNTIME140.dll
0x00007ff8392e0000 - 0x00007ff8392f8000 	C:\Program Files\Java\jdk-11.0.16\bin\jli.dll
0x00007ff869a10000 - 0x00007ff869abe000 	C:\WINDOWS\System32\ADVAPI32.dll
0x00007ff869370000 - 0x00007ff86940e000 	C:\WINDOWS\System32\msvcrt.dll
0x00007ff869ac0000 - 0x00007ff869b5c000 	C:\WINDOWS\System32\sechost.dll
0x00007ff869ec0000 - 0x00007ff869fe5000 	C:\WINDOWS\System32\RPCRT4.dll
0x00007ff8697c0000 - 0x00007ff869960000 	C:\WINDOWS\System32\USER32.dll
0x00007ff866f40000 - 0x00007ff8671da000 	C:\WINDOWS\WinSxS\amd64_microsoft.windows.common-controls_6595b64144ccf1df_6.0.19041.1110_none_60b5254171f9507e\COMCTL32.dll
0x00007ff867b30000 - 0x00007ff867b52000 	C:\WINDOWS\System32\win32u.dll
0x00007ff86a0c0000 - 0x00007ff86a0eb000 	C:\WINDOWS\System32\GDI32.dll
0x00007ff867b60000 - 0x00007ff867c6b000 	C:\WINDOWS\System32\gdi32full.dll
0x00007ff867eb0000 - 0x00007ff867f4d000 	C:\WINDOWS\System32\msvcp_win.dll
0x00007ff8611d0000 - 0x00007ff8611da000 	C:\WINDOWS\SYSTEM32\VERSION.dll
0x00007ff869650000 - 0x00007ff869680000 	C:\WINDOWS\System32\IMM32.DLL
0x00007ff8248f0000 - 0x00007ff82498b000 	C:\Program Files\Java\jdk-11.0.16\bin\msvcp140.dll
0x00007ffffe7c0000 - 0x00007fffff2d8000 	C:\Program Files\Java\jdk-11.0.16\bin\server\jvm.dll
0x00007ff869640000 - 0x00007ff869648000 	C:\WINDOWS\System32\PSAPI.DLL
0x00007ff84ee30000 - 0x00007ff84ee57000 	C:\WINDOWS\SYSTEM32\WINMM.dll
0x00007ff852c10000 - 0x00007ff852c19000 	C:\WINDOWS\SYSTEM32\WSOCK32.dll
0x00007ff86a050000 - 0x00007ff86a0bb000 	C:\WINDOWS\System32\WS2_32.dll
0x00007ff8655d0000 - 0x00007ff8655e2000 	C:\WINDOWS\SYSTEM32\kernel.appcore.dll
0x00007ff83dd40000 - 0x00007ff83dd50000 	C:\Program Files\Java\jdk-11.0.16\bin\verify.dll
0x00007ff867400000 - 0x00007ff8675e4000 	C:\WINDOWS\SYSTEM32\DBGHELP.DLL
0x00007ff867300000 - 0x00007ff86732c000 	C:\WINDOWS\SYSTEM32\dbgcore.DLL
0x00007ff867e20000 - 0x00007ff867ea2000 	C:\WINDOWS\System32\bcryptPrimitives.dll
0x00007ff830c40000 - 0x00007ff830c68000 	C:\Program Files\Java\jdk-11.0.16\bin\java.dll
0x00007ff83b8f0000 - 0x00007ff83b8fa000 	C:\Program Files\Java\jdk-11.0.16\bin\jimage.dll
0x00007ff838dd0000 - 0x00007ff838de6000 	C:\Program Files\Java\jdk-11.0.16\bin\zip.dll
0x00007ff868c10000 - 0x00007ff869354000 	C:\WINDOWS\System32\SHELL32.dll
0x00007ff8655f0000 - 0x00007ff865d84000 	C:\WINDOWS\SYSTEM32\windows.storage.dll
0x00007ff869b60000 - 0x00007ff869eb4000 	C:\WINDOWS\System32\combase.dll
0x00007ff866ea0000 - 0x00007ff866ecc000 	C:\WINDOWS\SYSTEM32\Wldp.dll
0x00007ff868590000 - 0x00007ff86863d000 	C:\WINDOWS\System32\SHCORE.dll
0x00007ff869680000 - 0x00007ff8696d5000 	C:\WINDOWS\System32\shlwapi.dll
0x00007ff867a70000 - 0x00007ff867a8f000 	C:\WINDOWS\SYSTEM32\profapi.dll
0x00007ff836cd0000 - 0x00007ff836ce9000 	C:\Program Files\Java\jdk-11.0.16\bin\net.dll
0x00007ff8613a0000 - 0x00007ff8614a9000 	C:\WINDOWS\SYSTEM32\WINHTTP.dll
0x00007ff866c00000 - 0x00007ff866c6a000 	C:\WINDOWS\system32\mswsock.dll
0x00007ff82bd90000 - 0x00007ff82bda2000 	C:\Program Files\Java\jdk-11.0.16\bin\nio.dll
0x00007ff839450000 - 0x00007ff839477000 	C:\Users\Prabharsha\.gradle\native\e1d6ef7f7dcc3fd88c89a11ec53ec762bb8ba0a96d01ffa2cd45eb1d1d8dd5c5\windows-amd64\native-platform.dll
0x00007ff8040b0000 - 0x00007ff8041f4000 	C:\Users\Prabharsha\.gradle\native\0d407fdbe67a94daf76414ababcb853783967236a71b16ec16e742cd7a986fd3\windows-amd64\native-platform-file-events.dll
0x00007ff83b440000 - 0x00007ff83b449000 	C:\Program Files\Java\jdk-11.0.16\bin\management.dll
0x00007ff83a170000 - 0x00007ff83a17b000 	C:\Program Files\Java\jdk-11.0.16\bin\management_ext.dll
0x00007ff8678b0000 - 0x00007ff8678c8000 	C:\WINDOWS\SYSTEM32\CRYPTSP.dll
0x00007ff8665a0000 - 0x00007ff8665d4000 	C:\WINDOWS\system32\rsaenh.dll
0x00007ff868440000 - 0x00007ff868467000 	C:\WINDOWS\System32\bcrypt.dll
0x00007ff8679f0000 - 0x00007ff867a1e000 	C:\WINDOWS\SYSTEM32\USERENV.dll
0x00007ff866e90000 - 0x00007ff866e9c000 	C:\WINDOWS\SYSTEM32\CRYPTBASE.dll
0x00007ff8668f0000 - 0x00007ff86692b000 	C:\WINDOWS\SYSTEM32\IPHLPAPI.DLL
0x00007ff869570000 - 0x00007ff869578000 	C:\WINDOWS\System32\NSI.dll
0x00007ff8602d0000 - 0x00007ff8602e7000 	C:\WINDOWS\SYSTEM32\dhcpcsvc6.DLL
0x00007ff860750000 - 0x00007ff86076d000 	C:\WINDOWS\SYSTEM32\dhcpcsvc.DLL
0x00007ff866930000 - 0x00007ff8669fa000 	C:\WINDOWS\SYSTEM32\DNSAPI.dll

dbghelp: loaded successfully - version: 4.0.5 - missing functions: none
symbol engine: initialized successfully - sym options: 0x614 - pdb path: .;C:\Program Files\Java\jdk-11.0.16\bin;C:\WINDOWS\SYSTEM32;C:\WINDOWS\WinSxS\amd64_microsoft.windows.common-controls_6595b64144ccf1df_6.0.19041.1110_none_60b5254171f9507e;C:\Program Files\Java\jdk-11.0.16\bin\server;C:\Users\Prabharsha\.gradle\native\e1d6ef7f7dcc3fd88c89a11ec53ec762bb8ba0a96d01ffa2cd45eb1d1d8dd5c5\windows-amd64;C:\Users\Prabharsha\.gradle\native\0d407fdbe67a94daf76414ababcb853783967236a71b16ec16e742cd7a986fd3\windows-amd64

VM Arguments:
jvm_args: -XX:MaxMetaspaceSize=512m --add-opens=java.base/java.util=ALL-UNNAMED --add-opens=java.base/java.lang=ALL-UNNAMED --add-opens=java.base/java.lang.invoke=ALL-UNNAMED --add-opens=java.base/java.util=ALL-UNNAMED --add-opens=java.prefs/java.util.prefs=ALL-UNNAMED --add-opens=java.prefs/java.util.prefs=ALL-UNNAMED --add-opens=java.base/java.nio.charset=ALL-UNNAMED --add-opens=java.base/java.net=ALL-UNNAMED --add-opens=java.base/java.util.concurrent.atomic=ALL-UNNAMED -Xmx2048m -Dfile.encoding=windows-1252 -Duser.country=US -Duser.language=en -Duser.variant 
java_command: org.gradle.launcher.daemon.bootstrap.GradleDaemon 7.5.1
java_class_path (initial): C:\Users\Prabharsha\.gradle\wrapper\dists\gradle-7.5.1-all\1ehga6e77gqps5uk2kc5kf1vc\gradle-7.5.1\lib\gradle-launcher-7.5.1.jar
Launcher Type: SUN_STANDARD

[Global flags]
     intx CICompilerCount                          = 4                                         {product} {ergonomic}
   size_t CompressedClassSpaceSize                 = 528482304                                 {product} {ergonomic}
     uint ConcGCThreads                            = 2                                         {product} {ergonomic}
     uint G1ConcRefinementThreads                  = 8                                         {product} {ergonomic}
   size_t G1HeapRegionSize                         = 1048576                                   {product} {ergonomic}
    uintx GCDrainStackTargetSize                   = 64                                        {product} {ergonomic}
   size_t InitialHeapSize                          = 134217728                                 {product} {ergonomic}
   size_t MarkStackSize                            = 4194304                                   {product} {ergonomic}
   size_t MaxHeapSize                              = 2147483648                                {product} {command line}
   size_t MaxMetaspaceSize                         = 536870912                                 {product} {command line}
   size_t MaxNewSize                               = 1287651328                                {product} {ergonomic}
   size_t MinHeapDeltaBytes                        = 1048576                                   {product} {ergonomic}
    uintx NonNMethodCodeHeapSize                   = 5836300                                {pd product} {ergonomic}
    uintx NonProfiledCodeHeapSize                  = 122910970                              {pd product} {ergonomic}
    uintx ProfiledCodeHeapSize                     = 122910970                              {pd product} {ergonomic}
    uintx ReservedCodeCacheSize                    = 251658240                              {pd product} {ergonomic}
     bool SegmentedCodeCache                       = true                                      {product} {ergonomic}
     bool UseCompressedClassPointers               = true                                 {lp64_product} {ergonomic}
     bool UseCompressedOops                        = true                                 {lp64_product} {ergonomic}
     bool UseG1GC                                  = true                                      {product} {ergonomic}
     bool UseLargePagesIndividualAllocation        = false                                  {pd product} {ergonomic}

Logging:
Log output configuration:
 #0: stdout all=warning uptime,level,tags
 #1: stderr all=off uptime,level,tags

Environment Variables:
JAVA_HOME=C:\Program Files\Java\jdk-11.0.16
CLASSPATH=C:\SSD Idea Projects\Sem 3\AMD\CarSaleApp\FrontEnd\carSaleApp\android\\gradle\wrapper\gradle-wrapper.jar
PATH=C:\SSD Idea Projects\Sem 3\AMD\CarSaleApp\FrontEnd\carSaleApp\android\node_modules\.bin;C:\SSD Idea Projects\Sem 3\AMD\CarSaleApp\FrontEnd\carSaleApp\node_modules\.bin;C:\SSD Idea Projects\Sem 3\AMD\CarSaleApp\FrontEnd\node_modules\.bin;C:\SSD Idea Projects\Sem 3\AMD\CarSaleApp\node_modules\.bin;C:\SSD Idea Projects\Sem 3\AMD\node_modules\.bin;C:\SSD Idea Projects\Sem 3\node_modules\.bin;C:\SSD Idea Projects\node_modules\.bin;C:\node_modules\.bin;C:\Program Files\nodejs;C:\SSD Idea Projects\Sem 3\AMD\CarSaleApp\FrontEnd\carSaleApp\node_modules\.bin;C:\SSD Idea Projects\Sem 3\AMD\CarSaleApp\FrontEnd\carSaleApp\node_modules\.bin;C:\SSD Idea Projects\Sem 3\AMD\CarSaleApp\FrontEnd\node_modules\.bin;C:\SSD Idea Projects\Sem 3\AMD\CarSaleApp\node_modules\.bin;C:\SSD Idea Projects\Sem 3\AMD\node_modules\.bin;C:\SSD Idea Projects\Sem 3\node_modules\.bin;C:\SSD Idea Projects\node_modules\.bin;C:\node_modules\.bin;C:\Users\Prabharsha\AppData\Roaming\npm\node_modules\npm\node_modules\@npmcli\run-script\lib\node-gyp-bin;C:\Program Files\Java\jdk-11.0.16\bin;C:\Program Files\Common Files\Oracle\Java\javapath;C:\Program Files\Eclipse Adoptium\jdk-8.0.322.6-hotspot\bin;C:\Python310\Scripts\;C:\Python310\;C:\Program Files (x86)\Common Files\Oracle\Java\javapath;C:\WINDOWS\system32;C:\Program Files\Java\jdk1.8.0_271\bin;C:\WINDOWS;C:\WINDOWS\System32\Wbem;C:\WINDOWS\System32\WindowsPowerShell\v1.0\;C:\WINDOWS\System32\OpenSSH\;C:\Program Files\NVIDIA Corporation\NVIDIA NvDLISR;C:\Program Files (x86)\NVIDIA Corporation\PhysX\Common;C:\Program Files\MySQL\MySQL Server 8.0\bin;C:\Program Files (x86)\QuickTime\QTSystem\;C:\Program Files\Git\cmd;C:\ProgramData\chocolatey\bin;C:\Program Files (x86)\NoteBook FanControl\;C:\Program Files\nodejs\;C:\Program Files (x86)\dotnet\;%LOCALAPPDATA%\Android\Sdk\platform-tools;C:\Users\Prabharsha\AppData\Roaming\npm;C:\Program Files\MySQL\MySQL Shell 8.0\bin\;C:\Users\Prabharsha\AppData\Local\Microsoft\WindowsApps;C:\Program Files\JetBrains\Intelli
USERNAME=Prabharsha
OS=Windows_NT
PROCESSOR_IDENTIFIER=Intel64 Family 6 Model 142 Stepping 10, GenuineIntel



---------------  S Y S T E M  ---------------

OS: Windows 10 , 64 bit Build 19041 (10.0.19041.1566)

CPU:total 8 (initial active 8) (4 cores per cpu, 2 threads per core) family 6 model 142 stepping 10 microcode 0xb4, cmov, cx8, fxsr, mmx, sse, sse2, sse3, ssse3, sse4.1, sse4.2, popcnt, avx, avx2, aes, clmul, erms, 3dnowpref, lzcnt, ht, tsc, tscinvbit, bmi1, bmi2, adx, fma

Memory: 4k page, system-wide physical 8074M (424M free)
TotalPageFile size 12074M (AvailPageFile size 3M)
current process WorkingSet (physical memory assigned to process): 389M, peak: 397M
current process commit charge ("private bytes"): 436M, peak: 443M

vm_info: Java HotSpot(TM) 64-Bit Server VM (11.0.16+11-LTS-199) for windows-amd64 JRE (11.0.16+11-LTS-199), built on Jun 28 2022 08:23:17 by "mach5one" with MS VC++ 15.9 (VS2017)

END.
