#
# There is insufficient memory for the Java Runtime Environment to continue.
# Native memory allocation (malloc) failed to allocate 214816 bytes for Chunk::new
# Possible reasons:
#   The system is out of physical RAM or swap space
#   The process is running with CompressedOops enabled, and the Java Heap may be blocking the growth of the native heap
# Possible solutions:
#   Reduce memory load on the system
#   Increase physical memory or swap space
#   Check if swap backing store is full
#   Decrease Java heap size (-Xmx/-Xms)
#   Decrease number of Java threads
#   Decrease Java thread stack sizes (-Xss)
#   Set larger code cache with -XX:ReservedCodeCacheSize=
#   JVM is running with Unscaled Compressed Oops mode in which the Java heap is
#     placed in the first 4GB address space. The Java Heap base address is the
#     maximum limit for the native heap growth. Please use -XX:HeapBaseMinAddress
#     to set the Java Heap base and to place the Java Heap above 4GB virtual address.
# This output file may be truncated or incomplete.
#
#  Out of Memory Error (./open/src/hotspot/share/memory/arena.cpp:197), pid=12008, tid=12216
#
# JRE version: Java(TM) SE Runtime Environment 18.9 (11.0.16+11) (build 11.0.16+11-LTS-199)
# Java VM: Java HotSpot(TM) 64-Bit Server VM 18.9 (11.0.16+11-LTS-199, mixed mode, tiered, compressed oops, g1 gc, windows-amd64)
# No core dump will be written. Minidumps are not enabled by default on client versions of Windows
#

---------------  S U M M A R Y ------------

Command Line: -Xmx64m -Xms64m -Dorg.gradle.appname=gradlew org.gradle.wrapper.GradleWrapperMain app:installDebug -PreactNativeDevServerPort=8081

Host: Intel(R) Core(TM) i5-8250U CPU @ 1.60GHz, 8 cores, 7G,  Windows 10 , 64 bit Build 19041 (10.0.19041.1566)
Time: Thu Oct  6 11:05:06 2022 Sri Lanka Standard Time elapsed time: 2.175918 seconds (0d 0h 0m 2s)

---------------  T H R E A D  ---------------

Current thread (0x000001c15885f000):  JavaThread "C2 CompilerThread1" daemon [_thread_in_native, id=12216, stack(0x000000563b000000,0x000000563b100000)]


Current CompileTask:
C2:   2176 1338       4       jdk.internal.org.objectweb.asm.Item::set (219 bytes)

Stack: [0x000000563b000000,0x000000563b100000]
Native frames: (J=compiled Java code, j=interpreted, Vv=VM code, C=native code)
V  [jvm.dll+0x62a3ea]
V  [jvm.dll+0x76418f]
V  [jvm.dll+0x765839]
V  [jvm.dll+0x765ec3]
V  [jvm.dll+0x23da98]
V  [jvm.dll+0xb2a1c]
V  [jvm.dll+0xb2fdc]
V  [jvm.dll+0x2ae814]
V  [jvm.dll+0x53d97b]
V  [jvm.dll+0x1f9ff7]
V  [jvm.dll+0x1f756d]
V  [jvm.dll+0x177c81]
V  [jvm.dll+0x207006]
V  [jvm.dll+0x20519b]
V  [jvm.dll+0x729fa0]
V  [jvm.dll+0x722b74]
V  [jvm.dll+0x629286]
C  [ucrtbase.dll+0x21bb2]
C  [KERNEL32.DLL+0x17034]
C  [ntdll.dll+0x52651]


---------------  P R O C E S S  ---------------

Threads class SMR info:
_java_thread_list=0x000001c157c94ba0, length=11, elements={
0x000001c13d8eb800, 0x000001c157699000, 0x000001c1576c5000, 0x000001c15771f800,
0x000001c157722800, 0x000001c157724000, 0x000001c157728000, 0x000001c15772e000,
0x000001c157738000, 0x000001c1579b4800, 0x000001c15885f000
}

Java Threads: ( => current thread )
  0x000001c13d8eb800 JavaThread "main" [_thread_blocked, id=13116, stack(0x0000005639f00000,0x000000563a000000)]
  0x000001c157699000 JavaThread "Reference Handler" daemon [_thread_blocked, id=12656, stack(0x000000563a600000,0x000000563a700000)]
  0x000001c1576c5000 JavaThread "Finalizer" daemon [_thread_blocked, id=15676, stack(0x000000563a700000,0x000000563a800000)]
  0x000001c15771f800 JavaThread "Signal Dispatcher" daemon [_thread_blocked, id=9720, stack(0x000000563a800000,0x000000563a900000)]
  0x000001c157722800 JavaThread "Attach Listener" daemon [_thread_blocked, id=6252, stack(0x000000563a900000,0x000000563aa00000)]
  0x000001c157724000 JavaThread "Service Thread" daemon [_thread_blocked, id=3508, stack(0x000000563aa00000,0x000000563ab00000)]
  0x000001c157728000 JavaThread "C2 CompilerThread0" daemon [_thread_blocked, id=11548, stack(0x000000563ab00000,0x000000563ac00000)]
  0x000001c15772e000 JavaThread "C1 CompilerThread0" daemon [_thread_blocked, id=1452, stack(0x000000563ac00000,0x000000563ad00000)]
  0x000001c157738000 JavaThread "Sweeper thread" daemon [_thread_blocked, id=9540, stack(0x000000563ad00000,0x000000563ae00000)]
  0x000001c1579b4800 JavaThread "Common-Cleaner" daemon [_thread_blocked, id=6168, stack(0x000000563af00000,0x000000563b000000)]
=>0x000001c15885f000 JavaThread "C2 CompilerThread1" daemon [_thread_in_native, id=12216, stack(0x000000563b000000,0x000000563b100000)]

Other Threads:
  0x000001c157696800 VMThread "VM Thread" [stack: 0x000000563a500000,0x000000563a600000] [id=16136]
  0x000001c1579af000 WatcherThread [stack: 0x000000563ae00000,0x000000563af00000] [id=15356]
  0x000001c13d8ff000 GCTaskThread "GC Thread#0" [stack: 0x000000563a000000,0x000000563a100000] [id=13228]
  0x000001c158554800 GCTaskThread "GC Thread#1" [stack: 0x000000563b100000,0x000000563b200000] [id=3784]
  0x000001c1589f2000 GCTaskThread "GC Thread#2" [stack: 0x000000563b400000,0x000000563b500000] [id=5168]
  0x000001c1589e1800 GCTaskThread "GC Thread#3" [stack: 0x000000563b500000,0x000000563b600000] [id=5128]
  0x000001c1589e2000 GCTaskThread "GC Thread#4" [stack: 0x000000563b600000,0x000000563b700000] [id=16308]
  0x000001c1589e2800 GCTaskThread "GC Thread#5" [stack: 0x000000563b700000,0x000000563b800000] [id=12016]
  0x000001c13d908000 ConcurrentGCThread "G1 Main Marker" [stack: 0x000000563a100000,0x000000563a200000] [id=15508]
  0x000001c13d909800 ConcurrentGCThread "G1 Conc#0" [stack: 0x000000563a200000,0x000000563a300000] [id=9960]
  0x000001c13d96d800 ConcurrentGCThread "G1 Refine#0" [stack: 0x000000563a300000,0x000000563a400000] [id=8312]
  0x000001c13d96e800 ConcurrentGCThread "G1 Young RemSet Sampling" [stack: 0x000000563a400000,0x000000563a500000] [id=712]

Threads with active compile tasks:
C2 CompilerThread1     2347 1338       4       jdk.internal.org.objectweb.asm.Item::set (219 bytes)

VM state:not at safepoint (normal execution)

VM Mutex/Monitor currently owned by a thread: None

Heap address: 0x00000000fc000000, size: 64 MB, Compressed Oops mode: 32-bit
Narrow klass base: 0x0000000000000000, Narrow klass shift: 3
Compressed class space size: 1073741824 Address: 0x0000000100000000

Heap:
 garbage-first heap   total 65536K, used 10388K [0x00000000fc000000, 0x0000000100000000)
  region size 1024K, 3 young (3072K), 2 survivors (2048K)
 Metaspace       used 15743K, capacity 16051K, committed 16384K, reserved 1062912K
  class space    used 1816K, capacity 1955K, committed 2048K, reserved 1048576K
Heap Regions: E=young(eden), S=young(survivor), O=old, HS=humongous(starts), HC=humongous(continues), CS=collection set, F=free, A=archive, TAMS=top-at-mark-start (previous, next)
|   0|0x00000000fc000000, 0x00000000fc100000, 0x00000000fc100000|100%| O|  |TAMS 0x00000000fc000000, 0x00000000fc000000| Untracked 
|   1|0x00000000fc100000, 0x00000000fc200000, 0x00000000fc200000|100%| O|  |TAMS 0x00000000fc100000, 0x00000000fc100000| Untracked 
|   2|0x00000000fc200000, 0x00000000fc200000, 0x00000000fc300000|  0%| F|  |TAMS 0x00000000fc200000, 0x00000000fc200000| Untracked 
|   3|0x00000000fc300000, 0x00000000fc400000, 0x00000000fc400000|100%|HS|  |TAMS 0x00000000fc300000, 0x00000000fc300000| Complete 
|   4|0x00000000fc400000, 0x00000000fc500000, 0x00000000fc500000|100%|HC|  |TAMS 0x00000000fc400000, 0x00000000fc400000| Complete 
|   5|0x00000000fc500000, 0x00000000fc600000, 0x00000000fc600000|100%|HC|  |TAMS 0x00000000fc500000, 0x00000000fc500000| Complete 
|   6|0x00000000fc600000, 0x00000000fc700000, 0x00000000fc700000|100%| O|  |TAMS 0x00000000fc600000, 0x00000000fc600000| Untracked 
|   7|0x00000000fc700000, 0x00000000fc800000, 0x00000000fc800000|100%| O|  |TAMS 0x00000000fc700000, 0x00000000fc700000| Untracked 
|   8|0x00000000fc800000, 0x00000000fc900000, 0x00000000fc900000|100%| O|  |TAMS 0x00000000fc800000, 0x00000000fc800000| Untracked 
|   9|0x00000000fc900000, 0x00000000fca00000, 0x00000000fca00000|100%| O|  |TAMS 0x00000000fc900000, 0x00000000fc900000| Untracked 
|  10|0x00000000fca00000, 0x00000000fca00000, 0x00000000fcb00000|  0%| F|  |TAMS 0x00000000fca00000, 0x00000000fca00000| Untracked 
|  11|0x00000000fcb00000, 0x00000000fcb00000, 0x00000000fcc00000|  0%| F|  |TAMS 0x00000000fcb00000, 0x00000000fcb00000| Untracked 
|  12|0x00000000fcc00000, 0x00000000fcc00000, 0x00000000fcd00000|  0%| F|  |TAMS 0x00000000fcc00000, 0x00000000fcc00000| Untracked 
|  13|0x00000000fcd00000, 0x00000000fcd00000, 0x00000000fce00000|  0%| F|  |TAMS 0x00000000fcd00000, 0x00000000fcd00000| Untracked 
|  14|0x00000000fce00000, 0x00000000fce00000, 0x00000000fcf00000|  0%| F|  |TAMS 0x00000000fce00000, 0x00000000fce00000| Untracked 
|  15|0x00000000fcf00000, 0x00000000fcf00000, 0x00000000fd000000|  0%| F|  |TAMS 0x00000000fcf00000, 0x00000000fcf00000| Untracked 
|  16|0x00000000fd000000, 0x00000000fd000000, 0x00000000fd100000|  0%| F|  |TAMS 0x00000000fd000000, 0x00000000fd000000| Untracked 
|  17|0x00000000fd100000, 0x00000000fd100000, 0x00000000fd200000|  0%| F|  |TAMS 0x00000000fd100000, 0x00000000fd100000| Untracked 
|  18|0x00000000fd200000, 0x00000000fd200000, 0x00000000fd300000|  0%| F|  |TAMS 0x00000000fd200000, 0x00000000fd200000| Untracked 
|  19|0x00000000fd300000, 0x00000000fd300000, 0x00000000fd400000|  0%| F|  |TAMS 0x00000000fd300000, 0x00000000fd300000| Untracked 
|  20|0x00000000fd400000, 0x00000000fd400000, 0x00000000fd500000|  0%| F|  |TAMS 0x00000000fd400000, 0x00000000fd400000| Untracked 
|  21|0x00000000fd500000, 0x00000000fd500000, 0x00000000fd600000|  0%| F|  |TAMS 0x00000000fd500000, 0x00000000fd500000| Untracked 
|  22|0x00000000fd600000, 0x00000000fd600000, 0x00000000fd700000|  0%| F|  |TAMS 0x00000000fd600000, 0x00000000fd600000| Untracked 
|  23|0x00000000fd700000, 0x00000000fd700000, 0x00000000fd800000|  0%| F|  |TAMS 0x00000000fd700000, 0x00000000fd700000| Untracked 
|  24|0x00000000fd800000, 0x00000000fd800000, 0x00000000fd900000|  0%| F|  |TAMS 0x00000000fd800000, 0x00000000fd800000| Untracked 
|  25|0x00000000fd900000, 0x00000000fd900000, 0x00000000fda00000|  0%| F|  |TAMS 0x00000000fd900000, 0x00000000fd900000| Untracked 
|  26|0x00000000fda00000, 0x00000000fda00000, 0x00000000fdb00000|  0%| F|  |TAMS 0x00000000fda00000, 0x00000000fda00000| Untracked 
|  27|0x00000000fdb00000, 0x00000000fdb00000, 0x00000000fdc00000|  0%| F|  |TAMS 0x00000000fdb00000, 0x00000000fdb00000| Untracked 
|  28|0x00000000fdc00000, 0x00000000fdc00000, 0x00000000fdd00000|  0%| F|  |TAMS 0x00000000fdc00000, 0x00000000fdc00000| Untracked 
|  29|0x00000000fdd00000, 0x00000000fdd00000, 0x00000000fde00000|  0%| F|  |TAMS 0x00000000fdd00000, 0x00000000fdd00000| Untracked 
|  30|0x00000000fde00000, 0x00000000fde00000, 0x00000000fdf00000|  0%| F|  |TAMS 0x00000000fde00000, 0x00000000fde00000| Untracked 
|  31|0x00000000fdf00000, 0x00000000fdf00000, 0x00000000fe000000|  0%| F|  |TAMS 0x00000000fdf00000, 0x00000000fdf00000| Untracked 
|  32|0x00000000fe000000, 0x00000000fe000000, 0x00000000fe100000|  0%| F|  |TAMS 0x00000000fe000000, 0x00000000fe000000| Untracked 
|  33|0x00000000fe100000, 0x00000000fe125050, 0x00000000fe200000| 14%| S|CS|TAMS 0x00000000fe100000, 0x00000000fe100000| Complete 
|  34|0x00000000fe200000, 0x00000000fe300000, 0x00000000fe300000|100%| S|CS|TAMS 0x00000000fe200000, 0x00000000fe200000| Complete 
|  35|0x00000000fe300000, 0x00000000fe300000, 0x00000000fe400000|  0%| F|  |TAMS 0x00000000fe300000, 0x00000000fe300000| Untracked 
|  36|0x00000000fe400000, 0x00000000fe400000, 0x00000000fe500000|  0%| F|  |TAMS 0x00000000fe400000, 0x00000000fe400000| Untracked 
|  37|0x00000000fe500000, 0x00000000fe500000, 0x00000000fe600000|  0%| F|  |TAMS 0x00000000fe500000, 0x00000000fe500000| Untracked 
|  38|0x00000000fe600000, 0x00000000fe600000, 0x00000000fe700000|  0%| F|  |TAMS 0x00000000fe600000, 0x00000000fe600000| Untracked 
|  39|0x00000000fe700000, 0x00000000fe700000, 0x00000000fe800000|  0%| F|  |TAMS 0x00000000fe700000, 0x00000000fe700000| Untracked 
|  40|0x00000000fe800000, 0x00000000fe800000, 0x00000000fe900000|  0%| F|  |TAMS 0x00000000fe800000, 0x00000000fe800000| Untracked 
|  41|0x00000000fe900000, 0x00000000fe900000, 0x00000000fea00000|  0%| F|  |TAMS 0x00000000fe900000, 0x00000000fe900000| Untracked 
|  42|0x00000000fea00000, 0x00000000fea00000, 0x00000000feb00000|  0%| F|  |TAMS 0x00000000fea00000, 0x00000000fea00000| Untracked 
|  43|0x00000000feb00000, 0x00000000feb00000, 0x00000000fec00000|  0%| F|  |TAMS 0x00000000feb00000, 0x00000000feb00000| Untracked 
|  44|0x00000000fec00000, 0x00000000fec00000, 0x00000000fed00000|  0%| F|  |TAMS 0x00000000fec00000, 0x00000000fec00000| Untracked 
|  45|0x00000000fed00000, 0x00000000fed00000, 0x00000000fee00000|  0%| F|  |TAMS 0x00000000fed00000, 0x00000000fed00000| Untracked 
|  46|0x00000000fee00000, 0x00000000fee00000, 0x00000000fef00000|  0%| F|  |TAMS 0x00000000fee00000, 0x00000000fee00000| Untracked 
|  47|0x00000000fef00000, 0x00000000fef00000, 0x00000000ff000000|  0%| F|  |TAMS 0x00000000fef00000, 0x00000000fef00000| Untracked 
|  48|0x00000000ff000000, 0x00000000ff000000, 0x00000000ff100000|  0%| F|  |TAMS 0x00000000ff000000, 0x00000000ff000000| Untracked 
|  49|0x00000000ff100000, 0x00000000ff100000, 0x00000000ff200000|  0%| F|  |TAMS 0x00000000ff100000, 0x00000000ff100000| Untracked 
|  50|0x00000000ff200000, 0x00000000ff200000, 0x00000000ff300000|  0%| F|  |TAMS 0x00000000ff200000, 0x00000000ff200000| Untracked 
|  51|0x00000000ff300000, 0x00000000ff300000, 0x00000000ff400000|  0%| F|  |TAMS 0x00000000ff300000, 0x00000000ff300000| Untracked 
|  52|0x00000000ff400000, 0x00000000ff400000, 0x00000000ff500000|  0%| F|  |TAMS 0x00000000ff400000, 0x00000000ff400000| Untracked 
|  53|0x00000000ff500000, 0x00000000ff500000, 0x00000000ff600000|  0%| F|  |TAMS 0x00000000ff500000, 0x00000000ff500000| Untracked 
|  54|0x00000000ff600000, 0x00000000ff600000, 0x00000000ff700000|  0%| F|  |TAMS 0x00000000ff600000, 0x00000000ff600000| Untracked 
|  55|0x00000000ff700000, 0x00000000ff700000, 0x00000000ff800000|  0%| F|  |TAMS 0x00000000ff700000, 0x00000000ff700000| Untracked 
|  56|0x00000000ff800000, 0x00000000ff800000, 0x00000000ff900000|  0%| F|  |TAMS 0x00000000ff800000, 0x00000000ff800000| Untracked 
|  57|0x00000000ff900000, 0x00000000ff900000, 0x00000000ffa00000|  0%| F|  |TAMS 0x00000000ff900000, 0x00000000ff900000| Untracked 
|  58|0x00000000ffa00000, 0x00000000ffa00000, 0x00000000ffb00000|  0%| F|  |TAMS 0x00000000ffa00000, 0x00000000ffa00000| Untracked 
|  59|0x00000000ffb00000, 0x00000000ffb00000, 0x00000000ffc00000|  0%| F|  |TAMS 0x00000000ffb00000, 0x00000000ffb00000| Untracked 
|  60|0x00000000ffc00000, 0x00000000ffc00000, 0x00000000ffd00000|  0%| F|  |TAMS 0x00000000ffc00000, 0x00000000ffc00000| Untracked 
|  61|0x00000000ffd00000, 0x00000000ffd00000, 0x00000000ffe00000|  0%| F|  |TAMS 0x00000000ffd00000, 0x00000000ffd00000| Untracked 
|  62|0x00000000ffe00000, 0x00000000ffe00000, 0x00000000fff00000|  0%| F|  |TAMS 0x00000000ffe00000, 0x00000000ffe00000| Untracked 
|  63|0x00000000fff00000, 0x00000000fff21c88, 0x0000000100000000| 13%| E|  |TAMS 0x00000000fff00000, 0x00000000fff00000| Complete 

Card table byte_map: [0x000001c13b8c0000,0x000001c13b8e0000] _byte_map_base: 0x000001c13b0e0000

Marking Bits (Prev, Next): (CMBitMap*) 0x000001c13d906d48, (CMBitMap*) 0x000001c13d906d80
 Prev Bits: [0x000001c1542d0000, 0x000001c1543d0000)
 Next Bits: [0x000001c1543d0000, 0x000001c1544d0000)

Polling page: 0x000001c13b870000

Metaspace:

Usage:
  Non-class:     13.77 MB capacity,    13.60 MB ( 99%) used,   146.25 KB (  1%) free+waste,    23.19 KB ( <1%) overhead. 
      Class:      1.91 MB capacity,     1.77 MB ( 93%) used,   126.57 KB (  6%) free+waste,    11.94 KB ( <1%) overhead. 
       Both:     15.67 MB capacity,    15.37 MB ( 98%) used,   272.82 KB (  2%) free+waste,    35.13 KB ( <1%) overhead. 

Virtual space:
  Non-class space:       14.00 MB reserved,      14.00 MB (100%) committed 
      Class space:        1.00 GB reserved,       2.00 MB ( <1%) committed 
             Both:        1.01 GB reserved,      16.00 MB (  2%) committed 

Chunk freelists:
   Non-Class:  6.00 KB
       Class:  3.63 KB
        Both:  9.63 KB

CodeHeap 'non-profiled nmethods': size=120000Kb used=515Kb max_used=515Kb free=119484Kb
 bounds [0x000001c14ca70000, 0x000001c14cce0000, 0x000001c153fa0000]
CodeHeap 'profiled nmethods': size=120000Kb used=2651Kb max_used=2651Kb free=117348Kb
 bounds [0x000001c145540000, 0x000001c1457e0000, 0x000001c14ca70000]
CodeHeap 'non-nmethods': size=5760Kb used=1107Kb max_used=1119Kb free=4652Kb
 bounds [0x000001c144fa0000, 0x000001c145210000, 0x000001c145540000]
 total_blobs=1803 nmethods=1373 adapters=342
 compilation: enabled
              stopped_count=0, restarted_count=0
 full_count=0

Compilation events (10 events):
Event: 2.143 Thread 0x000001c15885f000 nmethod 1333 0x000001c14caeef90 code [0x000001c14caef120, 0x000001c14caef418]
Event: 2.144 Thread 0x000001c15772e000 1335       3       java.util.StringTokenizer::scanToken (179 bytes)
Event: 2.146 Thread 0x000001c15772e000 nmethod 1335 0x000001c1457c4e10 code [0x000001c1457c5180, 0x000001c1457c6778]
Event: 2.146 Thread 0x000001c15772e000 1334       3       java.util.StringTokenizer::skipDelimiters (116 bytes)
Event: 2.146 Thread 0x000001c15772e000 nmethod 1334 0x000001c1457c6f90 code [0x000001c1457c7240, 0x000001c1457c7f68]
Event: 2.146 Thread 0x000001c15772e000 1336       3       java.util.StringTokenizer::hasMoreTokens (29 bytes)
Event: 2.147 Thread 0x000001c15772e000 nmethod 1336 0x000001c1457c8410 code [0x000001c1457c85c0, 0x000001c1457c8768]
Event: 2.147 Thread 0x000001c15772e000 1337       3       java.util.StringTokenizer::nextToken (92 bytes)
Event: 2.147 Thread 0x000001c15772e000 nmethod 1337 0x000001c1457c8810 code [0x000001c1457c89e0, 0x000001c1457c8d58]
Event: 2.148 Thread 0x000001c15885f000 1338       4       jdk.internal.org.objectweb.asm.Item::set (219 bytes)

GC Heap History (2 events):
Event: 0.919 GC heap before
{Heap before GC invocations=0 (full 0):
 garbage-first heap   total 65536K, used 29696K [0x00000000fc000000, 0x0000000100000000)
  region size 1024K, 24 young (24576K), 0 survivors (0K)
 Metaspace       used 10071K, capacity 10349K, committed 10624K, reserved 1058816K
  class space    used 1040K, capacity 1129K, committed 1152K, reserved 1048576K
}
Event: 0.926 GC heap after
{Heap after GC invocations=1 (full 0):
 garbage-first heap   total 65536K, used 9236K [0x00000000fc000000, 0x0000000100000000)
  region size 1024K, 3 young (3072K), 3 survivors (3072K)
 Metaspace       used 10071K, capacity 10349K, committed 10624K, reserved 1058816K
  class space    used 1040K, capacity 1129K, committed 1152K, reserved 1048576K
}

Deoptimization events (10 events):
Event: 0.889 Thread 0x000001c13d8eb800 Uncommon trap: reason=class_check action=maybe_recompile pc=0x000001c14ca8c5c4 method=java.util.regex.Matcher.match(II)Z @ 121 c2
Event: 0.890 Thread 0x000001c13d8eb800 Uncommon trap: reason=class_check action=maybe_recompile pc=0x000001c14ca8c5c4 method=java.util.regex.Matcher.match(II)Z @ 121 c2
Event: 0.894 Thread 0x000001c13d8eb800 Uncommon trap: reason=unstable_if action=reinterpret pc=0x000001c14cab5960 method=java.util.HashMap.hash(Ljava/lang/Object;)I @ 1 c2
Event: 1.006 Thread 0x000001c13d8eb800 Uncommon trap: reason=unstable_if action=reinterpret pc=0x000001c14ca901cc method=java.io.WinNTFileSystem.resolve(Ljava/lang/String;Ljava/lang/String;)Ljava/lang/String; @ 70 c2
Event: 1.053 Thread 0x000001c13d8eb800 Uncommon trap: reason=bimorphic_or_optimized_type_check action=maybe_recompile pc=0x000001c14caa58d4 method=java.util.HashMap.putVal(ILjava/lang/Object;Ljava/lang/Object;ZZ)Ljava/lang/Object; @ 91 c2
Event: 1.323 Thread 0x000001c13d8eb800 Uncommon trap: reason=unstable_if action=reinterpret pc=0x000001c14cacbd50 method=java.util.HashMap.getNode(ILjava/lang/Object;)Ljava/util/HashMap$Node; @ 129 c2
Event: 1.954 Thread 0x000001c13d8eb800 Uncommon trap: reason=unstable_if action=reinterpret pc=0x000001c14caa9710 method=java.lang.AbstractStringBuilder.append(Ljava/lang/String;)Ljava/lang/AbstractStringBuilder; @ 1 c2
Event: 1.954 Thread 0x000001c13d8eb800 Uncommon trap: reason=unstable_if action=reinterpret pc=0x000001c14caaa5e4 method=java.lang.AbstractStringBuilder.append(Ljava/lang/String;)Ljava/lang/AbstractStringBuilder; @ 1 c2
Event: 2.152 Thread 0x000001c158855800 Uncommon trap: reason=unstable_if action=reinterpret pc=0x000001c14caab0ec method=java.lang.String.getBytes([BIB)V @ 5 c2
Event: 2.152 Thread 0x000001c158855800 Uncommon trap: reason=unstable_if action=reinterpret pc=0x000001c14cad3f20 method=java.lang.AbstractStringBuilder.isLatin1()Z @ 10 c2

Classes redefined (0 events):
No events

Internal exceptions (10 events):
Event: 1.126 Thread 0x000001c13d8eb800 Exception <a 'java/lang/NoSuchMethodError'{0x00000000ff5e9190}: java.lang.invoke.DirectMethodHandle$Holder.invokeStaticInit(Ljava/lang/Object;Ljava/lang/Object;Ljava/lang/Object;)Ljava/lang/Object;> (0x00000000ff5e9190) thrown at [./open/src/hotspot/share
Event: 1.339 Thread 0x000001c13d8eb800 Exception <a 'java/lang/NoSuchMethodError'{0x00000000fef6dc08}: java.lang.invoke.DirectMethodHandle$Holder.invokeStaticInit(Ljava/lang/Object;IIII)Ljava/lang/Object;> (0x00000000fef6dc08) thrown at [./open/src/hotspot/share/interpreter/linkResolver.cpp, l
Event: 1.619 Thread 0x000001c13d8eb800 Exception <a 'java/lang/NoSuchMethodError'{0x00000000fee8c688}: java.lang.invoke.DirectMethodHandle$Holder.invokeStaticInit(Ljava/lang/Object;Ljava/lang/Object;IIII)Ljava/lang/Object;> (0x00000000fee8c688) thrown at [./open/src/hotspot/share/interpreter/l
Event: 1.954 Thread 0x000001c13d8eb800 Implicit null exception at 0x000001c14caa91f4 to 0x000001c14caa96f8
Event: 1.954 Thread 0x000001c13d8eb800 Implicit null exception at 0x000001c14caaa0f4 to 0x000001c14caaa5cc
Event: 2.118 Thread 0x000001c158855800 Exception <a 'java/lang/NoSuchMethodError'{0x00000000fe491b20}: java.lang.invoke.DirectMethodHandle$Holder.invokeStatic(Ljava/lang/Object;J)V> (0x00000000fe491b20) thrown at [./open/src/hotspot/share/interpreter/linkResolver.cpp, line 772]
Event: 2.119 Thread 0x000001c158855800 Exception <a 'java/lang/NoSuchMethodError'{0x00000000fe496a80}: java.lang.invoke.DirectMethodHandle$Holder.invokeStatic(Ljava/lang/Object;J)Ljava/lang/Object;> (0x00000000fe496a80) thrown at [./open/src/hotspot/share/interpreter/linkResolver.cpp, line 772
Event: 2.121 Thread 0x000001c158855800 Exception <a 'java/lang/NoSuchMethodError'{0x00000000fe4a4b18}: java.lang.invoke.DirectMethodHandle$Holder.invokeStaticInit(Ljava/lang/Object;Ljava/lang/Object;JLjava/lang/Object;)Ljava/lang/Object;> (0x00000000fe4a4b18) thrown at [./open/src/hotspot/shar
Event: 2.121 Thread 0x000001c158855800 Exception <a 'java/lang/NoSuchMethodError'{0x00000000fe4aaa00}: java.lang.invoke.DirectMethodHandle$Holder.invokeStatic(Ljava/lang/Object;Ljava/lang/Object;J)Ljava/lang/Object;> (0x00000000fe4aaa00) thrown at [./open/src/hotspot/share/interpreter/linkReso
Event: 2.122 Thread 0x000001c158855800 Exception <a 'java/lang/NoSuchMethodError'{0x00000000fe4b0cd0}: java.lang.invoke.Invokers$Holder.linkToTargetMethod(Ljava/lang/Object;JLjava/lang/Object;)Ljava/lang/Object;> (0x00000000fe4b0cd0) thrown at [./open/src/hotspot/share/interpreter/linkResolver

Events (10 events):
Event: 2.152 loading class java/text/DigitList
Event: 2.152 loading class java/text/DigitList done
Event: 2.152 Thread 0x000001c158855800 Uncommon trap: trap_request=0xffffff4d fr.pc=0x000001c14caab0ec relative=0x00000000000000cc
Event: 2.152 Thread 0x000001c158855800 DEOPT PACKING pc=0x000001c14caab0ec sp=0x000000563b3febf0
Event: 2.152 Thread 0x000001c158855800 DEOPT UNPACKING pc=0x000001c144fc662f sp=0x000000563b3feb98 mode 2
Event: 2.152 Thread 0x000001c158855800 Uncommon trap: trap_request=0xffffff4d fr.pc=0x000001c14cad3f20 relative=0x0000000000000380
Event: 2.152 Thread 0x000001c158855800 DEOPT PACKING pc=0x000001c14cad3f20 sp=0x000000563b3fecb0
Event: 2.152 Thread 0x000001c158855800 DEOPT UNPACKING pc=0x000001c144fc662f sp=0x000000563b3fec30 mode 2
Event: 2.152 loading class java/io/PrintWriter
Event: 2.152 loading class java/io/PrintWriter done


Dynamic libraries:
0x00007ff7c7020000 - 0x00007ff7c702f000 	C:\Program Files\Java\jdk-11.0.16\bin\java.exe
0x00007ffec83d0000 - 0x00007ffec85c5000 	C:\WINDOWS\SYSTEM32\ntdll.dll
0x00007ffec72b0000 - 0x00007ffec736e000 	C:\WINDOWS\System32\KERNEL32.DLL
0x00007ffec6000000 - 0x00007ffec62c8000 	C:\WINDOWS\System32\KERNELBASE.dll
0x00007ffec5af0000 - 0x00007ffec5bf0000 	C:\WINDOWS\System32\ucrtbase.dll
0x00007ffe9ddb0000 - 0x00007ffe9ddc5000 	C:\Program Files\Java\jdk-11.0.16\bin\VCRUNTIME140.dll
0x00007ffe9bae0000 - 0x00007ffe9baf8000 	C:\Program Files\Java\jdk-11.0.16\bin\jli.dll
0x00007ffec68a0000 - 0x00007ffec694e000 	C:\WINDOWS\System32\ADVAPI32.dll
0x00007ffec7e00000 - 0x00007ffec7e9e000 	C:\WINDOWS\System32\msvcrt.dll
0x00007ffec82f0000 - 0x00007ffec838c000 	C:\WINDOWS\System32\sechost.dll
0x00007ffec7a60000 - 0x00007ffec7b85000 	C:\WINDOWS\System32\RPCRT4.dll
0x00007ffec4ed0000 - 0x00007ffec516a000 	C:\WINDOWS\WinSxS\amd64_microsoft.windows.common-controls_6595b64144ccf1df_6.0.19041.1110_none_60b5254171f9507e\COMCTL32.dll
0x00007ffec7dd0000 - 0x00007ffec7dfb000 	C:\WINDOWS\System32\GDI32.dll
0x00007ffec6400000 - 0x00007ffec6422000 	C:\WINDOWS\System32\win32u.dll
0x00007ffec6990000 - 0x00007ffec6b30000 	C:\WINDOWS\System32\USER32.dll
0x00007ffec5bf0000 - 0x00007ffec5cfb000 	C:\WINDOWS\System32\gdi32full.dll
0x00007ffec6360000 - 0x00007ffec63fd000 	C:\WINDOWS\System32\msvcp_win.dll
0x00007ffebf370000 - 0x00007ffebf37a000 	C:\WINDOWS\SYSTEM32\VERSION.dll
0x00007ffec6950000 - 0x00007ffec6980000 	C:\WINDOWS\System32\IMM32.DLL
0x00007ffe858c0000 - 0x00007ffe8595b000 	C:\Program Files\Java\jdk-11.0.16\bin\msvcp140.dll
0x00007ffe76680000 - 0x00007ffe77198000 	C:\Program Files\Java\jdk-11.0.16\bin\server\jvm.dll
0x00007ffec8050000 - 0x00007ffec8058000 	C:\WINDOWS\System32\PSAPI.DLL
0x00007ffeb02c0000 - 0x00007ffeb02c9000 	C:\WINDOWS\SYSTEM32\WSOCK32.dll
0x00007ffec7f00000 - 0x00007ffec7f6b000 	C:\WINDOWS\System32\WS2_32.dll
0x00007ffeac470000 - 0x00007ffeac497000 	C:\WINDOWS\SYSTEM32\WINMM.dll
0x00007ffec3d30000 - 0x00007ffec3d42000 	C:\WINDOWS\SYSTEM32\kernel.appcore.dll
0x00007ffebee90000 - 0x00007ffebeea0000 	C:\Program Files\Java\jdk-11.0.16\bin\verify.dll
0x00007ffec53c0000 - 0x00007ffec55a4000 	C:\WINDOWS\SYSTEM32\DBGHELP.DLL
0x00007ffec52c0000 - 0x00007ffec52ec000 	C:\WINDOWS\SYSTEM32\dbgcore.DLL
0x00007ffec62d0000 - 0x00007ffec6352000 	C:\WINDOWS\System32\bcryptPrimitives.dll
0x00007ffe99db0000 - 0x00007ffe99dd8000 	C:\Program Files\Java\jdk-11.0.16\bin\java.dll
0x00007ffebe070000 - 0x00007ffebe07a000 	C:\Program Files\Java\jdk-11.0.16\bin\jimage.dll
0x00007ffe9b7a0000 - 0x00007ffe9b7b6000 	C:\Program Files\Java\jdk-11.0.16\bin\zip.dll
0x00007ffec6b30000 - 0x00007ffec7274000 	C:\WINDOWS\System32\SHELL32.dll
0x00007ffec3590000 - 0x00007ffec3d24000 	C:\WINDOWS\SYSTEM32\windows.storage.dll
0x00007ffec7490000 - 0x00007ffec77e4000 	C:\WINDOWS\System32\combase.dll
0x00007ffec4e60000 - 0x00007ffec4e8c000 	C:\WINDOWS\SYSTEM32\Wldp.dll
0x00007ffec7b90000 - 0x00007ffec7c3d000 	C:\WINDOWS\System32\SHCORE.dll
0x00007ffec7c40000 - 0x00007ffec7c95000 	C:\WINDOWS\System32\shlwapi.dll
0x00007ffec5a30000 - 0x00007ffec5a4f000 	C:\WINDOWS\SYSTEM32\profapi.dll
0x00007ffe9a230000 - 0x00007ffe9a249000 	C:\Program Files\Java\jdk-11.0.16\bin\net.dll
0x00007ffebafa0000 - 0x00007ffebb0a9000 	C:\WINDOWS\SYSTEM32\WINHTTP.dll
0x00007ffec4bc0000 - 0x00007ffec4c2a000 	C:\WINDOWS\system32\mswsock.dll
0x00007ffe98be0000 - 0x00007ffe98bf2000 	C:\Program Files\Java\jdk-11.0.16\bin\nio.dll
0x00007ffe9ff70000 - 0x00007ffe9ff97000 	C:\Users\Prabharsha\.gradle\native\e1d6ef7f7dcc3fd88c89a11ec53ec762bb8ba0a96d01ffa2cd45eb1d1d8dd5c5\windows-amd64\native-platform.dll
0x00007ffec30a0000 - 0x00007ffec30aa000 	C:\Users\Prabharsha\.gradle\native\jansi\1.18\windows64\jansi.dll
0x00007ffeb13b0000 - 0x00007ffeb13b9000 	C:\Program Files\Java\jdk-11.0.16\bin\management.dll
0x00007ffeaec50000 - 0x00007ffeaec5b000 	C:\Program Files\Java\jdk-11.0.16\bin\management_ext.dll
0x00007ffec5870000 - 0x00007ffec5888000 	C:\WINDOWS\SYSTEM32\CRYPTSP.dll
0x00007ffec4500000 - 0x00007ffec4534000 	C:\WINDOWS\system32\rsaenh.dll
0x00007ffec5e70000 - 0x00007ffec5e97000 	C:\WINDOWS\System32\bcrypt.dll
0x00007ffec59b0000 - 0x00007ffec59de000 	C:\WINDOWS\SYSTEM32\USERENV.dll
0x00007ffec4e50000 - 0x00007ffec4e5c000 	C:\WINDOWS\SYSTEM32\CRYPTBASE.dll
0x00007ffec48b0000 - 0x00007ffec48eb000 	C:\WINDOWS\SYSTEM32\IPHLPAPI.DLL
0x00007ffec7280000 - 0x00007ffec7288000 	C:\WINDOWS\System32\NSI.dll
0x00007ffebe300000 - 0x00007ffebe317000 	C:\WINDOWS\SYSTEM32\dhcpcsvc6.DLL
0x00007ffebe8f0000 - 0x00007ffebe90d000 	C:\WINDOWS\SYSTEM32\dhcpcsvc.DLL
0x00007ffec48f0000 - 0x00007ffec49ba000 	C:\WINDOWS\SYSTEM32\DNSAPI.dll

dbghelp: loaded successfully - version: 4.0.5 - missing functions: none
symbol engine: initialized successfully - sym options: 0x614 - pdb path: .;C:\Program Files\Java\jdk-11.0.16\bin;C:\WINDOWS\SYSTEM32;C:\WINDOWS\WinSxS\amd64_microsoft.windows.common-controls_6595b64144ccf1df_6.0.19041.1110_none_60b5254171f9507e;C:\Program Files\Java\jdk-11.0.16\bin\server;C:\Users\Prabharsha\.gradle\native\e1d6ef7f7dcc3fd88c89a11ec53ec762bb8ba0a96d01ffa2cd45eb1d1d8dd5c5\windows-amd64;C:\Users\Prabharsha\.gradle\native\jansi\1.18\windows64

VM Arguments:
jvm_args: -Xmx64m -Xms64m -Dorg.gradle.appname=gradlew 
java_command: org.gradle.wrapper.GradleWrapperMain app:installDebug -PreactNativeDevServerPort=8081
java_class_path (initial): C:\SSD Idea Projects\Sem 3\AMD\CarSaleApp\FrontEnd\carSaleApp\android\\gradle\wrapper\gradle-wrapper.jar
Launcher Type: SUN_STANDARD

[Global flags]
     intx CICompilerCount                          = 4                                         {product} {ergonomic}
     uint ConcGCThreads                            = 2                                         {product} {ergonomic}
     uint G1ConcRefinementThreads                  = 8                                         {product} {ergonomic}
   size_t G1HeapRegionSize                         = 1048576                                   {product} {ergonomic}
    uintx GCDrainStackTargetSize                   = 64                                        {product} {ergonomic}
   size_t InitialHeapSize                          = 67108864                                  {product} {command line}
   size_t MarkStackSize                            = 4194304                                   {product} {ergonomic}
   size_t MaxHeapSize                              = 67108864                                  {product} {command line}
   size_t MaxNewSize                               = 39845888                                  {product} {ergonomic}
   size_t MinHeapDeltaBytes                        = 1048576                                   {product} {ergonomic}
    uintx NonNMethodCodeHeapSize                   = 5836300                                {pd product} {ergonomic}
    uintx NonProfiledCodeHeapSize                  = 122910970                              {pd product} {ergonomic}
    uintx ProfiledCodeHeapSize                     = 122910970                              {pd product} {ergonomic}
    uintx ReservedCodeCacheSize                    = 251658240                              {pd product} {ergonomic}
     bool SegmentedCodeCache                       = true                                      {product} {ergonomic}
     bool UseCompressedClassPointers               = true                                 {lp64_product} {ergonomic}
     bool UseCompressedOops                        = true                                 {lp64_product} {ergonomic}
     bool UseG1GC                                  = true                                      {product} {ergonomic}
     bool UseLargePagesIndividualAllocation        = false                                  {pd product} {ergonomic}

Logging:
Log output configuration:
 #0: stdout all=warning uptime,level,tags
 #1: stderr all=off uptime,level,tags

Environment Variables:
JAVA_HOME=C:\Program Files\Java\jdk-11.0.16
CLASSPATH=C:\SSD Idea Projects\Sem 3\AMD\CarSaleApp\FrontEnd\carSaleApp\android\\gradle\wrapper\gradle-wrapper.jar
PATH=C:\SSD Idea Projects\Sem 3\AMD\CarSaleApp\FrontEnd\carSaleApp\android\node_modules\.bin;C:\SSD Idea Projects\Sem 3\AMD\CarSaleApp\FrontEnd\carSaleApp\node_modules\.bin;C:\SSD Idea Projects\Sem 3\AMD\CarSaleApp\FrontEnd\node_modules\.bin;C:\SSD Idea Projects\Sem 3\AMD\CarSaleApp\node_modules\.bin;C:\SSD Idea Projects\Sem 3\AMD\node_modules\.bin;C:\SSD Idea Projects\Sem 3\node_modules\.bin;C:\SSD Idea Projects\node_modules\.bin;C:\node_modules\.bin;C:\Program Files\nodejs;C:\SSD Idea Projects\Sem 3\AMD\CarSaleApp\FrontEnd\carSaleApp\node_modules\.bin;C:\SSD Idea Projects\Sem 3\AMD\CarSaleApp\FrontEnd\carSaleApp\node_modules\.bin;C:\SSD Idea Projects\Sem 3\AMD\CarSaleApp\FrontEnd\node_modules\.bin;C:\SSD Idea Projects\Sem 3\AMD\CarSaleApp\node_modules\.bin;C:\SSD Idea Projects\Sem 3\AMD\node_modules\.bin;C:\SSD Idea Projects\Sem 3\node_modules\.bin;C:\SSD Idea Projects\node_modules\.bin;C:\node_modules\.bin;C:\Users\Prabharsha\AppData\Roaming\npm\node_modules\npm\node_modules\@npmcli\run-script\lib\node-gyp-bin;C:\Program Files\Java\jdk-11.0.16\bin;C:\Program Files\Common Files\Oracle\Java\javapath;C:\Program Files\Eclipse Adoptium\jdk-8.0.322.6-hotspot\bin;C:\Python310\Scripts\;C:\Python310\;C:\Program Files (x86)\Common Files\Oracle\Java\javapath;C:\WINDOWS\system32;C:\Program Files\Java\jdk1.8.0_271\bin;C:\WINDOWS;C:\WINDOWS\System32\Wbem;C:\WINDOWS\System32\WindowsPowerShell\v1.0\;C:\WINDOWS\System32\OpenSSH\;C:\Program Files\NVIDIA Corporation\NVIDIA NvDLISR;C:\Program Files (x86)\NVIDIA Corporation\PhysX\Common;C:\Program Files\MySQL\MySQL Server 8.0\bin;C:\Program Files (x86)\QuickTime\QTSystem\;C:\Program Files\Git\cmd;C:\ProgramData\chocolatey\bin;C:\Program Files (x86)\NoteBook FanControl\;C:\Program Files\nodejs\;C:\Program Files (x86)\dotnet\;%LOCALAPPDATA%\Android\Sdk\platform-tools;C:\Users\Prabharsha\AppData\Roaming\npm;C:\Program Files\MySQL\MySQL Shell 8.0\bin\;C:\Users\Prabharsha\AppData\Local\Microsoft\WindowsApps;C:\Program Files\JetBrains\Intelli
USERNAME=Prabharsha
OS=Windows_NT
PROCESSOR_IDENTIFIER=Intel64 Family 6 Model 142 Stepping 10, GenuineIntel



---------------  S Y S T E M  ---------------

OS: Windows 10 , 64 bit Build 19041 (10.0.19041.1566)

CPU:total 8 (initial active 8) (4 cores per cpu, 2 threads per core) family 6 model 142 stepping 10 microcode 0xb4, cmov, cx8, fxsr, mmx, sse, sse2, sse3, ssse3, sse4.1, sse4.2, popcnt, avx, avx2, aes, clmul, erms, 3dnowpref, lzcnt, ht, tsc, tscinvbit, bmi1, bmi2, adx, fma

Memory: 4k page, system-wide physical 8074M (639M free)
TotalPageFile size 12074M (AvailPageFile size 207M)
current process WorkingSet (physical memory assigned to process): 97M, peak: 97M
current process commit charge ("private bytes"): 163M, peak: 164M

vm_info: Java HotSpot(TM) 64-Bit Server VM (11.0.16+11-LTS-199) for windows-amd64 JRE (11.0.16+11-LTS-199), built on Jun 28 2022 08:23:17 by "mach5one" with MS VC++ 15.9 (VS2017)

END.
