#
# There is insufficient memory for the Java Runtime Environment to continue.
# Native memory allocation (malloc) failed to allocate 2167056 bytes for Chunk::new
# Possible reasons:
#   The system is out of physical RAM or swap space
#   The process is running with CompressedOops enabled, and the Java Heap may be blocking the growth of the native heap
# Possible solutions:
#   Reduce memory load on the system
#   Increase physical memory or swap space
#   Check if swap backing store is full
#   Decrease Java heap size (-Xmx/-Xms)
#   Decrease number of Java threads
#   Decrease Java thread stack sizes (-Xss)
#   Set larger code cache with -XX:ReservedCodeCacheSize=
#   JVM is running with Unscaled Compressed Oops mode in which the Java heap is
#     placed in the first 4GB address space. The Java Heap base address is the
#     maximum limit for the native heap growth. Please use -XX:HeapBaseMinAddress
#     to set the Java Heap base and to place the Java Heap above 4GB virtual address.
# This output file may be truncated or incomplete.
#
#  Out of Memory Error (./open/src/hotspot/share/memory/arena.cpp:197), pid=4624, tid=7048
#
# JRE version: Java(TM) SE Runtime Environment 18.9 (11.0.16+11) (build 11.0.16+11-LTS-199)
# Java VM: Java HotSpot(TM) 64-Bit Server VM 18.9 (11.0.16+11-LTS-199, mixed mode, tiered, compressed oops, g1 gc, windows-amd64)
# No core dump will be written. Minidumps are not enabled by default on client versions of Windows
#

---------------  S U M M A R Y ------------

Command Line: -XX:MaxMetaspaceSize=512m --add-opens=java.base/java.util=ALL-UNNAMED --add-opens=java.base/java.lang=ALL-UNNAMED --add-opens=java.base/java.lang.invoke=ALL-UNNAMED --add-opens=java.base/java.util=ALL-UNNAMED --add-opens=java.prefs/java.util.prefs=ALL-UNNAMED --add-opens=java.prefs/java.util.prefs=ALL-UNNAMED --add-opens=java.base/java.nio.charset=ALL-UNNAMED --add-opens=java.base/java.net=ALL-UNNAMED --add-opens=java.base/java.util.concurrent.atomic=ALL-UNNAMED -Xmx2048m -Dfile.encoding=windows-1252 -Duser.country=US -Duser.language=en -Duser.variant org.gradle.launcher.daemon.bootstrap.GradleDaemon 7.5.1

Host: Intel(R) Core(TM) i5-8250U CPU @ 1.60GHz, 8 cores, 7G,  Windows 10 , 64 bit Build 19041 (10.0.19041.1566)
Time: Wed Oct  5 22:05:47 2022 Sri Lanka Standard Time elapsed time: 21.474154 seconds (0d 0h 0m 21s)

---------------  T H R E A D  ---------------

Current thread (0x00000258a2856800):  JavaThread "C2 CompilerThread1" daemon [_thread_in_native, id=7048, stack(0x0000008370b00000,0x0000008370c00000)]


Current CompileTask:
C2:  21474 5822       4       java.net.URLClassLoader$1::run (5 bytes)

Stack: [0x0000008370b00000,0x0000008370c00000]
Native frames: (J=compiled Java code, j=interpreted, Vv=VM code, C=native code)
V  [jvm.dll+0x62a3ea]
V  [jvm.dll+0x76418f]
V  [jvm.dll+0x765839]
V  [jvm.dll+0x765ec3]
V  [jvm.dll+0x23da98]
V  [jvm.dll+0xb2a1c]
V  [jvm.dll+0xb2fdc]
V  [jvm.dll+0x341487]
V  [jvm.dll+0x18cc31]
V  [jvm.dll+0x1f85b2]
V  [jvm.dll+0x1f768d]
V  [jvm.dll+0x177c81]
V  [jvm.dll+0x207006]
V  [jvm.dll+0x20519b]
V  [jvm.dll+0x729fa0]
V  [jvm.dll+0x722b74]
V  [jvm.dll+0x629286]
C  [ucrtbase.dll+0x21bb2]
C  [KERNEL32.DLL+0x17034]
C  [ntdll.dll+0x52651]


---------------  P R O C E S S  ---------------

Threads class SMR info:
_java_thread_list=0x00000258a21437c0, length=79, elements={
0x00000258fd6ee800, 0x000002589e71f000, 0x000002589e728800, 0x000002589e73c000,
0x000002589e740000, 0x000002589e741000, 0x000002589e74e800, 0x000002589e753800,
0x000002589e757000, 0x000002589f20b000, 0x00000258a13eb800, 0x00000258a102e800,
0x00000258a0706800, 0x000002589ff17800, 0x00000258a1182000, 0x00000258a0499000,
0x000002589fda3000, 0x00000258a14ec000, 0x00000258a198a000, 0x00000258a1c54800,
0x00000258a1c50800, 0x00000258a1c54000, 0x00000258a1c55800, 0x00000258a1c51800,
0x00000258a1c52000, 0x00000258a1c53000, 0x00000258a1c4f800, 0x00000258a1c56000,
0x00000258a180a000, 0x00000258a1809000, 0x00000258a180b000, 0x00000258a180f800,
0x00000258a180f000, 0x00000258a1810800, 0x00000258a1811800, 0x00000258a2856800,
0x00000258a1812000, 0x00000258a180c800, 0x00000258a1813000, 0x00000258a180d800,
0x00000258a1814800, 0x00000258a1818000, 0x00000258a1814000, 0x00000258a1815800,
0x00000258a1816800, 0x00000258a1817000, 0x00000258a1297000, 0x00000258a1299800,
0x00000258a1297800, 0x00000258a129a000, 0x00000258a1296000, 0x00000258a1294800,
0x00000258a1298800, 0x00000258a129b000, 0x00000258a1295800, 0x00000258a129f000,
0x00000258a12a1800, 0x00000258a129d800, 0x00000258a12a0800, 0x00000258a12a0000,
0x00000258a129c000, 0x00000258a12a2800, 0x00000258a129c800, 0x00000258a12a3000,
0x00000258a129e800, 0x00000258a12c8000, 0x00000258a12c8800, 0x00000258a12c9800,
0x00000258a12ca000, 0x00000258a12c4800, 0x00000258a12c7000, 0x00000258a12c6000,
0x00000258a12cb000, 0x00000258a12c5800, 0x00000258a12d1000, 0x00000258a12ce800,
0x00000258a12d1800, 0x00000258a12cc000, 0x00000258a12cd800
}

Java Threads: ( => current thread )
  0x00000258fd6ee800 JavaThread "main" [_thread_blocked, id=12892, stack(0x000000836e000000,0x000000836e100000)]
  0x000002589e71f000 JavaThread "Reference Handler" daemon [_thread_blocked, id=1580, stack(0x000000836e700000,0x000000836e800000)]
  0x000002589e728800 JavaThread "Finalizer" daemon [_thread_blocked, id=9372, stack(0x000000836e800000,0x000000836e900000)]
  0x000002589e73c000 JavaThread "Signal Dispatcher" daemon [_thread_blocked, id=10368, stack(0x000000836e900000,0x000000836ea00000)]
  0x000002589e740000 JavaThread "Attach Listener" daemon [_thread_blocked, id=12176, stack(0x000000836ea00000,0x000000836eb00000)]
  0x000002589e741000 JavaThread "Service Thread" daemon [_thread_blocked, id=10380, stack(0x000000836eb00000,0x000000836ec00000)]
  0x000002589e74e800 JavaThread "C2 CompilerThread0" daemon [_thread_in_native, id=12132, stack(0x000000836ec00000,0x000000836ed00000)]
  0x000002589e753800 JavaThread "C1 CompilerThread0" daemon [_thread_blocked, id=2260, stack(0x000000836ed00000,0x000000836ee00000)]
  0x000002589e757000 JavaThread "Sweeper thread" daemon [_thread_blocked, id=5624, stack(0x000000836ee00000,0x000000836ef00000)]
  0x000002589f20b000 JavaThread "Common-Cleaner" daemon [_thread_blocked, id=9196, stack(0x000000836ef00000,0x000000836f000000)]
  0x00000258a13eb800 JavaThread "Daemon health stats" [_thread_blocked, id=13452, stack(0x000000836f400000,0x000000836f500000)]
  0x00000258a102e800 JavaThread "Incoming local TCP Connector on port 61489" [_thread_in_native, id=11820, stack(0x000000836f100000,0x000000836f200000)]
  0x00000258a0706800 JavaThread "Daemon periodic checks" [_thread_blocked, id=11156, stack(0x000000836f500000,0x000000836f600000)]
  0x000002589ff17800 JavaThread "Daemon" [_thread_blocked, id=9168, stack(0x000000836f600000,0x000000836f700000)]
  0x00000258a1182000 JavaThread "Handler for socket connection from /127.0.0.1:61489 to /127.0.0.1:61490" [_thread_in_native, id=12744, stack(0x000000836f700000,0x000000836f800000)]
  0x00000258a0499000 JavaThread "Cancel handler" [_thread_blocked, id=8960, stack(0x000000836f800000,0x000000836f900000)]
  0x000002589fda3000 JavaThread "Daemon worker" [_thread_in_vm, id=13688, stack(0x000000836f900000,0x000000836fa00000)]
  0x00000258a14ec000 JavaThread "Asynchronous log dispatcher for DefaultDaemonConnection: socket connection from /127.0.0.1:61489 to /127.0.0.1:61490" [_thread_blocked, id=3256, stack(0x000000836fa00000,0x000000836fb00000)]
  0x00000258a198a000 JavaThread "Stdin handler" [_thread_blocked, id=9816, stack(0x000000836fb00000,0x000000836fc00000)]
  0x00000258a1c54800 JavaThread "Daemon client event forwarder" [_thread_blocked, id=15000, stack(0x000000836fc00000,0x000000836fd00000)]
  0x00000258a1c50800 JavaThread "Cache worker for journal cache (C:\Users\Prabharsha\.gradle\caches\journal-1)" [_thread_blocked, id=448, stack(0x000000836fd00000,0x000000836fe00000)]
  0x00000258a1c54000 JavaThread "File lock request listener" [_thread_in_native, id=12736, stack(0x0000008370300000,0x0000008370400000)]
  0x00000258a1c55800 JavaThread "Cache worker for file hash cache (C:\Users\Prabharsha\.gradle\caches\7.5.1\fileHashes)" [_thread_blocked, id=6076, stack(0x0000008370400000,0x0000008370500000)]
  0x00000258a1c51800 JavaThread "File watcher server" daemon [_thread_in_native, id=15320, stack(0x0000008370700000,0x0000008370800000)]
  0x00000258a1c52000 JavaThread "File watcher consumer" daemon [_thread_blocked, id=1808, stack(0x0000008370800000,0x0000008370900000)]
  0x00000258a1c53000 JavaThread "Cache worker for checksums cache (C:\SSD Idea Projects\Sem 3\AMD\CarSaleApp\FrontEnd\carSaleApp\android\.gradle\7.5.1\checksums)" [_thread_blocked, id=11232, stack(0x0000008370600000,0x0000008370700000)]
  0x00000258a1c4f800 JavaThread "Cache worker for cache directory md-rule (C:\Users\Prabharsha\.gradle\caches\7.5.1\md-rule)" [_thread_blocked, id=11288, stack(0x0000008370900000,0x0000008370a00000)]
  0x00000258a1c56000 JavaThread "Cache worker for file content cache (C:\Users\Prabharsha\.gradle\caches\7.5.1\fileContent)" [_thread_blocked, id=11904, stack(0x0000008370a00000,0x0000008370b00000)]
  0x00000258a180a000 JavaThread "Cache worker for file hash cache (C:\SSD Idea Projects\Sem 3\AMD\CarSaleApp\FrontEnd\carSaleApp\android\.gradle\7.5.1\fileHashes)" [_thread_blocked, id=11244, stack(0x0000008370c00000,0x0000008370d00000)]
  0x00000258a1809000 JavaThread "Cache worker for cache directory md-supplier (C:\Users\Prabharsha\.gradle\caches\7.5.1\md-supplier)" [_thread_blocked, id=1816, stack(0x0000008370d00000,0x0000008370e00000)]
  0x00000258a180b000 JavaThread "Cache worker for execution history cache (C:\Users\Prabharsha\.gradle\caches\7.5.1\executionHistory)" [_thread_blocked, id=12868, stack(0x0000008370e00000,0x0000008370f00000)]
  0x00000258a180f800 JavaThread "jar transforms" [_thread_blocked, id=15152, stack(0x0000008370f00000,0x0000008371000000)]
  0x00000258a180f000 JavaThread "jar transforms Thread 2" [_thread_blocked, id=1916, stack(0x0000008371000000,0x0000008371100000)]
  0x00000258a1810800 JavaThread "jar transforms Thread 3" [_thread_blocked, id=13124, stack(0x0000008371100000,0x0000008371200000)]
  0x00000258a1811800 JavaThread "jar transforms Thread 4" [_thread_blocked, id=2500, stack(0x0000008371200000,0x0000008371300000)]
=>0x00000258a2856800 JavaThread "C2 CompilerThread1" daemon [_thread_in_native, id=7048, stack(0x0000008370b00000,0x0000008370c00000)]
  0x00000258a1812000 JavaThread "Cache worker for kotlin-dsl (C:\Users\Prabharsha\.gradle\caches\7.5.1\kotlin-dsl)" [_thread_blocked, id=13636, stack(0x0000008371300000,0x0000008371400000)]
  0x00000258a180c800 JavaThread "jar transforms Thread 5" [_thread_blocked, id=8932, stack(0x0000008371400000,0x0000008371500000)]
  0x00000258a1813000 JavaThread "jar transforms Thread 6" [_thread_blocked, id=9696, stack(0x0000008371500000,0x0000008371600000)]
  0x00000258a180d800 JavaThread "Cache worker for dependencies-accessors (C:\SSD Idea Projects\Sem 3\AMD\CarSaleApp\FrontEnd\carSaleApp\android\.gradle\7.5.1\dependencies-accessors)" [_thread_blocked, id=2128, stack(0x0000008371600000,0x0000008371700000)]
  0x00000258a1814800 JavaThread "Cache worker for Build Output Cleanup Cache (C:\SSD Idea Projects\Sem 3\AMD\CarSaleApp\FrontEnd\carSaleApp\node_modules\react-native-gradle-plugin\.gradle\buildOutputCleanup)" [_thread_blocked, id=15108, stack(0x0000008371700000,0x0000008371800000)]
  0x00000258a1818000 JavaThread "jar transforms Thread 7" [_thread_blocked, id=12292, stack(0x0000008371800000,0x0000008371900000)]
  0x00000258a1814000 JavaThread "Unconstrained build operations" [_thread_blocked, id=10232, stack(0x0000008371900000,0x0000008371a00000)]
  0x00000258a1815800 JavaThread "Unconstrained build operations Thread 2" [_thread_blocked, id=14384, stack(0x0000008371a00000,0x0000008371b00000)]
  0x00000258a1816800 JavaThread "Unconstrained build operations Thread 3" [_thread_blocked, id=11068, stack(0x0000008371b00000,0x0000008371c00000)]
  0x00000258a1817000 JavaThread "Unconstrained build operations Thread 4" [_thread_blocked, id=13704, stack(0x0000008371c00000,0x0000008371d00000)]
  0x00000258a1297000 JavaThread "Unconstrained build operations Thread 5" [_thread_blocked, id=13504, stack(0x0000008371d00000,0x0000008371e00000)]
  0x00000258a1299800 JavaThread "Unconstrained build operations Thread 6" [_thread_blocked, id=10272, stack(0x0000008371e00000,0x0000008371f00000)]
  0x00000258a1297800 JavaThread "Unconstrained build operations Thread 7" [_thread_blocked, id=14908, stack(0x0000008371f00000,0x0000008372000000)]
  0x00000258a129a000 JavaThread "Unconstrained build operations Thread 8" [_thread_blocked, id=3260, stack(0x0000008372000000,0x0000008372100000)]
  0x00000258a1296000 JavaThread "Unconstrained build operations Thread 9" [_thread_blocked, id=14608, stack(0x0000008372100000,0x0000008372200000)]
  0x00000258a1294800 JavaThread "Unconstrained build operations Thread 10" [_thread_blocked, id=2696, stack(0x0000008372200000,0x0000008372300000)]
  0x00000258a1298800 JavaThread "Unconstrained build operations Thread 11" [_thread_blocked, id=3192, stack(0x0000008372300000,0x0000008372400000)]
  0x00000258a129b000 JavaThread "Unconstrained build operations Thread 12" [_thread_blocked, id=15144, stack(0x0000008372400000,0x0000008372500000)]
  0x00000258a1295800 JavaThread "Unconstrained build operations Thread 13" [_thread_blocked, id=1108, stack(0x0000008372500000,0x0000008372600000)]
  0x00000258a129f000 JavaThread "Unconstrained build operations Thread 14" [_thread_blocked, id=5888, stack(0x0000008372600000,0x0000008372700000)]
  0x00000258a12a1800 JavaThread "Unconstrained build operations Thread 15" [_thread_blocked, id=11452, stack(0x0000008372700000,0x0000008372800000)]
  0x00000258a129d800 JavaThread "Unconstrained build operations Thread 16" [_thread_blocked, id=14740, stack(0x0000008372800000,0x0000008372900000)]
  0x00000258a12a0800 JavaThread "Unconstrained build operations Thread 17" [_thread_blocked, id=3384, stack(0x0000008372900000,0x0000008372a00000)]
  0x00000258a12a0000 JavaThread "Unconstrained build operations Thread 18" [_thread_blocked, id=6280, stack(0x0000008372a00000,0x0000008372b00000)]
  0x00000258a129c000 JavaThread "Unconstrained build operations Thread 19" [_thread_blocked, id=15260, stack(0x0000008372b00000,0x0000008372c00000)]
  0x00000258a12a2800 JavaThread "Unconstrained build operations Thread 20" [_thread_blocked, id=12616, stack(0x0000008372c00000,0x0000008372d00000)]
  0x00000258a129c800 JavaThread "Unconstrained build operations Thread 21" [_thread_blocked, id=14676, stack(0x0000008372d00000,0x0000008372e00000)]
  0x00000258a12a3000 JavaThread "Unconstrained build operations Thread 22" [_thread_blocked, id=1996, stack(0x0000008372e00000,0x0000008372f00000)]
  0x00000258a129e800 JavaThread "Unconstrained build operations Thread 23" [_thread_blocked, id=11480, stack(0x0000008372f00000,0x0000008373000000)]
  0x00000258a12c8000 JavaThread "Unconstrained build operations Thread 24" [_thread_blocked, id=14244, stack(0x0000008373000000,0x0000008373100000)]
  0x00000258a12c8800 JavaThread "Unconstrained build operations Thread 25" [_thread_blocked, id=4708, stack(0x0000008373100000,0x0000008373200000)]
  0x00000258a12c9800 JavaThread "Unconstrained build operations Thread 26" [_thread_blocked, id=9472, stack(0x0000008373200000,0x0000008373300000)]
  0x00000258a12ca000 JavaThread "Unconstrained build operations Thread 27" [_thread_blocked, id=12912, stack(0x0000008373300000,0x0000008373400000)]
  0x00000258a12c4800 JavaThread "Unconstrained build operations Thread 28" [_thread_blocked, id=2392, stack(0x0000008373400000,0x0000008373500000)]
  0x00000258a12c7000 JavaThread "Unconstrained build operations Thread 29" [_thread_blocked, id=13508, stack(0x0000008373500000,0x0000008373600000)]
  0x00000258a12c6000 JavaThread "Unconstrained build operations Thread 30" [_thread_blocked, id=13736, stack(0x0000008373600000,0x0000008373700000)]
  0x00000258a12cb000 JavaThread "Unconstrained build operations Thread 31" [_thread_blocked, id=3216, stack(0x0000008373700000,0x0000008373800000)]
  0x00000258a12c5800 JavaThread "Unconstrained build operations Thread 32" [_thread_blocked, id=2992, stack(0x0000008373800000,0x0000008373900000)]
  0x00000258a12d1000 JavaThread "Unconstrained build operations Thread 33" [_thread_blocked, id=3364, stack(0x0000008373900000,0x0000008373a00000)]
  0x00000258a12ce800 JavaThread "jar transforms Thread 8" [_thread_blocked, id=12400, stack(0x0000008373a00000,0x0000008373b00000)]
  0x00000258a12d1800 JavaThread "build event listener" [_thread_blocked, id=14828, stack(0x0000008373b00000,0x0000008373c00000)]
  0x00000258a12cc000 JavaThread "Memory manager" [_thread_blocked, id=9648, stack(0x0000008373c00000,0x0000008373d00000)]
  0x00000258a12cd800 JavaThread "Cache worker for Build Output Cleanup Cache (C:\SSD Idea Projects\Sem 3\AMD\CarSaleApp\FrontEnd\carSaleApp\android\.gradle\buildOutputCleanup)" [_thread_blocked, id=2252, stack(0x0000008373d00000,0x0000008373e00000)]

Other Threads:
  0x000002589e71b000 VMThread "VM Thread" [stack: 0x000000836e600000,0x000000836e700000] [id=8692]
  0x000002589f24f000 WatcherThread [stack: 0x000000836f000000,0x000000836f100000] [id=9868]
  0x00000258fd706000 GCTaskThread "GC Thread#0" [stack: 0x000000836e100000,0x000000836e200000] [id=3424]
  0x000002589fc73000 GCTaskThread "GC Thread#1" [stack: 0x000000836f200000,0x000000836f300000] [id=10260]
  0x000002589f8df800 GCTaskThread "GC Thread#2" [stack: 0x000000836f300000,0x000000836f400000] [id=1604]
  0x00000258a0fc1800 GCTaskThread "GC Thread#3" [stack: 0x000000836fe00000,0x000000836ff00000] [id=2808]
  0x00000258a0fc4800 GCTaskThread "GC Thread#4" [stack: 0x000000836ff00000,0x0000008370000000] [id=11456]
  0x000002589f4e0800 GCTaskThread "GC Thread#5" [stack: 0x0000008370000000,0x0000008370100000] [id=4168]
  0x00000258a0b57800 GCTaskThread "GC Thread#6" [stack: 0x0000008370100000,0x0000008370200000] [id=14280]
  0x000002589f6a9800 GCTaskThread "GC Thread#7" [stack: 0x0000008370200000,0x0000008370300000] [id=4372]
  0x00000258fd737000 ConcurrentGCThread "G1 Main Marker" [stack: 0x000000836e200000,0x000000836e300000] [id=3112]
  0x00000258fd738800 ConcurrentGCThread "G1 Conc#0" [stack: 0x000000836e300000,0x000000836e400000] [id=1540]
  0x000002589f72d000 ConcurrentGCThread "G1 Conc#1" [stack: 0x0000008370500000,0x0000008370600000] [id=9844]
  0x000002589e590800 ConcurrentGCThread "G1 Refine#0" [stack: 0x000000836e400000,0x000000836e500000] [id=12392]
  0x000002589e591800 ConcurrentGCThread "G1 Young RemSet Sampling" [stack: 0x000000836e500000,0x000000836e600000] [id=6200]

Threads with active compile tasks:
C2 CompilerThread0    21557 5840   !   4       java.net.URLClassLoader$1::run (81 bytes)
C2 CompilerThread1    21557 5822       4       java.net.URLClassLoader$1::run (5 bytes)

VM state:not at safepoint (normal execution)

VM Mutex/Monitor currently owned by a thread: None

Heap address: 0x0000000080000000, size: 2048 MB, Compressed Oops mode: 32-bit
Narrow klass base: 0x0000000000000000, Narrow klass shift: 3
Compressed class space size: 528482304 Address: 0x0000000100000000

Heap:
 garbage-first heap   total 131072K, used 75779K [0x0000000080000000, 0x0000000100000000)
  region size 1024K, 36 young (36864K), 4 survivors (4096K)
 Metaspace       used 63687K, capacity 65600K, committed 65776K, reserved 573440K
  class space    used 8492K, capacity 9299K, committed 9384K, reserved 516096K
Heap Regions: E=young(eden), S=young(survivor), O=old, HS=humongous(starts), HC=humongous(continues), CS=collection set, F=free, A=archive, TAMS=top-at-mark-start (previous, next)
|   0|0x0000000080000000, 0x0000000080100000, 0x0000000080100000|100%| O|  |TAMS 0x0000000080100000, 0x0000000080000000| Untracked 
|   1|0x0000000080100000, 0x0000000080200000, 0x0000000080200000|100%| O|  |TAMS 0x0000000080200000, 0x0000000080100000| Untracked 
|   2|0x0000000080200000, 0x0000000080300000, 0x0000000080300000|100%| O|  |TAMS 0x0000000080300000, 0x0000000080200000| Untracked 
|   3|0x0000000080300000, 0x0000000080400000, 0x0000000080400000|100%|HS|  |TAMS 0x0000000080400000, 0x0000000080300000| Complete 
|   4|0x0000000080400000, 0x0000000080500000, 0x0000000080500000|100%|HC|  |TAMS 0x0000000080500000, 0x0000000080400000| Complete 
|   5|0x0000000080500000, 0x0000000080600000, 0x0000000080600000|100%|HC|  |TAMS 0x0000000080600000, 0x0000000080500000| Complete 
|   6|0x0000000080600000, 0x0000000080700000, 0x0000000080700000|100%| O|  |TAMS 0x0000000080700000, 0x0000000080600000| Untracked 
|   7|0x0000000080700000, 0x0000000080800000, 0x0000000080800000|100%| O|  |TAMS 0x0000000080800000, 0x0000000080700000| Untracked 
|   8|0x0000000080800000, 0x0000000080900000, 0x0000000080900000|100%| O|  |TAMS 0x0000000080900000, 0x0000000080800000| Untracked 
|   9|0x0000000080900000, 0x0000000080a00000, 0x0000000080a00000|100%| O|  |TAMS 0x0000000080a00000, 0x0000000080900000| Untracked 
|  10|0x0000000080a00000, 0x0000000080b00000, 0x0000000080b00000|100%| O|  |TAMS 0x0000000080b00000, 0x0000000080a00000| Untracked 
|  11|0x0000000080b00000, 0x0000000080c00000, 0x0000000080c00000|100%| O|  |TAMS 0x0000000080c00000, 0x0000000080b00000| Untracked 
|  12|0x0000000080c00000, 0x0000000080d00000, 0x0000000080d00000|100%| O|  |TAMS 0x0000000080d00000, 0x0000000080c00000| Untracked 
|  13|0x0000000080d00000, 0x0000000080e00000, 0x0000000080e00000|100%| O|  |TAMS 0x0000000080e00000, 0x0000000080d00000| Untracked 
|  14|0x0000000080e00000, 0x0000000080f00000, 0x0000000080f00000|100%| O|  |TAMS 0x0000000080f00000, 0x0000000080e00000| Untracked 
|  15|0x0000000080f00000, 0x0000000081000000, 0x0000000081000000|100%| O|  |TAMS 0x0000000081000000, 0x0000000080f00000| Untracked 
|  16|0x0000000081000000, 0x0000000081100000, 0x0000000081100000|100%| O|  |TAMS 0x0000000081100000, 0x0000000081000000| Untracked 
|  17|0x0000000081100000, 0x0000000081200000, 0x0000000081200000|100%| O|  |TAMS 0x0000000081200000, 0x0000000081100000| Untracked 
|  18|0x0000000081200000, 0x0000000081300000, 0x0000000081300000|100%|HS|  |TAMS 0x0000000081300000, 0x0000000081200000| Complete 
|  19|0x0000000081300000, 0x0000000081400000, 0x0000000081400000|100%| O|  |TAMS 0x0000000081400000, 0x0000000081300000| Untracked 
|  20|0x0000000081400000, 0x0000000081500000, 0x0000000081500000|100%| O|  |TAMS 0x0000000081500000, 0x0000000081400000| Untracked 
|  21|0x0000000081500000, 0x0000000081600000, 0x0000000081600000|100%| O|  |TAMS 0x0000000081600000, 0x0000000081500000| Untracked 
|  22|0x0000000081600000, 0x0000000081700000, 0x0000000081700000|100%| O|  |TAMS 0x0000000081700000, 0x0000000081600000| Untracked 
|  23|0x0000000081700000, 0x0000000081800000, 0x0000000081800000|100%| O|  |TAMS 0x0000000081800000, 0x0000000081700000| Untracked 
|  24|0x0000000081800000, 0x0000000081900000, 0x0000000081900000|100%| O|  |TAMS 0x0000000081900000, 0x0000000081800000| Untracked 
|  25|0x0000000081900000, 0x0000000081a00000, 0x0000000081a00000|100%| O|  |TAMS 0x0000000081a00000, 0x0000000081900000| Untracked 
|  26|0x0000000081a00000, 0x0000000081b00000, 0x0000000081b00000|100%| O|  |TAMS 0x0000000081b00000, 0x0000000081a00000| Untracked 
|  27|0x0000000081b00000, 0x0000000081c00000, 0x0000000081c00000|100%| O|  |TAMS 0x0000000081c00000, 0x0000000081b00000| Untracked 
|  28|0x0000000081c00000, 0x0000000081d00000, 0x0000000081d00000|100%| O|  |TAMS 0x0000000081d00000, 0x0000000081c00000| Untracked 
|  29|0x0000000081d00000, 0x0000000081e00000, 0x0000000081e00000|100%| O|  |TAMS 0x0000000081e00000, 0x0000000081d00000| Untracked 
|  30|0x0000000081e00000, 0x0000000081f00000, 0x0000000081f00000|100%|HS|  |TAMS 0x0000000081f00000, 0x0000000081e00000| Complete 
|  31|0x0000000081f00000, 0x0000000082000000, 0x0000000082000000|100%|HC|  |TAMS 0x0000000082000000, 0x0000000081f00000| Complete 
|  32|0x0000000082000000, 0x0000000082100000, 0x0000000082100000|100%|HC|  |TAMS 0x0000000082100000, 0x0000000082000000| Complete 
|  33|0x0000000082100000, 0x0000000082200000, 0x0000000082200000|100%| O|  |TAMS 0x0000000082200000, 0x0000000082100000| Untracked 
|  34|0x0000000082200000, 0x0000000082300000, 0x0000000082300000|100%| O|  |TAMS 0x0000000082300000, 0x0000000082200000| Untracked 
|  35|0x0000000082300000, 0x0000000082400000, 0x0000000082400000|100%| O|  |TAMS 0x0000000082385e00, 0x0000000082300000| Untracked 
|  36|0x0000000082400000, 0x0000000082500000, 0x0000000082500000|100%| O|  |TAMS 0x0000000082400000, 0x0000000082400000| Untracked 
|  37|0x0000000082500000, 0x0000000082600000, 0x0000000082600000|100%| O|  |TAMS 0x0000000082500000, 0x0000000082500000| Untracked 
|  38|0x0000000082600000, 0x0000000082700000, 0x0000000082700000|100%| O|  |TAMS 0x0000000082600000, 0x0000000082600000| Untracked 
|  39|0x0000000082700000, 0x00000000827aa400, 0x0000000082800000| 66%| O|  |TAMS 0x0000000082700000, 0x0000000082700000| Untracked 
|  40|0x0000000082800000, 0x0000000082800000, 0x0000000082900000|  0%| F|  |TAMS 0x0000000082800000, 0x0000000082800000| Untracked 
|  41|0x0000000082900000, 0x0000000082900000, 0x0000000082a00000|  0%| F|  |TAMS 0x0000000082900000, 0x0000000082900000| Untracked 
|  42|0x0000000082a00000, 0x0000000082a00000, 0x0000000082b00000|  0%| F|  |TAMS 0x0000000082a00000, 0x0000000082a00000| Untracked 
|  43|0x0000000082b00000, 0x0000000082b00000, 0x0000000082c00000|  0%| F|  |TAMS 0x0000000082b00000, 0x0000000082b00000| Untracked 
|  44|0x0000000082c00000, 0x0000000082c00000, 0x0000000082d00000|  0%| F|  |TAMS 0x0000000082c00000, 0x0000000082c00000| Untracked 
|  45|0x0000000082d00000, 0x0000000082d00000, 0x0000000082e00000|  0%| F|  |TAMS 0x0000000082d00000, 0x0000000082d00000| Untracked 
|  46|0x0000000082e00000, 0x0000000082e00000, 0x0000000082f00000|  0%| F|  |TAMS 0x0000000082e00000, 0x0000000082e00000| Untracked 
|  47|0x0000000082f00000, 0x0000000082f00000, 0x0000000083000000|  0%| F|  |TAMS 0x0000000082f00000, 0x0000000082f00000| Untracked 
|  48|0x0000000083000000, 0x0000000083000000, 0x0000000083100000|  0%| F|  |TAMS 0x0000000083000000, 0x0000000083000000| Untracked 
|  49|0x0000000083100000, 0x0000000083100000, 0x0000000083200000|  0%| F|  |TAMS 0x0000000083100000, 0x0000000083100000| Untracked 
|  50|0x0000000083200000, 0x0000000083200000, 0x0000000083300000|  0%| F|  |TAMS 0x0000000083200000, 0x0000000083200000| Untracked 
|  51|0x0000000083300000, 0x0000000083300000, 0x0000000083400000|  0%| F|  |TAMS 0x0000000083300000, 0x0000000083300000| Untracked 
|  52|0x0000000083400000, 0x0000000083400000, 0x0000000083500000|  0%| F|  |TAMS 0x0000000083400000, 0x0000000083400000| Untracked 
|  53|0x0000000083500000, 0x0000000083500000, 0x0000000083600000|  0%| F|  |TAMS 0x0000000083500000, 0x0000000083500000| Untracked 
|  54|0x0000000083600000, 0x0000000083600000, 0x0000000083700000|  0%| F|  |TAMS 0x0000000083600000, 0x0000000083600000| Untracked 
|  55|0x0000000083700000, 0x0000000083700000, 0x0000000083800000|  0%| F|  |TAMS 0x0000000083700000, 0x0000000083700000| Untracked 
|  56|0x0000000083800000, 0x0000000083800000, 0x0000000083900000|  0%| F|  |TAMS 0x0000000083800000, 0x0000000083800000| Untracked 
|  57|0x0000000083900000, 0x0000000083900000, 0x0000000083a00000|  0%| F|  |TAMS 0x0000000083900000, 0x0000000083900000| Untracked 
|  58|0x0000000083a00000, 0x0000000083a00000, 0x0000000083b00000|  0%| F|  |TAMS 0x0000000083a00000, 0x0000000083a00000| Untracked 
|  59|0x0000000083b00000, 0x0000000083b00000, 0x0000000083c00000|  0%| F|  |TAMS 0x0000000083b00000, 0x0000000083b00000| Untracked 
|  60|0x0000000083c00000, 0x0000000083c00000, 0x0000000083d00000|  0%| F|  |TAMS 0x0000000083c00000, 0x0000000083c00000| Untracked 
|  61|0x0000000083d00000, 0x0000000083d00000, 0x0000000083e00000|  0%| F|  |TAMS 0x0000000083d00000, 0x0000000083d00000| Untracked 
|  62|0x0000000083e00000, 0x0000000083e00000, 0x0000000083f00000|  0%| F|  |TAMS 0x0000000083e00000, 0x0000000083e00000| Untracked 
|  63|0x0000000083f00000, 0x0000000083f00000, 0x0000000084000000|  0%| F|  |TAMS 0x0000000083f00000, 0x0000000083f00000| Untracked 
|  64|0x0000000084000000, 0x0000000084000000, 0x0000000084100000|  0%| F|  |TAMS 0x0000000084000000, 0x0000000084000000| Untracked 
|  65|0x0000000084100000, 0x0000000084156970, 0x0000000084200000| 33%| S|CS|TAMS 0x0000000084100000, 0x0000000084100000| Complete 
|  66|0x0000000084200000, 0x0000000084300000, 0x0000000084300000|100%| S|CS|TAMS 0x0000000084200000, 0x0000000084200000| Complete 
|  67|0x0000000084300000, 0x0000000084400000, 0x0000000084400000|100%| S|CS|TAMS 0x0000000084300000, 0x0000000084300000| Complete 
|  68|0x0000000084400000, 0x0000000084500000, 0x0000000084500000|100%| S|CS|TAMS 0x0000000084400000, 0x0000000084400000| Complete 
|  69|0x0000000084500000, 0x0000000084500000, 0x0000000084600000|  0%| F|  |TAMS 0x0000000084500000, 0x0000000084500000| Untracked 
|  70|0x0000000084600000, 0x0000000084600000, 0x0000000084700000|  0%| F|  |TAMS 0x0000000084600000, 0x0000000084600000| Untracked 
|  71|0x0000000084700000, 0x0000000084700000, 0x0000000084800000|  0%| F|  |TAMS 0x0000000084700000, 0x0000000084700000| Untracked 
|  72|0x0000000084800000, 0x0000000084800000, 0x0000000084900000|  0%| F|  |TAMS 0x0000000084800000, 0x0000000084800000| Untracked 
|  73|0x0000000084900000, 0x0000000084900000, 0x0000000084a00000|  0%| F|  |TAMS 0x0000000084900000, 0x0000000084900000| Untracked 
|  74|0x0000000084a00000, 0x0000000084a00000, 0x0000000084b00000|  0%| F|  |TAMS 0x0000000084a00000, 0x0000000084a00000| Untracked 
|  75|0x0000000084b00000, 0x0000000084b00000, 0x0000000084c00000|  0%| F|  |TAMS 0x0000000084b00000, 0x0000000084b00000| Untracked 
|  76|0x0000000084c00000, 0x0000000084c00000, 0x0000000084d00000|  0%| F|  |TAMS 0x0000000084c00000, 0x0000000084c00000| Untracked 
|  77|0x0000000084d00000, 0x0000000084d00000, 0x0000000084e00000|  0%| F|  |TAMS 0x0000000084d00000, 0x0000000084d00000| Untracked 
|  78|0x0000000084e00000, 0x0000000084e00000, 0x0000000084f00000|  0%| F|  |TAMS 0x0000000084e00000, 0x0000000084e00000| Untracked 
|  79|0x0000000084f00000, 0x0000000084f00000, 0x0000000085000000|  0%| F|  |TAMS 0x0000000084f00000, 0x0000000084f00000| Untracked 
|  80|0x0000000085000000, 0x0000000085000000, 0x0000000085100000|  0%| F|  |TAMS 0x0000000085000000, 0x0000000085000000| Untracked 
|  81|0x0000000085100000, 0x0000000085100000, 0x0000000085200000|  0%| F|  |TAMS 0x0000000085100000, 0x0000000085100000| Untracked 
|  82|0x0000000085200000, 0x0000000085200000, 0x0000000085300000|  0%| F|  |TAMS 0x0000000085200000, 0x0000000085200000| Untracked 
|  83|0x0000000085300000, 0x0000000085300000, 0x0000000085400000|  0%| F|  |TAMS 0x0000000085300000, 0x0000000085300000| Untracked 
|  84|0x0000000085400000, 0x0000000085400000, 0x0000000085500000|  0%| F|  |TAMS 0x0000000085400000, 0x0000000085400000| Untracked 
|  85|0x0000000085500000, 0x0000000085500000, 0x0000000085600000|  0%| F|  |TAMS 0x0000000085500000, 0x0000000085500000| Untracked 
|  86|0x0000000085600000, 0x0000000085600000, 0x0000000085700000|  0%| F|  |TAMS 0x0000000085600000, 0x0000000085600000| Untracked 
|  87|0x0000000085700000, 0x0000000085700000, 0x0000000085800000|  0%| F|  |TAMS 0x0000000085700000, 0x0000000085700000| Untracked 
|  88|0x0000000085800000, 0x0000000085800000, 0x0000000085900000|  0%| F|  |TAMS 0x0000000085800000, 0x0000000085800000| Untracked 
|  89|0x0000000085900000, 0x0000000085900000, 0x0000000085a00000|  0%| F|  |TAMS 0x0000000085900000, 0x0000000085900000| Untracked 
|  90|0x0000000085a00000, 0x0000000085a00000, 0x0000000085b00000|  0%| F|  |TAMS 0x0000000085a00000, 0x0000000085a00000| Untracked 
|  91|0x0000000085b00000, 0x0000000085b00000, 0x0000000085c00000|  0%| F|  |TAMS 0x0000000085b00000, 0x0000000085b00000| Untracked 
|  92|0x0000000085c00000, 0x0000000085c00000, 0x0000000085d00000|  0%| F|  |TAMS 0x0000000085c00000, 0x0000000085c00000| Untracked 
|  93|0x0000000085d00000, 0x0000000085d00000, 0x0000000085e00000|  0%| F|  |TAMS 0x0000000085d00000, 0x0000000085d00000| Untracked 
|  94|0x0000000085e00000, 0x0000000085e00000, 0x0000000085f00000|  0%| F|  |TAMS 0x0000000085e00000, 0x0000000085e00000| Untracked 
|  95|0x0000000085f00000, 0x0000000085f00000, 0x0000000086000000|  0%| F|  |TAMS 0x0000000085f00000, 0x0000000085f00000| Untracked 
|  96|0x0000000086000000, 0x0000000086080800, 0x0000000086100000| 50%| E|  |TAMS 0x0000000086000000, 0x0000000086000000| Complete 
|  97|0x0000000086100000, 0x0000000086200000, 0x0000000086200000|100%| E|CS|TAMS 0x0000000086100000, 0x0000000086100000| Complete 
|  98|0x0000000086200000, 0x0000000086300000, 0x0000000086300000|100%| E|CS|TAMS 0x0000000086200000, 0x0000000086200000| Complete 
|  99|0x0000000086300000, 0x0000000086400000, 0x0000000086400000|100%| E|CS|TAMS 0x0000000086300000, 0x0000000086300000| Complete 
| 100|0x0000000086400000, 0x0000000086500000, 0x0000000086500000|100%| E|CS|TAMS 0x0000000086400000, 0x0000000086400000| Complete 
| 101|0x0000000086500000, 0x0000000086600000, 0x0000000086600000|100%| E|CS|TAMS 0x0000000086500000, 0x0000000086500000| Complete 
| 102|0x0000000086600000, 0x0000000086700000, 0x0000000086700000|100%| E|CS|TAMS 0x0000000086600000, 0x0000000086600000| Complete 
| 103|0x0000000086700000, 0x0000000086800000, 0x0000000086800000|100%| E|CS|TAMS 0x0000000086700000, 0x0000000086700000| Complete 
| 104|0x0000000086800000, 0x0000000086900000, 0x0000000086900000|100%| E|CS|TAMS 0x0000000086800000, 0x0000000086800000| Complete 
| 105|0x0000000086900000, 0x0000000086a00000, 0x0000000086a00000|100%| E|CS|TAMS 0x0000000086900000, 0x0000000086900000| Complete 
| 106|0x0000000086a00000, 0x0000000086b00000, 0x0000000086b00000|100%| E|CS|TAMS 0x0000000086a00000, 0x0000000086a00000| Complete 
| 107|0x0000000086b00000, 0x0000000086c00000, 0x0000000086c00000|100%| E|CS|TAMS 0x0000000086b00000, 0x0000000086b00000| Complete 
| 108|0x0000000086c00000, 0x0000000086d00000, 0x0000000086d00000|100%| E|CS|TAMS 0x0000000086c00000, 0x0000000086c00000| Complete 
| 109|0x0000000086d00000, 0x0000000086e00000, 0x0000000086e00000|100%| E|CS|TAMS 0x0000000086d00000, 0x0000000086d00000| Complete 
| 110|0x0000000086e00000, 0x0000000086f00000, 0x0000000086f00000|100%| E|CS|TAMS 0x0000000086e00000, 0x0000000086e00000| Complete 
| 111|0x0000000086f00000, 0x0000000087000000, 0x0000000087000000|100%| E|CS|TAMS 0x0000000086f00000, 0x0000000086f00000| Complete 
| 112|0x0000000087000000, 0x0000000087100000, 0x0000000087100000|100%| E|CS|TAMS 0x0000000087000000, 0x0000000087000000| Complete 
| 113|0x0000000087100000, 0x0000000087200000, 0x0000000087200000|100%| E|CS|TAMS 0x0000000087100000, 0x0000000087100000| Complete 
| 114|0x0000000087200000, 0x0000000087300000, 0x0000000087300000|100%| E|CS|TAMS 0x0000000087200000, 0x0000000087200000| Complete 
| 115|0x0000000087300000, 0x0000000087400000, 0x0000000087400000|100%| E|CS|TAMS 0x0000000087300000, 0x0000000087300000| Complete 
| 116|0x0000000087400000, 0x0000000087500000, 0x0000000087500000|100%| E|CS|TAMS 0x0000000087400000, 0x0000000087400000| Complete 
| 117|0x0000000087500000, 0x0000000087600000, 0x0000000087600000|100%| E|CS|TAMS 0x0000000087500000, 0x0000000087500000| Complete 
| 118|0x0000000087600000, 0x0000000087700000, 0x0000000087700000|100%| E|CS|TAMS 0x0000000087600000, 0x0000000087600000| Complete 
| 119|0x0000000087700000, 0x0000000087800000, 0x0000000087800000|100%| E|CS|TAMS 0x0000000087700000, 0x0000000087700000| Complete 
| 120|0x0000000087800000, 0x0000000087900000, 0x0000000087900000|100%| E|CS|TAMS 0x0000000087800000, 0x0000000087800000| Complete 
| 121|0x0000000087900000, 0x0000000087a00000, 0x0000000087a00000|100%| E|CS|TAMS 0x0000000087900000, 0x0000000087900000| Complete 
| 122|0x0000000087a00000, 0x0000000087b00000, 0x0000000087b00000|100%| E|CS|TAMS 0x0000000087a00000, 0x0000000087a00000| Complete 
| 123|0x0000000087b00000, 0x0000000087c00000, 0x0000000087c00000|100%| E|CS|TAMS 0x0000000087b00000, 0x0000000087b00000| Complete 
| 124|0x0000000087c00000, 0x0000000087d00000, 0x0000000087d00000|100%| E|CS|TAMS 0x0000000087c00000, 0x0000000087c00000| Complete 
| 125|0x0000000087d00000, 0x0000000087e00000, 0x0000000087e00000|100%| E|CS|TAMS 0x0000000087d00000, 0x0000000087d00000| Complete 
| 126|0x0000000087e00000, 0x0000000087f00000, 0x0000000087f00000|100%| E|CS|TAMS 0x0000000087e00000, 0x0000000087e00000| Complete 
| 127|0x0000000087f00000, 0x0000000088000000, 0x0000000088000000|100%| E|CS|TAMS 0x0000000087f00000, 0x0000000087f00000| Complete 

Card table byte_map: [0x0000025897460000,0x0000025897860000] _byte_map_base: 0x0000025897060000

Marking Bits (Prev, Next): (CMBitMap*) 0x00000258fd72e580, (CMBitMap*) 0x00000258fd72e548
 Prev Bits: [0x0000025899c60000, 0x000002589bc60000)
 Next Bits: [0x0000025897c60000, 0x0000025899c60000)

Polling page: 0x0000025880000000

Metaspace:

Usage:
  Non-class:     54.99 MB capacity,    53.93 MB ( 98%) used,   896.54 KB (  2%) free+waste,   191.00 KB ( <1%) overhead. 
      Class:      9.09 MB capacity,     8.30 MB ( 91%) used,   708.21 KB (  8%) free+waste,    96.38 KB (  1%) overhead. 
       Both:     64.08 MB capacity,    62.23 MB ( 97%) used,     1.57 MB (  2%) free+waste,   287.38 KB ( <1%) overhead. 

Virtual space:
  Non-class space:       56.00 MB reserved,      55.07 MB ( 98%) committed 
      Class space:      504.00 MB reserved,       9.16 MB (  2%) committed 
             Both:      560.00 MB reserved,      64.23 MB ( 11%) committed 

Chunk freelists:
   Non-Class:  1.88 KB
       Class:  896 bytes
        Both:  2.75 KB

CodeHeap 'non-profiled nmethods': size=120000Kb used=3518Kb max_used=3518Kb free=116481Kb
 bounds [0x000002588f0c0000, 0x000002588f430000, 0x00000258965f0000]
CodeHeap 'profiled nmethods': size=120000Kb used=12702Kb max_used=12702Kb free=107297Kb
 bounds [0x0000025887b90000, 0x0000025888800000, 0x000002588f0c0000]
CodeHeap 'non-nmethods': size=5760Kb used=2264Kb max_used=2314Kb free=3495Kb
 bounds [0x00000258875f0000, 0x0000025887860000, 0x0000025887b90000]
 total_blobs=6829 nmethods=5971 adapters=768
 compilation: enabled
              stopped_count=0, restarted_count=0
 full_count=0

Compilation events (10 events):
Event: 21.438 Thread 0x000002589e753800 nmethod 5976 0x00000258887e7090 code [0x00000258887e7480, 0x00000258887e9498]
Event: 21.439 Thread 0x000002589e753800 5977       1       org.gradle.internal.reflect.MutableClassDetails::getInstanceFields (5 bytes)
Event: 21.439 Thread 0x000002589e753800 nmethod 5977 0x000002588f42f310 code [0x000002588f42f4a0, 0x000002588f42f558]
Event: 21.439 Thread 0x000002589e753800 5978       3       org.gradle.internal.instantiation.generator.AbstractClassGenerator$ClassGenerationHandler::applyTo (1 bytes)
Event: 21.439 Thread 0x000002589e753800 nmethod 5978 0x00000258887ea090 code [0x00000258887ea220, 0x00000258887ea318]
Event: 21.443 Thread 0x000002589e753800 5979       3       java.lang.reflect.Constructor::hasGenericInformation (13 bytes)
Event: 21.444 Thread 0x000002589e753800 nmethod 5979 0x00000258887ea390 code [0x00000258887ea520, 0x00000258887ea698]
Event: 21.460 Thread 0x000002589e753800 5980       3       java.lang.invoke.MethodHandles$Lookup::restrictReceiver (126 bytes)
Event: 21.460 Thread 0x000002589e753800 nmethod 5980 0x00000258887ea710 code [0x00000258887ea920, 0x00000258887eae08]
Event: 21.463 Thread 0x000002589e753800 5981       3       org.gradle.api.internal.attributes.DefaultMutableAttributeContainer::attribute (13 bytes)

GC Heap History (10 events):
Event: 17.476 GC heap before
{Heap before GC invocations=10 (full 0):
 garbage-first heap   total 131072K, used 82187K [0x0000000080000000, 0x0000000100000000)
  region size 1024K, 59 young (60416K), 7 survivors (7168K)
 Metaspace       used 46206K, capacity 47360K, committed 47688K, reserved 559104K
  class space    used 6038K, capacity 6548K, committed 6656K, reserved 516096K
}
Event: 17.484 GC heap after
{Heap after GC invocations=11 (full 0):
 garbage-first heap   total 131072K, used 31390K [0x0000000080000000, 0x0000000100000000)
  region size 1024K, 6 young (6144K), 6 survivors (6144K)
 Metaspace       used 46206K, capacity 47360K, committed 47688K, reserved 559104K
  class space    used 6038K, capacity 6548K, committed 6656K, reserved 516096K
}
Event: 18.314 GC heap before
{Heap before GC invocations=11 (full 0):
 garbage-first heap   total 131072K, used 87710K [0x0000000080000000, 0x0000000100000000)
  region size 1024K, 60 young (61440K), 6 survivors (6144K)
 Metaspace       used 49565K, capacity 50954K, committed 51272K, reserved 561152K
  class space    used 6497K, capacity 7061K, committed 7168K, reserved 516096K
}
Event: 18.321 GC heap after
{Heap after GC invocations=12 (full 0):
 garbage-first heap   total 131072K, used 33863K [0x0000000080000000, 0x0000000100000000)
  region size 1024K, 4 young (4096K), 4 survivors (4096K)
 Metaspace       used 49565K, capacity 50954K, committed 51272K, reserved 561152K
  class space    used 6497K, capacity 7061K, committed 7168K, reserved 516096K
}
Event: 19.361 GC heap before
{Heap before GC invocations=12 (full 0):
 garbage-first heap   total 131072K, used 95303K [0x0000000080000000, 0x0000000100000000)
  region size 1024K, 61 young (62464K), 4 survivors (4096K)
 Metaspace       used 55450K, capacity 57128K, committed 57416K, reserved 567296K
  class space    used 7362K, capacity 8085K, committed 8192K, reserved 516096K
}
Event: 19.370 GC heap after
{Heap after GC invocations=13 (full 0):
 garbage-first heap   total 131072K, used 40810K [0x0000000080000000, 0x0000000100000000)
  region size 1024K, 8 young (8192K), 8 survivors (8192K)
 Metaspace       used 55450K, capacity 57128K, committed 57416K, reserved 567296K
  class space    used 7362K, capacity 8085K, committed 8192K, reserved 516096K
}
Event: 20.038 GC heap before
{Heap before GC invocations=13 (full 0):
 garbage-first heap   total 131072K, used 79722K [0x0000000080000000, 0x0000000100000000)
  region size 1024K, 47 young (48128K), 8 survivors (8192K)
 Metaspace       used 58347K, capacity 59998K, committed 60068K, reserved 569344K
  class space    used 7763K, capacity 8509K, committed 8540K, reserved 516096K
}
Event: 20.048 GC heap after
{Heap after GC invocations=14 (full 0):
 garbage-first heap   total 131072K, used 42305K [0x0000000080000000, 0x0000000100000000)
  region size 1024K, 6 young (6144K), 6 survivors (6144K)
 Metaspace       used 58347K, capacity 59998K, committed 60068K, reserved 569344K
  class space    used 7763K, capacity 8509K, committed 8540K, reserved 516096K
}
Event: 20.948 GC heap before
{Heap before GC invocations=15 (full 0):
 garbage-first heap   total 131072K, used 96577K [0x0000000080000000, 0x0000000100000000)
  region size 1024K, 59 young (60416K), 6 survivors (6144K)
 Metaspace       used 62069K, capacity 63765K, committed 63856K, reserved 571392K
  class space    used 8227K, capacity 8986K, committed 9000K, reserved 516096K
}
Event: 20.956 GC heap after
{Heap after GC invocations=16 (full 0):
 garbage-first heap   total 131072K, used 44035K [0x0000000080000000, 0x0000000100000000)
  region size 1024K, 4 young (4096K), 4 survivors (4096K)
 Metaspace       used 62069K, capacity 63765K, committed 63856K, reserved 571392K
  class space    used 8227K, capacity 8986K, committed 9000K, reserved 516096K
}

Deoptimization events (10 events):
Event: 20.782 Thread 0x000002589fda3000 Uncommon trap: reason=class_check action=maybe_recompile pc=0x000002588f40bc28 method=java.net.URLClassLoader.defineClass(Ljava/lang/String;Ljdk/internal/loader/Resource;)Ljava/lang/Class; @ 13 c2
Event: 20.782 Thread 0x000002589fda3000 Uncommon trap: reason=class_check action=maybe_recompile pc=0x000002588f3888a8 method=jdk.internal.loader.Resource.getBytes()[B @ 10 c2
Event: 20.785 Thread 0x000002589fda3000 Uncommon trap: reason=class_check action=maybe_recompile pc=0x000002588f3ff328 method=java.net.URLClassLoader.defineClass(Ljava/lang/String;Ljdk/internal/loader/Resource;)Ljava/lang/Class; @ 13 c2
Event: 20.810 Thread 0x000002589fda3000 Uncommon trap: reason=unstable_if action=reinterpret pc=0x000002588f3bb8b0 method=java.util.HashMap.getNode(ILjava/lang/Object;)Ljava/util/HashMap$Node; @ 84 c2
Event: 20.810 Thread 0x000002589fda3000 Uncommon trap: reason=unstable_if action=reinterpret pc=0x000002588f399fdc method=java.util.HashMap.putVal(ILjava/lang/Object;Ljava/lang/Object;ZZ)Ljava/lang/Object; @ 109 c2
Event: 20.811 Thread 0x000002589fda3000 Uncommon trap: reason=unstable_if action=reinterpret pc=0x000002588f139a90 method=java.util.HashMap.resize()[Ljava/util/HashMap$Node; @ 203 c2
Event: 20.813 Thread 0x000002589fda3000 Uncommon trap: reason=unstable_if action=reinterpret pc=0x000002588f3a80ac method=java.util.HashMap.getNode(ILjava/lang/Object;)Ljava/util/HashMap$Node; @ 84 c2
Event: 20.814 Thread 0x000002589fda3000 Uncommon trap: reason=unstable_if action=reinterpret pc=0x000002588f3ac4cc method=java.util.HashMap.getNode(ILjava/lang/Object;)Ljava/util/HashMap$Node; @ 84 c2
Event: 20.924 Thread 0x000002589fda3000 Uncommon trap: reason=unstable_if action=reinterpret pc=0x000002588f38c5e4 method=java.util.HashMap.putVal(ILjava/lang/Object;Ljava/lang/Object;ZZ)Ljava/lang/Object; @ 109 c2
Event: 21.167 Thread 0x000002589fda3000 Uncommon trap: reason=bimorphic_or_optimized_type_check action=maybe_recompile pc=0x000002588f2a9c6c method=java.util.AbstractCollection.addAll(Ljava/util/Collection;)Z @ 29 c2

Classes redefined (0 events):
No events

Internal exceptions (10 events):
Event: 21.320 Thread 0x000002589fda3000 Exception <a 'java/lang/ClassNotFoundException'{0x0000000086c1fa60}: org/gradle/api/internal/DefaultDomainObjectCollectionCustomizer> (0x0000000086c1fa60) thrown at [./open/src/hotspot/share/classfile/systemDictionary.cpp, line 226]
Event: 21.328 Thread 0x000002589fda3000 Exception <a 'java/lang/ClassNotFoundException'{0x0000000086c6dbe8}: org/gradle/api/internal/DefaultNamedDomainObjectCollectionCustomizer> (0x0000000086c6dbe8) thrown at [./open/src/hotspot/share/classfile/systemDictionary.cpp, line 226]
Event: 21.331 Thread 0x000002589fda3000 Exception <a 'java/lang/ClassNotFoundException'{0x0000000086cc31b8}: org/gradle/api/internal/DefaultNamedDomainObjectListCustomizer> (0x0000000086cc31b8) thrown at [./open/src/hotspot/share/classfile/systemDictionary.cpp, line 226]
Event: 21.334 Thread 0x000002589fda3000 Exception <a 'java/lang/ClassNotFoundException'{0x0000000086b20980}: org/gradle/api/internal/artifacts/DefaultArtifactRepositoryContainerCustomizer> (0x0000000086b20980) thrown at [./open/src/hotspot/share/classfile/systemDictionary.cpp, line 226]
Event: 21.339 Thread 0x000002589fda3000 Exception <a 'java/lang/ClassNotFoundException'{0x0000000086b729b8}: org/gradle/api/internal/artifacts/dsl/DefaultRepositoryHandlerCustomizer> (0x0000000086b729b8) thrown at [./open/src/hotspot/share/classfile/systemDictionary.cpp, line 226]
Event: 21.343 Thread 0x000002589fda3000 Exception <a 'java/lang/ClassNotFoundException'{0x0000000086bd7f18}: org/gradle/api/internal/artifacts/dsl/DefaultRepositoryHandler_DecoratedCustomizer> (0x0000000086bd7f18) thrown at [./open/src/hotspot/share/classfile/systemDictionary.cpp, line 226]
Event: 21.356 Thread 0x000002589fda3000 Exception <a 'java/lang/ClassNotFoundException'{0x0000000086ab4de8}: org/gradle/api/internal/artifacts/dsl/dependencies/DefaultDependencyHandler_DecoratedBeanInfo> (0x0000000086ab4de8) thrown at [./open/src/hotspot/share/classfile/systemDictionary.cpp, li
Event: 21.358 Thread 0x000002589fda3000 Exception <a 'java/lang/ClassNotFoundException'{0x0000000086afb010}: org/gradle/api/internal/artifacts/dsl/dependencies/DefaultDependencyHandlerBeanInfo> (0x0000000086afb010) thrown at [./open/src/hotspot/share/classfile/systemDictionary.cpp, line 226]
Event: 21.360 Thread 0x000002589fda3000 Exception <a 'java/lang/ClassNotFoundException'{0x00000000869418a8}: org/gradle/api/internal/artifacts/dsl/dependencies/DefaultDependencyHandlerCustomizer> (0x00000000869418a8) thrown at [./open/src/hotspot/share/classfile/systemDictionary.cpp, line 226]
Event: 21.363 Thread 0x000002589fda3000 Exception <a 'java/lang/ClassNotFoundException'{0x00000000869b2ba8}: org/gradle/api/internal/artifacts/dsl/dependencies/DefaultDependencyHandler_DecoratedCustomizer> (0x00000000869b2ba8) thrown at [./open/src/hotspot/share/classfile/systemDictionary.cpp, 

Events (10 events):
Event: 21.459 loading class org/gradle/api/internal/provider/ValueSupplier$UnknownProducer
Event: 21.459 loading class org/gradle/api/internal/provider/ValueSupplier$UnknownProducer done
Event: 21.460 loading class org/gradle/api/Task
Event: 21.460 loading class org/gradle/api/Task done
Event: 21.460 loading class org/gradle/api/Task
Event: 21.460 loading class org/gradle/api/Task done
Event: 21.460 loading class org/gradle/api/internal/provider/TransformBackedProvider
Event: 21.460 loading class org/gradle/api/internal/provider/TransformBackedProvider done
Event: 21.460 loading class org/gradle/api/tasks/compile/GroovyCompile
Event: 21.460 loading class org/gradle/api/tasks/compile/GroovyCompile done


Dynamic libraries:
0x00007ff6d6980000 - 0x00007ff6d698f000 	C:\Program Files\Java\jdk-11.0.16\bin\java.exe
0x00007ff9a8330000 - 0x00007ff9a8525000 	C:\WINDOWS\SYSTEM32\ntdll.dll
0x00007ff9a74f0000 - 0x00007ff9a75ae000 	C:\WINDOWS\System32\KERNEL32.DLL
0x00007ff9a5f10000 - 0x00007ff9a61d8000 	C:\WINDOWS\System32\KERNELBASE.dll
0x00007ff9a5e10000 - 0x00007ff9a5f10000 	C:\WINDOWS\System32\ucrtbase.dll
0x00007ff97f0f0000 - 0x00007ff97f105000 	C:\Program Files\Java\jdk-11.0.16\bin\VCRUNTIME140.dll
0x00007ff97efa0000 - 0x00007ff97efb8000 	C:\Program Files\Java\jdk-11.0.16\bin\jli.dll
0x00007ff9a6390000 - 0x00007ff9a643e000 	C:\WINDOWS\System32\ADVAPI32.dll
0x00007ff9a7990000 - 0x00007ff9a7a2e000 	C:\WINDOWS\System32\msvcrt.dll
0x00007ff9a6a90000 - 0x00007ff9a6b2c000 	C:\WINDOWS\System32\sechost.dll
0x00007ff9a6bf0000 - 0x00007ff9a6d15000 	C:\WINDOWS\System32\RPCRT4.dll
0x00007ff9a7ee0000 - 0x00007ff9a8080000 	C:\WINDOWS\System32\USER32.dll
0x00007ff9a4e60000 - 0x00007ff9a50fa000 	C:\WINDOWS\WinSxS\amd64_microsoft.windows.common-controls_6595b64144ccf1df_6.0.19041.1110_none_60b5254171f9507e\COMCTL32.dll
0x00007ff9a6b60000 - 0x00007ff9a6b8b000 	C:\WINDOWS\System32\GDI32.dll
0x00007ff9a5a50000 - 0x00007ff9a5a72000 	C:\WINDOWS\System32\win32u.dll
0x00007ff9a5af0000 - 0x00007ff9a5bfb000 	C:\WINDOWS\System32\gdi32full.dll
0x00007ff9a61e0000 - 0x00007ff9a627d000 	C:\WINDOWS\System32\msvcp_win.dll
0x00007ff99f2b0000 - 0x00007ff99f2ba000 	C:\WINDOWS\SYSTEM32\VERSION.dll
0x00007ff9a6b30000 - 0x00007ff9a6b60000 	C:\WINDOWS\System32\IMM32.DLL
0x00007ff95abe0000 - 0x00007ff95ac7b000 	C:\Program Files\Java\jdk-11.0.16\bin\msvcp140.dll
0x00007ff9333e0000 - 0x00007ff933ef8000 	C:\Program Files\Java\jdk-11.0.16\bin\server\jvm.dll
0x00007ff9a7c00000 - 0x00007ff9a7c08000 	C:\WINDOWS\System32\PSAPI.DLL
0x00007ff98a050000 - 0x00007ff98a077000 	C:\WINDOWS\SYSTEM32\WINMM.dll
0x00007ff990420000 - 0x00007ff990429000 	C:\WINDOWS\SYSTEM32\WSOCK32.dll
0x00007ff9a7910000 - 0x00007ff9a797b000 	C:\WINDOWS\System32\WS2_32.dll
0x00007ff9a34f0000 - 0x00007ff9a3502000 	C:\WINDOWS\SYSTEM32\kernel.appcore.dll
0x00007ff99ed60000 - 0x00007ff99ed70000 	C:\Program Files\Java\jdk-11.0.16\bin\verify.dll
0x00007ff9a5320000 - 0x00007ff9a5504000 	C:\WINDOWS\SYSTEM32\DBGHELP.DLL
0x00007ff9a5220000 - 0x00007ff9a524c000 	C:\WINDOWS\SYSTEM32\dbgcore.DLL
0x00007ff9a62d0000 - 0x00007ff9a6352000 	C:\WINDOWS\System32\bcryptPrimitives.dll
0x00007ff971df0000 - 0x00007ff971e18000 	C:\Program Files\Java\jdk-11.0.16\bin\java.dll
0x00007ff997390000 - 0x00007ff99739a000 	C:\Program Files\Java\jdk-11.0.16\bin\jimage.dll
0x00007ff97d4c0000 - 0x00007ff97d4d6000 	C:\Program Files\Java\jdk-11.0.16\bin\zip.dll
0x00007ff9a6d20000 - 0x00007ff9a7464000 	C:\WINDOWS\System32\SHELL32.dll
0x00007ff9a3510000 - 0x00007ff9a3ca4000 	C:\WINDOWS\SYSTEM32\windows.storage.dll
0x00007ff9a75b0000 - 0x00007ff9a7904000 	C:\WINDOWS\System32\combase.dll
0x00007ff9a4dc0000 - 0x00007ff9a4dec000 	C:\WINDOWS\SYSTEM32\Wldp.dll
0x00007ff9a81c0000 - 0x00007ff9a826d000 	C:\WINDOWS\System32\SHCORE.dll
0x00007ff9a6b90000 - 0x00007ff9a6be5000 	C:\WINDOWS\System32\shlwapi.dll
0x00007ff9a5990000 - 0x00007ff9a59af000 	C:\WINDOWS\SYSTEM32\profapi.dll
0x00007ff977640000 - 0x00007ff977659000 	C:\Program Files\Java\jdk-11.0.16\bin\net.dll
0x00007ff999040000 - 0x00007ff999149000 	C:\WINDOWS\SYSTEM32\WINHTTP.dll
0x00007ff9a4b20000 - 0x00007ff9a4b8a000 	C:\WINDOWS\system32\mswsock.dll
0x00007ff9773f0000 - 0x00007ff977402000 	C:\Program Files\Java\jdk-11.0.16\bin\nio.dll
0x00007ff977030000 - 0x00007ff977057000 	C:\Users\Prabharsha\.gradle\native\e1d6ef7f7dcc3fd88c89a11ec53ec762bb8ba0a96d01ffa2cd45eb1d1d8dd5c5\windows-amd64\native-platform.dll
0x00007ff9566b0000 - 0x00007ff9567f4000 	C:\Users\Prabharsha\.gradle\native\0d407fdbe67a94daf76414ababcb853783967236a71b16ec16e742cd7a986fd3\windows-amd64\native-platform-file-events.dll
0x00007ff9a3080000 - 0x00007ff9a3089000 	C:\Program Files\Java\jdk-11.0.16\bin\management.dll
0x00007ff9a0da0000 - 0x00007ff9a0dab000 	C:\Program Files\Java\jdk-11.0.16\bin\management_ext.dll
0x00007ff9a57d0000 - 0x00007ff9a57e8000 	C:\WINDOWS\SYSTEM32\CRYPTSP.dll
0x00007ff9a44c0000 - 0x00007ff9a44f4000 	C:\WINDOWS\system32\rsaenh.dll
0x00007ff9a6360000 - 0x00007ff9a6387000 	C:\WINDOWS\System32\bcrypt.dll
0x00007ff9a5910000 - 0x00007ff9a593e000 	C:\WINDOWS\SYSTEM32\USERENV.dll
0x00007ff9a4db0000 - 0x00007ff9a4dbc000 	C:\WINDOWS\SYSTEM32\CRYPTBASE.dll
0x00007ff9a4810000 - 0x00007ff9a484b000 	C:\WINDOWS\SYSTEM32\IPHLPAPI.DLL
0x00007ff9a7980000 - 0x00007ff9a7988000 	C:\WINDOWS\System32\NSI.dll
0x00007ff99e260000 - 0x00007ff99e277000 	C:\WINDOWS\SYSTEM32\dhcpcsvc6.DLL
0x00007ff99e7f0000 - 0x00007ff99e80d000 	C:\WINDOWS\SYSTEM32\dhcpcsvc.DLL
0x00007ff9a4850000 - 0x00007ff9a491a000 	C:\WINDOWS\SYSTEM32\DNSAPI.dll

dbghelp: loaded successfully - version: 4.0.5 - missing functions: none
symbol engine: initialized successfully - sym options: 0x614 - pdb path: .;C:\Program Files\Java\jdk-11.0.16\bin;C:\WINDOWS\SYSTEM32;C:\WINDOWS\WinSxS\amd64_microsoft.windows.common-controls_6595b64144ccf1df_6.0.19041.1110_none_60b5254171f9507e;C:\Program Files\Java\jdk-11.0.16\bin\server;C:\Users\Prabharsha\.gradle\native\e1d6ef7f7dcc3fd88c89a11ec53ec762bb8ba0a96d01ffa2cd45eb1d1d8dd5c5\windows-amd64;C:\Users\Prabharsha\.gradle\native\0d407fdbe67a94daf76414ababcb853783967236a71b16ec16e742cd7a986fd3\windows-amd64

VM Arguments:
jvm_args: -XX:MaxMetaspaceSize=512m --add-opens=java.base/java.util=ALL-UNNAMED --add-opens=java.base/java.lang=ALL-UNNAMED --add-opens=java.base/java.lang.invoke=ALL-UNNAMED --add-opens=java.base/java.util=ALL-UNNAMED --add-opens=java.prefs/java.util.prefs=ALL-UNNAMED --add-opens=java.prefs/java.util.prefs=ALL-UNNAMED --add-opens=java.base/java.nio.charset=ALL-UNNAMED --add-opens=java.base/java.net=ALL-UNNAMED --add-opens=java.base/java.util.concurrent.atomic=ALL-UNNAMED -Xmx2048m -Dfile.encoding=windows-1252 -Duser.country=US -Duser.language=en -Duser.variant 
java_command: org.gradle.launcher.daemon.bootstrap.GradleDaemon 7.5.1
java_class_path (initial): C:\Users\Prabharsha\.gradle\wrapper\dists\gradle-7.5.1-all\1ehga6e77gqps5uk2kc5kf1vc\gradle-7.5.1\lib\gradle-launcher-7.5.1.jar
Launcher Type: SUN_STANDARD

[Global flags]
     intx CICompilerCount                          = 4                                         {product} {ergonomic}
   size_t CompressedClassSpaceSize                 = 528482304                                 {product} {ergonomic}
     uint ConcGCThreads                            = 2                                         {product} {ergonomic}
     uint G1ConcRefinementThreads                  = 8                                         {product} {ergonomic}
   size_t G1HeapRegionSize                         = 1048576                                   {product} {ergonomic}
    uintx GCDrainStackTargetSize                   = 64                                        {product} {ergonomic}
   size_t InitialHeapSize                          = 134217728                                 {product} {ergonomic}
   size_t MarkStackSize                            = 4194304                                   {product} {ergonomic}
   size_t MaxHeapSize                              = 2147483648                                {product} {command line}
   size_t MaxMetaspaceSize                         = 536870912                                 {product} {command line}
   size_t MaxNewSize                               = 1287651328                                {product} {ergonomic}
   size_t MinHeapDeltaBytes                        = 1048576                                   {product} {ergonomic}
    uintx NonNMethodCodeHeapSize                   = 5836300                                {pd product} {ergonomic}
    uintx NonProfiledCodeHeapSize                  = 122910970                              {pd product} {ergonomic}
    uintx ProfiledCodeHeapSize                     = 122910970                              {pd product} {ergonomic}
    uintx ReservedCodeCacheSize                    = 251658240                              {pd product} {ergonomic}
     bool SegmentedCodeCache                       = true                                      {product} {ergonomic}
     bool UseCompressedClassPointers               = true                                 {lp64_product} {ergonomic}
     bool UseCompressedOops                        = true                                 {lp64_product} {ergonomic}
     bool UseG1GC                                  = true                                      {product} {ergonomic}
     bool UseLargePagesIndividualAllocation        = false                                  {pd product} {ergonomic}

Logging:
Log output configuration:
 #0: stdout all=warning uptime,level,tags
 #1: stderr all=off uptime,level,tags

Environment Variables:
JAVA_HOME=C:\Program Files\Java\jdk-11.0.16
CLASSPATH=C:\SSD Idea Projects\Sem 3\AMD\CarSaleApp\FrontEnd\carSaleApp\android\\gradle\wrapper\gradle-wrapper.jar
PATH=C:\SSD Idea Projects\Sem 3\AMD\CarSaleApp\FrontEnd\carSaleApp\android\node_modules\.bin;C:\SSD Idea Projects\Sem 3\AMD\CarSaleApp\FrontEnd\carSaleApp\node_modules\.bin;C:\SSD Idea Projects\Sem 3\AMD\CarSaleApp\FrontEnd\node_modules\.bin;C:\SSD Idea Projects\Sem 3\AMD\CarSaleApp\node_modules\.bin;C:\SSD Idea Projects\Sem 3\AMD\node_modules\.bin;C:\SSD Idea Projects\Sem 3\node_modules\.bin;C:\SSD Idea Projects\node_modules\.bin;C:\node_modules\.bin;C:\Program Files\nodejs;C:\SSD Idea Projects\Sem 3\AMD\CarSaleApp\FrontEnd\carSaleApp\node_modules\.bin;C:\SSD Idea Projects\Sem 3\AMD\CarSaleApp\FrontEnd\carSaleApp\node_modules\.bin;C:\SSD Idea Projects\Sem 3\AMD\CarSaleApp\FrontEnd\node_modules\.bin;C:\SSD Idea Projects\Sem 3\AMD\CarSaleApp\node_modules\.bin;C:\SSD Idea Projects\Sem 3\AMD\node_modules\.bin;C:\SSD Idea Projects\Sem 3\node_modules\.bin;C:\SSD Idea Projects\node_modules\.bin;C:\node_modules\.bin;C:\Users\Prabharsha\AppData\Roaming\npm\node_modules\npm\node_modules\@npmcli\run-script\lib\node-gyp-bin;C:\Program Files\Java\jdk-11.0.16\bin;C:\Program Files\Common Files\Oracle\Java\javapath;C:\Program Files\Eclipse Adoptium\jdk-8.0.322.6-hotspot\bin;C:\Python310\Scripts\;C:\Python310\;C:\Program Files (x86)\Common Files\Oracle\Java\javapath;C:\WINDOWS\system32;C:\Program Files\Java\jdk1.8.0_271\bin;C:\WINDOWS;C:\WINDOWS\System32\Wbem;C:\WINDOWS\System32\WindowsPowerShell\v1.0\;C:\WINDOWS\System32\OpenSSH\;C:\Program Files\NVIDIA Corporation\NVIDIA NvDLISR;C:\Program Files (x86)\NVIDIA Corporation\PhysX\Common;C:\Program Files\MySQL\MySQL Server 8.0\bin;C:\Program Files (x86)\QuickTime\QTSystem\;C:\Program Files\Git\cmd;C:\ProgramData\chocolatey\bin;C:\Program Files (x86)\NoteBook FanControl\;C:\Program Files\nodejs\;C:\Program Files (x86)\dotnet\;%LOCALAPPDATA%\Android\Sdk\platform-tools;C:\Users\Prabharsha\AppData\Roaming\npm;C:\Program Files\MySQL\MySQL Shell 8.0\bin\;C:\Users\Prabharsha\AppData\Local\Microsoft\WindowsApps;C:\Program Files\JetBrains\Intelli
USERNAME=Prabharsha
OS=Windows_NT
PROCESSOR_IDENTIFIER=Intel64 Family 6 Model 142 Stepping 10, GenuineIntel



---------------  S Y S T E M  ---------------

OS: Windows 10 , 64 bit Build 19041 (10.0.19041.1566)

CPU:total 8 (initial active 8) (4 cores per cpu, 2 threads per core) family 6 model 142 stepping 10 microcode 0xb4, cmov, cx8, fxsr, mmx, sse, sse2, sse3, ssse3, sse4.1, sse4.2, popcnt, avx, avx2, aes, clmul, erms, 3dnowpref, lzcnt, ht, tsc, tscinvbit, bmi1, bmi2, adx, fma

Memory: 4k page, system-wide physical 8074M (334M free)
TotalPageFile size 12074M (AvailPageFile size 80M)
current process WorkingSet (physical memory assigned to process): 330M, peak: 336M
current process commit charge ("private bytes"): 380M, peak: 383M

vm_info: Java HotSpot(TM) 64-Bit Server VM (11.0.16+11-LTS-199) for windows-amd64 JRE (11.0.16+11-LTS-199), built on Jun 28 2022 08:23:17 by "mach5one" with MS VC++ 15.9 (VS2017)

END.
