#
# There is insufficient memory for the Java Runtime Environment to continue.
# Native memory allocation (malloc) failed to allocate 312976 bytes for Chunk::new
# Possible reasons:
#   The system is out of physical RAM or swap space
#   The process is running with CompressedOops enabled, and the Java Heap may be blocking the growth of the native heap
# Possible solutions:
#   Reduce memory load on the system
#   Increase physical memory or swap space
#   Check if swap backing store is full
#   Decrease Java heap size (-Xmx/-Xms)
#   Decrease number of Java threads
#   Decrease Java thread stack sizes (-Xss)
#   Set larger code cache with -XX:ReservedCodeCacheSize=
#   JVM is running with Unscaled Compressed Oops mode in which the Java heap is
#     placed in the first 4GB address space. The Java Heap base address is the
#     maximum limit for the native heap growth. Please use -XX:HeapBaseMinAddress
#     to set the Java Heap base and to place the Java Heap above 4GB virtual address.
# This output file may be truncated or incomplete.
#
#  Out of Memory Error (arena.cpp:189), pid=3672, tid=11232
#
# JRE version: OpenJDK Runtime Environment Temurin-17.0.4.1+1 (17.0.4.1+1) (build 17.0.4.1+1)
# Java VM: OpenJDK 64-Bit Server VM Temurin-17.0.4.1+1 (17.0.4.1+1, mixed mode, tiered, compressed oops, compressed class ptrs, parallel gc, windows-amd64)
# No core dump will be written. Minidumps are not enabled by default on client versions of Windows
#

---------------  S U M M A R Y ------------

Command Line: --add-modules=ALL-SYSTEM --add-opens=java.base/java.util=ALL-UNNAMED --add-opens=java.base/java.lang=ALL-UNNAMED --add-opens=java.base/sun.nio.fs=ALL-UNNAMED -Declipse.application=org.eclipse.jdt.ls.core.id1 -Dosgi.bundles.defaultStartLevel=4 -Declipse.product=org.eclipse.jdt.ls.core.product -Djava.import.generatesMetadataFilesAtProjectRoot=false -Dfile.encoding=utf8 -DwatchParentProcess=false -XX:+UseParallelGC -XX:GCTimeRatio=4 -XX:AdaptiveSizePolicyWeight=90 -Dsun.zip.disableMemoryMapping=true -Xmx1G -Xms100m -Xlog:disable -javaagent:c:\Users\Prabharsha\.vscode\extensions\redhat.java-1.11.0-win32-x64\lombok\lombok-1.18.24.jar c:\Users\Prabharsha\.vscode\extensions\redhat.java-1.11.0-win32-x64\server\plugins\org.eclipse.equinox.launcher_1.6.400.v20210924-0641.jar -configuration c:\Users\Prabharsha\AppData\Roaming\Code\User\globalStorage\redhat.java\1.11.0\config_ss_win -data c:\Users\Prabharsha\AppData\Roaming\Code\User\workspaceStorage\eb937eaabd02c54c35364ab9040414ff\redhat.java\ss_ws

Host: Intel(R) Core(TM) i5-8250U CPU @ 1.60GHz, 8 cores, 7G,  Windows 10 , 64 bit Build 19041 (10.0.19041.1566)
Time: Mon Oct 10 22:35:43 2022 Sri Lanka Standard Time elapsed time: 2.981829 seconds (0d 0h 0m 2s)

---------------  T H R E A D  ---------------

Current thread (0x000001dc2b92b010):  JavaThread "C2 CompilerThread0" daemon [_thread_in_native, id=11232, stack(0x0000007230800000,0x0000007230900000)]


Current CompileTask:
C2:   2981  523       4       lombok.patcher.PatchScript::classMatches (41 bytes)

Stack: [0x0000007230800000,0x0000007230900000]
Native frames: (J=compiled Java code, j=interpreted, Vv=VM code, C=native code)
V  [jvm.dll+0x67731a]
V  [jvm.dll+0x832284]
V  [jvm.dll+0x833a2e]
V  [jvm.dll+0x834093]
V  [jvm.dll+0x245775]
V  [jvm.dll+0xabd7b]
V  [jvm.dll+0xac30c]
V  [jvm.dll+0x363a42]
V  [jvm.dll+0x32e011]
V  [jvm.dll+0x32d4ba]
V  [jvm.dll+0x218681]
V  [jvm.dll+0x217aa1]
V  [jvm.dll+0x1a3f8d]
V  [jvm.dll+0x227498]
V  [jvm.dll+0x2255e5]
V  [jvm.dll+0x7e7e9b]
V  [jvm.dll+0x7e240a]
V  [jvm.dll+0x6761a5]
C  [ucrtbase.dll+0x21bb2]
C  [KERNEL32.DLL+0x17034]
C  [ntdll.dll+0x52651]


---------------  P R O C E S S  ---------------

Threads class SMR info:
_java_thread_list=0x000001dc2bbf8aa0, length=12, elements={
0x000001dc154926c0, 0x000001dc2b8f4e00, 0x000001dc2b8f59b0, 0x000001dc293264f0,
0x000001dc29326fb0, 0x000001dc29327870, 0x000001dc2b92a420, 0x000001dc2b92b010,
0x000001dc2b92b910, 0x000001dc2b92c210, 0x000001dc2ba07490, 0x000001dc2bbffc00
}

Java Threads: ( => current thread )
  0x000001dc154926c0 JavaThread "main" [_thread_in_native, id=3980, stack(0x000000722ff00000,0x0000007230000000)]
  0x000001dc2b8f4e00 JavaThread "Reference Handler" daemon [_thread_blocked, id=13840, stack(0x0000007230200000,0x0000007230300000)]
  0x000001dc2b8f59b0 JavaThread "Finalizer" daemon [_thread_blocked, id=17108, stack(0x0000007230300000,0x0000007230400000)]
  0x000001dc293264f0 JavaThread "Signal Dispatcher" daemon [_thread_blocked, id=9484, stack(0x0000007230400000,0x0000007230500000)]
  0x000001dc29326fb0 JavaThread "Attach Listener" daemon [_thread_blocked, id=15552, stack(0x0000007230500000,0x0000007230600000)]
  0x000001dc29327870 JavaThread "Service Thread" daemon [_thread_blocked, id=7520, stack(0x0000007230600000,0x0000007230700000)]
  0x000001dc2b92a420 JavaThread "Monitor Deflation Thread" daemon [_thread_blocked, id=9336, stack(0x0000007230700000,0x0000007230800000)]
=>0x000001dc2b92b010 JavaThread "C2 CompilerThread0" daemon [_thread_in_native, id=11232, stack(0x0000007230800000,0x0000007230900000)]
  0x000001dc2b92b910 JavaThread "C1 CompilerThread0" daemon [_thread_blocked, id=14704, stack(0x0000007230900000,0x0000007230a00000)]
  0x000001dc2b92c210 JavaThread "Sweeper thread" daemon [_thread_blocked, id=15020, stack(0x0000007230a00000,0x0000007230b00000)]
  0x000001dc2ba07490 JavaThread "Common-Cleaner" daemon [_thread_blocked, id=7920, stack(0x0000007230b00000,0x0000007230c00000)]
  0x000001dc2bbffc00 JavaThread "Notification Thread" daemon [_thread_blocked, id=15156, stack(0x0000007230c00000,0x0000007230d00000)]

Other Threads:
  0x000001dc1556eb90 VMThread "VM Thread" [stack: 0x0000007230100000,0x0000007230200000] [id=968]
  0x000001dc2bc08770 WatcherThread [stack: 0x0000007230d00000,0x0000007230e00000] [id=8000]
  0x000001dc154a4600 GCTaskThread "GC Thread#0" [stack: 0x0000007230000000,0x0000007230100000] [id=3404]

Threads with active compile tasks:
C2 CompilerThread0     3052  523       4       lombok.patcher.PatchScript::classMatches (41 bytes)

VM state: not at safepoint (normal execution)

VM Mutex/Monitor currently owned by a thread: None

Heap address: 0x00000000c0000000, size: 1024 MB, Compressed Oops mode: 32-bit

CDS archive(s) not mapped
Compressed class space mapped at: 0x0000000100000000-0x0000000140000000, reserved size: 1073741824
Narrow klass base: 0x0000000000000000, Narrow klass shift: 3, Narrow klass range: 0x140000000

GC Precious Log:
 CPUs: 8 total, 8 available
 Memory: 8074M
 Large Page Support: Disabled
 NUMA Support: Disabled
 Compressed Oops: Enabled (32-bit)
 Alignments: Space 512K, Generation 512K, Heap 2M
 Heap Min Capacity: 100M
 Heap Initial Capacity: 100M
 Heap Max Capacity: 1G
 Pre-touch: Disabled
 Parallel Workers: 8

Heap:
 PSYoungGen      total 29696K, used 13409K [0x00000000eab00000, 0x00000000ecc00000, 0x0000000100000000)
  eden space 25600K, 52% used [0x00000000eab00000,0x00000000eb818780,0x00000000ec400000)
  from space 4096K, 0% used [0x00000000ec800000,0x00000000ec800000,0x00000000ecc00000)
  to   space 4096K, 0% used [0x00000000ec400000,0x00000000ec400000,0x00000000ec800000)
 ParOldGen       total 68608K, used 0K [0x00000000c0000000, 0x00000000c4300000, 0x00000000eab00000)
  object space 68608K, 0% used [0x00000000c0000000,0x00000000c0000000,0x00000000c4300000)
 Metaspace       used 8683K, committed 8896K, reserved 1064960K
  class space    used 870K, committed 960K, reserved 1048576K

Card table byte_map: [0x000001dc14e50000,0x000001dc15060000] _byte_map_base: 0x000001dc14850000

Marking Bits: (ParMarkBitMap*) 0x00007ffaf3212cc0
 Begin Bits: [0x000001dc27130000, 0x000001dc28130000)
 End Bits:   [0x000001dc28130000, 0x000001dc29130000)

Polling page: 0x000001dc13410000

Metaspace:

Usage:
  Non-class:      7.63 MB used.
      Class:    870.09 KB used.
       Both:      8.48 MB used.

Virtual space:
  Non-class space:       16.00 MB reserved,       7.75 MB ( 48%) committed,  2 nodes.
      Class space:        1.00 GB reserved,     960.00 KB ( <1%) committed,  1 nodes.
             Both:        1.02 GB reserved,       8.69 MB ( <1%) committed. 

Chunk freelists:
   Non-Class:  3.92 MB
       Class:  3.09 MB
        Both:  7.01 MB

MaxMetaspaceSize: unlimited
CompressedClassSpaceSize: 1.00 GB
Initial GC threshold: 21.00 MB
Current GC threshold: 21.00 MB
CDS: off
MetaspaceReclaimPolicy: balanced
 - commit_granule_bytes: 65536.
 - commit_granule_words: 8192.
 - virtual_space_node_default_size: 1048576.
 - enlarge_chunks_in_place: 1.
 - new_chunks_are_fully_committed: 0.
 - uncommit_free_chunks: 1.
 - use_allocation_guard: 0.
 - handle_deallocations: 1.


Internal statistics:

num_allocs_failed_limit: 0.
num_arena_births: 10.
num_arena_deaths: 0.
num_vsnodes_births: 3.
num_vsnodes_deaths: 0.
num_space_committed: 139.
num_space_uncommitted: 0.
num_chunks_returned_to_freelist: 0.
num_chunks_taken_from_freelist: 44.
num_chunk_merges: 0.
num_chunk_splits: 24.
num_chunks_enlarged: 19.
num_purges: 0.
num_inconsistent_stats: 0.

CodeHeap 'non-profiled nmethods': size=120000Kb used=181Kb max_used=181Kb free=119818Kb
 bounds [0x000001dc1fc00000, 0x000001dc1fe70000, 0x000001dc27130000]
CodeHeap 'profiled nmethods': size=120000Kb used=870Kb max_used=870Kb free=119129Kb
 bounds [0x000001dc186d0000, 0x000001dc18940000, 0x000001dc1fc00000]
CodeHeap 'non-nmethods': size=5760Kb used=1126Kb max_used=1147Kb free=4633Kb
 bounds [0x000001dc18130000, 0x000001dc183a0000, 0x000001dc186d0000]
 total_blobs=973 nmethods=559 adapters=329
 compilation: enabled
              stopped_count=0, restarted_count=0
 full_count=0

Compilation events (20 events):
Event: 2.905 Thread 0x000001dc2b92b910 nmethod 546 0x000001dc1879ab90 code [0x000001dc1879ad40, 0x000001dc1879af38]
Event: 2.960 Thread 0x000001dc2b92b910  548       3       java.util.Objects::checkFromIndexSize (8 bytes)
Event: 2.960 Thread 0x000001dc2b92b910 nmethod 548 0x000001dc1879b010 code [0x000001dc1879b1c0, 0x000001dc1879b3e8]
Event: 2.960 Thread 0x000001dc2b92b910  550       3       java.util.Properties::loadConvert (540 bytes)
Event: 2.962 Thread 0x000001dc2b92b910 nmethod 550 0x000001dc1879b510 code [0x000001dc1879b800, 0x000001dc1879cc18]
Event: 2.962 Thread 0x000001dc2b92b910  549       3       jdk.internal.util.Preconditions::checkFromIndexSize (25 bytes)
Event: 2.963 Thread 0x000001dc2b92b910 nmethod 549 0x000001dc1879d290 code [0x000001dc1879d440, 0x000001dc1879d608]
Event: 2.963 Thread 0x000001dc2b92b910  551       3       java.util.Properties$LineReader::readLine (584 bytes)
Event: 2.968 Thread 0x000001dc2b92b910 nmethod 551 0x000001dc1879d710 code [0x000001dc1879dac0, 0x000001dc187a02b8]
Event: 2.968 Thread 0x000001dc2b92b910  552       3       java.lang.String::<init> (74 bytes)
Event: 2.969 Thread 0x000001dc2b92b910 nmethod 552 0x000001dc187a0e90 code [0x000001dc187a1060, 0x000001dc187a1398]
Event: 2.969 Thread 0x000001dc2b92b910  553       3       java.lang.StringUTF16::compress (20 bytes)
Event: 2.969 Thread 0x000001dc2b92b910 nmethod 553 0x000001dc187a1490 code [0x000001dc187a1640, 0x000001dc187a1888]
Event: 2.969 Thread 0x000001dc2b92b910  554       3       java.lang.String::<init> (14 bytes)
Event: 2.969 Thread 0x000001dc2b92b910 nmethod 554 0x000001dc187a1990 code [0x000001dc187a1b40, 0x000001dc187a1d58]
Event: 2.972 Thread 0x000001dc2b92b910  555       3       java.util.concurrent.ConcurrentHashMap$BaseIterator::hasNext (13 bytes)
Event: 2.973 Thread 0x000001dc2b92b910 nmethod 555 0x000001dc187a1e90 code [0x000001dc187a2020, 0x000001dc187a2198]
Event: 2.975 Thread 0x000001dc2b92b910  556       3       java.util.StringTokenizer::scanToken (179 bytes)
Event: 2.977 Thread 0x000001dc2b92b910 nmethod 556 0x000001dc187a2210 code [0x000001dc187a2580, 0x000001dc187a3b98]
Event: 2.977 Thread 0x000001dc2b92b910  558       3       java.util.StringTokenizer::skipDelimiters (116 bytes)

GC Heap History (0 events):
No events

Deoptimization events (20 events):
Event: 2.485 Thread 0x000001dc154926c0 Uncommon trap: trap_request=0xffffffde fr.pc=0x000001dc1fc227c4 relative=0x0000000000000124
Event: 2.486 Thread 0x000001dc154926c0 Uncommon trap: reason=class_check action=maybe_recompile pc=0x000001dc1fc227c4 method=jdk.internal.misc.Unsafe.allocateUninitializedArray(Ljava/lang/Class;I)Ljava/lang/Object; @ 51 c2
Event: 2.486 Thread 0x000001dc154926c0 DEOPT PACKING pc=0x000001dc1fc227c4 sp=0x000000722fffbee0
Event: 2.486 Thread 0x000001dc154926c0 DEOPT UNPACKING pc=0x000001dc181820a3 sp=0x000000722fffbe68 mode 2
Event: 2.486 Thread 0x000001dc154926c0 Uncommon trap: trap_request=0xffffffde fr.pc=0x000001dc1fc227c4 relative=0x0000000000000124
Event: 2.486 Thread 0x000001dc154926c0 Uncommon trap: reason=class_check action=maybe_recompile pc=0x000001dc1fc227c4 method=jdk.internal.misc.Unsafe.allocateUninitializedArray(Ljava/lang/Class;I)Ljava/lang/Object; @ 51 c2
Event: 2.486 Thread 0x000001dc154926c0 DEOPT PACKING pc=0x000001dc1fc227c4 sp=0x000000722fffbee0
Event: 2.486 Thread 0x000001dc154926c0 DEOPT UNPACKING pc=0x000001dc181820a3 sp=0x000000722fffbe68 mode 2
Event: 2.486 Thread 0x000001dc154926c0 Uncommon trap: trap_request=0xffffffde fr.pc=0x000001dc1fc227c4 relative=0x0000000000000124
Event: 2.486 Thread 0x000001dc154926c0 Uncommon trap: reason=class_check action=maybe_recompile pc=0x000001dc1fc227c4 method=jdk.internal.misc.Unsafe.allocateUninitializedArray(Ljava/lang/Class;I)Ljava/lang/Object; @ 51 c2
Event: 2.486 Thread 0x000001dc154926c0 DEOPT PACKING pc=0x000001dc1fc227c4 sp=0x000000722fffbf20
Event: 2.486 Thread 0x000001dc154926c0 DEOPT UNPACKING pc=0x000001dc181820a3 sp=0x000000722fffbea8 mode 2
Event: 2.515 Thread 0x000001dc154926c0 Uncommon trap: trap_request=0xffffff45 fr.pc=0x000001dc1fc12f44 relative=0x00000000000000c4
Event: 2.515 Thread 0x000001dc154926c0 Uncommon trap: reason=unstable_if action=reinterpret pc=0x000001dc1fc12f44 method=java.net.URI.match(CJJ)Z @ 45 c2
Event: 2.515 Thread 0x000001dc154926c0 DEOPT PACKING pc=0x000001dc1fc12f44 sp=0x000000722fffc840
Event: 2.515 Thread 0x000001dc154926c0 DEOPT UNPACKING pc=0x000001dc181820a3 sp=0x000000722fffc7c8 mode 2
Event: 2.572 Thread 0x000001dc154926c0 Uncommon trap: trap_request=0xffffff45 fr.pc=0x000001dc1fc23c48 relative=0x0000000000000648
Event: 2.572 Thread 0x000001dc154926c0 Uncommon trap: reason=unstable_if action=reinterpret pc=0x000001dc1fc23c48 method=java.lang.String.replace(Ljava/lang/CharSequence;Ljava/lang/CharSequence;)Ljava/lang/String; @ 48 c2
Event: 2.572 Thread 0x000001dc154926c0 DEOPT PACKING pc=0x000001dc1fc23c48 sp=0x000000722fffc7d0
Event: 2.572 Thread 0x000001dc154926c0 DEOPT UNPACKING pc=0x000001dc181820a3 sp=0x000000722fffc740 mode 2

Classes unloaded (0 events):
No events

Classes redefined (0 events):
No events

Internal exceptions (8 events):
Event: 0.882 Thread 0x000001dc154926c0 Exception <a 'java/lang/NoSuchMethodError'{0x00000000eac32478}: 'void java.lang.invoke.DirectMethodHandle$Holder.invokeStatic(java.lang.Object, java.lang.Object, java.lang.Object)'> (0x00000000eac32478) 
thrown [s\src\hotspot\share\interpreter\linkResolver.cpp, line 759]
Event: 1.140 Thread 0x000001dc154926c0 Implicit null exception at 0x000001dc1fc0dcd5 to 0x000001dc1fc0de40
Event: 1.745 Thread 0x000001dc154926c0 Exception <a 'java/lang/reflect/InvocationTargetException'{0x00000000eaf798a0}> (0x00000000eaf798a0) 
thrown [s\src\hotspot\share\runtime\reflection.cpp, line 1121]
Event: 2.897 Thread 0x000001dc154926c0 Exception <a 'java/lang/ClassNotFoundException'{0x00000000eb71fe98}: sun/net/www/protocol/c/Handler> (0x00000000eb71fe98) 
thrown [s\src\hotspot\share\classfile\systemDictionary.cpp, line 256]
Event: 2.904 Thread 0x000001dc154926c0 Exception <a 'java/io/FileNotFoundException'{0x00000000eb7339c0}> (0x00000000eb7339c0) 
thrown [s\src\hotspot\share\prims\jni.cpp, line 516]
Event: 2.904 Thread 0x000001dc154926c0 Exception <a 'java/io/FileNotFoundException'{0x00000000eb7346e8}> (0x00000000eb7346e8) 
thrown [s\src\hotspot\share\prims\jni.cpp, line 516]
Event: 2.905 Thread 0x000001dc154926c0 Exception <a 'java/io/FileNotFoundException'{0x00000000eb7353f0}> (0x00000000eb7353f0) 
thrown [s\src\hotspot\share\prims\jni.cpp, line 516]
Event: 2.905 Thread 0x000001dc154926c0 Exception <a 'java/io/FileNotFoundException'{0x00000000eb7360f0}> (0x00000000eb7360f0) 
thrown [s\src\hotspot\share\prims\jni.cpp, line 516]

VM Operations (10 events):
Event: 1.421 Executing VM operation: Cleanup
Event: 1.422 Executing VM operation: Cleanup done
Event: 1.422 Executing VM operation: HandshakeAllThreads
Event: 1.422 Executing VM operation: HandshakeAllThreads done
Event: 2.841 Executing VM operation: HandshakeAllThreads
Event: 2.841 Executing VM operation: HandshakeAllThreads done
Event: 2.841 Executing VM operation: Cleanup
Event: 2.841 Executing VM operation: Cleanup done
Event: 2.886 Executing VM operation: HandshakeAllThreads
Event: 2.886 Executing VM operation: HandshakeAllThreads done

Events (20 events):
Event: 2.909 loading class sun/net/www/MimeTable$DefaultInstanceHolder
Event: 2.910 loading class sun/net/www/MimeTable$DefaultInstanceHolder done
Event: 2.910 loading class sun/net/www/MimeTable$DefaultInstanceHolder$1
Event: 2.910 loading class sun/net/www/MimeTable$DefaultInstanceHolder$1 done
Event: 2.969 loading class java/util/Properties$EntrySet
Event: 2.970 loading class java/util/Properties$EntrySet done
Event: 2.970 loading class java/util/concurrent/ConcurrentHashMap$EntrySetView
Event: 2.971 loading class java/util/concurrent/ConcurrentHashMap$EntrySetView done
Event: 2.971 loading class java/util/Collections$SynchronizedSet
Event: 2.971 loading class java/util/Collections$SynchronizedCollection
Event: 2.971 loading class java/util/Collections$SynchronizedCollection done
Event: 2.971 loading class java/util/Collections$SynchronizedSet done
Event: 2.971 loading class java/util/concurrent/ConcurrentHashMap$EntryIterator
Event: 2.972 loading class java/util/concurrent/ConcurrentHashMap$EntryIterator done
Event: 2.972 loading class java/util/concurrent/ConcurrentHashMap$MapEntry
Event: 2.972 loading class java/util/concurrent/ConcurrentHashMap$MapEntry done
Event: 2.973 loading class java/util/Hashtable$Enumerator
Event: 2.973 loading class java/util/Hashtable$Enumerator done
Event: 2.973 loading class sun/net/www/MimeEntry
Event: 2.973 loading class sun/net/www/MimeEntry done


Dynamic libraries:
0x00007ff656f80000 - 0x00007ff656f8e000 	c:\Users\Prabharsha\.vscode\extensions\redhat.java-1.11.0-win32-x64\jre\17.0.4.1-win32-x86_64\bin\java.exe
0x00007ffb3b2b0000 - 0x00007ffb3b4a5000 	C:\WINDOWS\SYSTEM32\ntdll.dll
0x00007ffb3a2d0000 - 0x00007ffb3a38e000 	C:\WINDOWS\System32\KERNEL32.DLL
0x00007ffb38be0000 - 0x00007ffb38ea8000 	C:\WINDOWS\System32\KERNELBASE.dll
0x00007ffb30840000 - 0x00007ffb30858000 	c:\Users\Prabharsha\.vscode\extensions\redhat.java-1.11.0-win32-x64\jre\17.0.4.1-win32-x86_64\bin\jli.dll
0x00007ffb2e7e0000 - 0x00007ffb2e7f9000 	c:\Users\Prabharsha\.vscode\extensions\redhat.java-1.11.0-win32-x64\jre\17.0.4.1-win32-x86_64\bin\VCRUNTIME140.dll
0x00007ffb3a5a0000 - 0x00007ffb3a740000 	C:\WINDOWS\System32\USER32.dll
0x00007ffb392e0000 - 0x00007ffb39302000 	C:\WINDOWS\System32\win32u.dll
0x00007ffb3a550000 - 0x00007ffb3a57b000 	C:\WINDOWS\System32\GDI32.dll
0x00007ffb38eb0000 - 0x00007ffb38fbb000 	C:\WINDOWS\System32\gdi32full.dll
0x00007ffb389d0000 - 0x00007ffb38a6d000 	C:\WINDOWS\System32\msvcp_win.dll
0x00007ffb37de0000 - 0x00007ffb3807a000 	C:\WINDOWS\WinSxS\amd64_microsoft.windows.common-controls_6595b64144ccf1df_6.0.19041.1110_none_60b5254171f9507e\COMCTL32.dll
0x00007ffb39e70000 - 0x00007ffb39f0e000 	C:\WINDOWS\System32\msvcrt.dll
0x00007ffb38ae0000 - 0x00007ffb38be0000 	C:\WINDOWS\System32\ucrtbase.dll
0x00007ffb39520000 - 0x00007ffb39550000 	C:\WINDOWS\System32\IMM32.DLL
0x00007ffb312c0000 - 0x00007ffb312cc000 	c:\Users\Prabharsha\.vscode\extensions\redhat.java-1.11.0-win32-x64\jre\17.0.4.1-win32-x86_64\bin\vcruntime140_1.dll
0x00007ffb0e1a0000 - 0x00007ffb0e231000 	c:\Users\Prabharsha\.vscode\extensions\redhat.java-1.11.0-win32-x64\jre\17.0.4.1-win32-x86_64\bin\msvcp140.dll
0x00007ffaf2690000 - 0x00007ffaf32d6000 	c:\Users\Prabharsha\.vscode\extensions\redhat.java-1.11.0-win32-x64\jre\17.0.4.1-win32-x86_64\bin\server\jvm.dll
0x00007ffb3a9e0000 - 0x00007ffb3aa8e000 	C:\WINDOWS\System32\ADVAPI32.dll
0x00007ffb3a390000 - 0x00007ffb3a42c000 	C:\WINDOWS\System32\sechost.dll
0x00007ffb3a1a0000 - 0x00007ffb3a2c5000 	C:\WINDOWS\System32\RPCRT4.dll
0x00007ffb3b260000 - 0x00007ffb3b268000 	C:\WINDOWS\System32\PSAPI.DLL
0x00007ffb23b50000 - 0x00007ffb23b59000 	C:\WINDOWS\SYSTEM32\WSOCK32.dll
0x00007ffb1d750000 - 0x00007ffb1d777000 	C:\WINDOWS\SYSTEM32\WINMM.dll
0x00007ffb3a0d0000 - 0x00007ffb3a13b000 	C:\WINDOWS\System32\WS2_32.dll
0x00007ffb35e20000 - 0x00007ffb35e2a000 	C:\WINDOWS\SYSTEM32\VERSION.dll
0x00007ffb36470000 - 0x00007ffb36482000 	C:\WINDOWS\SYSTEM32\kernel.appcore.dll
0x00007ffb35a20000 - 0x00007ffb35a2a000 	c:\Users\Prabharsha\.vscode\extensions\redhat.java-1.11.0-win32-x64\jre\17.0.4.1-win32-x86_64\bin\jimage.dll
0x00007ffb38250000 - 0x00007ffb38434000 	C:\WINDOWS\SYSTEM32\DBGHELP.DLL
0x00007ffb381a0000 - 0x00007ffb381cc000 	C:\WINDOWS\SYSTEM32\dbgcore.DLL
0x00007ffb39150000 - 0x00007ffb391d2000 	C:\WINDOWS\System32\bcryptPrimitives.dll
0x00007ffb30e90000 - 0x00007ffb30e9e000 	c:\Users\Prabharsha\.vscode\extensions\redhat.java-1.11.0-win32-x64\jre\17.0.4.1-win32-x86_64\bin\instrument.dll
0x00007ffb30c70000 - 0x00007ffb30c95000 	c:\Users\Prabharsha\.vscode\extensions\redhat.java-1.11.0-win32-x64\jre\17.0.4.1-win32-x86_64\bin\java.dll
0x00007ffb30ab0000 - 0x00007ffb30ac8000 	c:\Users\Prabharsha\.vscode\extensions\redhat.java-1.11.0-win32-x64\jre\17.0.4.1-win32-x86_64\bin\zip.dll
0x00007ffb3aa90000 - 0x00007ffb3b1d4000 	C:\WINDOWS\System32\SHELL32.dll
0x00007ffb36490000 - 0x00007ffb36c24000 	C:\WINDOWS\SYSTEM32\windows.storage.dll
0x00007ffb39550000 - 0x00007ffb398a4000 	C:\WINDOWS\System32\combase.dll
0x00007ffb37d40000 - 0x00007ffb37d6c000 	C:\WINDOWS\SYSTEM32\Wldp.dll
0x00007ffb3a930000 - 0x00007ffb3a9dd000 	C:\WINDOWS\System32\SHCORE.dll
0x00007ffb3b1f0000 - 0x00007ffb3b245000 	C:\WINDOWS\System32\shlwapi.dll
0x00007ffb38910000 - 0x00007ffb3892f000 	C:\WINDOWS\SYSTEM32\profapi.dll
0x00007ffb2cdd0000 - 0x00007ffb2cde9000 	C:\Users\Prabharsha\.vscode\extensions\redhat.java-1.11.0-win32-x64\jre\17.0.4.1-win32-x86_64\bin\net.dll
0x00007ffb2e1f0000 - 0x00007ffb2e2f9000 	C:\WINDOWS\SYSTEM32\WINHTTP.dll
0x00007ffb37c10000 - 0x00007ffb37c7a000 	C:\WINDOWS\system32\mswsock.dll
0x00007ffb2bbc0000 - 0x00007ffb2bbd5000 	C:\Users\Prabharsha\.vscode\extensions\redhat.java-1.11.0-win32-x64\jre\17.0.4.1-win32-x86_64\bin\nio.dll
0x00007ffb30b00000 - 0x00007ffb30b10000 	c:\Users\Prabharsha\.vscode\extensions\redhat.java-1.11.0-win32-x64\jre\17.0.4.1-win32-x86_64\bin\verify.dll

dbghelp: loaded successfully - version: 4.0.5 - missing functions: none
symbol engine: initialized successfully - sym options: 0x614 - pdb path: .;c:\Users\Prabharsha\.vscode\extensions\redhat.java-1.11.0-win32-x64\jre\17.0.4.1-win32-x86_64\bin;C:\WINDOWS\SYSTEM32;C:\WINDOWS\WinSxS\amd64_microsoft.windows.common-controls_6595b64144ccf1df_6.0.19041.1110_none_60b5254171f9507e;c:\Users\Prabharsha\.vscode\extensions\redhat.java-1.11.0-win32-x64\jre\17.0.4.1-win32-x86_64\bin\server

VM Arguments:
jvm_args: --add-modules=ALL-SYSTEM --add-opens=java.base/java.util=ALL-UNNAMED --add-opens=java.base/java.lang=ALL-UNNAMED --add-opens=java.base/sun.nio.fs=ALL-UNNAMED -Declipse.application=org.eclipse.jdt.ls.core.id1 -Dosgi.bundles.defaultStartLevel=4 -Declipse.product=org.eclipse.jdt.ls.core.product -Djava.import.generatesMetadataFilesAtProjectRoot=false -Dfile.encoding=utf8 -DwatchParentProcess=false -XX:+UseParallelGC -XX:GCTimeRatio=4 -XX:AdaptiveSizePolicyWeight=90 -Dsun.zip.disableMemoryMapping=true -Xmx1G -Xms100m -Xlog:disable -javaagent:c:\Users\Prabharsha\.vscode\extensions\redhat.java-1.11.0-win32-x64\lombok\lombok-1.18.24.jar 
java_command: c:\Users\Prabharsha\.vscode\extensions\redhat.java-1.11.0-win32-x64\server\plugins\org.eclipse.equinox.launcher_1.6.400.v20210924-0641.jar -configuration c:\Users\Prabharsha\AppData\Roaming\Code\User\globalStorage\redhat.java\1.11.0\config_ss_win -data c:\Users\Prabharsha\AppData\Roaming\Code\User\workspaceStorage\eb937eaabd02c54c35364ab9040414ff\redhat.java\ss_ws
java_class_path (initial): c:\Users\Prabharsha\.vscode\extensions\redhat.java-1.11.0-win32-x64\server\plugins\org.eclipse.equinox.launcher_1.6.400.v20210924-0641.jar
Launcher Type: SUN_STANDARD

[Global flags]
    uintx AdaptiveSizePolicyWeight                 = 90                                        {product} {command line}
     intx CICompilerCount                          = 4                                         {product} {ergonomic}
    uintx GCTimeRatio                              = 4                                         {product} {command line}
   size_t InitialHeapSize                          = 104857600                                 {product} {command line}
   size_t MaxHeapSize                              = 1073741824                                {product} {command line}
   size_t MaxNewSize                               = 357564416                                 {product} {ergonomic}
   size_t MinHeapDeltaBytes                        = 524288                                    {product} {ergonomic}
   size_t MinHeapSize                              = 104857600                                 {product} {command line}
   size_t NewSize                                  = 34603008                                  {product} {ergonomic}
    uintx NonNMethodCodeHeapSize                   = 5839372                                {pd product} {ergonomic}
    uintx NonProfiledCodeHeapSize                  = 122909434                              {pd product} {ergonomic}
   size_t OldSize                                  = 70254592                                  {product} {ergonomic}
    uintx ProfiledCodeHeapSize                     = 122909434                              {pd product} {ergonomic}
    uintx ReservedCodeCacheSize                    = 251658240                              {pd product} {ergonomic}
     bool SegmentedCodeCache                       = true                                      {product} {ergonomic}
   size_t SoftMaxHeapSize                          = 1073741824                             {manageable} {ergonomic}
     bool UseCompressedClassPointers               = true                           {product lp64_product} {ergonomic}
     bool UseCompressedOops                        = true                           {product lp64_product} {ergonomic}
     bool UseLargePagesIndividualAllocation        = false                                  {pd product} {ergonomic}
     bool UseParallelGC                            = true                                      {product} {command line}

Logging:
Log output configuration:
 #0: stdout all=off uptime,level,tags
 #1: stderr all=off uptime,level,tags

Environment Variables:
JAVA_HOME=C:\Program Files\Java\jdk-11.0.16
PATH=C:\Program Files\Java\jdk-11.0.16\bin;C:\Program Files\Common Files\Oracle\Java\javapath;C:\Program Files\Eclipse Adoptium\jdk-8.0.322.6-hotspot\bin;C:\Python310\Scripts\;C:\Python310\;C:\Program Files (x86)\Common Files\Oracle\Java\javapath;C:\WINDOWS\system32;C:\Program Files\Java\jdk1.8.0_271\bin;C:\WINDOWS;C:\WINDOWS\System32\Wbem;C:\WINDOWS\System32\WindowsPowerShell\v1.0\;C:\WINDOWS\System32\OpenSSH\;C:\Program Files\NVIDIA Corporation\NVIDIA NvDLISR;C:\Program Files (x86)\NVIDIA Corporation\PhysX\Common;C:\Program Files\MySQL\MySQL Server 8.0\bin;C:\Program Files (x86)\QuickTime\QTSystem\;C:\Program Files\Git\cmd;C:\ProgramData\chocolatey\bin;C:\Program Files (x86)\NoteBook FanControl\;C:\Program Files\nodejs\;C:\Program Files (x86)\dotnet\;%LOCALAPPDATA%\Android\Sdk\platform-tools;C:\Users\Prabharsha\AppData\Roaming\npm;C:\Program Files\MySQL\MySQL Shell 8.0\bin\;C:\Users\Prabharsha\AppData\Local\Microsoft\WindowsApps;C:\Program Files\JetBrains\IntelliJ IDEA 2022.1.2\bin;;C:\Program Files\MySQL\MySQL Shell 8.0\bin;C:\Program Files\MySQL\MySQL Shell 8.0\bin;C:\Users\Prabharsha\AppData\Local\Programs\Microsoft VS Code\bin
USERNAME=Prabharsha
OS=Windows_NT
PROCESSOR_IDENTIFIER=Intel64 Family 6 Model 142 Stepping 10, GenuineIntel
TMP=C:\Users\PRABHA~1\AppData\Local\Temp
TEMP=C:\Users\PRABHA~1\AppData\Local\Temp



---------------  S Y S T E M  ---------------

OS:
 Windows 10 , 64 bit Build 19041 (10.0.19041.1566)
OS uptime: 0 days 22:02 hours

CPU: total 8 (initial active 8) (4 cores per cpu, 2 threads per core) family 6 model 142 stepping 10 microcode 0xb4, cx8, cmov, fxsr, ht, mmx, 3dnowpref, sse, sse2, sse3, ssse3, sse4.1, sse4.2, popcnt, lzcnt, tsc, tscinvbit, avx, avx2, aes, erms, clmul, bmi1, bmi2, adx, fma, vzeroupper, clflush, clflushopt

Memory: 4k page, system-wide physical 8074M (381M free)
TotalPageFile size 12074M (AvailPageFile size 90M)
current process WorkingSet (physical memory assigned to process): 53M, peak: 53M
current process commit charge ("private bytes"): 193M, peak: 194M

vm_info: OpenJDK 64-Bit Server VM (17.0.4.1+1) for windows-amd64 JRE (17.0.4.1+1), built on Aug 17 2022 07:42:43 by "temurin" with MS VC++ 16.7 (VS2019)

END.
