#
# There is insufficient memory for the Java Runtime Environment to continue.
# Native memory allocation (malloc) failed to allocate 2211696 bytes for Chunk::new
# Possible reasons:
#   The system is out of physical RAM or swap space
#   The process is running with CompressedOops enabled, and the Java Heap may be blocking the growth of the native heap
# Possible solutions:
#   Reduce memory load on the system
#   Increase physical memory or swap space
#   Check if swap backing store is full
#   Decrease Java heap size (-Xmx/-Xms)
#   Decrease number of Java threads
#   Decrease Java thread stack sizes (-Xss)
#   Set larger code cache with -XX:ReservedCodeCacheSize=
#   JVM is running with Unscaled Compressed Oops mode in which the Java heap is
#     placed in the first 4GB address space. The Java Heap base address is the
#     maximum limit for the native heap growth. Please use -XX:HeapBaseMinAddress
#     to set the Java Heap base and to place the Java Heap above 4GB virtual address.
# This output file may be truncated or incomplete.
#
#  Out of Memory Error (./open/src/hotspot/share/memory/arena.cpp:197), pid=3380, tid=2468
#
# JRE version: Java(TM) SE Runtime Environment 18.9 (11.0.16+11) (build 11.0.16+11-LTS-199)
# Java VM: Java HotSpot(TM) 64-Bit Server VM 18.9 (11.0.16+11-LTS-199, mixed mode, tiered, compressed oops, g1 gc, windows-amd64)
# No core dump will be written. Minidumps are not enabled by default on client versions of Windows
#

---------------  S U M M A R Y ------------

Command Line: -XX:MaxMetaspaceSize=512m --add-opens=java.base/java.util=ALL-UNNAMED --add-opens=java.base/java.lang=ALL-UNNAMED --add-opens=java.base/java.lang.invoke=ALL-UNNAMED --add-opens=java.base/java.util=ALL-UNNAMED --add-opens=java.prefs/java.util.prefs=ALL-UNNAMED --add-opens=java.prefs/java.util.prefs=ALL-UNNAMED --add-opens=java.base/java.nio.charset=ALL-UNNAMED --add-opens=java.base/java.net=ALL-UNNAMED --add-opens=java.base/java.util.concurrent.atomic=ALL-UNNAMED -Xmx2048m -Dfile.encoding=utf8 -Duser.country=US -Duser.language=en -Duser.variant org.gradle.launcher.daemon.bootstrap.GradleDaemon 7.5.1

Host: Intel(R) Core(TM) i5-8250U CPU @ 1.60GHz, 8 cores, 7G,  Windows 10 , 64 bit Build 19041 (10.0.19041.1566)
Time: Mon Oct 10 22:37:26 2022 Sri Lanka Standard Time elapsed time: 54.582405 seconds (0d 0h 0m 54s)

---------------  T H R E A D  ---------------

Current thread (0x000002a83909b800):  JavaThread "C2 CompilerThread0" daemon [_thread_in_native, id=2468, stack(0x000000d63d300000,0x000000d63d400000)]


Current CompileTask:
C2:  54582 7777   !   4       java.io.ObjectOutputStream::writeOrdinaryObject (175 bytes)

Stack: [0x000000d63d300000,0x000000d63d400000]
Native frames: (J=compiled Java code, j=interpreted, Vv=VM code, C=native code)
V  [jvm.dll+0x62a3ea]
V  [jvm.dll+0x76418f]
V  [jvm.dll+0x765839]
V  [jvm.dll+0x765ec3]
V  [jvm.dll+0x23da98]
V  [jvm.dll+0xb2a1c]
V  [jvm.dll+0xb2fdc]
V  [jvm.dll+0x341487]
V  [jvm.dll+0x18cc31]
V  [jvm.dll+0x1f85b2]
V  [jvm.dll+0x1f768d]
V  [jvm.dll+0x177c81]
V  [jvm.dll+0x207006]
V  [jvm.dll+0x20519b]
V  [jvm.dll+0x729fa0]
V  [jvm.dll+0x722b74]
V  [jvm.dll+0x629286]
C  [ucrtbase.dll+0x21bb2]
C  [KERNEL32.DLL+0x17034]
C  [ntdll.dll+0x52651]


---------------  P R O C E S S  ---------------

Threads class SMR info:
_java_thread_list=0x000002a83f3c2000, length=110, elements={
0x000002a81b079800, 0x000002a839078800, 0x000002a83907c000, 0x000002a839095800,
0x000002a839096800, 0x000002a839097800, 0x000002a83909b800, 0x000002a83909d000,
0x000002a8390a0000, 0x000002a839b9b800, 0x000002a83b1d8800, 0x000002a83ab73800,
0x000002a83bed8800, 0x000002a83bf30000, 0x000002a83bbbd000, 0x000002a83c0c0800,
0x000002a83c207000, 0x000002a83a916000, 0x000002a83c0b5000, 0x000002a83d2e2800,
0x000002a83d2df000, 0x000002a83d2dd000, 0x000002a83d2e1800, 0x000002a83d2e3800,
0x000002a83d2dd800, 0x000002a83d2de800, 0x000002a83d2e0000, 0x000002a83d2e1000,
0x000002a839f7d000, 0x000002a839f82000, 0x000002a839f82800, 0x000002a839f7e000,
0x000002a839f81000, 0x000002a839f7f800, 0x000002a839f83800, 0x000002a839f88800,
0x000002a839f87000, 0x000002a839f8b000, 0x000002a839f89800, 0x000002a839f8b800,
0x000002a839f8a000, 0x000002a8401a1000, 0x000002a8401a2000, 0x000002a8401a4800,
0x000002a8401a2800, 0x000002a8401a3800, 0x000002a8401a5000, 0x000002a8401a6000,
0x000002a8401a0800, 0x000002a8401a7800, 0x000002a8401a7000, 0x000002a8401ab800,
0x000002a8401ad800, 0x000002a8401a8800, 0x000002a8401aa000, 0x000002a8401af000,
0x000002a8401a9800, 0x000002a8401ab000, 0x000002a8401ae000, 0x000002a8401ac800,
0x000002a841db7800, 0x000002a841db8800, 0x000002a841dbc000, 0x000002a841db7000,
0x000002a841db9800, 0x000002a841dba000, 0x000002a841dbb000, 0x000002a841db6000,
0x000002a841dc0800, 0x000002a841dc0000, 0x000002a841dc1800, 0x000002a841dbe000,
0x000002a841dc2800, 0x000002a841dbf000, 0x000002a841dbd800, 0x000002a841dbc800,
0x000002a841dc3000, 0x000002a841dc4000, 0x000002a842513800, 0x000002a83f9df800,
0x000002a842515800, 0x000002a842514800, 0x000002a84250f800, 0x000002a842510800,
0x000002a842513000, 0x000002a842516000, 0x000002a842517000, 0x000002a842511000,
0x000002a842518000, 0x000002a842512000, 0x000002a84251c800, 0x000002a84251d800,
0x000002a84251e800, 0x000002a84251b000, 0x000002a842518800, 0x000002a84251a000,
0x000002a84251c000, 0x000002a842519800, 0x000002a83f22b800, 0x000002a83f22f800,
0x000002a83f22c000, 0x000002a83f22e800, 0x000002a83f22d000, 0x000002a83f231000,
0x000002a83f230800, 0x000002a83f232000, 0x000002a83f232800, 0x000002a83f233800,
0x000002a83f22e000, 0x000002a83f23a000
}

Java Threads: ( => current thread )
  0x000002a81b079800 JavaThread "main" [_thread_blocked, id=13244, stack(0x000000d63c700000,0x000000d63c800000)]
  0x000002a839078800 JavaThread "Reference Handler" daemon [_thread_blocked, id=9732, stack(0x000000d63ce00000,0x000000d63cf00000)]
  0x000002a83907c000 JavaThread "Finalizer" daemon [_thread_blocked, id=1272, stack(0x000000d63cf00000,0x000000d63d000000)]
  0x000002a839095800 JavaThread "Signal Dispatcher" daemon [_thread_blocked, id=12764, stack(0x000000d63d000000,0x000000d63d100000)]
  0x000002a839096800 JavaThread "Attach Listener" daemon [_thread_blocked, id=3480, stack(0x000000d63d100000,0x000000d63d200000)]
  0x000002a839097800 JavaThread "Service Thread" daemon [_thread_blocked, id=9648, stack(0x000000d63d200000,0x000000d63d300000)]
=>0x000002a83909b800 JavaThread "C2 CompilerThread0" daemon [_thread_in_native, id=2468, stack(0x000000d63d300000,0x000000d63d400000)]
  0x000002a83909d000 JavaThread "C1 CompilerThread0" daemon [_thread_blocked, id=4416, stack(0x000000d63d400000,0x000000d63d500000)]
  0x000002a8390a0000 JavaThread "Sweeper thread" daemon [_thread_blocked, id=6232, stack(0x000000d63d500000,0x000000d63d600000)]
  0x000002a839b9b800 JavaThread "Common-Cleaner" daemon [_thread_blocked, id=1548, stack(0x000000d63d600000,0x000000d63d700000)]
  0x000002a83b1d8800 JavaThread "Daemon health stats" [_thread_blocked, id=13268, stack(0x000000d63dc00000,0x000000d63dd00000)]
  0x000002a83ab73800 JavaThread "Incoming local TCP Connector on port 57299" [_thread_in_native, id=16720, stack(0x000000d63d800000,0x000000d63d900000)]
  0x000002a83bed8800 JavaThread "Daemon periodic checks" [_thread_blocked, id=15104, stack(0x000000d63db00000,0x000000d63dc00000)]
  0x000002a83bf30000 JavaThread "Daemon" [_thread_blocked, id=3508, stack(0x000000d63dd00000,0x000000d63de00000)]
  0x000002a83bbbd000 JavaThread "Handler for socket connection from /127.0.0.1:57299 to /127.0.0.1:57300" [_thread_in_native, id=7628, stack(0x000000d63de00000,0x000000d63df00000)]
  0x000002a83c0c0800 JavaThread "Cancel handler" [_thread_blocked, id=10116, stack(0x000000d63df00000,0x000000d63e000000)]
  0x000002a83c207000 JavaThread "Daemon worker" [_thread_blocked, id=8060, stack(0x000000d63e000000,0x000000d63e100000)]
  0x000002a83a916000 JavaThread "Asynchronous log dispatcher for DefaultDaemonConnection: socket connection from /127.0.0.1:57299 to /127.0.0.1:57300" [_thread_blocked, id=7532, stack(0x000000d63e100000,0x000000d63e200000)]
  0x000002a83c0b5000 JavaThread "Stdin handler" [_thread_blocked, id=16732, stack(0x000000d63e200000,0x000000d63e300000)]
  0x000002a83d2e2800 JavaThread "Daemon client event forwarder" [_thread_blocked, id=16608, stack(0x000000d63e300000,0x000000d63e400000)]
  0x000002a83d2df000 JavaThread "Cache worker for journal cache (C:\Users\Prabharsha\.gradle\caches\journal-1)" [_thread_blocked, id=11408, stack(0x000000d63e900000,0x000000d63ea00000)]
  0x000002a83d2dd000 JavaThread "File lock request listener" [_thread_in_native, id=17116, stack(0x000000d63ea00000,0x000000d63eb00000)]
  0x000002a83d2e1800 JavaThread "Cache worker for file hash cache (C:\Users\Prabharsha\.gradle\caches\7.5.1\fileHashes)" [_thread_blocked, id=9404, stack(0x000000d63ec00000,0x000000d63ed00000)]
  0x000002a83d2e3800 JavaThread "File watcher server" daemon [_thread_in_native, id=16448, stack(0x000000d63ef00000,0x000000d63f000000)]
  0x000002a83d2dd800 JavaThread "File watcher consumer" daemon [_thread_blocked, id=3912, stack(0x000000d63f000000,0x000000d63f100000)]
  0x000002a83d2de800 JavaThread "jar transforms" [_thread_blocked, id=7376, stack(0x000000d63f100000,0x000000d63f200000)]
  0x000002a83d2e0000 JavaThread "jar transforms Thread 2" [_thread_blocked, id=15816, stack(0x000000d63f200000,0x000000d63f300000)]
  0x000002a83d2e1000 JavaThread "Cache worker for checksums cache (C:\SSD Idea Projects\Sem 3\AMD\CarSaleApp\FrontEnd\carSaleApp\android\.gradle\7.5.1\checksums)" [_thread_blocked, id=13700, stack(0x000000d63ee00000,0x000000d63ef00000)]
  0x000002a839f7d000 JavaThread "Cache worker for cache directory md-rule (C:\Users\Prabharsha\.gradle\caches\7.5.1\md-rule)" [_thread_blocked, id=14712, stack(0x000000d63f300000,0x000000d63f400000)]
  0x000002a839f82000 JavaThread "Cache worker for file content cache (C:\Users\Prabharsha\.gradle\caches\7.5.1\fileContent)" [_thread_blocked, id=3476, stack(0x000000d63f400000,0x000000d63f500000)]
  0x000002a839f82800 JavaThread "Cache worker for file hash cache (C:\SSD Idea Projects\Sem 3\AMD\CarSaleApp\FrontEnd\carSaleApp\android\.gradle\7.5.1\fileHashes)" [_thread_blocked, id=4816, stack(0x000000d63f500000,0x000000d63f600000)]
  0x000002a839f7e000 JavaThread "Cache worker for cache directory md-supplier (C:\Users\Prabharsha\.gradle\caches\7.5.1\md-supplier)" [_thread_blocked, id=14316, stack(0x000000d63f600000,0x000000d63f700000)]
  0x000002a839f81000 JavaThread "Cache worker for execution history cache (C:\Users\Prabharsha\.gradle\caches\7.5.1\executionHistory)" [_thread_blocked, id=7076, stack(0x000000d63f700000,0x000000d63f800000)]
  0x000002a839f7f800 JavaThread "jar transforms Thread 3" [_thread_blocked, id=10504, stack(0x000000d63f800000,0x000000d63f900000)]
  0x000002a839f83800 JavaThread "jar transforms Thread 4" [_thread_blocked, id=9452, stack(0x000000d63f900000,0x000000d63fa00000)]
  0x000002a839f88800 JavaThread "jar transforms Thread 5" [_thread_blocked, id=6708, stack(0x000000d63fb00000,0x000000d63fc00000)]
  0x000002a839f87000 JavaThread "jar transforms Thread 6" [_thread_blocked, id=9336, stack(0x000000d63fc00000,0x000000d63fd00000)]
  0x000002a839f8b000 JavaThread "jar transforms Thread 7" [_thread_blocked, id=13252, stack(0x000000d63fd00000,0x000000d63fe00000)]
  0x000002a839f89800 JavaThread "jar transforms Thread 8" [_thread_blocked, id=15020, stack(0x000000d63fe00000,0x000000d63ff00000)]
  0x000002a839f8b800 JavaThread "Cache worker for kotlin-dsl (C:\Users\Prabharsha\.gradle\caches\7.5.1\kotlin-dsl)" [_thread_blocked, id=5624, stack(0x000000d63ff00000,0x000000d640000000)]
  0x000002a839f8a000 JavaThread "Cache worker for dependencies-accessors (C:\SSD Idea Projects\Sem 3\AMD\CarSaleApp\FrontEnd\carSaleApp\android\.gradle\7.5.1\dependencies-accessors)" [_thread_blocked, id=17024, stack(0x000000d63ed00000,0x000000d63ee00000)]
  0x000002a8401a1000 JavaThread "Cache worker for Build Output Cleanup Cache (C:\SSD Idea Projects\Sem 3\AMD\CarSaleApp\FrontEnd\carSaleApp\android\.gradle\buildOutputCleanup)" [_thread_blocked, id=14564, stack(0x000000d640200000,0x000000d640300000)]
  0x000002a8401a2000 JavaThread "Cache worker for Build Output Cleanup Cache (C:\SSD Idea Projects\Sem 3\AMD\CarSaleApp\FrontEnd\carSaleApp\node_modules\react-native-gradle-plugin\.gradle\buildOutputCleanup)" [_thread_blocked, id=11348, stack(0x000000d640400000,0x000000d640500000)]
  0x000002a8401a4800 JavaThread "Unconstrained build operations" [_thread_blocked, id=9812, stack(0x000000d640300000,0x000000d640400000)]
  0x000002a8401a2800 JavaThread "Unconstrained build operations Thread 2" [_thread_blocked, id=15504, stack(0x000000d640500000,0x000000d640600000)]
  0x000002a8401a3800 JavaThread "Unconstrained build operations Thread 3" [_thread_blocked, id=13248, stack(0x000000d640600000,0x000000d640700000)]
  0x000002a8401a5000 JavaThread "Unconstrained build operations Thread 4" [_thread_blocked, id=16132, stack(0x000000d640700000,0x000000d640800000)]
  0x000002a8401a6000 JavaThread "Unconstrained build operations Thread 5" [_thread_blocked, id=17128, stack(0x000000d640800000,0x000000d640900000)]
  0x000002a8401a0800 JavaThread "Unconstrained build operations Thread 6" [_thread_blocked, id=13768, stack(0x000000d640900000,0x000000d640a00000)]
  0x000002a8401a7800 JavaThread "Unconstrained build operations Thread 7" [_thread_blocked, id=13472, stack(0x000000d640a00000,0x000000d640b00000)]
  0x000002a8401a7000 JavaThread "Unconstrained build operations Thread 8" [_thread_blocked, id=1328, stack(0x000000d640b00000,0x000000d640c00000)]
  0x000002a8401ab800 JavaThread "Unconstrained build operations Thread 9" [_thread_blocked, id=16340, stack(0x000000d640c00000,0x000000d640d00000)]
  0x000002a8401ad800 JavaThread "Unconstrained build operations Thread 10" [_thread_blocked, id=14104, stack(0x000000d640d00000,0x000000d640e00000)]
  0x000002a8401a8800 JavaThread "Unconstrained build operations Thread 11" [_thread_blocked, id=9140, stack(0x000000d640e00000,0x000000d640f00000)]
  0x000002a8401aa000 JavaThread "Unconstrained build operations Thread 12" [_thread_blocked, id=5684, stack(0x000000d640f00000,0x000000d641000000)]
  0x000002a8401af000 JavaThread "Unconstrained build operations Thread 13" [_thread_blocked, id=12356, stack(0x000000d641000000,0x000000d641100000)]
  0x000002a8401a9800 JavaThread "Unconstrained build operations Thread 14" [_thread_blocked, id=15492, stack(0x000000d641100000,0x000000d641200000)]
  0x000002a8401ab000 JavaThread "Unconstrained build operations Thread 15" [_thread_blocked, id=10848, stack(0x000000d641200000,0x000000d641300000)]
  0x000002a8401ae000 JavaThread "Unconstrained build operations Thread 16" [_thread_blocked, id=12624, stack(0x000000d641300000,0x000000d641400000)]
  0x000002a8401ac800 JavaThread "Unconstrained build operations Thread 17" [_thread_blocked, id=16776, stack(0x000000d641400000,0x000000d641500000)]
  0x000002a841db7800 JavaThread "Unconstrained build operations Thread 18" [_thread_blocked, id=2620, stack(0x000000d641500000,0x000000d641600000)]
  0x000002a841db8800 JavaThread "Unconstrained build operations Thread 19" [_thread_blocked, id=6376, stack(0x000000d641600000,0x000000d641700000)]
  0x000002a841dbc000 JavaThread "Unconstrained build operations Thread 20" [_thread_blocked, id=13928, stack(0x000000d641700000,0x000000d641800000)]
  0x000002a841db7000 JavaThread "Unconstrained build operations Thread 21" [_thread_blocked, id=10088, stack(0x000000d641800000,0x000000d641900000)]
  0x000002a841db9800 JavaThread "Unconstrained build operations Thread 22" [_thread_blocked, id=16360, stack(0x000000d641900000,0x000000d641a00000)]
  0x000002a841dba000 JavaThread "Unconstrained build operations Thread 23" [_thread_blocked, id=10520, stack(0x000000d641a00000,0x000000d641b00000)]
  0x000002a841dbb000 JavaThread "Unconstrained build operations Thread 24" [_thread_blocked, id=2728, stack(0x000000d641b00000,0x000000d641c00000)]
  0x000002a841db6000 JavaThread "Unconstrained build operations Thread 25" [_thread_blocked, id=10772, stack(0x000000d641c00000,0x000000d641d00000)]
  0x000002a841dc0800 JavaThread "Unconstrained build operations Thread 26" [_thread_blocked, id=16280, stack(0x000000d641d00000,0x000000d641e00000)]
  0x000002a841dc0000 JavaThread "Unconstrained build operations Thread 27" [_thread_blocked, id=15240, stack(0x000000d641e00000,0x000000d641f00000)]
  0x000002a841dc1800 JavaThread "Unconstrained build operations Thread 28" [_thread_blocked, id=7148, stack(0x000000d641f00000,0x000000d642000000)]
  0x000002a841dbe000 JavaThread "Unconstrained build operations Thread 29" [_thread_blocked, id=11188, stack(0x000000d642000000,0x000000d642100000)]
  0x000002a841dc2800 JavaThread "Unconstrained build operations Thread 30" [_thread_blocked, id=11048, stack(0x000000d642100000,0x000000d642200000)]
  0x000002a841dbf000 JavaThread "Unconstrained build operations Thread 31" [_thread_blocked, id=17056, stack(0x000000d642200000,0x000000d642300000)]
  0x000002a841dbd800 JavaThread "Unconstrained build operations Thread 32" [_thread_blocked, id=9752, stack(0x000000d642300000,0x000000d642400000)]
  0x000002a841dbc800 JavaThread "Unconstrained build operations Thread 33" [_thread_blocked, id=7540, stack(0x000000d642400000,0x000000d642500000)]
  0x000002a841dc3000 JavaThread "build event listener" [_thread_blocked, id=16576, stack(0x000000d640100000,0x000000d640200000)]
  0x000002a841dc4000 JavaThread "Memory manager" [_thread_blocked, id=9040, stack(0x000000d642600000,0x000000d642700000)]
  0x000002a842513800 JavaThread "File lock release action executor" [_thread_blocked, id=15224, stack(0x000000d642500000,0x000000d642600000)]
  0x000002a83f9df800 JavaThread "C2 CompilerThread1" daemon [_thread_in_native, id=12636, stack(0x000000d642700000,0x000000d642800000)]
  0x000002a842515800 JavaThread "included builds" [_thread_blocked, id=12444, stack(0x000000d642800000,0x000000d642900000)]
  0x000002a842514800 JavaThread "Execution worker" [_thread_blocked, id=14264, stack(0x000000d642900000,0x000000d642a00000)]
  0x000002a84250f800 JavaThread "Execution worker Thread 2" [_thread_blocked, id=13988, stack(0x000000d642a00000,0x000000d642b00000)]
  0x000002a842510800 JavaThread "Execution worker Thread 3" [_thread_blocked, id=8856, stack(0x000000d642b00000,0x000000d642c00000)]
  0x000002a842513000 JavaThread "Execution worker Thread 4" [_thread_blocked, id=16792, stack(0x000000d642c00000,0x000000d642d00000)]
  0x000002a842516000 JavaThread "Execution worker Thread 5" [_thread_blocked, id=12412, stack(0x000000d642d00000,0x000000d642e00000)]
  0x000002a842517000 JavaThread "Execution worker Thread 6" [_thread_in_vm, id=5476, stack(0x000000d642e00000,0x000000d642f00000)]
  0x000002a842511000 JavaThread "Execution worker Thread 7" [_thread_blocked, id=6052, stack(0x000000d642f00000,0x000000d643000000)]
  0x000002a842518000 JavaThread "Cache worker for execution history cache (C:\SSD Idea Projects\Sem 3\AMD\CarSaleApp\FrontEnd\carSaleApp\node_modules\react-native-gradle-plugin\.gradle\7.5.1\executionHistory)" [_thread_blocked, id=15804, stack(0x000000d643000000,0x000000d643100000)]
  0x000002a842512000 JavaThread "Unconstrained build operations Thread 34" [_thread_blocked, id=12480, stack(0x000000d643100000,0x000000d643200000)]
  0x000002a84251c800 JavaThread "Unconstrained build operations Thread 35" [_thread_blocked, id=3452, stack(0x000000d643200000,0x000000d643300000)]
  0x000002a84251d800 JavaThread "Unconstrained build operations Thread 36" [_thread_blocked, id=13760, stack(0x000000d643300000,0x000000d643400000)]
  0x000002a84251e800 JavaThread "Unconstrained build operations Thread 37" [_thread_blocked, id=14760, stack(0x000000d643400000,0x000000d643500000)]
  0x000002a84251b000 JavaThread "Unconstrained build operations Thread 38" [_thread_blocked, id=13320, stack(0x000000d643500000,0x000000d643600000)]
  0x000002a842518800 JavaThread "Unconstrained build operations Thread 39" [_thread_blocked, id=13476, stack(0x000000d643600000,0x000000d643700000)]
  0x000002a84251a000 JavaThread "Unconstrained build operations Thread 40" [_thread_blocked, id=16444, stack(0x000000d643700000,0x000000d643800000)]
  0x000002a84251c000 JavaThread "Unconstrained build operations Thread 41" [_thread_blocked, id=7488, stack(0x000000d643800000,0x000000d643900000)]
  0x000002a842519800 JavaThread "Unconstrained build operations Thread 42" [_thread_blocked, id=12384, stack(0x000000d643900000,0x000000d643a00000)]
  0x000002a83f22b800 JavaThread "Unconstrained build operations Thread 43" [_thread_blocked, id=9704, stack(0x000000d643a00000,0x000000d643b00000)]
  0x000002a83f22f800 JavaThread "Unconstrained build operations Thread 44" [_thread_blocked, id=10308, stack(0x000000d643b00000,0x000000d643c00000)]
  0x000002a83f22c000 JavaThread "Unconstrained build operations Thread 45" [_thread_blocked, id=3288, stack(0x000000d643c00000,0x000000d643d00000)]
  0x000002a83f22e800 JavaThread "Unconstrained build operations Thread 46" [_thread_blocked, id=9488, stack(0x000000d643d00000,0x000000d643e00000)]
  0x000002a83f22d000 JavaThread "Unconstrained build operations Thread 47" [_thread_blocked, id=13436, stack(0x000000d643e00000,0x000000d643f00000)]
  0x000002a83f231000 JavaThread "Unconstrained build operations Thread 48" [_thread_blocked, id=9868, stack(0x000000d643f00000,0x000000d644000000)]
  0x000002a83f230800 JavaThread "Unconstrained build operations Thread 49" [_thread_blocked, id=9716, stack(0x000000d644000000,0x000000d644100000)]
  0x000002a83f232000 JavaThread "Unconstrained build operations Thread 50" [_thread_blocked, id=6556, stack(0x000000d644100000,0x000000d644200000)]
  0x000002a83f232800 JavaThread "Unconstrained build operations Thread 51" [_thread_blocked, id=10440, stack(0x000000d644200000,0x000000d644300000)]
  0x000002a83f233800 JavaThread "Unconstrained build operations Thread 52" [_thread_blocked, id=8408, stack(0x000000d644300000,0x000000d644400000)]
  0x000002a83f22e000 JavaThread "Unconstrained build operations Thread 53" [_thread_blocked, id=9368, stack(0x000000d644400000,0x000000d644500000)]
  0x000002a83f23a000 JavaThread "Unconstrained build operations Thread 54" [_thread_blocked, id=2996, stack(0x000000d644500000,0x000000d644600000)]

Other Threads:
  0x000002a839074000 VMThread "VM Thread" [stack: 0x000000d63cd00000,0x000000d63ce00000] [id=8800]
  0x000002a839ba4000 WatcherThread [stack: 0x000000d63d700000,0x000000d63d800000] [id=3096]
  0x000002a81b090000 GCTaskThread "GC Thread#0" [stack: 0x000000d63c800000,0x000000d63c900000] [id=7344]
  0x000002a839e5c000 GCTaskThread "GC Thread#1" [stack: 0x000000d63d900000,0x000000d63da00000] [id=15820]
  0x000002a83a54d000 GCTaskThread "GC Thread#2" [stack: 0x000000d63da00000,0x000000d63db00000] [id=4216]
  0x000002a83c5f5000 GCTaskThread "GC Thread#3" [stack: 0x000000d63e400000,0x000000d63e500000] [id=12164]
  0x000002a83bce2800 GCTaskThread "GC Thread#4" [stack: 0x000000d63e500000,0x000000d63e600000] [id=12080]
  0x000002a83c0ad000 GCTaskThread "GC Thread#5" [stack: 0x000000d63e600000,0x000000d63e700000] [id=16224]
  0x000002a83c0b2000 GCTaskThread "GC Thread#6" [stack: 0x000000d63e700000,0x000000d63e800000] [id=12180]
  0x000002a83c064800 GCTaskThread "GC Thread#7" [stack: 0x000000d63e800000,0x000000d63e900000] [id=4036]
  0x000002a81b0c3800 ConcurrentGCThread "G1 Main Marker" [stack: 0x000000d63c900000,0x000000d63ca00000] [id=1220]
  0x000002a81b0c5800 ConcurrentGCThread "G1 Conc#0" [stack: 0x000000d63ca00000,0x000000d63cb00000] [id=12320]
  0x000002a83b814000 ConcurrentGCThread "G1 Conc#1" [stack: 0x000000d63eb00000,0x000000d63ec00000] [id=3284]
  0x000002a81b151800 ConcurrentGCThread "G1 Refine#0" [stack: 0x000000d63cb00000,0x000000d63cc00000] [id=13584]
  0x000002a81b152800 ConcurrentGCThread "G1 Young RemSet Sampling" [stack: 0x000000d63cc00000,0x000000d63cd00000] [id=13832]

Threads with active compile tasks:
C2 CompilerThread0    54680 7777   !   4       java.io.ObjectOutputStream::writeOrdinaryObject (175 bytes)
C2 CompilerThread1    54680 7573 %     4       org.gradle.internal.instantiation.generator.AbstractClassGenerator::inspectType @ 341 (560 bytes)

VM state:not at safepoint (normal execution)

VM Mutex/Monitor currently owned by a thread: None

Heap address: 0x0000000080000000, size: 2048 MB, Compressed Oops mode: 32-bit
Narrow klass base: 0x0000000000000000, Narrow klass shift: 3
Compressed class space size: 528482304 Address: 0x0000000100000000

Heap:
 garbage-first heap   total 131072K, used 93628K [0x0000000080000000, 0x0000000100000000)
  region size 1024K, 49 young (50176K), 6 survivors (6144K)
 Metaspace       used 70645K, capacity 73021K, committed 73216K, reserved 579584K
  class space    used 9392K, capacity 10393K, committed 10496K, reserved 516096K
Heap Regions: E=young(eden), S=young(survivor), O=old, HS=humongous(starts), HC=humongous(continues), CS=collection set, F=free, A=archive, TAMS=top-at-mark-start (previous, next)
|   0|0x0000000080000000, 0x0000000080100000, 0x0000000080100000|100%| O|  |TAMS 0x0000000080100000, 0x0000000080000000| Untracked 
|   1|0x0000000080100000, 0x0000000080200000, 0x0000000080200000|100%| O|  |TAMS 0x0000000080200000, 0x0000000080100000| Untracked 
|   2|0x0000000080200000, 0x0000000080300000, 0x0000000080300000|100%| O|  |TAMS 0x0000000080300000, 0x0000000080200000| Untracked 
|   3|0x0000000080300000, 0x0000000080400000, 0x0000000080400000|100%|HS|  |TAMS 0x0000000080400000, 0x0000000080300000| Complete 
|   4|0x0000000080400000, 0x0000000080500000, 0x0000000080500000|100%|HC|  |TAMS 0x0000000080500000, 0x0000000080400000| Complete 
|   5|0x0000000080500000, 0x0000000080600000, 0x0000000080600000|100%|HC|  |TAMS 0x0000000080600000, 0x0000000080500000| Complete 
|   6|0x0000000080600000, 0x0000000080700000, 0x0000000080700000|100%| O|  |TAMS 0x0000000080700000, 0x0000000080600000| Untracked 
|   7|0x0000000080700000, 0x0000000080800000, 0x0000000080800000|100%| O|  |TAMS 0x0000000080800000, 0x0000000080700000| Untracked 
|   8|0x0000000080800000, 0x0000000080900000, 0x0000000080900000|100%| O|  |TAMS 0x0000000080900000, 0x0000000080800000| Untracked 
|   9|0x0000000080900000, 0x0000000080a00000, 0x0000000080a00000|100%| O|  |TAMS 0x0000000080a00000, 0x0000000080900000| Untracked 
|  10|0x0000000080a00000, 0x0000000080b00000, 0x0000000080b00000|100%| O|  |TAMS 0x0000000080b00000, 0x0000000080a00000| Untracked 
|  11|0x0000000080b00000, 0x0000000080c00000, 0x0000000080c00000|100%| O|  |TAMS 0x0000000080c00000, 0x0000000080b00000| Untracked 
|  12|0x0000000080c00000, 0x0000000080d00000, 0x0000000080d00000|100%| O|  |TAMS 0x0000000080d00000, 0x0000000080c00000| Untracked 
|  13|0x0000000080d00000, 0x0000000080e00000, 0x0000000080e00000|100%| O|  |TAMS 0x0000000080e00000, 0x0000000080d00000| Untracked 
|  14|0x0000000080e00000, 0x0000000080f00000, 0x0000000080f00000|100%| O|  |TAMS 0x0000000080f00000, 0x0000000080e00000| Untracked 
|  15|0x0000000080f00000, 0x0000000081000000, 0x0000000081000000|100%| O|  |TAMS 0x0000000081000000, 0x0000000080f00000| Untracked 
|  16|0x0000000081000000, 0x0000000081100000, 0x0000000081100000|100%| O|  |TAMS 0x0000000081100000, 0x0000000081000000| Untracked 
|  17|0x0000000081100000, 0x0000000081200000, 0x0000000081200000|100%| O|  |TAMS 0x0000000081200000, 0x0000000081100000| Untracked 
|  18|0x0000000081200000, 0x0000000081300000, 0x0000000081300000|100%| O|  |TAMS 0x0000000081300000, 0x0000000081200000| Untracked 
|  19|0x0000000081300000, 0x0000000081400000, 0x0000000081400000|100%| O|  |TAMS 0x0000000081400000, 0x0000000081300000| Untracked 
|  20|0x0000000081400000, 0x0000000081500000, 0x0000000081500000|100%| O|  |TAMS 0x0000000081500000, 0x0000000081400000| Untracked 
|  21|0x0000000081500000, 0x0000000081600000, 0x0000000081600000|100%| O|  |TAMS 0x0000000081600000, 0x0000000081500000| Untracked 
|  22|0x0000000081600000, 0x0000000081700000, 0x0000000081700000|100%| O|  |TAMS 0x0000000081700000, 0x0000000081600000| Untracked 
|  23|0x0000000081700000, 0x0000000081800000, 0x0000000081800000|100%| O|  |TAMS 0x0000000081800000, 0x0000000081700000| Untracked 
|  24|0x0000000081800000, 0x0000000081900000, 0x0000000081900000|100%| O|  |TAMS 0x0000000081900000, 0x0000000081800000| Untracked 
|  25|0x0000000081900000, 0x0000000081a00000, 0x0000000081a00000|100%| O|  |TAMS 0x0000000081a00000, 0x0000000081900000| Untracked 
|  26|0x0000000081a00000, 0x0000000081b00000, 0x0000000081b00000|100%| O|  |TAMS 0x0000000081b00000, 0x0000000081a00000| Untracked 
|  27|0x0000000081b00000, 0x0000000081c00000, 0x0000000081c00000|100%| O|  |TAMS 0x0000000081c00000, 0x0000000081b00000| Untracked 
|  28|0x0000000081c00000, 0x0000000081d00000, 0x0000000081d00000|100%| O|  |TAMS 0x0000000081d00000, 0x0000000081c00000| Untracked 
|  29|0x0000000081d00000, 0x0000000081e00000, 0x0000000081e00000|100%| O|  |TAMS 0x0000000081e00000, 0x0000000081d00000| Untracked 
|  30|0x0000000081e00000, 0x0000000081f00000, 0x0000000081f00000|100%| O|  |TAMS 0x0000000081f00000, 0x0000000081e00000| Untracked 
|  31|0x0000000081f00000, 0x0000000082000000, 0x0000000082000000|100%| O|  |TAMS 0x0000000082000000, 0x0000000081f00000| Untracked 
|  32|0x0000000082000000, 0x0000000082100000, 0x0000000082100000|100%|HS|  |TAMS 0x0000000082100000, 0x0000000082000000| Complete 
|  33|0x0000000082100000, 0x0000000082200000, 0x0000000082200000|100%|HS|  |TAMS 0x0000000082200000, 0x0000000082100000| Complete 
|  34|0x0000000082200000, 0x0000000082300000, 0x0000000082300000|100%|HC|  |TAMS 0x0000000082300000, 0x0000000082200000| Complete 
|  35|0x0000000082300000, 0x0000000082400000, 0x0000000082400000|100%|HC|  |TAMS 0x0000000082400000, 0x0000000082300000| Complete 
|  36|0x0000000082400000, 0x0000000082500000, 0x0000000082500000|100%| O|  |TAMS 0x0000000082500000, 0x0000000082400000| Untracked 
|  37|0x0000000082500000, 0x0000000082600000, 0x0000000082600000|100%| O|  |TAMS 0x0000000082600000, 0x0000000082500000| Untracked 
|  38|0x0000000082600000, 0x0000000082700000, 0x0000000082700000|100%| O|  |TAMS 0x0000000082700000, 0x0000000082600000| Untracked 
|  39|0x0000000082700000, 0x0000000082800000, 0x0000000082800000|100%| O|  |TAMS 0x0000000082800000, 0x0000000082700000| Untracked 
|  40|0x0000000082800000, 0x0000000082900000, 0x0000000082900000|100%| O|  |TAMS 0x00000000828a1e00, 0x0000000082800000| Untracked 
|  41|0x0000000082900000, 0x0000000082a00000, 0x0000000082a00000|100%| O|  |TAMS 0x0000000082900000, 0x0000000082900000| Untracked 
|  42|0x0000000082a00000, 0x0000000082b00000, 0x0000000082b00000|100%| O|  |TAMS 0x0000000082a00000, 0x0000000082a00000| Untracked 
|  43|0x0000000082b00000, 0x0000000082c00000, 0x0000000082c00000|100%| O|  |TAMS 0x0000000082b00000, 0x0000000082b00000| Untracked 
|  44|0x0000000082c00000, 0x0000000082c8a400, 0x0000000082d00000| 54%| O|  |TAMS 0x0000000082c00000, 0x0000000082c00000| Untracked 
|  45|0x0000000082d00000, 0x0000000082d00000, 0x0000000082e00000|  0%| F|  |TAMS 0x0000000082d00000, 0x0000000082d00000| Untracked 
|  46|0x0000000082e00000, 0x0000000082e00000, 0x0000000082f00000|  0%| F|  |TAMS 0x0000000082e00000, 0x0000000082e00000| Untracked 
|  47|0x0000000082f00000, 0x0000000082f00000, 0x0000000083000000|  0%| F|  |TAMS 0x0000000082f00000, 0x0000000082f00000| Untracked 
|  48|0x0000000083000000, 0x0000000083000000, 0x0000000083100000|  0%| F|  |TAMS 0x0000000083000000, 0x0000000083000000| Untracked 
|  49|0x0000000083100000, 0x0000000083100000, 0x0000000083200000|  0%| F|  |TAMS 0x0000000083100000, 0x0000000083100000| Untracked 
|  50|0x0000000083200000, 0x0000000083200000, 0x0000000083300000|  0%| F|  |TAMS 0x0000000083200000, 0x0000000083200000| Untracked 
|  51|0x0000000083300000, 0x0000000083300000, 0x0000000083400000|  0%| F|  |TAMS 0x0000000083300000, 0x0000000083300000| Untracked 
|  52|0x0000000083400000, 0x0000000083400000, 0x0000000083500000|  0%| F|  |TAMS 0x0000000083400000, 0x0000000083400000| Untracked 
|  53|0x0000000083500000, 0x0000000083500000, 0x0000000083600000|  0%| F|  |TAMS 0x0000000083500000, 0x0000000083500000| Untracked 
|  54|0x0000000083600000, 0x0000000083600000, 0x0000000083700000|  0%| F|  |TAMS 0x0000000083600000, 0x0000000083600000| Untracked 
|  55|0x0000000083700000, 0x0000000083700000, 0x0000000083800000|  0%| F|  |TAMS 0x0000000083700000, 0x0000000083700000| Untracked 
|  56|0x0000000083800000, 0x0000000083800000, 0x0000000083900000|  0%| F|  |TAMS 0x0000000083800000, 0x0000000083800000| Untracked 
|  57|0x0000000083900000, 0x0000000083900000, 0x0000000083a00000|  0%| F|  |TAMS 0x0000000083900000, 0x0000000083900000| Untracked 
|  58|0x0000000083a00000, 0x0000000083a00000, 0x0000000083b00000|  0%| F|  |TAMS 0x0000000083a00000, 0x0000000083a00000| Untracked 
|  59|0x0000000083b00000, 0x0000000083b00000, 0x0000000083c00000|  0%| F|  |TAMS 0x0000000083b00000, 0x0000000083b00000| Untracked 
|  60|0x0000000083c00000, 0x0000000083c00000, 0x0000000083d00000|  0%| F|  |TAMS 0x0000000083c00000, 0x0000000083c00000| Untracked 
|  61|0x0000000083d00000, 0x0000000083d00000, 0x0000000083e00000|  0%| F|  |TAMS 0x0000000083d00000, 0x0000000083d00000| Untracked 
|  62|0x0000000083e00000, 0x0000000083e00000, 0x0000000083f00000|  0%| F|  |TAMS 0x0000000083e00000, 0x0000000083e00000| Untracked 
|  63|0x0000000083f00000, 0x0000000083f00000, 0x0000000084000000|  0%| F|  |TAMS 0x0000000083f00000, 0x0000000083f00000| Untracked 
|  64|0x0000000084000000, 0x0000000084000000, 0x0000000084100000|  0%| F|  |TAMS 0x0000000084000000, 0x0000000084000000| Untracked 
|  65|0x0000000084100000, 0x0000000084100000, 0x0000000084200000|  0%| F|  |TAMS 0x0000000084100000, 0x0000000084100000| Untracked 
|  66|0x0000000084200000, 0x0000000084200000, 0x0000000084300000|  0%| F|  |TAMS 0x0000000084200000, 0x0000000084200000| Untracked 
|  67|0x0000000084300000, 0x0000000084300000, 0x0000000084400000|  0%| F|  |TAMS 0x0000000084300000, 0x0000000084300000| Untracked 
|  68|0x0000000084400000, 0x0000000084400000, 0x0000000084500000|  0%| F|  |TAMS 0x0000000084400000, 0x0000000084400000| Untracked 
|  69|0x0000000084500000, 0x00000000845e4c90, 0x0000000084600000| 89%| S|CS|TAMS 0x0000000084500000, 0x0000000084500000| Complete 
|  70|0x0000000084600000, 0x0000000084700000, 0x0000000084700000|100%| S|CS|TAMS 0x0000000084600000, 0x0000000084600000| Complete 
|  71|0x0000000084700000, 0x0000000084800000, 0x0000000084800000|100%| S|CS|TAMS 0x0000000084700000, 0x0000000084700000| Complete 
|  72|0x0000000084800000, 0x0000000084900000, 0x0000000084900000|100%| S|CS|TAMS 0x0000000084800000, 0x0000000084800000| Complete 
|  73|0x0000000084900000, 0x0000000084900000, 0x0000000084a00000|  0%| F|  |TAMS 0x0000000084900000, 0x0000000084900000| Untracked 
|  74|0x0000000084a00000, 0x0000000084b00000, 0x0000000084b00000|100%| S|CS|TAMS 0x0000000084a00000, 0x0000000084a00000| Complete 
|  75|0x0000000084b00000, 0x0000000084c00000, 0x0000000084c00000|100%| S|CS|TAMS 0x0000000084b00000, 0x0000000084b00000| Complete 
|  76|0x0000000084c00000, 0x0000000084c00000, 0x0000000084d00000|  0%| F|  |TAMS 0x0000000084c00000, 0x0000000084c00000| Untracked 
|  77|0x0000000084d00000, 0x0000000084d00000, 0x0000000084e00000|  0%| F|  |TAMS 0x0000000084d00000, 0x0000000084d00000| Untracked 
|  78|0x0000000084e00000, 0x0000000084e00000, 0x0000000084f00000|  0%| F|  |TAMS 0x0000000084e00000, 0x0000000084e00000| Untracked 
|  79|0x0000000084f00000, 0x0000000084f00000, 0x0000000085000000|  0%| F|  |TAMS 0x0000000084f00000, 0x0000000084f00000| Untracked 
|  80|0x0000000085000000, 0x0000000085000000, 0x0000000085100000|  0%| F|  |TAMS 0x0000000085000000, 0x0000000085000000| Untracked 
|  81|0x0000000085100000, 0x0000000085100000, 0x0000000085200000|  0%| F|  |TAMS 0x0000000085100000, 0x0000000085100000| Untracked 
|  82|0x0000000085200000, 0x0000000085200000, 0x0000000085300000|  0%| F|  |TAMS 0x0000000085200000, 0x0000000085200000| Untracked 
|  83|0x0000000085300000, 0x0000000085300000, 0x0000000085400000|  0%| F|  |TAMS 0x0000000085300000, 0x0000000085300000| Untracked 
|  84|0x0000000085400000, 0x000000008542e270, 0x0000000085500000| 18%| E|  |TAMS 0x0000000085400000, 0x0000000085400000| Complete 
|  85|0x0000000085500000, 0x0000000085600000, 0x0000000085600000|100%| E|CS|TAMS 0x0000000085500000, 0x0000000085500000| Complete 
|  86|0x0000000085600000, 0x0000000085700000, 0x0000000085700000|100%| E|CS|TAMS 0x0000000085600000, 0x0000000085600000| Complete 
|  87|0x0000000085700000, 0x0000000085800000, 0x0000000085800000|100%| E|  |TAMS 0x0000000085700000, 0x0000000085700000| Complete 
|  88|0x0000000085800000, 0x0000000085900000, 0x0000000085900000|100%| E|CS|TAMS 0x0000000085800000, 0x0000000085800000| Complete 
|  89|0x0000000085900000, 0x0000000085a00000, 0x0000000085a00000|100%| E|CS|TAMS 0x0000000085900000, 0x0000000085900000| Complete 
|  90|0x0000000085a00000, 0x0000000085b00000, 0x0000000085b00000|100%| E|CS|TAMS 0x0000000085a00000, 0x0000000085a00000| Complete 
|  91|0x0000000085b00000, 0x0000000085c00000, 0x0000000085c00000|100%| E|CS|TAMS 0x0000000085b00000, 0x0000000085b00000| Complete 
|  92|0x0000000085c00000, 0x0000000085d00000, 0x0000000085d00000|100%| E|CS|TAMS 0x0000000085c00000, 0x0000000085c00000| Complete 
|  93|0x0000000085d00000, 0x0000000085e00000, 0x0000000085e00000|100%| E|CS|TAMS 0x0000000085d00000, 0x0000000085d00000| Complete 
|  94|0x0000000085e00000, 0x0000000085f00000, 0x0000000085f00000|100%| E|CS|TAMS 0x0000000085e00000, 0x0000000085e00000| Complete 
|  95|0x0000000085f00000, 0x0000000086000000, 0x0000000086000000|100%| E|CS|TAMS 0x0000000085f00000, 0x0000000085f00000| Complete 
|  96|0x0000000086000000, 0x0000000086100000, 0x0000000086100000|100%| E|CS|TAMS 0x0000000086000000, 0x0000000086000000| Complete 
|  97|0x0000000086100000, 0x0000000086200000, 0x0000000086200000|100%| E|CS|TAMS 0x0000000086100000, 0x0000000086100000| Complete 
|  98|0x0000000086200000, 0x0000000086300000, 0x0000000086300000|100%| E|CS|TAMS 0x0000000086200000, 0x0000000086200000| Complete 
|  99|0x0000000086300000, 0x0000000086400000, 0x0000000086400000|100%| E|CS|TAMS 0x0000000086300000, 0x0000000086300000| Complete 
| 100|0x0000000086400000, 0x0000000086500000, 0x0000000086500000|100%| E|CS|TAMS 0x0000000086400000, 0x0000000086400000| Complete 
| 101|0x0000000086500000, 0x0000000086600000, 0x0000000086600000|100%| E|CS|TAMS 0x0000000086500000, 0x0000000086500000| Complete 
| 102|0x0000000086600000, 0x0000000086700000, 0x0000000086700000|100%| E|CS|TAMS 0x0000000086600000, 0x0000000086600000| Complete 
| 103|0x0000000086700000, 0x0000000086800000, 0x0000000086800000|100%| E|CS|TAMS 0x0000000086700000, 0x0000000086700000| Complete 
| 104|0x0000000086800000, 0x0000000086900000, 0x0000000086900000|100%| E|CS|TAMS 0x0000000086800000, 0x0000000086800000| Complete 
| 105|0x0000000086900000, 0x0000000086a00000, 0x0000000086a00000|100%| E|CS|TAMS 0x0000000086900000, 0x0000000086900000| Complete 
| 106|0x0000000086a00000, 0x0000000086b00000, 0x0000000086b00000|100%| E|CS|TAMS 0x0000000086a00000, 0x0000000086a00000| Complete 
| 107|0x0000000086b00000, 0x0000000086c00000, 0x0000000086c00000|100%| E|CS|TAMS 0x0000000086b00000, 0x0000000086b00000| Complete 
| 108|0x0000000086c00000, 0x0000000086d00000, 0x0000000086d00000|100%| E|CS|TAMS 0x0000000086c00000, 0x0000000086c00000| Complete 
| 109|0x0000000086d00000, 0x0000000086e00000, 0x0000000086e00000|100%| E|CS|TAMS 0x0000000086d00000, 0x0000000086d00000| Complete 
| 110|0x0000000086e00000, 0x0000000086f00000, 0x0000000086f00000|100%| E|CS|TAMS 0x0000000086e00000, 0x0000000086e00000| Complete 
| 111|0x0000000086f00000, 0x0000000087000000, 0x0000000087000000|100%| E|CS|TAMS 0x0000000086f00000, 0x0000000086f00000| Complete 
| 112|0x0000000087000000, 0x0000000087100000, 0x0000000087100000|100%| E|CS|TAMS 0x0000000087000000, 0x0000000087000000| Complete 
| 113|0x0000000087100000, 0x0000000087200000, 0x0000000087200000|100%| E|CS|TAMS 0x0000000087100000, 0x0000000087100000| Complete 
| 114|0x0000000087200000, 0x0000000087300000, 0x0000000087300000|100%| E|CS|TAMS 0x0000000087200000, 0x0000000087200000| Complete 
| 115|0x0000000087300000, 0x0000000087400000, 0x0000000087400000|100%| E|CS|TAMS 0x0000000087300000, 0x0000000087300000| Complete 
| 116|0x0000000087400000, 0x0000000087500000, 0x0000000087500000|100%| E|CS|TAMS 0x0000000087400000, 0x0000000087400000| Complete 
| 117|0x0000000087500000, 0x0000000087600000, 0x0000000087600000|100%| E|CS|TAMS 0x0000000087500000, 0x0000000087500000| Complete 
| 118|0x0000000087600000, 0x0000000087700000, 0x0000000087700000|100%| E|CS|TAMS 0x0000000087600000, 0x0000000087600000| Complete 
| 119|0x0000000087700000, 0x0000000087800000, 0x0000000087800000|100%| E|CS|TAMS 0x0000000087700000, 0x0000000087700000| Complete 
| 120|0x0000000087800000, 0x0000000087900000, 0x0000000087900000|100%| E|CS|TAMS 0x0000000087800000, 0x0000000087800000| Complete 
| 121|0x0000000087900000, 0x0000000087a00000, 0x0000000087a00000|100%| E|CS|TAMS 0x0000000087900000, 0x0000000087900000| Complete 
| 122|0x0000000087a00000, 0x0000000087b00000, 0x0000000087b00000|100%| E|CS|TAMS 0x0000000087a00000, 0x0000000087a00000| Complete 
| 123|0x0000000087b00000, 0x0000000087c00000, 0x0000000087c00000|100%| E|CS|TAMS 0x0000000087b00000, 0x0000000087b00000| Complete 
| 124|0x0000000087c00000, 0x0000000087d00000, 0x0000000087d00000|100%| E|CS|TAMS 0x0000000087c00000, 0x0000000087c00000| Complete 
| 125|0x0000000087d00000, 0x0000000087e00000, 0x0000000087e00000|100%| E|CS|TAMS 0x0000000087d00000, 0x0000000087d00000| Complete 
| 126|0x0000000087e00000, 0x0000000087f00000, 0x0000000087f00000|100%| E|CS|TAMS 0x0000000087e00000, 0x0000000087e00000| Complete 
| 127|0x0000000087f00000, 0x0000000088000000, 0x0000000088000000|100%| E|CS|TAMS 0x0000000087f00000, 0x0000000087f00000| Complete 

Card table byte_map: [0x000002a831e60000,0x000002a832260000] _byte_map_base: 0x000002a831a60000

Marking Bits (Prev, Next): (CMBitMap*) 0x000002a81b0ba930, (CMBitMap*) 0x000002a81b0ba8f8
 Prev Bits: [0x000002a834660000, 0x000002a836660000)
 Next Bits: [0x000002a832660000, 0x000002a834660000)

Polling page: 0x000002a818fc0000

Metaspace:

Usage:
  Non-class:     61.16 MB capacity,    59.83 MB ( 98%) used,     1.10 MB (  2%) free+waste,   231.00 KB ( <1%) overhead. 
      Class:     10.15 MB capacity,     9.17 MB ( 90%) used,   883.34 KB (  8%) free+waste,   114.88 KB (  1%) overhead. 
       Both:     71.31 MB capacity,    69.01 MB ( 97%) used,     1.96 MB (  3%) free+waste,   345.88 KB ( <1%) overhead. 

Virtual space:
  Non-class space:       62.00 MB reserved,      61.25 MB ( 99%) committed 
      Class space:      504.00 MB reserved,      10.25 MB (  2%) committed 
             Both:      566.00 MB reserved,      71.50 MB ( 13%) committed 

Chunk freelists:
   Non-Class:  3.50 KB
       Class:  896 bytes
        Both:  4.38 KB

CodeHeap 'non-profiled nmethods': size=120000Kb used=4917Kb max_used=4917Kb free=115082Kb
 bounds [0x000002a82a200000, 0x000002a82a6d0000, 0x000002a831730000]
CodeHeap 'profiled nmethods': size=120000Kb used=16903Kb max_used=16903Kb free=103096Kb
 bounds [0x000002a822cd0000, 0x000002a823d60000, 0x000002a82a200000]
CodeHeap 'non-nmethods': size=5760Kb used=2273Kb max_used=2333Kb free=3486Kb
 bounds [0x000002a822730000, 0x000002a8229a0000, 0x000002a822cd0000]
 total_blobs=8805 nmethods=7935 adapters=780
 compilation: enabled
              stopped_count=0, restarted_count=0
 full_count=0

Compilation events (10 events):
Event: 54.551 Thread 0x000002a83909d000 nmethod 7980 0x000002a823d49510 code [0x000002a823d49a80, 0x000002a823d4c938]
Event: 54.551 Thread 0x000002a83909d000 7981       1       kotlin.reflect.jvm.internal.impl.metadata.ProtoBuf$Annotation::access$4500 (5 bytes)
Event: 54.551 Thread 0x000002a83909d000 nmethod 7981 0x000002a82a6cc490 code [0x000002a82a6cc620, 0x000002a82a6cc6b8]
Event: 54.551 Thread 0x000002a83909d000 7984       3       kotlin.reflect.jvm.internal.impl.metadata.ProtoBuf$TypeTable::getDefaultInstance (4 bytes)
Event: 54.551 Thread 0x000002a83909d000 nmethod 7984 0x000002a823d4db90 code [0x000002a823d4dd20, 0x000002a823d4de18]
Event: 54.551 Thread 0x000002a83909d000 7983       1       kotlin.reflect.jvm.internal.impl.metadata.ProtoBuf$Annotation$Argument::getValue (5 bytes)
Event: 54.551 Thread 0x000002a83909d000 nmethod 7983 0x000002a82a6cc790 code [0x000002a82a6cc920, 0x000002a82a6cc9d8]
Event: 54.552 Thread 0x000002a83909d000 7996       3       java.util.concurrent.ThreadPoolExecutor$Worker::unlock (7 bytes)
Event: 54.554 Thread 0x000002a83909d000 nmethod 7996 0x000002a823d4de90 code [0x000002a823d4e040, 0x000002a823d4e328]
Event: 54.577 Thread 0x000002a83909d000 7997       3       kotlin.reflect.jvm.internal.impl.storage.DefaultSimpleLock::unlock (10 bytes)

GC Heap History (10 events):
Event: 42.397 GC heap before
{Heap before GC invocations=12 (full 0):
 garbage-first heap   total 131072K, used 100040K [0x0000000080000000, 0x0000000100000000)
  region size 1024K, 63 young (64512K), 5 survivors (5120K)
 Metaspace       used 58236K, capacity 59983K, committed 60160K, reserved 569344K
  class space    used 7682K, capacity 8429K, committed 8448K, reserved 516096K
}
Event: 42.406 GC heap after
{Heap after GC invocations=13 (full 0):
 garbage-first heap   total 131072K, used 45770K [0x0000000080000000, 0x0000000100000000)
  region size 1024K, 6 young (6144K), 6 survivors (6144K)
 Metaspace       used 58236K, capacity 59983K, committed 60160K, reserved 569344K
  class space    used 7682K, capacity 8429K, committed 8448K, reserved 516096K
}
Event: 42.427 GC heap before
{Heap before GC invocations=13 (full 0):
 garbage-first heap   total 131072K, used 45770K [0x0000000080000000, 0x0000000100000000)
  region size 1024K, 7 young (7168K), 6 survivors (6144K)
 Metaspace       used 58253K, capacity 59983K, committed 60160K, reserved 569344K
  class space    used 7684K, capacity 8429K, committed 8448K, reserved 516096K
}
Event: 42.437 GC heap after
{Heap after GC invocations=14 (full 0):
 garbage-first heap   total 131072K, used 46018K [0x0000000080000000, 0x0000000100000000)
  region size 1024K, 5 young (5120K), 5 survivors (5120K)
 Metaspace       used 58253K, capacity 59983K, committed 60160K, reserved 569344K
  class space    used 7684K, capacity 8429K, committed 8448K, reserved 516096K
}
Event: 45.826 GC heap before
{Heap before GC invocations=15 (full 0):
 garbage-first heap   total 131072K, used 94146K [0x0000000080000000, 0x0000000100000000)
  region size 1024K, 52 young (53248K), 5 survivors (5120K)
 Metaspace       used 61587K, capacity 63432K, committed 63488K, reserved 571392K
  class space    used 8148K, capacity 8919K, committed 8960K, reserved 516096K
}
Event: 45.833 GC heap after
{Heap after GC invocations=16 (full 0):
 garbage-first heap   total 131072K, used 47321K [0x0000000080000000, 0x0000000100000000)
  region size 1024K, 2 young (2048K), 2 survivors (2048K)
 Metaspace       used 61587K, capacity 63432K, committed 63488K, reserved 571392K
  class space    used 8148K, capacity 8919K, committed 8960K, reserved 516096K
}
Event: 48.483 GC heap before
{Heap before GC invocations=16 (full 0):
 garbage-first heap   total 131072K, used 96473K [0x0000000080000000, 0x0000000100000000)
  region size 1024K, 51 young (52224K), 2 survivors (2048K)
 Metaspace       used 64923K, capacity 66818K, committed 67072K, reserved 575488K
  class space    used 8551K, capacity 9356K, committed 9472K, reserved 516096K
}
Event: 48.489 GC heap after
{Heap after GC invocations=17 (full 0):
 garbage-first heap   total 131072K, used 48728K [0x0000000080000000, 0x0000000100000000)
  region size 1024K, 4 young (4096K), 4 survivors (4096K)
 Metaspace       used 64923K, capacity 66818K, committed 67072K, reserved 575488K
  class space    used 8551K, capacity 9356K, committed 9472K, reserved 516096K
}
Event: 50.763 GC heap before
{Heap before GC invocations=17 (full 0):
 garbage-first heap   total 131072K, used 98904K [0x0000000080000000, 0x0000000100000000)
  region size 1024K, 53 young (54272K), 4 survivors (4096K)
 Metaspace       used 67755K, capacity 69950K, committed 70144K, reserved 577536K
  class space    used 9008K, capacity 9917K, committed 9984K, reserved 516096K
}
Event: 50.771 GC heap after
{Heap after GC invocations=18 (full 0):
 garbage-first heap   total 131072K, used 51644K [0x0000000080000000, 0x0000000100000000)
  region size 1024K, 6 young (6144K), 6 survivors (6144K)
 Metaspace       used 67755K, capacity 69950K, committed 70144K, reserved 577536K
  class space    used 9008K, capacity 9917K, committed 9984K, reserved 516096K
}

Deoptimization events (10 events):
Event: 53.569 Thread 0x000002a842515800 Uncommon trap: reason=class_check action=maybe_recompile pc=0x000002a82a6bafc8 method=com.google.common.collect.NaturalOrdering.compare(Ljava/lang/Object;Ljava/lang/Object;)I @ 2 c2
Event: 53.579 Thread 0x000002a842515800 Uncommon trap: reason=class_check action=maybe_recompile pc=0x000002a82a31d35c method=java.util.Collections$SetFromMap.remove(Ljava/lang/Object;)Z @ 5 c2
Event: 53.631 Thread 0x000002a842511000 Uncommon trap: reason=unstable_if action=reinterpret pc=0x000002a82a57a9e0 method=java.util.HashMap$HashIterator.<init>(Ljava/util/HashMap;)V @ 45 c2
Event: 53.715 Thread 0x000002a842517000 Uncommon trap: reason=class_check action=maybe_recompile pc=0x000002a82a49734c method=java.util.stream.StreamOpFlag.fromCharacteristics(Ljava/util/Spliterator;)I @ 14 c2
Event: 53.733 Thread 0x000002a842517000 Uncommon trap: reason=class_check action=maybe_recompile pc=0x000002a82a49734c method=java.util.stream.StreamOpFlag.fromCharacteristics(Ljava/util/Spliterator;)I @ 14 c2
Event: 53.763 Thread 0x000002a842518000 Uncommon trap: reason=unstable_if action=reinterpret pc=0x000002a82a6819c4 method=com.esotericsoftware.kryo.io.Input.readVarInt(Z)I @ 42 c2
Event: 53.854 Thread 0x000002a842517000 Uncommon trap: reason=unstable_if action=reinterpret pc=0x000002a82a25b030 method=java.lang.StringLatin1.compareToCI([B[B)I @ 68 c2
Event: 53.860 Thread 0x000002a842517000 Uncommon trap: reason=unstable_if action=reinterpret pc=0x000002a82a607e7c method=com.google.common.collect.RegularImmutableSet.contains(Ljava/lang/Object;)Z @ 10 c2
Event: 53.920 Thread 0x000002a842517000 Uncommon trap: reason=unstable_if action=reinterpret pc=0x000002a82a60493c method=org.gradle.internal.file.FileHierarchySet$Node.isChildOfOrThis(Ljava/lang/String;I)Z @ 89 c2
Event: 53.954 Thread 0x000002a842517000 Uncommon trap: reason=unstable_if action=reinterpret pc=0x000002a82a258698 method=java.lang.StringLatin1.compareToCI([B[B)I @ 68 c2

Classes redefined (0 events):
No events

Internal exceptions (10 events):
Event: 49.801 Thread 0x000002a83c207000 Exception <a 'java/lang/ClassNotFoundException'{0x00000000867d01a8}: org/gradle/api/internal/artifacts/dsl/DefaultRepositoryHandler_DecoratedCustomizer> (0x00000000867d01a8) thrown at [./open/src/hotspot/share/classfile/systemDictionary.cpp, line 226]
Event: 49.836 Thread 0x000002a83c207000 Exception <a 'java/lang/ClassNotFoundException'{0x00000000866ae310}: org/gradle/api/internal/artifacts/dsl/dependencies/DefaultDependencyHandler_DecoratedBeanInfo> (0x00000000866ae310) thrown at [./open/src/hotspot/share/classfile/systemDictionary.cpp, li
Event: 49.838 Thread 0x000002a83c207000 Exception <a 'java/lang/ClassNotFoundException'{0x00000000866f6518}: org/gradle/api/internal/artifacts/dsl/dependencies/DefaultDependencyHandlerBeanInfo> (0x00000000866f6518) thrown at [./open/src/hotspot/share/classfile/systemDictionary.cpp, line 226]
Event: 49.842 Thread 0x000002a83c207000 Exception <a 'java/lang/ClassNotFoundException'{0x000000008653edd0}: org/gradle/api/internal/artifacts/dsl/dependencies/DefaultDependencyHandlerCustomizer> (0x000000008653edd0) thrown at [./open/src/hotspot/share/classfile/systemDictionary.cpp, line 226]
Event: 49.845 Thread 0x000002a83c207000 Exception <a 'java/lang/ClassNotFoundException'{0x00000000865b2070}: org/gradle/api/internal/artifacts/dsl/dependencies/DefaultDependencyHandler_DecoratedCustomizer> (0x00000000865b2070) thrown at [./open/src/hotspot/share/classfile/systemDictionary.cpp, 
Event: 53.564 Thread 0x000002a842515800 Exception <a 'java/lang/NoSuchMethodError'{0x0000000086977378}: java.lang.invoke.Invokers$Holder.linkToTargetMethod(Ljava/lang/Object;Ljava/lang/Object;Ljava/lang/Object;ILjava/lang/Object;Ljava/lang/Object;)Ljava/lang/Object;> (0x0000000086977378) thrown
Event: 53.734 Thread 0x000002a83d2e2800 Exception <a 'java/lang/NoSuchMethodError'{0x00000000868c0468}: static Lorg/gradle/internal/build/event/types/DefaultTaskStartedProgressEvent;.<clinit>()V> (0x00000000868c0468) thrown at [./open/src/hotspot/share/prims/jni.cpp, line 1366]
Event: 53.735 Thread 0x000002a83d2e2800 Exception <a 'java/lang/NoSuchMethodError'{0x00000000868ca870}: static Lorg/gradle/internal/build/event/types/DefaultTaskDescriptor;.<clinit>()V> (0x00000000868ca870) thrown at [./open/src/hotspot/share/prims/jni.cpp, line 1366]
Event: 53.860 Thread 0x000002a842517000 Implicit null exception at 0x000002a82a607cd7 to 0x000002a82a607e64
Event: 53.933 Thread 0x000002a842517000 Exception <a 'java/lang/NoSuchMethodError'{0x0000000086674778}: java.lang.invoke.DirectMethodHandle$Holder.invokeSpecial(Ljava/lang/Object;Ljava/lang/Object;Ljava/lang/Object;Ljava/lang/Object;Ljava/lang/Object;)I> (0x0000000086674778) thrown at [./open/s

Events (10 events):
Event: 54.558 loading class kotlin/reflect/jvm/internal/impl/descriptors/runtime/structure/ReflectJavaClass$methods$1
Event: 54.558 loading class kotlin/reflect/jvm/internal/impl/descriptors/runtime/structure/ReflectJavaClass$methods$1 done
Event: 54.560 loading class kotlin/reflect/jvm/internal/impl/descriptors/runtime/structure/ReflectJavaClass$methods$2
Event: 54.560 loading class kotlin/reflect/jvm/internal/impl/descriptors/runtime/structure/ReflectJavaClass$methods$2 done
Event: 54.562 loading class kotlin/reflect/jvm/internal/impl/descriptors/runtime/structure/ReflectJavaClass$fields$1
Event: 54.562 loading class kotlin/reflect/jvm/internal/impl/descriptors/runtime/structure/ReflectJavaClass$fields$1 done
Event: 54.573 loading class kotlin/reflect/jvm/internal/impl/descriptors/runtime/structure/ReflectJavaClass$fields$2
Event: 54.573 loading class kotlin/reflect/jvm/internal/impl/descriptors/runtime/structure/ReflectJavaClass$fields$2 done
Event: 54.578 loading class kotlin/jvm/internal/SpreadBuilder
Event: 54.578 loading class kotlin/jvm/internal/SpreadBuilder done


Dynamic libraries:
0x00007ff70b8e0000 - 0x00007ff70b8ef000 	C:\Program Files\Java\jdk-11.0.16\bin\java.exe
0x00007ffb3b2b0000 - 0x00007ffb3b4a5000 	C:\WINDOWS\SYSTEM32\ntdll.dll
0x00007ffb3a2d0000 - 0x00007ffb3a38e000 	C:\WINDOWS\System32\KERNEL32.DLL
0x00007ffb38be0000 - 0x00007ffb38ea8000 	C:\WINDOWS\System32\KERNELBASE.dll
0x00007ffb38ae0000 - 0x00007ffb38be0000 	C:\WINDOWS\System32\ucrtbase.dll
0x00007ffb30a80000 - 0x00007ffb30a95000 	C:\Program Files\Java\jdk-11.0.16\bin\VCRUNTIME140.dll
0x00007ffb308a0000 - 0x00007ffb308b8000 	C:\Program Files\Java\jdk-11.0.16\bin\jli.dll
0x00007ffb3a9e0000 - 0x00007ffb3aa8e000 	C:\WINDOWS\System32\ADVAPI32.dll
0x00007ffb39e70000 - 0x00007ffb39f0e000 	C:\WINDOWS\System32\msvcrt.dll
0x00007ffb3a390000 - 0x00007ffb3a42c000 	C:\WINDOWS\System32\sechost.dll
0x00007ffb3a1a0000 - 0x00007ffb3a2c5000 	C:\WINDOWS\System32\RPCRT4.dll
0x00007ffb3a5a0000 - 0x00007ffb3a740000 	C:\WINDOWS\System32\USER32.dll
0x00007ffb392e0000 - 0x00007ffb39302000 	C:\WINDOWS\System32\win32u.dll
0x00007ffb3a550000 - 0x00007ffb3a57b000 	C:\WINDOWS\System32\GDI32.dll
0x00007ffb38eb0000 - 0x00007ffb38fbb000 	C:\WINDOWS\System32\gdi32full.dll
0x00007ffb389d0000 - 0x00007ffb38a6d000 	C:\WINDOWS\System32\msvcp_win.dll
0x00007ffb35e20000 - 0x00007ffb35e2a000 	C:\WINDOWS\SYSTEM32\VERSION.dll
0x00007ffb37de0000 - 0x00007ffb3807a000 	C:\WINDOWS\WinSxS\amd64_microsoft.windows.common-controls_6595b64144ccf1df_6.0.19041.1110_none_60b5254171f9507e\COMCTL32.dll
0x00007ffb39520000 - 0x00007ffb39550000 	C:\WINDOWS\System32\IMM32.DLL
0x00007ffad7840000 - 0x00007ffad78db000 	C:\Program Files\Java\jdk-11.0.16\bin\msvcp140.dll
0x00007ffabc680000 - 0x00007ffabd198000 	C:\Program Files\Java\jdk-11.0.16\bin\server\jvm.dll
0x00007ffb3b260000 - 0x00007ffb3b268000 	C:\WINDOWS\System32\PSAPI.DLL
0x00007ffb23b50000 - 0x00007ffb23b59000 	C:\WINDOWS\SYSTEM32\WSOCK32.dll
0x00007ffb3a0d0000 - 0x00007ffb3a13b000 	C:\WINDOWS\System32\WS2_32.dll
0x00007ffb1d750000 - 0x00007ffb1d777000 	C:\WINDOWS\SYSTEM32\WINMM.dll
0x00007ffb36470000 - 0x00007ffb36482000 	C:\WINDOWS\SYSTEM32\kernel.appcore.dll
0x00007ffb35f70000 - 0x00007ffb35f80000 	C:\Program Files\Java\jdk-11.0.16\bin\verify.dll
0x00007ffb38250000 - 0x00007ffb38434000 	C:\WINDOWS\SYSTEM32\DBGHELP.DLL
0x00007ffb381a0000 - 0x00007ffb381cc000 	C:\WINDOWS\SYSTEM32\dbgcore.DLL
0x00007ffb39150000 - 0x00007ffb391d2000 	C:\WINDOWS\System32\bcryptPrimitives.dll
0x00007ffb2ce10000 - 0x00007ffb2ce38000 	C:\Program Files\Java\jdk-11.0.16\bin\java.dll
0x00007ffb2ce00000 - 0x00007ffb2ce0a000 	C:\Program Files\Java\jdk-11.0.16\bin\jimage.dll
0x00007ffb0c220000 - 0x00007ffb0c236000 	C:\Program Files\Java\jdk-11.0.16\bin\zip.dll
0x00007ffb3aa90000 - 0x00007ffb3b1d4000 	C:\WINDOWS\System32\SHELL32.dll
0x00007ffb36490000 - 0x00007ffb36c24000 	C:\WINDOWS\SYSTEM32\windows.storage.dll
0x00007ffb39550000 - 0x00007ffb398a4000 	C:\WINDOWS\System32\combase.dll
0x00007ffb37d40000 - 0x00007ffb37d6c000 	C:\WINDOWS\SYSTEM32\Wldp.dll
0x00007ffb3a930000 - 0x00007ffb3a9dd000 	C:\WINDOWS\System32\SHCORE.dll
0x00007ffb3b1f0000 - 0x00007ffb3b245000 	C:\WINDOWS\System32\shlwapi.dll
0x00007ffb38910000 - 0x00007ffb3892f000 	C:\WINDOWS\SYSTEM32\profapi.dll
0x00007ffb080b0000 - 0x00007ffb080c9000 	C:\Program Files\Java\jdk-11.0.16\bin\net.dll
0x00007ffb2e1f0000 - 0x00007ffb2e2f9000 	C:\WINDOWS\SYSTEM32\WINHTTP.dll
0x00007ffb37c10000 - 0x00007ffb37c7a000 	C:\WINDOWS\system32\mswsock.dll
0x00007ffb06430000 - 0x00007ffb06442000 	C:\Program Files\Java\jdk-11.0.16\bin\nio.dll
0x00007ffb07430000 - 0x00007ffb07457000 	C:\Users\Prabharsha\.gradle\native\e1d6ef7f7dcc3fd88c89a11ec53ec762bb8ba0a96d01ffa2cd45eb1d1d8dd5c5\windows-amd64\native-platform.dll
0x00007ffad76f0000 - 0x00007ffad7834000 	C:\Users\Prabharsha\.gradle\native\0d407fdbe67a94daf76414ababcb853783967236a71b16ec16e742cd7a986fd3\windows-amd64\native-platform-file-events.dll
0x00007ffb2cdf0000 - 0x00007ffb2cdf9000 	C:\Program Files\Java\jdk-11.0.16\bin\management.dll
0x00007ffb12ce0000 - 0x00007ffb12ceb000 	C:\Program Files\Java\jdk-11.0.16\bin\management_ext.dll
0x00007ffb38750000 - 0x00007ffb38768000 	C:\WINDOWS\SYSTEM32\CRYPTSP.dll
0x00007ffb37440000 - 0x00007ffb37474000 	C:\WINDOWS\system32\rsaenh.dll
0x00007ffb38fc0000 - 0x00007ffb38fe7000 	C:\WINDOWS\System32\bcrypt.dll
0x00007ffb38890000 - 0x00007ffb388be000 	C:\WINDOWS\SYSTEM32\USERENV.dll
0x00007ffb37d00000 - 0x00007ffb37d0c000 	C:\WINDOWS\SYSTEM32\CRYPTBASE.dll
0x00007ffb37790000 - 0x00007ffb377cb000 	C:\WINDOWS\SYSTEM32\IPHLPAPI.DLL
0x00007ffb3b250000 - 0x00007ffb3b258000 	C:\WINDOWS\System32\NSI.dll
0x00007ffb30fa0000 - 0x00007ffb30fb7000 	C:\WINDOWS\SYSTEM32\dhcpcsvc6.DLL
0x00007ffb31590000 - 0x00007ffb315ad000 	C:\WINDOWS\SYSTEM32\dhcpcsvc.DLL
0x00007ffb377d0000 - 0x00007ffb3789a000 	C:\WINDOWS\SYSTEM32\DNSAPI.dll

dbghelp: loaded successfully - version: 4.0.5 - missing functions: none
symbol engine: initialized successfully - sym options: 0x614 - pdb path: .;C:\Program Files\Java\jdk-11.0.16\bin;C:\WINDOWS\SYSTEM32;C:\WINDOWS\WinSxS\amd64_microsoft.windows.common-controls_6595b64144ccf1df_6.0.19041.1110_none_60b5254171f9507e;C:\Program Files\Java\jdk-11.0.16\bin\server;C:\Users\Prabharsha\.gradle\native\e1d6ef7f7dcc3fd88c89a11ec53ec762bb8ba0a96d01ffa2cd45eb1d1d8dd5c5\windows-amd64;C:\Users\Prabharsha\.gradle\native\0d407fdbe67a94daf76414ababcb853783967236a71b16ec16e742cd7a986fd3\windows-amd64

VM Arguments:
jvm_args: -XX:MaxMetaspaceSize=512m --add-opens=java.base/java.util=ALL-UNNAMED --add-opens=java.base/java.lang=ALL-UNNAMED --add-opens=java.base/java.lang.invoke=ALL-UNNAMED --add-opens=java.base/java.util=ALL-UNNAMED --add-opens=java.prefs/java.util.prefs=ALL-UNNAMED --add-opens=java.prefs/java.util.prefs=ALL-UNNAMED --add-opens=java.base/java.nio.charset=ALL-UNNAMED --add-opens=java.base/java.net=ALL-UNNAMED --add-opens=java.base/java.util.concurrent.atomic=ALL-UNNAMED -Xmx2048m -Dfile.encoding=utf8 -Duser.country=US -Duser.language=en -Duser.variant 
java_command: org.gradle.launcher.daemon.bootstrap.GradleDaemon 7.5.1
java_class_path (initial): C:\Users\Prabharsha\.gradle\wrapper\dists\gradle-7.5.1-all\1ehga6e77gqps5uk2kc5kf1vc\gradle-7.5.1\lib\gradle-launcher-7.5.1.jar
Launcher Type: SUN_STANDARD

[Global flags]
     intx CICompilerCount                          = 4                                         {product} {ergonomic}
   size_t CompressedClassSpaceSize                 = 528482304                                 {product} {ergonomic}
     uint ConcGCThreads                            = 2                                         {product} {ergonomic}
     uint G1ConcRefinementThreads                  = 8                                         {product} {ergonomic}
   size_t G1HeapRegionSize                         = 1048576                                   {product} {ergonomic}
    uintx GCDrainStackTargetSize                   = 64                                        {product} {ergonomic}
   size_t InitialHeapSize                          = 134217728                                 {product} {ergonomic}
   size_t MarkStackSize                            = 4194304                                   {product} {ergonomic}
   size_t MaxHeapSize                              = 2147483648                                {product} {command line}
   size_t MaxMetaspaceSize                         = 536870912                                 {product} {command line}
   size_t MaxNewSize                               = 1287651328                                {product} {ergonomic}
   size_t MinHeapDeltaBytes                        = 1048576                                   {product} {ergonomic}
    uintx NonNMethodCodeHeapSize                   = 5836300                                {pd product} {ergonomic}
    uintx NonProfiledCodeHeapSize                  = 122910970                              {pd product} {ergonomic}
    uintx ProfiledCodeHeapSize                     = 122910970                              {pd product} {ergonomic}
    uintx ReservedCodeCacheSize                    = 251658240                              {pd product} {ergonomic}
     bool SegmentedCodeCache                       = true                                      {product} {ergonomic}
     bool UseCompressedClassPointers               = true                                 {lp64_product} {ergonomic}
     bool UseCompressedOops                        = true                                 {lp64_product} {ergonomic}
     bool UseG1GC                                  = true                                      {product} {ergonomic}
     bool UseLargePagesIndividualAllocation        = false                                  {pd product} {ergonomic}

Logging:
Log output configuration:
 #0: stdout all=warning uptime,level,tags
 #1: stderr all=off uptime,level,tags

Environment Variables:
JAVA_HOME=C:\Program Files\Java\jdk-11.0.16
PATH=C:\Program Files\Java\jdk-11.0.16\bin;C:\Program Files\Common Files\Oracle\Java\javapath;C:\Program Files\Eclipse Adoptium\jdk-8.0.322.6-hotspot\bin;C:\Python310\Scripts\;C:\Python310\;C:\Program Files (x86)\Common Files\Oracle\Java\javapath;C:\WINDOWS\system32;C:\Program Files\Java\jdk1.8.0_271\bin;C:\WINDOWS;C:\WINDOWS\System32\Wbem;C:\WINDOWS\System32\WindowsPowerShell\v1.0\;C:\WINDOWS\System32\OpenSSH\;C:\Program Files\NVIDIA Corporation\NVIDIA NvDLISR;C:\Program Files (x86)\NVIDIA Corporation\PhysX\Common;C:\Program Files\MySQL\MySQL Server 8.0\bin;C:\Program Files (x86)\QuickTime\QTSystem\;C:\Program Files\Git\cmd;C:\ProgramData\chocolatey\bin;C:\Program Files (x86)\NoteBook FanControl\;C:\Program Files\nodejs\;C:\Program Files (x86)\dotnet\;%LOCALAPPDATA%\Android\Sdk\platform-tools;C:\Users\Prabharsha\AppData\Roaming\npm;C:\Program Files\MySQL\MySQL Shell 8.0\bin\;C:\Users\Prabharsha\AppData\Local\Microsoft\WindowsApps;C:\Program Files\JetBrains\IntelliJ IDEA 2022.1.2\bin;;C:\Program Files\MySQL\MySQL Shell 8.0\bin;C:\Program Files\MySQL\MySQL Shell 8.0\bin;C:\Users\Prabharsha\AppData\Local\Programs\Microsoft VS Code\bin
USERNAME=Prabharsha
OS=Windows_NT
PROCESSOR_IDENTIFIER=Intel64 Family 6 Model 142 Stepping 10, GenuineIntel



---------------  S Y S T E M  ---------------

OS: Windows 10 , 64 bit Build 19041 (10.0.19041.1566)

CPU:total 8 (initial active 8) (4 cores per cpu, 2 threads per core) family 6 model 142 stepping 10 microcode 0xb4, cmov, cx8, fxsr, mmx, sse, sse2, sse3, ssse3, sse4.1, sse4.2, popcnt, avx, avx2, aes, clmul, erms, 3dnowpref, lzcnt, ht, tsc, tscinvbit, bmi1, bmi2, adx, fma

Memory: 4k page, system-wide physical 8074M (501M free)
TotalPageFile size 12074M (AvailPageFile size 17M)
current process WorkingSet (physical memory assigned to process): 349M, peak: 355M
current process commit charge ("private bytes"): 399M, peak: 402M

vm_info: Java HotSpot(TM) 64-Bit Server VM (11.0.16+11-LTS-199) for windows-amd64 JRE (11.0.16+11-LTS-199), built on Jun 28 2022 08:23:17 by "mach5one" with MS VC++ 15.9 (VS2017)

END.
