#
# There is insufficient memory for the Java Runtime Environment to continue.
# Native memory allocation (malloc) failed to allocate 696976 bytes for Chunk::new
# Possible reasons:
#   The system is out of physical RAM or swap space
#   The process is running with CompressedOops enabled, and the Java Heap may be blocking the growth of the native heap
# Possible solutions:
#   Reduce memory load on the system
#   Increase physical memory or swap space
#   Check if swap backing store is full
#   Decrease Java heap size (-Xmx/-Xms)
#   Decrease number of Java threads
#   Decrease Java thread stack sizes (-Xss)
#   Set larger code cache with -XX:ReservedCodeCacheSize=
#   JVM is running with Unscaled Compressed Oops mode in which the Java heap is
#     placed in the first 4GB address space. The Java Heap base address is the
#     maximum limit for the native heap growth. Please use -XX:HeapBaseMinAddress
#     to set the Java Heap base and to place the Java Heap above 4GB virtual address.
# This output file may be truncated or incomplete.
#
#  Out of Memory Error (arena.cpp:189), pid=4760, tid=2348
#
# JRE version: OpenJDK Runtime Environment Temurin-17.0.4.1+1 (17.0.4.1+1) (build 17.0.4.1+1)
# Java VM: OpenJDK 64-Bit Server VM Temurin-17.0.4.1+1 (17.0.4.1+1, mixed mode, tiered, compressed oops, compressed class ptrs, parallel gc, windows-amd64)
# No core dump will be written. Minidumps are not enabled by default on client versions of Windows
#

---------------  S U M M A R Y ------------

Command Line: --add-modules=ALL-SYSTEM --add-opens=java.base/java.util=ALL-UNNAMED --add-opens=java.base/java.lang=ALL-UNNAMED --add-opens=java.base/sun.nio.fs=ALL-UNNAMED -Declipse.application=org.eclipse.jdt.ls.core.id1 -Dosgi.bundles.defaultStartLevel=4 -Declipse.product=org.eclipse.jdt.ls.core.product -Djava.import.generatesMetadataFilesAtProjectRoot=false -Dfile.encoding=utf8 -DwatchParentProcess=false -XX:+UseParallelGC -XX:GCTimeRatio=4 -XX:AdaptiveSizePolicyWeight=90 -Dsun.zip.disableMemoryMapping=true -Xmx1G -Xms100m -Xlog:disable -javaagent:c:\Users\Prabharsha\.vscode\extensions\redhat.java-1.11.0-win32-x64\lombok\lombok-1.18.24.jar -XX:+HeapDumpOnOutOfMemoryError -XX:HeapDumpPath=c:\Users\Prabharsha\AppData\Roaming\Code\User\workspaceStorage\eb937eaabd02c54c35364ab9040414ff\redhat.java c:\Users\Prabharsha\.vscode\extensions\redhat.java-1.11.0-win32-x64\server\plugins\org.eclipse.equinox.launcher_1.6.400.v20210924-0641.jar -configuration c:\Users\Prabharsha\AppData\Roaming\Code\User\globalStorage\redhat.java\1.11.0\config_win -data c:\Users\Prabharsha\AppData\Roaming\Code\User\workspaceStorage\eb937eaabd02c54c35364ab9040414ff\redhat.java\jdt_ws

Host: Intel(R) Core(TM) i5-8250U CPU @ 1.60GHz, 8 cores, 7G,  Windows 10 , 64 bit Build 19041 (10.0.19041.1566)
Time: Wed Oct  5 21:59:49 2022 Sri Lanka Standard Time elapsed time: 22.503675 seconds (0d 0h 0m 22s)

---------------  T H R E A D  ---------------

Current thread (0x000001e44f9ead50):  JavaThread "C2 CompilerThread0" daemon [_thread_in_native, id=2348, stack(0x000000d311500000,0x000000d311600000)]


Current CompileTask:
C2:  22503 6364   !   4       sun.nio.fs.WindowsFileAttributes::get (236 bytes)

Stack: [0x000000d311500000,0x000000d311600000]
Native frames: (J=compiled Java code, j=interpreted, Vv=VM code, C=native code)
V  [jvm.dll+0x67731a]
V  [jvm.dll+0x832284]
V  [jvm.dll+0x833a2e]
V  [jvm.dll+0x834093]
V  [jvm.dll+0x245775]
V  [jvm.dll+0xabd7b]
V  [jvm.dll+0xac30c]
V  [jvm.dll+0x363a97]
V  [jvm.dll+0x32e011]
V  [jvm.dll+0x32d4ba]
V  [jvm.dll+0x218681]
V  [jvm.dll+0x217aa1]
V  [jvm.dll+0x1a3f8d]
V  [jvm.dll+0x227498]
V  [jvm.dll+0x2255e5]
V  [jvm.dll+0x7e7e9b]
V  [jvm.dll+0x7e240a]
V  [jvm.dll+0x6761a5]
C  [ucrtbase.dll+0x21bb2]
C  [KERNEL32.DLL+0x17034]
C  [ntdll.dll+0x52651]


---------------  P R O C E S S  ---------------

Threads class SMR info:
_java_thread_list=0x000001e45361fdb0, length=33, elements={
0x000001e439571d10, 0x000001e44d405b20, 0x000001e44d4066d0, 0x000001e44d4080f0,
0x000001e44d408aa0, 0x000001e44d409450, 0x000001e44f9ea160, 0x000001e44f9ead50,
0x000001e44f9ed800, 0x000001e44f9ef110, 0x000001e44faaff50, 0x000001e44fcbd4f0,
0x000001e451082220, 0x000001e451039810, 0x000001e4510e8220, 0x000001e4503e3570,
0x000001e4512eacc0, 0x000001e451246b10, 0x000001e451246640, 0x000001e451249b30,
0x000001e451246fe0, 0x000001e451248320, 0x000001e4512474b0, 0x000001e451247980,
0x000001e4512487f0, 0x000001e45006ea70, 0x000001e450072900, 0x000001e45006c3f0,
0x000001e45006f410, 0x000001e450070c20, 0x000001e45006e5a0, 0x000001e4500732a0,
0x000001e45006bf20
}

Java Threads: ( => current thread )
  0x000001e439571d10 JavaThread "main" [_thread_blocked, id=4276, stack(0x000000d310c00000,0x000000d310d00000)]
  0x000001e44d405b20 JavaThread "Reference Handler" daemon [_thread_blocked, id=13224, stack(0x000000d310f00000,0x000000d311000000)]
  0x000001e44d4066d0 JavaThread "Finalizer" daemon [_thread_blocked, id=13676, stack(0x000000d311000000,0x000000d311100000)]
  0x000001e44d4080f0 JavaThread "Signal Dispatcher" daemon [_thread_blocked, id=10960, stack(0x000000d311100000,0x000000d311200000)]
  0x000001e44d408aa0 JavaThread "Attach Listener" daemon [_thread_blocked, id=12864, stack(0x000000d311200000,0x000000d311300000)]
  0x000001e44d409450 JavaThread "Service Thread" daemon [_thread_blocked, id=4664, stack(0x000000d311300000,0x000000d311400000)]
  0x000001e44f9ea160 JavaThread "Monitor Deflation Thread" daemon [_thread_blocked, id=8544, stack(0x000000d311400000,0x000000d311500000)]
=>0x000001e44f9ead50 JavaThread "C2 CompilerThread0" daemon [_thread_in_native, id=2348, stack(0x000000d311500000,0x000000d311600000)]
  0x000001e44f9ed800 JavaThread "C1 CompilerThread0" daemon [_thread_blocked, id=13096, stack(0x000000d311600000,0x000000d311700000)]
  0x000001e44f9ef110 JavaThread "Sweeper thread" daemon [_thread_blocked, id=13188, stack(0x000000d311700000,0x000000d311800000)]
  0x000001e44faaff50 JavaThread "Common-Cleaner" daemon [_thread_blocked, id=10288, stack(0x000000d311800000,0x000000d311900000)]
  0x000001e44fcbd4f0 JavaThread "Notification Thread" daemon [_thread_blocked, id=14940, stack(0x000000d311900000,0x000000d311a00000)]
  0x000001e451082220 JavaThread "Active Thread: Equinox Container: 32ad6781-51d7-45ba-9e21-075534e4cfe0" [_thread_blocked, id=7772, stack(0x000000d312200000,0x000000d312300000)]
  0x000001e451039810 JavaThread "Framework Event Dispatcher: Equinox Container: 32ad6781-51d7-45ba-9e21-075534e4cfe0" daemon [_thread_blocked, id=14144, stack(0x000000d312300000,0x000000d312400000)]
  0x000001e4510e8220 JavaThread "Start Level: Equinox Container: 32ad6781-51d7-45ba-9e21-075534e4cfe0" daemon [_thread_blocked, id=14100, stack(0x000000d312400000,0x000000d312500000)]
  0x000001e4503e3570 JavaThread "SCR Component Actor" daemon [_thread_blocked, id=11336, stack(0x000000d312100000,0x000000d312200000)]
  0x000001e4512eacc0 JavaThread "Bundle File Closer" daemon [_thread_blocked, id=10560, stack(0x000000d312700000,0x000000d312800000)]
  0x000001e451246b10 JavaThread "Worker-JM" [_thread_blocked, id=13968, stack(0x000000d312800000,0x000000d312900000)]
  0x000001e451246640 JavaThread "Worker-0" [_thread_blocked, id=5840, stack(0x000000d312a00000,0x000000d312b00000)]
  0x000001e451249b30 JavaThread "Worker-1: Refreshing workspace" [_thread_in_native, id=12600, stack(0x000000d312b00000,0x000000d312c00000)]
  0x000001e451246fe0 JavaThread "Worker-2" [_thread_blocked, id=13252, stack(0x000000d312c00000,0x000000d312d00000)]
  0x000001e451248320 JavaThread "Worker-3" [_thread_blocked, id=1440, stack(0x000000d312900000,0x000000d312a00000)]
  0x000001e4512474b0 JavaThread "Worker-4" [_thread_blocked, id=3116, stack(0x000000d312e00000,0x000000d312f00000)]
  0x000001e451247980 JavaThread "Java indexing" daemon [_thread_blocked, id=13432, stack(0x000000d312f00000,0x000000d313000000)]
  0x000001e4512487f0 JavaThread "pool-1-thread-1" [_thread_in_native, id=14132, stack(0x000000d313000000,0x000000d313100000)]
  0x000001e45006ea70 JavaThread "Worker-5: Initialize workspace" [_thread_blocked, id=12340, stack(0x000000d313100000,0x000000d313200000)]
  0x000001e450072900 JavaThread "Worker-6" [_thread_blocked, id=9776, stack(0x000000d313200000,0x000000d313300000)]
  0x000001e45006c3f0 JavaThread "Timer-0" [_thread_blocked, id=992, stack(0x000000d313300000,0x000000d313400000)]
  0x000001e45006f410 JavaThread "Timer-1" [_thread_blocked, id=12192, stack(0x000000d313400000,0x000000d313500000)]
  0x000001e450070c20 JavaThread "Timer-2" [_thread_blocked, id=8328, stack(0x000000d312000000,0x000000d312100000)]
  0x000001e45006e5a0 JavaThread "Exec process" [_thread_blocked, id=10260, stack(0x000000d313500000,0x000000d313600000)]
  0x000001e4500732a0 JavaThread "Exec process Thread 2" [_thread_blocked, id=1740, stack(0x000000d313600000,0x000000d313700000)]
  0x000001e45006bf20 JavaThread "Exec process Thread 3" [_thread_blocked, id=8796, stack(0x000000d313700000,0x000000d313800000)]

Other Threads:
  0x000001e44d3fdc00 VMThread "VM Thread" [stack: 0x000000d310e00000,0x000000d310f00000] [id=11956]
  0x000001e44fcbd9c0 WatcherThread [stack: 0x000000d311a00000,0x000000d311b00000] [id=12688]
  0x000001e4395874e0 GCTaskThread "GC Thread#0" [stack: 0x000000d310d00000,0x000000d310e00000] [id=12996]
  0x000001e4505d86f0 GCTaskThread "GC Thread#1" [stack: 0x000000d311b00000,0x000000d311c00000] [id=13728]
  0x000001e45058c0a0 GCTaskThread "GC Thread#2" [stack: 0x000000d311c00000,0x000000d311d00000] [id=13544]
  0x000001e45058c350 GCTaskThread "GC Thread#3" [stack: 0x000000d311d00000,0x000000d311e00000] [id=14832]
  0x000001e450659a10 GCTaskThread "GC Thread#4" [stack: 0x000000d311e00000,0x000000d311f00000] [id=11600]
  0x000001e450659cc0 GCTaskThread "GC Thread#5" [stack: 0x000000d311f00000,0x000000d312000000] [id=2708]
  0x000001e4373c98d0 GCTaskThread "GC Thread#6" [stack: 0x000000d312500000,0x000000d312600000] [id=11932]
  0x000001e4504b1aa0 GCTaskThread "GC Thread#7" [stack: 0x000000d312600000,0x000000d312700000] [id=13788]

Threads with active compile tasks:
C2 CompilerThread0    22609 6364   !   4       sun.nio.fs.WindowsFileAttributes::get (236 bytes)

VM state: not at safepoint (normal execution)

VM Mutex/Monitor currently owned by a thread: None

Heap address: 0x00000000c0000000, size: 1024 MB, Compressed Oops mode: 32-bit

CDS archive(s) not mapped
Compressed class space mapped at: 0x0000000100000000-0x0000000140000000, reserved size: 1073741824
Narrow klass base: 0x0000000000000000, Narrow klass shift: 3, Narrow klass range: 0x140000000

GC Precious Log:
 CPUs: 8 total, 8 available
 Memory: 8074M
 Large Page Support: Disabled
 NUMA Support: Disabled
 Compressed Oops: Enabled (32-bit)
 Alignments: Space 512K, Generation 512K, Heap 2M
 Heap Min Capacity: 100M
 Heap Initial Capacity: 100M
 Heap Max Capacity: 1G
 Pre-touch: Disabled
 Parallel Workers: 8

Heap:
 PSYoungGen      total 16384K, used 5483K [0x00000000eab00000, 0x00000000ebe00000, 0x0000000100000000)
  eden space 15872K, 33% used [0x00000000eab00000,0x00000000eb02ad58,0x00000000eba80000)
  from space 512K, 37% used [0x00000000ebd80000,0x00000000ebdb0000,0x00000000ebe00000)
  to   space 512K, 0% used [0x00000000ebd00000,0x00000000ebd00000,0x00000000ebd80000)
 ParOldGen       total 68608K, used 45811K [0x00000000c0000000, 0x00000000c4300000, 0x00000000eab00000)
  object space 68608K, 66% used [0x00000000c0000000,0x00000000c2cbcc20,0x00000000c4300000)
 Metaspace       used 54712K, committed 55616K, reserved 1105920K
  class space    used 6298K, committed 6720K, reserved 1048576K

Card table byte_map: [0x000001e438f30000,0x000001e439140000] _byte_map_base: 0x000001e438930000

Marking Bits: (ParMarkBitMap*) 0x00007ff954482cc0
 Begin Bits: [0x000001e44b210000, 0x000001e44c210000)
 End Bits:   [0x000001e44c210000, 0x000001e44d210000)

Polling page: 0x000001e437560000

Metaspace:

Usage:
  Non-class:     47.28 MB used.
      Class:      6.15 MB used.
       Both:     53.43 MB used.

Virtual space:
  Non-class space:       56.00 MB reserved,      47.75 MB ( 85%) committed,  7 nodes.
      Class space:        1.00 GB reserved,       6.56 MB ( <1%) committed,  1 nodes.
             Both:        1.05 GB reserved,      54.31 MB (  5%) committed. 

Chunk freelists:
   Non-Class:  3.75 MB
       Class:  1.34 MB
        Both:  5.09 MB

MaxMetaspaceSize: unlimited
CompressedClassSpaceSize: 1.00 GB
Initial GC threshold: 21.00 MB
Current GC threshold: 58.38 MB
CDS: off
MetaspaceReclaimPolicy: balanced
 - commit_granule_bytes: 65536.
 - commit_granule_words: 8192.
 - virtual_space_node_default_size: 1048576.
 - enlarge_chunks_in_place: 1.
 - new_chunks_are_fully_committed: 0.
 - uncommit_free_chunks: 1.
 - use_allocation_guard: 0.
 - handle_deallocations: 1.


Internal statistics:

num_allocs_failed_limit: 6.
num_arena_births: 394.
num_arena_deaths: 14.
num_vsnodes_births: 8.
num_vsnodes_deaths: 0.
num_space_committed: 869.
num_space_uncommitted: 0.
num_chunks_returned_to_freelist: 20.
num_chunks_taken_from_freelist: 2392.
num_chunk_merges: 10.
num_chunk_splits: 1554.
num_chunks_enlarged: 997.
num_purges: 2.
num_inconsistent_stats: 0.

CodeHeap 'non-profiled nmethods': size=120000Kb used=3276Kb max_used=3276Kb free=116723Kb
 bounds [0x000001e443ce0000, 0x000001e444020000, 0x000001e44b210000]
CodeHeap 'profiled nmethods': size=120000Kb used=10932Kb max_used=11382Kb free=109068Kb
 bounds [0x000001e43c7b0000, 0x000001e43d2e0000, 0x000001e443ce0000]
CodeHeap 'non-nmethods': size=5760Kb used=1283Kb max_used=1361Kb free=4476Kb
 bounds [0x000001e43c210000, 0x000001e43c480000, 0x000001e43c7b0000]
 total_blobs=6054 nmethods=5444 adapters=524
 compilation: enabled
              stopped_count=0, restarted_count=0
 full_count=0

Compilation events (20 events):
Event: 22.286 Thread 0x000001e44f9ed800 nmethod 6354 0x000001e43ce3eb10 code [0x000001e43ce3ed00, 0x000001e43ce3f228]
Event: 22.286 Thread 0x000001e44f9ed800 6355  s    3       org.eclipse.core.internal.resources.WorkManager::setBuild (87 bytes)
Event: 22.287 Thread 0x000001e44f9ed800 nmethod 6355 0x000001e43ce3dc10 code [0x000001e43ce3de80, 0x000001e43ce3e808]
Event: 22.287 Thread 0x000001e44f9ed800 6357       3       org.eclipse.core.internal.jobs.DeadlockDetector::lockReleased (318 bytes)
Event: 22.291 Thread 0x000001e44f9ed800 nmethod 6357 0x000001e43ca2ec10 code [0x000001e43ca2f180, 0x000001e43ca31c18]
Event: 22.291 Thread 0x000001e44f9ed800 6356       3       java.util.concurrent.ConcurrentHashMap$KeySetView::contains (9 bytes)
Event: 22.292 Thread 0x000001e44f9ed800 nmethod 6356 0x000001e43ccf2990 code [0x000001e43ccf2b40, 0x000001e43ccf2d48]
Event: 22.292 Thread 0x000001e44f9ed800 6358   !   3       org.eclipse.core.internal.jobs.JobManager::startJob (187 bytes)
Event: 22.294 Thread 0x000001e44f9ed800 nmethod 6358 0x000001e43ce3be90 code [0x000001e43ce3c180, 0x000001e43ce3d338]
Event: 22.313 Thread 0x000001e44f9ead50 6359   !   4       org.eclipse.core.internal.resources.ProjectVariableProviderManager::lazyInitialize (204 bytes)
Event: 22.313 Thread 0x000001e44f9ed800 6360       3       org.eclipse.core.runtime.SubMonitor::convert (8 bytes)
Event: 22.314 Thread 0x000001e44f9ed800 nmethod 6360 0x000001e43cb13410 code [0x000001e43cb135a0, 0x000001e43cb136c8]
Event: 22.314 Thread 0x000001e44f9ead50 nmethod 6359 0x000001e444012e10 code [0x000001e444012f80, 0x000001e444013018]
Event: 22.374 Thread 0x000001e44f9ed800 6361       3       org.eclipse.core.internal.jobs.ImplicitJobs::endThreadJob (92 bytes)
Event: 22.375 Thread 0x000001e44f9ed800 nmethod 6361 0x000001e43cc33f90 code [0x000001e43cc341c0, 0x000001e43cc34b98]
Event: 22.375 Thread 0x000001e44f9ed800 6362       3       org.eclipse.core.runtime.jobs.Job::getName (5 bytes)
Event: 22.375 Thread 0x000001e44f9ed800 nmethod 6362 0x000001e43cb12f10 code [0x000001e43cb130a0, 0x000001e43cb131b8]
Event: 22.375 Thread 0x000001e44f9ed800 6363       3       java.lang.StringBuffer::<init> (7 bytes)
Event: 22.375 Thread 0x000001e44f9ed800 nmethod 6363 0x000001e43ce3bb10 code [0x000001e43ce3bca0, 0x000001e43ce3bde8]
Event: 22.445 Thread 0x000001e44f9ead50 6364   !   4       sun.nio.fs.WindowsFileAttributes::get (236 bytes)

GC Heap History (20 events):
Event: 17.406 GC heap before
{Heap before GC invocations=27 (full 2):
 PSYoungGen      total 19456K, used 19085K [0x00000000eab00000, 0x00000000ec100000, 0x0000000100000000)
  eden space 18944K, 99% used [0x00000000eab00000,0x00000000ebd6b7e0,0x00000000ebd80000)
  from space 512K, 43% used [0x00000000ec080000,0x00000000ec0b8000,0x00000000ec100000)
  to   space 512K, 0% used [0x00000000ec000000,0x00000000ec000000,0x00000000ec080000)
 ParOldGen       total 68608K, used 32016K [0x00000000c0000000, 0x00000000c4300000, 0x00000000eab00000)
  object space 68608K, 46% used [0x00000000c0000000,0x00000000c1f44158,0x00000000c4300000)
 Metaspace       used 48631K, committed 49472K, reserved 1097728K
  class space    used 5298K, committed 5696K, reserved 1048576K
}
Event: 17.408 GC heap after
{Heap after GC invocations=27 (full 2):
 PSYoungGen      total 19456K, used 502K [0x00000000eab00000, 0x00000000ec580000, 0x0000000100000000)
  eden space 18944K, 0% used [0x00000000eab00000,0x00000000eab00000,0x00000000ebd80000)
  from space 512K, 98% used [0x00000000ec000000,0x00000000ec07dae8,0x00000000ec080000)
  to   space 4096K, 0% used [0x00000000ec180000,0x00000000ec180000,0x00000000ec580000)
 ParOldGen       total 68608K, used 34795K [0x00000000c0000000, 0x00000000c4300000, 0x00000000eab00000)
  object space 68608K, 50% used [0x00000000c0000000,0x00000000c21facc8,0x00000000c4300000)
 Metaspace       used 48631K, committed 49472K, reserved 1097728K
  class space    used 5298K, committed 5696K, reserved 1048576K
}
Event: 18.040 GC heap before
{Heap before GC invocations=28 (full 2):
 PSYoungGen      total 19456K, used 19446K [0x00000000eab00000, 0x00000000ec580000, 0x0000000100000000)
  eden space 18944K, 100% used [0x00000000eab00000,0x00000000ebd80000,0x00000000ebd80000)
  from space 512K, 98% used [0x00000000ec000000,0x00000000ec07dae8,0x00000000ec080000)
  to   space 4096K, 0% used [0x00000000ec180000,0x00000000ec180000,0x00000000ec580000)
 ParOldGen       total 68608K, used 34795K [0x00000000c0000000, 0x00000000c4300000, 0x00000000eab00000)
  object space 68608K, 50% used [0x00000000c0000000,0x00000000c21facc8,0x00000000c4300000)
 Metaspace       used 50004K, committed 50880K, reserved 1097728K
  class space    used 5553K, committed 5952K, reserved 1048576K
}
Event: 18.045 GC heap after
{Heap after GC invocations=28 (full 2):
 PSYoungGen      total 20992K, used 4090K [0x00000000eab00000, 0x00000000ec980000, 0x0000000100000000)
  eden space 16896K, 0% used [0x00000000eab00000,0x00000000eab00000,0x00000000ebb80000)
  from space 4096K, 99% used [0x00000000ec180000,0x00000000ec57eb58,0x00000000ec580000)
  to   space 6144K, 0% used [0x00000000ebb80000,0x00000000ebb80000,0x00000000ec180000)
 ParOldGen       total 68608K, used 36038K [0x00000000c0000000, 0x00000000c4300000, 0x00000000eab00000)
  object space 68608K, 52% used [0x00000000c0000000,0x00000000c2331b70,0x00000000c4300000)
 Metaspace       used 50004K, committed 50880K, reserved 1097728K
  class space    used 5553K, committed 5952K, reserved 1048576K
}
Event: 18.707 GC heap before
{Heap before GC invocations=29 (full 2):
 PSYoungGen      total 20992K, used 20986K [0x00000000eab00000, 0x00000000ec980000, 0x0000000100000000)
  eden space 16896K, 100% used [0x00000000eab00000,0x00000000ebb80000,0x00000000ebb80000)
  from space 4096K, 99% used [0x00000000ec180000,0x00000000ec57eb58,0x00000000ec580000)
  to   space 6144K, 0% used [0x00000000ebb80000,0x00000000ebb80000,0x00000000ec180000)
 ParOldGen       total 68608K, used 36038K [0x00000000c0000000, 0x00000000c4300000, 0x00000000eab00000)
  object space 68608K, 52% used [0x00000000c0000000,0x00000000c2331b70,0x00000000c4300000)
 Metaspace       used 50545K, committed 51392K, reserved 1097728K
  class space    used 5620K, committed 6016K, reserved 1048576K
}
Event: 18.711 GC heap after
{Heap after GC invocations=29 (full 2):
 PSYoungGen      total 17408K, used 480K [0x00000000eab00000, 0x00000000ec200000, 0x0000000100000000)
  eden space 16896K, 0% used [0x00000000eab00000,0x00000000eab00000,0x00000000ebb80000)
  from space 512K, 93% used [0x00000000ebb80000,0x00000000ebbf8000,0x00000000ebc00000)
  to   space 2560K, 0% used [0x00000000ebf80000,0x00000000ebf80000,0x00000000ec200000)
 ParOldGen       total 68608K, used 40119K [0x00000000c0000000, 0x00000000c4300000, 0x00000000eab00000)
  object space 68608K, 58% used [0x00000000c0000000,0x00000000c272de50,0x00000000c4300000)
 Metaspace       used 50545K, committed 51392K, reserved 1097728K
  class space    used 5620K, committed 6016K, reserved 1048576K
}
Event: 19.099 GC heap before
{Heap before GC invocations=30 (full 2):
 PSYoungGen      total 17408K, used 17376K [0x00000000eab00000, 0x00000000ec200000, 0x0000000100000000)
  eden space 16896K, 100% used [0x00000000eab00000,0x00000000ebb80000,0x00000000ebb80000)
  from space 512K, 93% used [0x00000000ebb80000,0x00000000ebbf8000,0x00000000ebc00000)
  to   space 2560K, 0% used [0x00000000ebf80000,0x00000000ebf80000,0x00000000ec200000)
 ParOldGen       total 68608K, used 40119K [0x00000000c0000000, 0x00000000c4300000, 0x00000000eab00000)
  object space 68608K, 58% used [0x00000000c0000000,0x00000000c272de50,0x00000000c4300000)
 Metaspace       used 50573K, committed 51456K, reserved 1097728K
  class space    used 5621K, committed 6016K, reserved 1048576K
}
Event: 19.101 GC heap after
{Heap after GC invocations=30 (full 2):
 PSYoungGen      total 18432K, used 2554K [0x00000000eab00000, 0x00000000ec580000, 0x0000000100000000)
  eden space 15872K, 0% used [0x00000000eab00000,0x00000000eab00000,0x00000000eba80000)
  from space 2560K, 99% used [0x00000000ebf80000,0x00000000ec1feae0,0x00000000ec200000)
  to   space 5120K, 0% used [0x00000000eba80000,0x00000000eba80000,0x00000000ebf80000)
 ParOldGen       total 68608K, used 41767K [0x00000000c0000000, 0x00000000c4300000, 0x00000000eab00000)
  object space 68608K, 60% used [0x00000000c0000000,0x00000000c28c9c98,0x00000000c4300000)
 Metaspace       used 50573K, committed 51456K, reserved 1097728K
  class space    used 5621K, committed 6016K, reserved 1048576K
}
Event: 19.410 GC heap before
{Heap before GC invocations=31 (full 2):
 PSYoungGen      total 18432K, used 18426K [0x00000000eab00000, 0x00000000ec580000, 0x0000000100000000)
  eden space 15872K, 100% used [0x00000000eab00000,0x00000000eba80000,0x00000000eba80000)
  from space 2560K, 99% used [0x00000000ebf80000,0x00000000ec1feae0,0x00000000ec200000)
  to   space 5120K, 0% used [0x00000000eba80000,0x00000000eba80000,0x00000000ebf80000)
 ParOldGen       total 68608K, used 41767K [0x00000000c0000000, 0x00000000c4300000, 0x00000000eab00000)
  object space 68608K, 60% used [0x00000000c0000000,0x00000000c28c9c98,0x00000000c4300000)
 Metaspace       used 51523K, committed 52352K, reserved 1097728K
  class space    used 5821K, committed 6208K, reserved 1048576K
}
Event: 19.413 GC heap after
{Heap after GC invocations=31 (full 2):
 PSYoungGen      total 16896K, used 736K [0x00000000eab00000, 0x00000000ec000000, 0x0000000100000000)
  eden space 15872K, 0% used [0x00000000eab00000,0x00000000eab00000,0x00000000eba80000)
  from space 1024K, 71% used [0x00000000eba80000,0x00000000ebb38000,0x00000000ebb80000)
  to   space 2048K, 0% used [0x00000000ebe00000,0x00000000ebe00000,0x00000000ec000000)
 ParOldGen       total 68608K, used 44275K [0x00000000c0000000, 0x00000000c4300000, 0x00000000eab00000)
  object space 68608K, 64% used [0x00000000c0000000,0x00000000c2b3cf78,0x00000000c4300000)
 Metaspace       used 51523K, committed 52352K, reserved 1097728K
  class space    used 5821K, committed 6208K, reserved 1048576K
}
Event: 19.678 GC heap before
{Heap before GC invocations=32 (full 2):
 PSYoungGen      total 16896K, used 16608K [0x00000000eab00000, 0x00000000ec000000, 0x0000000100000000)
  eden space 15872K, 100% used [0x00000000eab00000,0x00000000eba80000,0x00000000eba80000)
  from space 1024K, 71% used [0x00000000eba80000,0x00000000ebb38000,0x00000000ebb80000)
  to   space 2048K, 0% used [0x00000000ebe00000,0x00000000ebe00000,0x00000000ec000000)
 ParOldGen       total 68608K, used 44275K [0x00000000c0000000, 0x00000000c4300000, 0x00000000eab00000)
  object space 68608K, 64% used [0x00000000c0000000,0x00000000c2b3cf78,0x00000000c4300000)
 Metaspace       used 53300K, committed 54144K, reserved 1097728K
  class space    used 6125K, committed 6464K, reserved 1048576K
}
Event: 19.680 GC heap after
{Heap after GC invocations=32 (full 2):
 PSYoungGen      total 16896K, used 576K [0x00000000eab00000, 0x00000000ebf00000, 0x0000000100000000)
  eden space 15872K, 0% used [0x00000000eab00000,0x00000000eab00000,0x00000000eba80000)
  from space 1024K, 56% used [0x00000000ebe00000,0x00000000ebe90000,0x00000000ebf00000)
  to   space 1024K, 0% used [0x00000000eba80000,0x00000000eba80000,0x00000000ebb80000)
 ParOldGen       total 68608K, used 44851K [0x00000000c0000000, 0x00000000c4300000, 0x00000000eab00000)
  object space 68608K, 65% used [0x00000000c0000000,0x00000000c2bccfd8,0x00000000c4300000)
 Metaspace       used 53300K, committed 54144K, reserved 1097728K
  class space    used 6125K, committed 6464K, reserved 1048576K
}
Event: 20.456 GC heap before
{Heap before GC invocations=33 (full 2):
 PSYoungGen      total 16896K, used 16448K [0x00000000eab00000, 0x00000000ebf00000, 0x0000000100000000)
  eden space 15872K, 100% used [0x00000000eab00000,0x00000000eba80000,0x00000000eba80000)
  from space 1024K, 56% used [0x00000000ebe00000,0x00000000ebe90000,0x00000000ebf00000)
  to   space 1024K, 0% used [0x00000000eba80000,0x00000000eba80000,0x00000000ebb80000)
 ParOldGen       total 68608K, used 44851K [0x00000000c0000000, 0x00000000c4300000, 0x00000000eab00000)
  object space 68608K, 65% used [0x00000000c0000000,0x00000000c2bccfd8,0x00000000c4300000)
 Metaspace       used 54609K, committed 55488K, reserved 1105920K
  class space    used 6296K, committed 6720K, reserved 1048576K
}
Event: 20.458 GC heap after
{Heap after GC invocations=33 (full 2):
 PSYoungGen      total 16896K, used 576K [0x00000000eab00000, 0x00000000ebe80000, 0x0000000100000000)
  eden space 15872K, 0% used [0x00000000eab00000,0x00000000eab00000,0x00000000eba80000)
  from space 1024K, 56% used [0x00000000eba80000,0x00000000ebb10000,0x00000000ebb80000)
  to   space 1024K, 0% used [0x00000000ebd80000,0x00000000ebd80000,0x00000000ebe80000)
 ParOldGen       total 68608K, used 45251K [0x00000000c0000000, 0x00000000c4300000, 0x00000000eab00000)
  object space 68608K, 65% used [0x00000000c0000000,0x00000000c2c30fd8,0x00000000c4300000)
 Metaspace       used 54609K, committed 55488K, reserved 1105920K
  class space    used 6296K, committed 6720K, reserved 1048576K
}
Event: 21.066 GC heap before
{Heap before GC invocations=34 (full 2):
 PSYoungGen      total 16896K, used 16448K [0x00000000eab00000, 0x00000000ebe80000, 0x0000000100000000)
  eden space 15872K, 100% used [0x00000000eab00000,0x00000000eba80000,0x00000000eba80000)
  from space 1024K, 56% used [0x00000000eba80000,0x00000000ebb10000,0x00000000ebb80000)
  to   space 1024K, 0% used [0x00000000ebd80000,0x00000000ebd80000,0x00000000ebe80000)
 ParOldGen       total 68608K, used 45251K [0x00000000c0000000, 0x00000000c4300000, 0x00000000eab00000)
  object space 68608K, 65% used [0x00000000c0000000,0x00000000c2c30fd8,0x00000000c4300000)
 Metaspace       used 54657K, committed 55552K, reserved 1105920K
  class space    used 6298K, committed 6720K, reserved 1048576K
}
Event: 21.067 GC heap after
{Heap after GC invocations=34 (full 2):
 PSYoungGen      total 16384K, used 160K [0x00000000eab00000, 0x00000000ebe00000, 0x0000000100000000)
  eden space 15872K, 0% used [0x00000000eab00000,0x00000000eab00000,0x00000000eba80000)
  from space 512K, 31% used [0x00000000ebd80000,0x00000000ebda8000,0x00000000ebe00000)
  to   space 512K, 0% used [0x00000000ebd00000,0x00000000ebd00000,0x00000000ebd80000)
 ParOldGen       total 68608K, used 45731K [0x00000000c0000000, 0x00000000c4300000, 0x00000000eab00000)
  object space 68608K, 66% used [0x00000000c0000000,0x00000000c2ca8c20,0x00000000c4300000)
 Metaspace       used 54657K, committed 55552K, reserved 1105920K
  class space    used 6298K, committed 6720K, reserved 1048576K
}
Event: 21.899 GC heap before
{Heap before GC invocations=35 (full 2):
 PSYoungGen      total 16384K, used 16032K [0x00000000eab00000, 0x00000000ebe00000, 0x0000000100000000)
  eden space 15872K, 100% used [0x00000000eab00000,0x00000000eba80000,0x00000000eba80000)
  from space 512K, 31% used [0x00000000ebd80000,0x00000000ebda8000,0x00000000ebe00000)
  to   space 512K, 0% used [0x00000000ebd00000,0x00000000ebd00000,0x00000000ebd80000)
 ParOldGen       total 68608K, used 45731K [0x00000000c0000000, 0x00000000c4300000, 0x00000000eab00000)
  object space 68608K, 66% used [0x00000000c0000000,0x00000000c2ca8c20,0x00000000c4300000)
 Metaspace       used 54672K, committed 55616K, reserved 1105920K
  class space    used 6298K, committed 6720K, reserved 1048576K
}
Event: 21.899 GC heap after
{Heap after GC invocations=35 (full 2):
 PSYoungGen      total 16384K, used 192K [0x00000000eab00000, 0x00000000ebe00000, 0x0000000100000000)
  eden space 15872K, 0% used [0x00000000eab00000,0x00000000eab00000,0x00000000eba80000)
  from space 512K, 37% used [0x00000000ebd00000,0x00000000ebd30000,0x00000000ebd80000)
  to   space 512K, 0% used [0x00000000ebd80000,0x00000000ebd80000,0x00000000ebe00000)
 ParOldGen       total 68608K, used 45763K [0x00000000c0000000, 0x00000000c4300000, 0x00000000eab00000)
  object space 68608K, 66% used [0x00000000c0000000,0x00000000c2cb0c20,0x00000000c4300000)
 Metaspace       used 54672K, committed 55616K, reserved 1105920K
  class space    used 6298K, committed 6720K, reserved 1048576K
}
Event: 22.334 GC heap before
{Heap before GC invocations=36 (full 2):
 PSYoungGen      total 16384K, used 16064K [0x00000000eab00000, 0x00000000ebe00000, 0x0000000100000000)
  eden space 15872K, 100% used [0x00000000eab00000,0x00000000eba80000,0x00000000eba80000)
  from space 512K, 37% used [0x00000000ebd00000,0x00000000ebd30000,0x00000000ebd80000)
  to   space 512K, 0% used [0x00000000ebd80000,0x00000000ebd80000,0x00000000ebe00000)
 ParOldGen       total 68608K, used 45763K [0x00000000c0000000, 0x00000000c4300000, 0x00000000eab00000)
  object space 68608K, 66% used [0x00000000c0000000,0x00000000c2cb0c20,0x00000000c4300000)
 Metaspace       used 54707K, committed 55616K, reserved 1105920K
  class space    used 6298K, committed 6720K, reserved 1048576K
}
Event: 22.334 GC heap after
{Heap after GC invocations=36 (full 2):
 PSYoungGen      total 16384K, used 192K [0x00000000eab00000, 0x00000000ebe00000, 0x0000000100000000)
  eden space 15872K, 0% used [0x00000000eab00000,0x00000000eab00000,0x00000000eba80000)
  from space 512K, 37% used [0x00000000ebd80000,0x00000000ebdb0000,0x00000000ebe00000)
  to   space 512K, 0% used [0x00000000ebd00000,0x00000000ebd00000,0x00000000ebd80000)
 ParOldGen       total 68608K, used 45811K [0x00000000c0000000, 0x00000000c4300000, 0x00000000eab00000)
  object space 68608K, 66% used [0x00000000c0000000,0x00000000c2cbcc20,0x00000000c4300000)
 Metaspace       used 54707K, committed 55616K, reserved 1105920K
  class space    used 6298K, committed 6720K, reserved 1048576K
}

Deoptimization events (20 events):
Event: 20.289 Thread 0x000001e451248320 Uncommon trap: trap_request=0xffffffc6 fr.pc=0x000001e443fd717c relative=0x000000000000015c
Event: 20.289 Thread 0x000001e451248320 Uncommon trap: reason=bimorphic_or_optimized_type_check action=maybe_recompile pc=0x000001e443fd717c method=java.util.AbstractList$Itr.next()Ljava/lang/Object; @ 14 c2
Event: 20.289 Thread 0x000001e451248320 DEOPT PACKING pc=0x000001e443fd717c sp=0x000000d3129fdd60
Event: 20.289 Thread 0x000001e451248320 DEOPT UNPACKING pc=0x000001e43c2620a3 sp=0x000000d3129fdcf8 mode 2
Event: 20.295 Thread 0x000001e4512474b0 Uncommon trap: trap_request=0xffffffc6 fr.pc=0x000001e443f6d9c0 relative=0x0000000000001be0
Event: 20.295 Thread 0x000001e4512474b0 Uncommon trap: reason=bimorphic_or_optimized_type_check action=maybe_recompile pc=0x000001e443f6d9c0 method=org.eclipse.core.internal.dtree.AbstractDataTreeNode.assembleWith([Lorg/eclipse/core/internal/dtree/AbstractDataTreeNode;[Lorg/eclipse/core/interna
Event: 20.295 Thread 0x000001e4512474b0 DEOPT PACKING pc=0x000001e443f6d9c0 sp=0x000000d312efe8c0
Event: 20.295 Thread 0x000001e4512474b0 DEOPT UNPACKING pc=0x000001e43c2620a3 sp=0x000000d312efe890 mode 2
Event: 20.295 Thread 0x000001e4512474b0 Uncommon trap: trap_request=0xffffffc6 fr.pc=0x000001e443f6d9c0 relative=0x0000000000001be0
Event: 20.295 Thread 0x000001e4512474b0 Uncommon trap: reason=bimorphic_or_optimized_type_check action=maybe_recompile pc=0x000001e443f6d9c0 method=org.eclipse.core.internal.dtree.AbstractDataTreeNode.assembleWith([Lorg/eclipse/core/internal/dtree/AbstractDataTreeNode;[Lorg/eclipse/core/interna
Event: 20.295 Thread 0x000001e4512474b0 DEOPT PACKING pc=0x000001e443f6d9c0 sp=0x000000d312efe8c0
Event: 20.295 Thread 0x000001e4512474b0 DEOPT UNPACKING pc=0x000001e43c2620a3 sp=0x000000d312efe890 mode 2
Event: 20.295 Thread 0x000001e4512474b0 Uncommon trap: trap_request=0xffffffc6 fr.pc=0x000001e443f6df10 relative=0x0000000000002130
Event: 20.295 Thread 0x000001e4512474b0 Uncommon trap: reason=bimorphic_or_optimized_type_check action=maybe_recompile pc=0x000001e443f6df10 method=org.eclipse.core.internal.dtree.AbstractDataTreeNode.assembleWith([Lorg/eclipse/core/internal/dtree/AbstractDataTreeNode;[Lorg/eclipse/core/interna
Event: 20.295 Thread 0x000001e4512474b0 DEOPT PACKING pc=0x000001e443f6df10 sp=0x000000d312efe8c0
Event: 20.295 Thread 0x000001e4512474b0 DEOPT UNPACKING pc=0x000001e43c2620a3 sp=0x000000d312efe890 mode 2
Event: 20.299 Thread 0x000001e4512474b0 Uncommon trap: trap_request=0xffffffc6 fr.pc=0x000001e443f6df10 relative=0x0000000000002130
Event: 20.299 Thread 0x000001e4512474b0 Uncommon trap: reason=bimorphic_or_optimized_type_check action=maybe_recompile pc=0x000001e443f6df10 method=org.eclipse.core.internal.dtree.AbstractDataTreeNode.assembleWith([Lorg/eclipse/core/internal/dtree/AbstractDataTreeNode;[Lorg/eclipse/core/interna
Event: 20.299 Thread 0x000001e4512474b0 DEOPT PACKING pc=0x000001e443f6df10 sp=0x000000d312efe380
Event: 20.299 Thread 0x000001e4512474b0 DEOPT UNPACKING pc=0x000001e43c2620a3 sp=0x000000d312efe350 mode 2

Classes unloaded (7 events):
Event: 6.369 Thread 0x000001e44d3fdc00 Unloading class 0x0000000100218800 'java/lang/invoke/LambdaForm$MH+0x0000000100218800'
Event: 6.369 Thread 0x000001e44d3fdc00 Unloading class 0x0000000100218400 'java/lang/invoke/LambdaForm$MH+0x0000000100218400'
Event: 6.369 Thread 0x000001e44d3fdc00 Unloading class 0x0000000100218000 'java/lang/invoke/LambdaForm$MH+0x0000000100218000'
Event: 6.369 Thread 0x000001e44d3fdc00 Unloading class 0x0000000100217c00 'java/lang/invoke/LambdaForm$MH+0x0000000100217c00'
Event: 6.369 Thread 0x000001e44d3fdc00 Unloading class 0x0000000100217400 'java/lang/invoke/LambdaForm$BMH+0x0000000100217400'
Event: 6.370 Thread 0x000001e44d3fdc00 Unloading class 0x0000000100217000 'java/lang/invoke/LambdaForm$DMH+0x0000000100217000'
Event: 6.370 Thread 0x000001e44d3fdc00 Unloading class 0x0000000100214400 'java/lang/invoke/LambdaForm$DMH+0x0000000100214400'

Classes redefined (0 events):
No events

Internal exceptions (20 events):
Event: 14.780 Thread 0x000001e45006ea70 Exception <a 'sun/nio/fs/WindowsException'{0x00000000eadae828}> (0x00000000eadae828) 
thrown [s\src\hotspot\share\prims\jni.cpp, line 516]
Event: 15.070 Thread 0x000001e45006ea70 Exception <a 'sun/nio/fs/WindowsException'{0x00000000eb9d19e0}> (0x00000000eb9d19e0) 
thrown [s\src\hotspot\share\prims\jni.cpp, line 516]
Event: 15.071 Thread 0x000001e45006ea70 Exception <a 'sun/nio/fs/WindowsException'{0x00000000eb9d6bd0}> (0x00000000eb9d6bd0) 
thrown [s\src\hotspot\share\prims\jni.cpp, line 516]
Event: 15.071 Thread 0x000001e45006ea70 Exception <a 'sun/nio/fs/WindowsException'{0x00000000eb9dc420}> (0x00000000eb9dc420) 
thrown [s\src\hotspot\share\prims\jni.cpp, line 516]
Event: 15.076 Thread 0x000001e45006ea70 Exception <a 'sun/nio/fs/WindowsException'{0x00000000eb9eebe0}> (0x00000000eb9eebe0) 
thrown [s\src\hotspot\share\prims\jni.cpp, line 516]
Event: 15.088 Thread 0x000001e45006ea70 Exception <a 'sun/nio/fs/WindowsException'{0x00000000eba182c0}> (0x00000000eba182c0) 
thrown [s\src\hotspot\share\prims\jni.cpp, line 516]
Event: 15.095 Thread 0x000001e45006ea70 Exception <a 'sun/nio/fs/WindowsException'{0x00000000eba30810}> (0x00000000eba30810) 
thrown [s\src\hotspot\share\prims\jni.cpp, line 516]
Event: 15.138 Thread 0x000001e4512487f0 Exception <a 'sun/nio/fs/WindowsException'{0x00000000ebbb5820}> (0x00000000ebbb5820) 
thrown [s\src\hotspot\share\prims\jni.cpp, line 516]
Event: 17.626 Thread 0x000001e4500710f0 Exception <a 'java/lang/NoSuchMethodError'{0x00000000eb782de8}: 'java.lang.Object java.lang.invoke.DirectMethodHandle$Holder.invokeVirtual(java.lang.Object, java.lang.Object, java.lang.Object, java.lang.Object, java.lang.Object, java.lang.Object, java.lang.Object)'> (0x00000000eb782de8) 
thrown [s\src\hotspot\share\interpreter\linkResolver.cpp, line 759]
Event: 17.627 Thread 0x000001e4500710f0 Exception <a 'java/lang/NoSuchMethodError'{0x00000000eb79c148}: 'java.lang.Object java.lang.invoke.Invokers$Holder.invoker(java.lang.Object, java.lang.Object, java.lang.Object)'> (0x00000000eb79c148) 
thrown [s\src\hotspot\share\interpreter\linkResolver.cpp, line 759]
Event: 18.367 Thread 0x000001e4500710f0 Exception <a 'java/lang/NoSuchMethodError'{0x00000000eb160e30}: 'int java.lang.invoke.DirectMethodHandle$Holder.invokeSpecial(java.lang.Object, java.lang.Object, java.lang.Object, java.lang.Object)'> (0x00000000eb160e30) 
thrown [s\src\hotspot\share\interpreter\linkResolver.cpp, line 759]
Event: 19.446 Thread 0x000001e4500710f0 Exception <a 'java/lang/NoSuchMethodError'{0x00000000ead4e238}: 'java.lang.Object java.lang.invoke.DirectMethodHandle$Holder.invokeInterface(java.lang.Object, java.lang.Object, java.lang.Object)'> (0x00000000ead4e238) 
thrown [s\src\hotspot\share\interpreter\linkResolver.cpp, line 759]
Event: 19.556 Thread 0x000001e4500710f0 Exception <a 'java/lang/NoClassDefFoundError'{0x00000000eb27e4e8}: org/slf4j/impl/StaticMarkerBinder> (0x00000000eb27e4e8) 
thrown [s\src\hotspot\share\classfile\systemDictionary.cpp, line 245]
Event: 20.133 Thread 0x000001e45006e5a0 Exception <a 'java/lang/NoSuchMethodError'{0x00000000eb2ccec8}: 'void java.lang.invoke.DirectMethodHandle$Holder.invokeStatic(java.lang.Object, long)'> (0x00000000eb2ccec8) 
thrown [s\src\hotspot\share\interpreter\linkResolver.cpp, line 759]
Event: 20.134 Thread 0x000001e45006e5a0 Exception <a 'java/lang/NoSuchMethodError'{0x00000000eb2d24c0}: 'java.lang.Object java.lang.invoke.DirectMethodHandle$Holder.newInvokeSpecial(java.lang.Object, long)'> (0x00000000eb2d24c0) 
thrown [s\src\hotspot\share\interpreter\linkResolver.cpp, line 759]
Event: 20.136 Thread 0x000001e45006e5a0 Exception <a 'java/lang/NoSuchMethodError'{0x00000000eb2e0d98}: 'java.lang.Object java.lang.invoke.DirectMethodHandle$Holder.invokeStatic(java.lang.Object, java.lang.Object, long, java.lang.Object)'> (0x00000000eb2e0d98) 
thrown [s\src\hotspot\share\interpreter\linkResolver.cpp, line 759]
Event: 20.137 Thread 0x000001e45006e5a0 Exception <a 'java/lang/NoSuchMethodError'{0x00000000eb2e4aa0}: 'java.lang.Object java.lang.invoke.DirectMethodHandle$Holder.invokeStaticInit(java.lang.Object, java.lang.Object, long, java.lang.Object)'> (0x00000000eb2e4aa0) 
thrown [s\src\hotspot\share\interpreter\linkResolver.cpp, line 759]
Event: 20.137 Thread 0x000001e45006e5a0 Exception <a 'java/lang/NoSuchMethodError'{0x00000000eb2eb0b0}: 'java.lang.Object java.lang.invoke.DirectMethodHandle$Holder.newInvokeSpecial(java.lang.Object, java.lang.Object, long)'> (0x00000000eb2eb0b0) 
thrown [s\src\hotspot\share\interpreter\linkResolver.cpp, line 759]
Event: 20.138 Thread 0x000001e45006e5a0 Exception <a 'java/lang/NoSuchMethodError'{0x00000000eb2eec20}: 'java.lang.Object java.lang.invoke.Invokers$Holder.linkToTargetMethod(java.lang.Object, long, java.lang.Object)'> (0x00000000eb2eec20) 
thrown [s\src\hotspot\share\interpreter\linkResolver.cpp, line 759]
Event: 20.318 Thread 0x000001e451248320 Exception <a 'java/lang/ClassNotFoundException'{0x00000000eb6c0e08}: sun/misc/SharedSecrets> (0x00000000eb6c0e08) 
thrown [s\src\hotspot\share\classfile\systemDictionary.cpp, line 256]

VM Operations (20 events):
Event: 19.323 Executing VM operation: HandshakeAllThreads
Event: 19.323 Executing VM operation: HandshakeAllThreads done
Event: 19.410 Executing VM operation: ParallelGCFailedAllocation
Event: 19.413 Executing VM operation: ParallelGCFailedAllocation done
Event: 19.678 Executing VM operation: ParallelGCFailedAllocation
Event: 19.680 Executing VM operation: ParallelGCFailedAllocation done
Event: 20.139 Executing VM operation: HandshakeAllThreads
Event: 20.139 Executing VM operation: HandshakeAllThreads done
Event: 20.289 Executing VM operation: HandshakeAllThreads
Event: 20.289 Executing VM operation: HandshakeAllThreads done
Event: 20.290 Executing VM operation: HandshakeAllThreads
Event: 20.290 Executing VM operation: HandshakeAllThreads done
Event: 20.456 Executing VM operation: ParallelGCFailedAllocation
Event: 20.458 Executing VM operation: ParallelGCFailedAllocation done
Event: 21.066 Executing VM operation: ParallelGCFailedAllocation
Event: 21.067 Executing VM operation: ParallelGCFailedAllocation done
Event: 21.899 Executing VM operation: ParallelGCFailedAllocation
Event: 21.899 Executing VM operation: ParallelGCFailedAllocation done
Event: 22.334 Executing VM operation: ParallelGCFailedAllocation
Event: 22.334 Executing VM operation: ParallelGCFailedAllocation done

Events (20 events):
Event: 20.288 loading class java/util/AbstractList$SubList
Event: 20.288 loading class java/util/AbstractList$SubList done
Event: 20.288 loading class java/util/AbstractList$RandomAccessSubList done
Event: 20.288 loading class java/util/AbstractList$SubList$1
Event: 20.288 loading class java/util/AbstractList$SubList$1 done
Event: 20.288 loading class java/util/AbstractList$ListItr
Event: 20.288 loading class java/util/AbstractList$ListItr done
Event: 20.290 Thread 0x000001e4500710f0 Thread exited: 0x000001e4500710f0
Event: 20.307 loading class java/util/function/UnaryOperator
Event: 20.307 loading class java/util/function/UnaryOperator done
Event: 20.318 loading class sun/misc/SharedSecrets
Event: 20.318 loading class sun/misc/SharedSecrets done
Event: 20.849 loading class java/time/Instant
Event: 20.850 loading class java/time/temporal/Temporal
Event: 20.853 loading class java/time/temporal/TemporalAccessor
Event: 20.853 loading class java/time/temporal/TemporalAccessor done
Event: 20.853 loading class java/time/temporal/Temporal done
Event: 20.853 loading class java/time/temporal/TemporalAdjuster
Event: 20.853 loading class java/time/temporal/TemporalAdjuster done
Event: 20.853 loading class java/time/Instant done


Dynamic libraries:
0x00007ff778a80000 - 0x00007ff778a8e000 	c:\Users\Prabharsha\.vscode\extensions\redhat.java-1.11.0-win32-x64\jre\17.0.4.1-win32-x86_64\bin\java.exe
0x00007ff9a8330000 - 0x00007ff9a8525000 	C:\WINDOWS\SYSTEM32\ntdll.dll
0x00007ff9a74f0000 - 0x00007ff9a75ae000 	C:\WINDOWS\System32\KERNEL32.DLL
0x00007ff9a5f10000 - 0x00007ff9a61d8000 	C:\WINDOWS\System32\KERNELBASE.dll
0x00007ff9a5e10000 - 0x00007ff9a5f10000 	C:\WINDOWS\System32\ucrtbase.dll
0x00007ff995520000 - 0x00007ff995538000 	c:\Users\Prabharsha\.vscode\extensions\redhat.java-1.11.0-win32-x64\jre\17.0.4.1-win32-x86_64\bin\jli.dll
0x00007ff998d10000 - 0x00007ff998d29000 	c:\Users\Prabharsha\.vscode\extensions\redhat.java-1.11.0-win32-x64\jre\17.0.4.1-win32-x86_64\bin\VCRUNTIME140.dll
0x00007ff9a7ee0000 - 0x00007ff9a8080000 	C:\WINDOWS\System32\USER32.dll
0x00007ff9a5a50000 - 0x00007ff9a5a72000 	C:\WINDOWS\System32\win32u.dll
0x00007ff9a4e60000 - 0x00007ff9a50fa000 	C:\WINDOWS\WinSxS\amd64_microsoft.windows.common-controls_6595b64144ccf1df_6.0.19041.1110_none_60b5254171f9507e\COMCTL32.dll
0x00007ff9a7990000 - 0x00007ff9a7a2e000 	C:\WINDOWS\System32\msvcrt.dll
0x00007ff9a6b60000 - 0x00007ff9a6b8b000 	C:\WINDOWS\System32\GDI32.dll
0x00007ff9a5af0000 - 0x00007ff9a5bfb000 	C:\WINDOWS\System32\gdi32full.dll
0x00007ff9a61e0000 - 0x00007ff9a627d000 	C:\WINDOWS\System32\msvcp_win.dll
0x00007ff9a6b30000 - 0x00007ff9a6b60000 	C:\WINDOWS\System32\IMM32.DLL
0x00007ff9a2d00000 - 0x00007ff9a2d0c000 	c:\Users\Prabharsha\.vscode\extensions\redhat.java-1.11.0-win32-x64\jre\17.0.4.1-win32-x86_64\bin\vcruntime140_1.dll
0x00007ff95c070000 - 0x00007ff95c101000 	c:\Users\Prabharsha\.vscode\extensions\redhat.java-1.11.0-win32-x64\jre\17.0.4.1-win32-x86_64\bin\msvcp140.dll
0x00007ff953900000 - 0x00007ff954546000 	c:\Users\Prabharsha\.vscode\extensions\redhat.java-1.11.0-win32-x64\jre\17.0.4.1-win32-x86_64\bin\server\jvm.dll
0x00007ff9a6390000 - 0x00007ff9a643e000 	C:\WINDOWS\System32\ADVAPI32.dll
0x00007ff9a6a90000 - 0x00007ff9a6b2c000 	C:\WINDOWS\System32\sechost.dll
0x00007ff9a6bf0000 - 0x00007ff9a6d15000 	C:\WINDOWS\System32\RPCRT4.dll
0x00007ff9a7c00000 - 0x00007ff9a7c08000 	C:\WINDOWS\System32\PSAPI.DLL
0x00007ff990420000 - 0x00007ff990429000 	C:\WINDOWS\SYSTEM32\WSOCK32.dll
0x00007ff9a7910000 - 0x00007ff9a797b000 	C:\WINDOWS\System32\WS2_32.dll
0x00007ff98a050000 - 0x00007ff98a077000 	C:\WINDOWS\SYSTEM32\WINMM.dll
0x00007ff99f2b0000 - 0x00007ff99f2ba000 	C:\WINDOWS\SYSTEM32\VERSION.dll
0x00007ff9a34f0000 - 0x00007ff9a3502000 	C:\WINDOWS\SYSTEM32\kernel.appcore.dll
0x00007ff9a2b50000 - 0x00007ff9a2b5a000 	c:\Users\Prabharsha\.vscode\extensions\redhat.java-1.11.0-win32-x64\jre\17.0.4.1-win32-x86_64\bin\jimage.dll
0x00007ff9a5320000 - 0x00007ff9a5504000 	C:\WINDOWS\SYSTEM32\DBGHELP.DLL
0x00007ff9a5220000 - 0x00007ff9a524c000 	C:\WINDOWS\SYSTEM32\dbgcore.DLL
0x00007ff9a62d0000 - 0x00007ff9a6352000 	C:\WINDOWS\System32\bcryptPrimitives.dll
0x00007ff9a0d90000 - 0x00007ff9a0d9e000 	c:\Users\Prabharsha\.vscode\extensions\redhat.java-1.11.0-win32-x64\jre\17.0.4.1-win32-x86_64\bin\instrument.dll
0x00007ff9701c0000 - 0x00007ff9701e5000 	c:\Users\Prabharsha\.vscode\extensions\redhat.java-1.11.0-win32-x64\jre\17.0.4.1-win32-x86_64\bin\java.dll
0x00007ff98a8c0000 - 0x00007ff98a8d8000 	c:\Users\Prabharsha\.vscode\extensions\redhat.java-1.11.0-win32-x64\jre\17.0.4.1-win32-x86_64\bin\zip.dll
0x00007ff9a6d20000 - 0x00007ff9a7464000 	C:\WINDOWS\System32\SHELL32.dll
0x00007ff9a3510000 - 0x00007ff9a3ca4000 	C:\WINDOWS\SYSTEM32\windows.storage.dll
0x00007ff9a75b0000 - 0x00007ff9a7904000 	C:\WINDOWS\System32\combase.dll
0x00007ff9a4dc0000 - 0x00007ff9a4dec000 	C:\WINDOWS\SYSTEM32\Wldp.dll
0x00007ff9a81c0000 - 0x00007ff9a826d000 	C:\WINDOWS\System32\SHCORE.dll
0x00007ff9a6b90000 - 0x00007ff9a6be5000 	C:\WINDOWS\System32\shlwapi.dll
0x00007ff9a5990000 - 0x00007ff9a59af000 	C:\WINDOWS\SYSTEM32\profapi.dll
0x00007ff9807f0000 - 0x00007ff980809000 	C:\Users\Prabharsha\.vscode\extensions\redhat.java-1.11.0-win32-x64\jre\17.0.4.1-win32-x86_64\bin\net.dll
0x00007ff999040000 - 0x00007ff999149000 	C:\WINDOWS\SYSTEM32\WINHTTP.dll
0x00007ff9a4b20000 - 0x00007ff9a4b8a000 	C:\WINDOWS\system32\mswsock.dll
0x00007ff976ec0000 - 0x00007ff976ed5000 	C:\Users\Prabharsha\.vscode\extensions\redhat.java-1.11.0-win32-x64\jre\17.0.4.1-win32-x86_64\bin\nio.dll
0x00007ff9a0d00000 - 0x00007ff9a0d10000 	c:\Users\Prabharsha\.vscode\extensions\redhat.java-1.11.0-win32-x64\jre\17.0.4.1-win32-x86_64\bin\verify.dll
0x00007ff96c560000 - 0x00007ff96c59e000 	C:\Users\Prabharsha\AppData\Roaming\Code\User\globalStorage\redhat.java\1.11.0\config_win\org.eclipse.equinox.launcher\org.eclipse.equinox.launcher.win32.win32.x86_64_1.2.600.v20220720-1916\eclipse_11700.dll
0x00007ff9a8090000 - 0x00007ff9a81ba000 	C:\WINDOWS\System32\ole32.dll
0x00007ff9a57d0000 - 0x00007ff9a57e8000 	C:\WINDOWS\SYSTEM32\CRYPTSP.dll
0x00007ff9a44c0000 - 0x00007ff9a44f4000 	C:\WINDOWS\system32\rsaenh.dll
0x00007ff9a6360000 - 0x00007ff9a6387000 	C:\WINDOWS\System32\bcrypt.dll
0x00007ff9a5910000 - 0x00007ff9a593e000 	C:\WINDOWS\SYSTEM32\USERENV.dll
0x00007ff9a4db0000 - 0x00007ff9a4dbc000 	C:\WINDOWS\SYSTEM32\CRYPTBASE.dll
0x00007ff9a4810000 - 0x00007ff9a484b000 	C:\WINDOWS\SYSTEM32\IPHLPAPI.DLL
0x00007ff9a7980000 - 0x00007ff9a7988000 	C:\WINDOWS\System32\NSI.dll
0x00007ff99e260000 - 0x00007ff99e277000 	C:\WINDOWS\SYSTEM32\dhcpcsvc6.DLL
0x00007ff99e7f0000 - 0x00007ff99e80d000 	C:\WINDOWS\SYSTEM32\dhcpcsvc.DLL
0x00007ff9a4850000 - 0x00007ff9a491a000 	C:\WINDOWS\SYSTEM32\DNSAPI.dll
0x00007ff974a30000 - 0x00007ff974a74000 	C:\Users\Prabharsha\AppData\Local\Temp\jna--1327108362\jna9238643984514844816.dll
0x00007ff977030000 - 0x00007ff977057000 	C:\Users\Prabharsha\.gradle\native\e1d6ef7f7dcc3fd88c89a11ec53ec762bb8ba0a96d01ffa2cd45eb1d1d8dd5c5\windows-amd64\native-platform.dll
0x00007ff9a2e00000 - 0x00007ff9a2e09000 	C:\Users\Prabharsha\.vscode\extensions\redhat.java-1.11.0-win32-x64\jre\17.0.4.1-win32-x86_64\bin\management.dll
0x00007ff9a2df0000 - 0x00007ff9a2dfb000 	C:\Users\Prabharsha\.vscode\extensions\redhat.java-1.11.0-win32-x64\jre\17.0.4.1-win32-x86_64\bin\management_ext.dll

dbghelp: loaded successfully - version: 4.0.5 - missing functions: none
symbol engine: initialized successfully - sym options: 0x614 - pdb path: .;c:\Users\Prabharsha\.vscode\extensions\redhat.java-1.11.0-win32-x64\jre\17.0.4.1-win32-x86_64\bin;C:\WINDOWS\SYSTEM32;C:\WINDOWS\WinSxS\amd64_microsoft.windows.common-controls_6595b64144ccf1df_6.0.19041.1110_none_60b5254171f9507e;c:\Users\Prabharsha\.vscode\extensions\redhat.java-1.11.0-win32-x64\jre\17.0.4.1-win32-x86_64\bin\server;C:\Users\Prabharsha\AppData\Roaming\Code\User\globalStorage\redhat.java\1.11.0\config_win\org.eclipse.equinox.launcher\org.eclipse.equinox.launcher.win32.win32.x86_64_1.2.600.v20220720-1916;C:\Users\Prabharsha\AppData\Local\Temp\jna--1327108362;C:\Users\Prabharsha\.gradle\native\e1d6ef7f7dcc3fd88c89a11ec53ec762bb8ba0a96d01ffa2cd45eb1d1d8dd5c5\windows-amd64

VM Arguments:
jvm_args: --add-modules=ALL-SYSTEM --add-opens=java.base/java.util=ALL-UNNAMED --add-opens=java.base/java.lang=ALL-UNNAMED --add-opens=java.base/sun.nio.fs=ALL-UNNAMED -Declipse.application=org.eclipse.jdt.ls.core.id1 -Dosgi.bundles.defaultStartLevel=4 -Declipse.product=org.eclipse.jdt.ls.core.product -Djava.import.generatesMetadataFilesAtProjectRoot=false -Dfile.encoding=utf8 -DwatchParentProcess=false -XX:+UseParallelGC -XX:GCTimeRatio=4 -XX:AdaptiveSizePolicyWeight=90 -Dsun.zip.disableMemoryMapping=true -Xmx1G -Xms100m -Xlog:disable -javaagent:c:\Users\Prabharsha\.vscode\extensions\redhat.java-1.11.0-win32-x64\lombok\lombok-1.18.24.jar -XX:+HeapDumpOnOutOfMemoryError -XX:HeapDumpPath=c:\Users\Prabharsha\AppData\Roaming\Code\User\workspaceStorage\eb937eaabd02c54c35364ab9040414ff\redhat.java 
java_command: c:\Users\Prabharsha\.vscode\extensions\redhat.java-1.11.0-win32-x64\server\plugins\org.eclipse.equinox.launcher_1.6.400.v20210924-0641.jar -configuration c:\Users\Prabharsha\AppData\Roaming\Code\User\globalStorage\redhat.java\1.11.0\config_win -data c:\Users\Prabharsha\AppData\Roaming\Code\User\workspaceStorage\eb937eaabd02c54c35364ab9040414ff\redhat.java\jdt_ws
java_class_path (initial): c:\Users\Prabharsha\.vscode\extensions\redhat.java-1.11.0-win32-x64\server\plugins\org.eclipse.equinox.launcher_1.6.400.v20210924-0641.jar
Launcher Type: SUN_STANDARD

[Global flags]
    uintx AdaptiveSizePolicyWeight                 = 90                                        {product} {command line}
     intx CICompilerCount                          = 4                                         {product} {ergonomic}
    uintx GCTimeRatio                              = 4                                         {product} {command line}
     bool HeapDumpOnOutOfMemoryError               = true                                   {manageable} {command line}
    ccstr HeapDumpPath                             = c:\Users\Prabharsha\AppData\Roaming\Code\User\workspaceStorage\eb937eaabd02c54c35364ab9040414ff\redhat.java         {manageable} {command line}
   size_t InitialHeapSize                          = 104857600                                 {product} {command line}
   size_t MaxHeapSize                              = 1073741824                                {product} {command line}
   size_t MaxNewSize                               = 357564416                                 {product} {ergonomic}
   size_t MinHeapDeltaBytes                        = 524288                                    {product} {ergonomic}
   size_t MinHeapSize                              = 104857600                                 {product} {command line}
   size_t NewSize                                  = 34603008                                  {product} {ergonomic}
    uintx NonNMethodCodeHeapSize                   = 5839372                                {pd product} {ergonomic}
    uintx NonProfiledCodeHeapSize                  = 122909434                              {pd product} {ergonomic}
   size_t OldSize                                  = 70254592                                  {product} {ergonomic}
    uintx ProfiledCodeHeapSize                     = 122909434                              {pd product} {ergonomic}
    uintx ReservedCodeCacheSize                    = 251658240                              {pd product} {ergonomic}
     bool SegmentedCodeCache                       = true                                      {product} {ergonomic}
   size_t SoftMaxHeapSize                          = 1073741824                             {manageable} {ergonomic}
     bool UseCompressedClassPointers               = true                           {product lp64_product} {ergonomic}
     bool UseCompressedOops                        = true                           {product lp64_product} {ergonomic}
     bool UseLargePagesIndividualAllocation        = false                                  {pd product} {ergonomic}
     bool UseParallelGC                            = true                                      {product} {command line}

Logging:
Log output configuration:
 #0: stdout all=off uptime,level,tags
 #1: stderr all=off uptime,level,tags

Environment Variables:
JAVA_HOME=C:\Program Files\Java\jdk-11.0.16
PATH=C:\Program Files\Java\jdk-11.0.16\bin;C:\Program Files\Common Files\Oracle\Java\javapath;C:\Program Files\Eclipse Adoptium\jdk-8.0.322.6-hotspot\bin;C:\Python310\Scripts\;C:\Python310\;C:\Program Files (x86)\Common Files\Oracle\Java\javapath;C:\WINDOWS\system32;C:\Program Files\Java\jdk1.8.0_271\bin;C:\WINDOWS;C:\WINDOWS\System32\Wbem;C:\WINDOWS\System32\WindowsPowerShell\v1.0\;C:\WINDOWS\System32\OpenSSH\;C:\Program Files\NVIDIA Corporation\NVIDIA NvDLISR;C:\Program Files (x86)\NVIDIA Corporation\PhysX\Common;C:\Program Files\MySQL\MySQL Server 8.0\bin;C:\Program Files (x86)\QuickTime\QTSystem\;C:\Program Files\Git\cmd;C:\ProgramData\chocolatey\bin;C:\Program Files (x86)\NoteBook FanControl\;C:\Program Files\nodejs\;C:\Program Files (x86)\dotnet\;%LOCALAPPDATA%\Android\Sdk\platform-tools;C:\Users\Prabharsha\AppData\Roaming\npm;C:\Program Files\MySQL\MySQL Shell 8.0\bin\;C:\Users\Prabharsha\AppData\Local\Microsoft\WindowsApps;C:\Program Files\JetBrains\IntelliJ IDEA 2022.1.2\bin;;C:\Program Files\MySQL\MySQL Shell 8.0\bin;C:\Program Files\MySQL\MySQL Shell 8.0\bin;C:\Users\Prabharsha\AppData\Local\Programs\Microsoft VS Code\bin
USERNAME=Prabharsha
OS=Windows_NT
PROCESSOR_IDENTIFIER=Intel64 Family 6 Model 142 Stepping 10, GenuineIntel
TMP=C:\Users\PRABHA~1\AppData\Local\Temp
TEMP=C:\Users\PRABHA~1\AppData\Local\Temp



---------------  S Y S T E M  ---------------

OS:
 Windows 10 , 64 bit Build 19041 (10.0.19041.1566)
OS uptime: 0 days 23:30 hours

CPU: total 8 (initial active 8) (4 cores per cpu, 2 threads per core) family 6 model 142 stepping 10 microcode 0xb4, cx8, cmov, fxsr, ht, mmx, 3dnowpref, sse, sse2, sse3, ssse3, sse4.1, sse4.2, popcnt, lzcnt, tsc, tscinvbit, avx, avx2, aes, erms, clmul, bmi1, bmi2, adx, fma, vzeroupper, clflush, clflushopt

Memory: 4k page, system-wide physical 8074M (337M free)
TotalPageFile size 12074M (AvailPageFile size 56M)
current process WorkingSet (physical memory assigned to process): 213M, peak: 227M
current process commit charge ("private bytes"): 281M, peak: 298M

vm_info: OpenJDK 64-Bit Server VM (17.0.4.1+1) for windows-amd64 JRE (17.0.4.1+1), built on Aug 17 2022 07:42:43 by "temurin" with MS VC++ 16.7 (VS2019)

END.
