#
# There is insufficient memory for the Java Runtime Environment to continue.
# Native memory allocation (malloc) failed to allocate 760496 bytes for Chunk::new
# Possible reasons:
#   The system is out of physical RAM or swap space
#   The process is running with CompressedOops enabled, and the Java Heap may be blocking the growth of the native heap
# Possible solutions:
#   Reduce memory load on the system
#   Increase physical memory or swap space
#   Check if swap backing store is full
#   Decrease Java heap size (-Xmx/-Xms)
#   Decrease number of Java threads
#   Decrease Java thread stack sizes (-Xss)
#   Set larger code cache with -XX:ReservedCodeCacheSize=
#   JVM is running with Unscaled Compressed Oops mode in which the Java heap is
#     placed in the first 4GB address space. The Java Heap base address is the
#     maximum limit for the native heap growth. Please use -XX:HeapBaseMinAddress
#     to set the Java Heap base and to place the Java Heap above 4GB virtual address.
# This output file may be truncated or incomplete.
#
#  Out of Memory Error (arena.cpp:189), pid=11584, tid=11012
#
# JRE version: OpenJDK Runtime Environment Temurin-17.0.4.1+1 (17.0.4.1+1) (build 17.0.4.1+1)
# Java VM: OpenJDK 64-Bit Server VM Temurin-17.0.4.1+1 (17.0.4.1+1, mixed mode, tiered, compressed oops, compressed class ptrs, parallel gc, windows-amd64)
# No core dump will be written. Minidumps are not enabled by default on client versions of Windows
#

---------------  S U M M A R Y ------------

Command Line: --add-modules=ALL-SYSTEM --add-opens=java.base/java.util=ALL-UNNAMED --add-opens=java.base/java.lang=ALL-UNNAMED --add-opens=java.base/sun.nio.fs=ALL-UNNAMED -Declipse.application=org.eclipse.jdt.ls.core.id1 -Dosgi.bundles.defaultStartLevel=4 -Declipse.product=org.eclipse.jdt.ls.core.product -Djava.import.generatesMetadataFilesAtProjectRoot=false -Dfile.encoding=utf8 -DwatchParentProcess=false -XX:+UseParallelGC -XX:GCTimeRatio=4 -XX:AdaptiveSizePolicyWeight=90 -Dsun.zip.disableMemoryMapping=true -Xmx1G -Xms100m -Xlog:disable -javaagent:c:\Users\Prabharsha\.vscode\extensions\redhat.java-1.11.0-win32-x64\lombok\lombok-1.18.24.jar -XX:+HeapDumpOnOutOfMemoryError -XX:HeapDumpPath=c:\Users\Prabharsha\AppData\Roaming\Code\User\workspaceStorage\eb937eaabd02c54c35364ab9040414ff\redhat.java c:\Users\Prabharsha\.vscode\extensions\redhat.java-1.11.0-win32-x64\server\plugins\org.eclipse.equinox.launcher_1.6.400.v20210924-0641.jar -configuration c:\Users\Prabharsha\AppData\Roaming\Code\User\globalStorage\redhat.java\1.11.0\config_win -data c:\Users\Prabharsha\AppData\Roaming\Code\User\workspaceStorage\eb937eaabd02c54c35364ab9040414ff\redhat.java\jdt_ws

Host: Intel(R) Core(TM) i5-8250U CPU @ 1.60GHz, 8 cores, 7G,  Windows 10 , 64 bit Build 19041 (10.0.19041.1566)
Time: Thu Oct  6 11:25:35 2022 Sri Lanka Standard Time elapsed time: 8.602351 seconds (0d 0h 0m 8s)

---------------  T H R E A D  ---------------

Current thread (0x000002aefbfffb90):  JavaThread "C2 CompilerThread0" daemon [_thread_in_native, id=11012, stack(0x000000d473f00000,0x000000d474000000)]


Current CompileTask:
C2:   8602 3938       4       jdk.internal.org.objectweb.asm.Frame::execute (2318 bytes)

Stack: [0x000000d473f00000,0x000000d474000000]
Native frames: (J=compiled Java code, j=interpreted, Vv=VM code, C=native code)
V  [jvm.dll+0x67731a]
V  [jvm.dll+0x832284]
V  [jvm.dll+0x833a2e]
V  [jvm.dll+0x834093]
V  [jvm.dll+0x245775]
V  [jvm.dll+0xabd7b]
V  [jvm.dll+0xac30c]
V  [jvm.dll+0x2ac80f]
V  [jvm.dll+0x57dd77]
V  [jvm.dll+0x220892]
V  [jvm.dll+0x220c6f]
V  [jvm.dll+0x21a4d5]
V  [jvm.dll+0x21799b]
V  [jvm.dll+0x1a3f8d]
V  [jvm.dll+0x227498]
V  [jvm.dll+0x2255e5]
V  [jvm.dll+0x7e7e9b]
V  [jvm.dll+0x7e240a]
V  [jvm.dll+0x6761a5]
C  [ucrtbase.dll+0x21bb2]
C  [KERNEL32.DLL+0x17034]
C  [ntdll.dll+0x52651]


---------------  P R O C E S S  ---------------

Threads class SMR info:
_java_thread_list=0x000002aefc7bc070, length=27, elements={
0x000002aef4b822d0, 0x000002aef9a12120, 0x000002aef9a12f90, 0x000002aef9a18360,
0x000002aef9a1b0e0, 0x000002aef9a1c4f0, 0x000002aef9a1e8f0, 0x000002aefbfffb90,
0x000002aefc006d70, 0x000002aefc01b0a0, 0x000002aefc14c240, 0x000002aefc342700,
0x000002aefc9e6390, 0x000002aefda2b110, 0x000002aefda2b880, 0x000002aefdc28b50,
0x000002aefda824d0, 0x000002aefdf91ea0, 0x000002aefdb1a040, 0x000002aefe1fad60,
0x000002aefe1fa3c0, 0x000002aefe1fc0a0, 0x000002aefc007280, 0x000002aefe1fa890,
0x000002aefc004f10, 0x000002aefe1f9a20, 0x000002aefe1fc570
}

Java Threads: ( => current thread )
  0x000002aef4b822d0 JavaThread "main" [_thread_blocked, id=15680, stack(0x000000d473600000,0x000000d473700000)]
  0x000002aef9a12120 JavaThread "Reference Handler" daemon [_thread_blocked, id=14784, stack(0x000000d473900000,0x000000d473a00000)]
  0x000002aef9a12f90 JavaThread "Finalizer" daemon [_thread_blocked, id=13244, stack(0x000000d473a00000,0x000000d473b00000)]
  0x000002aef9a18360 JavaThread "Signal Dispatcher" daemon [_thread_blocked, id=6800, stack(0x000000d473b00000,0x000000d473c00000)]
  0x000002aef9a1b0e0 JavaThread "Attach Listener" daemon [_thread_blocked, id=10332, stack(0x000000d473c00000,0x000000d473d00000)]
  0x000002aef9a1c4f0 JavaThread "Service Thread" daemon [_thread_blocked, id=3944, stack(0x000000d473d00000,0x000000d473e00000)]
  0x000002aef9a1e8f0 JavaThread "Monitor Deflation Thread" daemon [_thread_blocked, id=9624, stack(0x000000d473e00000,0x000000d473f00000)]
=>0x000002aefbfffb90 JavaThread "C2 CompilerThread0" daemon [_thread_in_native, id=11012, stack(0x000000d473f00000,0x000000d474000000)]
  0x000002aefc006d70 JavaThread "C1 CompilerThread0" daemon [_thread_blocked, id=9692, stack(0x000000d474000000,0x000000d474100000)]
  0x000002aefc01b0a0 JavaThread "Sweeper thread" daemon [_thread_blocked, id=13948, stack(0x000000d474100000,0x000000d474200000)]
  0x000002aefc14c240 JavaThread "Common-Cleaner" daemon [_thread_blocked, id=13056, stack(0x000000d474200000,0x000000d474300000)]
  0x000002aefc342700 JavaThread "Notification Thread" daemon [_thread_blocked, id=14788, stack(0x000000d474300000,0x000000d474400000)]
  0x000002aefc9e6390 JavaThread "Active Thread: Equinox Container: 0fff9975-619c-40f1-9685-e423d0f7df9d" [_thread_blocked, id=2708, stack(0x000000d474c00000,0x000000d474d00000)]
  0x000002aefda2b110 JavaThread "Framework Event Dispatcher: Equinox Container: 0fff9975-619c-40f1-9685-e423d0f7df9d" daemon [_thread_blocked, id=8648, stack(0x000000d474d00000,0x000000d474e00000)]
  0x000002aefda2b880 JavaThread "Start Level: Equinox Container: 0fff9975-619c-40f1-9685-e423d0f7df9d" daemon [_thread_blocked, id=15380, stack(0x000000d474e00000,0x000000d474f00000)]
  0x000002aefdc28b50 JavaThread "SCR Component Actor" daemon [_thread_blocked, id=15632, stack(0x000000d474f00000,0x000000d475000000)]
  0x000002aefda824d0 JavaThread "SCR Component Registry" daemon [_thread_blocked, id=7796, stack(0x000000d474a00000,0x000000d474b00000)]
  0x000002aefdf91ea0 JavaThread "Bundle File Closer" daemon [_thread_blocked, id=15044, stack(0x000000d475100000,0x000000d475200000)]
  0x000002aefdb1a040 JavaThread "Worker-JM" [_thread_blocked, id=13412, stack(0x000000d475200000,0x000000d475300000)]
  0x000002aefe1fad60 JavaThread "Worker-0: Updating Maven Dependencies" [_thread_in_vm, id=2700, stack(0x000000d475300000,0x000000d475400000)] _threads_hazard_ptr=0x000002aefc7bc070
  0x000002aefe1fa3c0 JavaThread "Worker-1: Refreshing workspace" [_thread_in_native, id=3336, stack(0x000000d475400000,0x000000d475500000)]
  0x000002aefe1fc0a0 JavaThread "Worker-2: Repository registry initialization" [_thread_blocked, id=7136, stack(0x000000d475500000,0x000000d475600000)]
  0x000002aefc007280 JavaThread "C2 CompilerThread1" daemon [_thread_blocked, id=1060, stack(0x000000d475600000,0x000000d475700000)]
  0x000002aefe1fa890 JavaThread "Worker-3: Updating workspace" [_thread_blocked, id=13716, stack(0x000000d475700000,0x000000d475800000)]
  0x000002aefc004f10 JavaThread "C2 CompilerThread2" daemon [_thread_in_native, id=3796, stack(0x000000d475800000,0x000000d475900000)]
  0x000002aefe1f9a20 JavaThread "Java indexing" daemon [_thread_blocked, id=1784, stack(0x000000d475900000,0x000000d475a00000)]
  0x000002aefe1fc570 JavaThread "Worker-4" [_thread_blocked, id=4716, stack(0x000000d475a00000,0x000000d475b00000)]

Other Threads:
  0x000002aef9a0d6c0 VMThread "VM Thread" [stack: 0x000000d473800000,0x000000d473900000] [id=15804]
  0x000002aefc342bd0 WatcherThread [stack: 0x000000d474400000,0x000000d474500000] [id=9200]
  0x000002aef4b97360 GCTaskThread "GC Thread#0" [stack: 0x000000d473700000,0x000000d473800000] [id=5448]
  0x000002aefc9704b0 GCTaskThread "GC Thread#1" [stack: 0x000000d474500000,0x000000d474600000] [id=15292]
  0x000002aefcae5b70 GCTaskThread "GC Thread#2" [stack: 0x000000d474600000,0x000000d474700000] [id=15276]
  0x000002aefcae5e20 GCTaskThread "GC Thread#3" [stack: 0x000000d474700000,0x000000d474800000] [id=3316]
  0x000002aefca25830 GCTaskThread "GC Thread#4" [stack: 0x000000d474800000,0x000000d474900000] [id=16336]
  0x000002aefca262f0 GCTaskThread "GC Thread#5" [stack: 0x000000d474900000,0x000000d474a00000] [id=13152]
  0x000002aefdf207f0 GCTaskThread "GC Thread#6" [stack: 0x000000d474b00000,0x000000d474c00000] [id=15692]
  0x000002aefdcd59e0 GCTaskThread "GC Thread#7" [stack: 0x000000d475000000,0x000000d475100000] [id=7868]

Threads with active compile tasks:
C2 CompilerThread0     8665 3938       4       jdk.internal.org.objectweb.asm.Frame::execute (2318 bytes)
C2 CompilerThread2     8665 3986       4       java.lang.ThreadLocal::set (30 bytes)

VM state: not at safepoint (normal execution)

VM Mutex/Monitor currently owned by a thread: None

Heap address: 0x00000000c0000000, size: 1024 MB, Compressed Oops mode: 32-bit

CDS archive(s) not mapped
Compressed class space mapped at: 0x0000000100000000-0x0000000140000000, reserved size: 1073741824
Narrow klass base: 0x0000000000000000, Narrow klass shift: 3, Narrow klass range: 0x140000000

GC Precious Log:
 CPUs: 8 total, 8 available
 Memory: 8074M
 Large Page Support: Disabled
 NUMA Support: Disabled
 Compressed Oops: Enabled (32-bit)
 Alignments: Space 512K, Generation 512K, Heap 2M
 Heap Min Capacity: 100M
 Heap Initial Capacity: 100M
 Heap Max Capacity: 1G
 Pre-touch: Disabled
 Parallel Workers: 8

Heap:
 PSYoungGen      total 25088K, used 17330K [0x00000000eab00000, 0x00000000ec780000, 0x0000000100000000)
  eden space 23552K, 73% used [0x00000000eab00000,0x00000000ebbec8a0,0x00000000ec200000)
  from space 1536K, 0% used [0x00000000ec200000,0x00000000ec200000,0x00000000ec380000)
  to   space 2560K, 0% used [0x00000000ec500000,0x00000000ec500000,0x00000000ec780000)
 ParOldGen       total 68608K, used 13667K [0x00000000c0000000, 0x00000000c4300000, 0x00000000eab00000)
  object space 68608K, 19% used [0x00000000c0000000,0x00000000c0d58c58,0x00000000c4300000)
 Metaspace       used 37742K, committed 38400K, reserved 1089536K
  class space    used 3892K, committed 4160K, reserved 1048576K

Card table byte_map: [0x000002aef4570000,0x000002aef4780000] _byte_map_base: 0x000002aef3f70000

Marking Bits: (ParMarkBitMap*) 0x00007ffe77d22cc0
 Begin Bits: [0x000002aef7820000, 0x000002aef8820000)
 End Bits:   [0x000002aef8820000, 0x000002aef9820000)

Polling page: 0x000002aef4360000

Metaspace:

Usage:
  Non-class:     33.06 MB used.
      Class:      3.80 MB used.
       Both:     36.86 MB used.

Virtual space:
  Non-class space:       40.00 MB reserved,      33.44 MB ( 84%) committed,  5 nodes.
      Class space:        1.00 GB reserved,       4.06 MB ( <1%) committed,  1 nodes.
             Both:        1.04 GB reserved,      37.50 MB (  4%) committed. 

Chunk freelists:
   Non-Class:  1.86 MB
       Class:  3.91 MB
        Both:  5.77 MB

MaxMetaspaceSize: unlimited
CompressedClassSpaceSize: 1.00 GB
Initial GC threshold: 21.00 MB
Current GC threshold: 58.38 MB
CDS: off
MetaspaceReclaimPolicy: balanced
 - commit_granule_bytes: 65536.
 - commit_granule_words: 8192.
 - virtual_space_node_default_size: 1048576.
 - enlarge_chunks_in_place: 1.
 - new_chunks_are_fully_committed: 0.
 - uncommit_free_chunks: 1.
 - use_allocation_guard: 0.
 - handle_deallocations: 1.


Internal statistics:

num_allocs_failed_limit: 8.
num_arena_births: 274.
num_arena_deaths: 14.
num_vsnodes_births: 6.
num_vsnodes_deaths: 0.
num_space_committed: 600.
num_space_uncommitted: 0.
num_chunks_returned_to_freelist: 22.
num_chunks_taken_from_freelist: 1471.
num_chunk_merges: 9.
num_chunk_splits: 953.
num_chunks_enlarged: 639.
num_purges: 2.
num_inconsistent_stats: 0.

CodeHeap 'non-profiled nmethods': size=120000Kb used=1916Kb max_used=1916Kb free=118083Kb
 bounds [0x000002ae87ad0000, 0x000002ae87d40000, 0x000002ae8f000000]
CodeHeap 'profiled nmethods': size=120000Kb used=8220Kb max_used=8220Kb free=111780Kb
 bounds [0x000002ae805a0000, 0x000002ae80db0000, 0x000002ae87ad0000]
CodeHeap 'non-nmethods': size=5760Kb used=1254Kb max_used=1356Kb free=4505Kb
 bounds [0x000002ae80000000, 0x000002ae80270000, 0x000002ae805a0000]
 total_blobs=4551 nmethods=3976 adapters=488
 compilation: enabled
              stopped_count=0, restarted_count=0
 full_count=0

Compilation events (20 events):
Event: 8.442 Thread 0x000002aefc006d70 nmethod 3973 0x000002ae80da1e10 code [0x000002ae80da1fa0, 0x000002ae80da2148]
Event: 8.444 Thread 0x000002aefc006d70 3977       3       java.util.Collections$EmptySet::iterator (4 bytes)
Event: 8.445 Thread 0x000002aefc006d70 nmethod 3977 0x000002ae80da2210 code [0x000002ae80da23a0, 0x000002ae80da2518]
Event: 8.480 Thread 0x000002aefc007280 nmethod 3954 0x000002ae87cab790 code [0x000002ae87cab980, 0x000002ae87cac600]
Event: 8.480 Thread 0x000002aefc006d70 3978       1       com.google.inject.Key::hashCode (5 bytes)
Event: 8.481 Thread 0x000002aefc006d70 nmethod 3978 0x000002ae87cacd90 code [0x000002ae87cacf20, 0x000002ae87cacff8]
Event: 8.482 Thread 0x000002aefc006d70 3979       3       java.lang.Class::getDeclaredFields (27 bytes)
Event: 8.483 Thread 0x000002aefc006d70 nmethod 3979 0x000002ae80da2610 code [0x000002ae80da2800, 0x000002ae80da2b18]
Event: 8.483 Thread 0x000002aefc007280 3980       4       java.util.ArrayList::remove (76 bytes)
Event: 8.484 Thread 0x000002aefc006d70 3981       3       sun.reflect.generics.parser.SignatureParser::parseTypeSignature (130 bytes)
Event: 8.484 Thread 0x000002aefc006d70 nmethod 3981 0x000002ae80da2c90 code [0x000002ae80da2e60, 0x000002ae80da3308]
Event: 8.484 Thread 0x000002aefc006d70 3982   !   3       sun.reflect.generics.factory.CoreReflectionFactory::makeNamedType (21 bytes)
Event: 8.485 Thread 0x000002aefc006d70 nmethod 3982 0x000002ae80da3410 code [0x000002ae80da35e0, 0x000002ae80da3848]
Event: 8.485 Thread 0x000002aefc006d70 3983       3       sun.reflect.generics.factory.CoreReflectionFactory::getDeclsLoader (85 bytes)
Event: 8.485 Thread 0x000002aefc004f10 3984   !   4       java.util.Collections$SynchronizedCollection::contains (25 bytes)
Event: 8.496 Thread 0x000002aefc006d70 nmethod 3983 0x000002ae80da3990 code [0x000002ae80da3d80, 0x000002ae80da5f58]
Event: 8.533 Thread 0x000002aefc006d70 3985       3       com.google.common.collect.ComparisonChain$1::compare (13 bytes)
Event: 8.533 Thread 0x000002aefc006d70 nmethod 3985 0x000002ae80da6810 code [0x000002ae80da6a00, 0x000002ae80da6e48]
Event: 8.534 Thread 0x000002aefc007280 nmethod 3980 0x000002ae87cad090 code [0x000002ae87cad220, 0x000002ae87cad818]
Event: 8.556 Thread 0x000002aefc004f10 nmethod 3984 0x000002ae87cada10 code [0x000002ae87cadc00, 0x000002ae87caec18]

GC Heap History (20 events):
Event: 3.208 GC heap before
{Heap before GC invocations=2 (full 0):
 PSYoungGen      total 29696K, used 28910K [0x00000000eab00000, 0x00000000ecc00000, 0x0000000100000000)
  eden space 25600K, 100% used [0x00000000eab00000,0x00000000ec400000,0x00000000ec400000)
  from space 4096K, 80% used [0x00000000ec400000,0x00000000ec73bb28,0x00000000ec800000)
  to   space 4096K, 0% used [0x00000000ec800000,0x00000000ec800000,0x00000000ecc00000)
 ParOldGen       total 68608K, used 0K [0x00000000c0000000, 0x00000000c4300000, 0x00000000eab00000)
  object space 68608K, 0% used [0x00000000c0000000,0x00000000c0000000,0x00000000c4300000)
 Metaspace       used 14798K, committed 15104K, reserved 1064960K
  class space    used 1506K, committed 1664K, reserved 1048576K
}
Event: 3.217 GC heap after
{Heap after GC invocations=2 (full 0):
 PSYoungGen      total 29696K, used 4077K [0x00000000eab00000, 0x00000000ecc00000, 0x0000000100000000)
  eden space 25600K, 0% used [0x00000000eab00000,0x00000000eab00000,0x00000000ec400000)
  from space 4096K, 99% used [0x00000000ec800000,0x00000000ecbfb708,0x00000000ecc00000)
  to   space 4096K, 0% used [0x00000000ec400000,0x00000000ec400000,0x00000000ec800000)
 ParOldGen       total 68608K, used 1374K [0x00000000c0000000, 0x00000000c4300000, 0x00000000eab00000)
  object space 68608K, 2% used [0x00000000c0000000,0x00000000c0157b90,0x00000000c4300000)
 Metaspace       used 14798K, committed 15104K, reserved 1064960K
  class space    used 1506K, committed 1664K, reserved 1048576K
}
Event: 4.393 GC heap before
{Heap before GC invocations=3 (full 0):
 PSYoungGen      total 29696K, used 29677K [0x00000000eab00000, 0x00000000ecc00000, 0x0000000100000000)
  eden space 25600K, 100% used [0x00000000eab00000,0x00000000ec400000,0x00000000ec400000)
  from space 4096K, 99% used [0x00000000ec800000,0x00000000ecbfb708,0x00000000ecc00000)
  to   space 4096K, 0% used [0x00000000ec400000,0x00000000ec400000,0x00000000ec800000)
 ParOldGen       total 68608K, used 1374K [0x00000000c0000000, 0x00000000c4300000, 0x00000000eab00000)
  object space 68608K, 2% used [0x00000000c0000000,0x00000000c0157b90,0x00000000c4300000)
 Metaspace       used 17870K, committed 18240K, reserved 1073152K
  class space    used 1802K, committed 1920K, reserved 1048576K
}
Event: 4.402 GC heap after
{Heap after GC invocations=3 (full 0):
 PSYoungGen      total 29696K, used 4088K [0x00000000eab00000, 0x00000000ecc00000, 0x0000000100000000)
  eden space 25600K, 0% used [0x00000000eab00000,0x00000000eab00000,0x00000000ec400000)
  from space 4096K, 99% used [0x00000000ec400000,0x00000000ec7fe258,0x00000000ec800000)
  to   space 4096K, 0% used [0x00000000ec800000,0x00000000ec800000,0x00000000ecc00000)
 ParOldGen       total 68608K, used 5484K [0x00000000c0000000, 0x00000000c4300000, 0x00000000eab00000)
  object space 68608K, 7% used [0x00000000c0000000,0x00000000c055b070,0x00000000c4300000)
 Metaspace       used 17870K, committed 18240K, reserved 1073152K
  class space    used 1802K, committed 1920K, reserved 1048576K
}
Event: 5.106 GC heap before
{Heap before GC invocations=4 (full 0):
 PSYoungGen      total 29696K, used 22971K [0x00000000eab00000, 0x00000000ecc00000, 0x0000000100000000)
  eden space 25600K, 73% used [0x00000000eab00000,0x00000000ebd70ae8,0x00000000ec400000)
  from space 4096K, 99% used [0x00000000ec400000,0x00000000ec7fe258,0x00000000ec800000)
  to   space 4096K, 0% used [0x00000000ec800000,0x00000000ec800000,0x00000000ecc00000)
 ParOldGen       total 68608K, used 5484K [0x00000000c0000000, 0x00000000c4300000, 0x00000000eab00000)
  object space 68608K, 7% used [0x00000000c0000000,0x00000000c055b070,0x00000000c4300000)
 Metaspace       used 21072K, committed 21504K, reserved 1073152K
  class space    used 2117K, committed 2368K, reserved 1048576K
}
Event: 5.112 GC heap after
{Heap after GC invocations=4 (full 0):
 PSYoungGen      total 29696K, used 4091K [0x00000000eab00000, 0x00000000ecc00000, 0x0000000100000000)
  eden space 25600K, 0% used [0x00000000eab00000,0x00000000eab00000,0x00000000ec400000)
  from space 4096K, 99% used [0x00000000ec800000,0x00000000ecbfef00,0x00000000ecc00000)
  to   space 4096K, 0% used [0x00000000ec400000,0x00000000ec400000,0x00000000ec800000)
 ParOldGen       total 68608K, used 7121K [0x00000000c0000000, 0x00000000c4300000, 0x00000000eab00000)
  object space 68608K, 10% used [0x00000000c0000000,0x00000000c06f4740,0x00000000c4300000)
 Metaspace       used 21072K, committed 21504K, reserved 1073152K
  class space    used 2117K, committed 2368K, reserved 1048576K
}
Event: 5.112 GC heap before
{Heap before GC invocations=5 (full 1):
 PSYoungGen      total 29696K, used 4091K [0x00000000eab00000, 0x00000000ecc00000, 0x0000000100000000)
  eden space 25600K, 0% used [0x00000000eab00000,0x00000000eab00000,0x00000000ec400000)
  from space 4096K, 99% used [0x00000000ec800000,0x00000000ecbfef00,0x00000000ecc00000)
  to   space 4096K, 0% used [0x00000000ec400000,0x00000000ec400000,0x00000000ec800000)
 ParOldGen       total 68608K, used 7121K [0x00000000c0000000, 0x00000000c4300000, 0x00000000eab00000)
  object space 68608K, 10% used [0x00000000c0000000,0x00000000c06f4740,0x00000000c4300000)
 Metaspace       used 21072K, committed 21504K, reserved 1073152K
  class space    used 2117K, committed 2368K, reserved 1048576K
}
Event: 5.151 GC heap after
{Heap after GC invocations=5 (full 1):
 PSYoungGen      total 29696K, used 0K [0x00000000eab00000, 0x00000000ecc00000, 0x0000000100000000)
  eden space 25600K, 0% used [0x00000000eab00000,0x00000000eab00000,0x00000000ec400000)
  from space 4096K, 0% used [0x00000000ec800000,0x00000000ec800000,0x00000000ecc00000)
  to   space 4096K, 0% used [0x00000000ec400000,0x00000000ec400000,0x00000000ec800000)
 ParOldGen       total 68608K, used 10962K [0x00000000c0000000, 0x00000000c4300000, 0x00000000eab00000)
  object space 68608K, 15% used [0x00000000c0000000,0x00000000c0ab4bf8,0x00000000c4300000)
 Metaspace       used 21059K, committed 21504K, reserved 1073152K
  class space    used 2113K, committed 2368K, reserved 1048576K
}
Event: 6.032 GC heap before
{Heap before GC invocations=6 (full 1):
 PSYoungGen      total 29696K, used 25600K [0x00000000eab00000, 0x00000000ecc00000, 0x0000000100000000)
  eden space 25600K, 100% used [0x00000000eab00000,0x00000000ec400000,0x00000000ec400000)
  from space 4096K, 0% used [0x00000000ec800000,0x00000000ec800000,0x00000000ecc00000)
  to   space 4096K, 0% used [0x00000000ec400000,0x00000000ec400000,0x00000000ec800000)
 ParOldGen       total 68608K, used 10962K [0x00000000c0000000, 0x00000000c4300000, 0x00000000eab00000)
  object space 68608K, 15% used [0x00000000c0000000,0x00000000c0ab4bf8,0x00000000c4300000)
 Metaspace       used 24375K, committed 24896K, reserved 1073152K
  class space    used 2473K, committed 2688K, reserved 1048576K
}
Event: 6.034 GC heap after
{Heap after GC invocations=6 (full 1):
 PSYoungGen      total 28160K, used 2771K [0x00000000eab00000, 0x00000000ecb80000, 0x0000000100000000)
  eden space 25088K, 0% used [0x00000000eab00000,0x00000000eab00000,0x00000000ec380000)
  from space 3072K, 90% used [0x00000000ec400000,0x00000000ec6b4e28,0x00000000ec700000)
  to   space 4096K, 0% used [0x00000000ec780000,0x00000000ec780000,0x00000000ecb80000)
 ParOldGen       total 68608K, used 10970K [0x00000000c0000000, 0x00000000c4300000, 0x00000000eab00000)
  object space 68608K, 15% used [0x00000000c0000000,0x00000000c0ab6bf8,0x00000000c4300000)
 Metaspace       used 24375K, committed 24896K, reserved 1073152K
  class space    used 2473K, committed 2688K, reserved 1048576K
}
Event: 6.496 GC heap before
{Heap before GC invocations=7 (full 1):
 PSYoungGen      total 28160K, used 27859K [0x00000000eab00000, 0x00000000ecb80000, 0x0000000100000000)
  eden space 25088K, 100% used [0x00000000eab00000,0x00000000ec380000,0x00000000ec380000)
  from space 3072K, 90% used [0x00000000ec400000,0x00000000ec6b4e28,0x00000000ec700000)
  to   space 4096K, 0% used [0x00000000ec780000,0x00000000ec780000,0x00000000ecb80000)
 ParOldGen       total 68608K, used 10970K [0x00000000c0000000, 0x00000000c4300000, 0x00000000eab00000)
  object space 68608K, 15% used [0x00000000c0000000,0x00000000c0ab6bf8,0x00000000c4300000)
 Metaspace       used 27687K, committed 28224K, reserved 1081344K
  class space    used 2694K, committed 2944K, reserved 1048576K
}
Event: 6.498 GC heap after
{Heap after GC invocations=7 (full 1):
 PSYoungGen      total 26624K, used 1791K [0x00000000eab00000, 0x00000000ec980000, 0x0000000100000000)
  eden space 24576K, 0% used [0x00000000eab00000,0x00000000eab00000,0x00000000ec300000)
  from space 2048K, 87% used [0x00000000ec780000,0x00000000ec93fdb8,0x00000000ec980000)
  to   space 2560K, 0% used [0x00000000ec480000,0x00000000ec480000,0x00000000ec700000)
 ParOldGen       total 68608K, used 10978K [0x00000000c0000000, 0x00000000c4300000, 0x00000000eab00000)
  object space 68608K, 16% used [0x00000000c0000000,0x00000000c0ab8bf8,0x00000000c4300000)
 Metaspace       used 27687K, committed 28224K, reserved 1081344K
  class space    used 2694K, committed 2944K, reserved 1048576K
}
Event: 6.977 GC heap before
{Heap before GC invocations=8 (full 1):
 PSYoungGen      total 26624K, used 26367K [0x00000000eab00000, 0x00000000ec980000, 0x0000000100000000)
  eden space 24576K, 100% used [0x00000000eab00000,0x00000000ec300000,0x00000000ec300000)
  from space 2048K, 87% used [0x00000000ec780000,0x00000000ec93fdb8,0x00000000ec980000)
  to   space 2560K, 0% used [0x00000000ec480000,0x00000000ec480000,0x00000000ec700000)
 ParOldGen       total 68608K, used 10978K [0x00000000c0000000, 0x00000000c4300000, 0x00000000eab00000)
  object space 68608K, 16% used [0x00000000c0000000,0x00000000c0ab8bf8,0x00000000c4300000)
 Metaspace       used 29920K, committed 30464K, reserved 1081344K
  class space    used 2888K, committed 3136K, reserved 1048576K
}
Event: 6.981 GC heap after
{Heap after GC invocations=8 (full 1):
 PSYoungGen      total 26624K, used 2549K [0x00000000eab00000, 0x00000000ec880000, 0x0000000100000000)
  eden space 24064K, 0% used [0x00000000eab00000,0x00000000eab00000,0x00000000ec280000)
  from space 2560K, 99% used [0x00000000ec480000,0x00000000ec6fd408,0x00000000ec700000)
  to   space 1536K, 0% used [0x00000000ec700000,0x00000000ec700000,0x00000000ec880000)
 ParOldGen       total 68608K, used 11026K [0x00000000c0000000, 0x00000000c4300000, 0x00000000eab00000)
  object space 68608K, 16% used [0x00000000c0000000,0x00000000c0ac4bf8,0x00000000c4300000)
 Metaspace       used 29920K, committed 30464K, reserved 1081344K
  class space    used 2888K, committed 3136K, reserved 1048576K
}
Event: 7.660 GC heap before
{Heap before GC invocations=9 (full 1):
 PSYoungGen      total 26624K, used 26613K [0x00000000eab00000, 0x00000000ec880000, 0x0000000100000000)
  eden space 24064K, 100% used [0x00000000eab00000,0x00000000ec280000,0x00000000ec280000)
  from space 2560K, 99% used [0x00000000ec480000,0x00000000ec6fd408,0x00000000ec700000)
  to   space 1536K, 0% used [0x00000000ec700000,0x00000000ec700000,0x00000000ec880000)
 ParOldGen       total 68608K, used 11026K [0x00000000c0000000, 0x00000000c4300000, 0x00000000eab00000)
  object space 68608K, 16% used [0x00000000c0000000,0x00000000c0ac4bf8,0x00000000c4300000)
 Metaspace       used 33308K, committed 33856K, reserved 1081344K
  class space    used 3331K, committed 3520K, reserved 1048576K
}
Event: 7.666 GC heap after
{Heap after GC invocations=9 (full 1):
 PSYoungGen      total 25088K, used 1523K [0x00000000eab00000, 0x00000000ecb00000, 0x0000000100000000)
  eden space 23552K, 0% used [0x00000000eab00000,0x00000000eab00000,0x00000000ec200000)
  from space 1536K, 99% used [0x00000000ec700000,0x00000000ec87cd50,0x00000000ec880000)
  to   space 4608K, 0% used [0x00000000ec200000,0x00000000ec200000,0x00000000ec680000)
 ParOldGen       total 68608K, used 13440K [0x00000000c0000000, 0x00000000c4300000, 0x00000000eab00000)
  object space 68608K, 19% used [0x00000000c0000000,0x00000000c0d20198,0x00000000c4300000)
 Metaspace       used 33308K, committed 33856K, reserved 1081344K
  class space    used 3331K, committed 3520K, reserved 1048576K
}
Event: 8.061 GC heap before
{Heap before GC invocations=10 (full 1):
 PSYoungGen      total 25088K, used 24923K [0x00000000eab00000, 0x00000000ecb00000, 0x0000000100000000)
  eden space 23552K, 99% used [0x00000000eab00000,0x00000000ec1da258,0x00000000ec200000)
  from space 1536K, 99% used [0x00000000ec700000,0x00000000ec87cd50,0x00000000ec880000)
  to   space 4608K, 0% used [0x00000000ec200000,0x00000000ec200000,0x00000000ec680000)
 ParOldGen       total 68608K, used 13440K [0x00000000c0000000, 0x00000000c4300000, 0x00000000eab00000)
  object space 68608K, 19% used [0x00000000c0000000,0x00000000c0d20198,0x00000000c4300000)
 Metaspace       used 35278K, committed 35840K, reserved 1081344K
  class space    used 3585K, committed 3840K, reserved 1048576K
}
Event: 8.063 GC heap after
{Heap after GC invocations=10 (full 1):
 PSYoungGen      total 25088K, used 1492K [0x00000000eab00000, 0x00000000ec780000, 0x0000000100000000)
  eden space 23552K, 0% used [0x00000000eab00000,0x00000000eab00000,0x00000000ec200000)
  from space 1536K, 97% used [0x00000000ec200000,0x00000000ec375038,0x00000000ec380000)
  to   space 2560K, 0% used [0x00000000ec500000,0x00000000ec500000,0x00000000ec780000)
 ParOldGen       total 68608K, used 14334K [0x00000000c0000000, 0x00000000c4300000, 0x00000000eab00000)
  object space 68608K, 20% used [0x00000000c0000000,0x00000000c0dff840,0x00000000c4300000)
 Metaspace       used 35278K, committed 35840K, reserved 1081344K
  class space    used 3585K, committed 3840K, reserved 1048576K
}
Event: 8.063 GC heap before
{Heap before GC invocations=11 (full 2):
 PSYoungGen      total 25088K, used 1492K [0x00000000eab00000, 0x00000000ec780000, 0x0000000100000000)
  eden space 23552K, 0% used [0x00000000eab00000,0x00000000eab00000,0x00000000ec200000)
  from space 1536K, 97% used [0x00000000ec200000,0x00000000ec375038,0x00000000ec380000)
  to   space 2560K, 0% used [0x00000000ec500000,0x00000000ec500000,0x00000000ec780000)
 ParOldGen       total 68608K, used 14334K [0x00000000c0000000, 0x00000000c4300000, 0x00000000eab00000)
  object space 68608K, 20% used [0x00000000c0000000,0x00000000c0dff840,0x00000000c4300000)
 Metaspace       used 35278K, committed 35840K, reserved 1081344K
  class space    used 3585K, committed 3840K, reserved 1048576K
}
Event: 8.098 GC heap after
{Heap after GC invocations=11 (full 2):
 PSYoungGen      total 25088K, used 0K [0x00000000eab00000, 0x00000000ec780000, 0x0000000100000000)
  eden space 23552K, 0% used [0x00000000eab00000,0x00000000eab00000,0x00000000ec200000)
  from space 1536K, 0% used [0x00000000ec200000,0x00000000ec200000,0x00000000ec380000)
  to   space 2560K, 0% used [0x00000000ec500000,0x00000000ec500000,0x00000000ec780000)
 ParOldGen       total 68608K, used 13667K [0x00000000c0000000, 0x00000000c4300000, 0x00000000eab00000)
  object space 68608K, 19% used [0x00000000c0000000,0x00000000c0d58c58,0x00000000c4300000)
 Metaspace       used 35278K, committed 35840K, reserved 1081344K
  class space    used 3585K, committed 3840K, reserved 1048576K
}

Deoptimization events (20 events):
Event: 7.921 Thread 0x000002aefe1fad60 DEOPT PACKING pc=0x000002ae87c0e59c sp=0x000000d4753fdff0
Event: 7.921 Thread 0x000002aefe1fad60 DEOPT UNPACKING pc=0x000002ae800520a3 sp=0x000000d4753fdf10 mode 2
Event: 7.921 Thread 0x000002aefe1fad60 Uncommon trap: trap_request=0xffffff66 fr.pc=0x000002ae87c0e59c relative=0x00000000000000fc
Event: 7.921 Thread 0x000002aefe1fad60 Uncommon trap: reason=speculate_class_check action=maybe_recompile pc=0x000002ae87c0e59c method=java.util.regex.Pattern$CharPredicate.lambda$negate$3(I)Z @ 2 c2
Event: 7.922 Thread 0x000002aefe1fad60 DEOPT PACKING pc=0x000002ae87c0e59c sp=0x000000d4753fdff0
Event: 7.922 Thread 0x000002aefe1fad60 DEOPT UNPACKING pc=0x000002ae800520a3 sp=0x000000d4753fdf10 mode 2
Event: 7.922 Thread 0x000002aefe1fad60 Uncommon trap: trap_request=0xffffff66 fr.pc=0x000002ae87c0e59c relative=0x00000000000000fc
Event: 7.922 Thread 0x000002aefe1fad60 Uncommon trap: reason=speculate_class_check action=maybe_recompile pc=0x000002ae87c0e59c method=java.util.regex.Pattern$CharPredicate.lambda$negate$3(I)Z @ 2 c2
Event: 7.922 Thread 0x000002aefe1fad60 DEOPT PACKING pc=0x000002ae87c0e59c sp=0x000000d4753fdff0
Event: 7.922 Thread 0x000002aefe1fad60 DEOPT UNPACKING pc=0x000002ae800520a3 sp=0x000000d4753fdf10 mode 2
Event: 7.999 Thread 0x000002aefe1fa3c0 Uncommon trap: trap_request=0xffffff45 fr.pc=0x000002ae87af4aa0 relative=0x0000000000000620
Event: 7.999 Thread 0x000002aefe1fa3c0 Uncommon trap: reason=unstable_if action=reinterpret pc=0x000002ae87af4aa0 method=java.lang.String.replace(Ljava/lang/CharSequence;Ljava/lang/CharSequence;)Ljava/lang/String; @ 42 c2
Event: 7.999 Thread 0x000002aefe1fa3c0 DEOPT PACKING pc=0x000002ae87af4aa0 sp=0x000000d4754fb6c0
Event: 7.999 Thread 0x000002aefe1fa3c0 DEOPT UNPACKING pc=0x000002ae800520a3 sp=0x000000d4754fb630 mode 2
Event: 8.182 Thread 0x000002aefda2b880 DEOPT PACKING pc=0x000002ae80c83c9e sp=0x000000d474efd920
Event: 8.182 Thread 0x000002aefda2b880 DEOPT UNPACKING pc=0x000002ae80052843 sp=0x000000d474efce10 mode 0
Event: 8.212 Thread 0x000002aefda2b880 Uncommon trap: trap_request=0xffffff45 fr.pc=0x000002ae87ba4578 relative=0x0000000000000538
Event: 8.212 Thread 0x000002aefda2b880 Uncommon trap: reason=unstable_if action=reinterpret pc=0x000002ae87ba4578 method=java.util.Properties.getProperty(Ljava/lang/String;)Ljava/lang/String; @ 36 c2
Event: 8.212 Thread 0x000002aefda2b880 DEOPT PACKING pc=0x000002ae87ba4578 sp=0x000000d474efe4f0
Event: 8.212 Thread 0x000002aefda2b880 DEOPT UNPACKING pc=0x000002ae800520a3 sp=0x000000d474efe4a8 mode 2

Classes unloaded (7 events):
Event: 5.118 Thread 0x000002aef9a0d6c0 Unloading class 0x0000000100218800 'java/lang/invoke/LambdaForm$MH+0x0000000100218800'
Event: 5.118 Thread 0x000002aef9a0d6c0 Unloading class 0x0000000100218400 'java/lang/invoke/LambdaForm$MH+0x0000000100218400'
Event: 5.118 Thread 0x000002aef9a0d6c0 Unloading class 0x0000000100218000 'java/lang/invoke/LambdaForm$MH+0x0000000100218000'
Event: 5.118 Thread 0x000002aef9a0d6c0 Unloading class 0x0000000100217c00 'java/lang/invoke/LambdaForm$MH+0x0000000100217c00'
Event: 5.118 Thread 0x000002aef9a0d6c0 Unloading class 0x0000000100217400 'java/lang/invoke/LambdaForm$BMH+0x0000000100217400'
Event: 5.118 Thread 0x000002aef9a0d6c0 Unloading class 0x0000000100217000 'java/lang/invoke/LambdaForm$DMH+0x0000000100217000'
Event: 5.118 Thread 0x000002aef9a0d6c0 Unloading class 0x0000000100214400 'java/lang/invoke/LambdaForm$DMH+0x0000000100214400'

Classes redefined (0 events):
No events

Internal exceptions (20 events):
Event: 4.638 Thread 0x000002aefda2b880 Exception <a 'java/lang/NoSuchMethodError'{0x00000000eb244dc8}: 'java.lang.Object java.lang.invoke.DelegatingMethodHandle$Holder.reinvoke_L(java.lang.Object, java.lang.Object, java.lang.Object, java.lang.Object, int, int)'> (0x00000000eb244dc8) 
thrown [s\src\hotspot\share\interpreter\linkResolver.cpp, line 759]
Event: 4.642 Thread 0x000002aefda2b880 Exception <a 'java/lang/NoSuchMethodError'{0x00000000eb25c8f8}: 'java.lang.Object java.lang.invoke.Invokers$Holder.invokeExact_MT(java.lang.Object, java.lang.Object, java.lang.Object, java.lang.Object)'> (0x00000000eb25c8f8) 
thrown [s\src\hotspot\share\interpreter\linkResolver.cpp, line 759]
Event: 5.100 Thread 0x000002aefda2b880 Exception <a 'java/lang/NoSuchMethodError'{0x00000000ebd2b408}: 'int java.lang.invoke.DirectMethodHandle$Holder.invokeStaticInit(java.lang.Object, java.lang.Object, java.lang.Object)'> (0x00000000ebd2b408) 
thrown [s\src\hotspot\share\interpreter\linkResolver.cpp, line 759]
Event: 5.179 Thread 0x000002aefda2b880 Exception <a 'java/lang/IncompatibleClassChangeError'{0x00000000eaba9d18}: Found class java.lang.Object, but interface was expected> (0x00000000eaba9d18) 
thrown [s\src\hotspot\share\interpreter\linkResolver.cpp, line 826]
Event: 5.702 Thread 0x000002aefda2b880 Exception <a 'java/io/FileNotFoundException'{0x00000000eb5db680}> (0x00000000eb5db680) 
thrown [s\src\hotspot\share\prims\jni.cpp, line 516]
Event: 5.847 Thread 0x000002aefda2b880 Exception <a 'java/lang/NoSuchMethodError'{0x00000000eba3e870}: 'void java.lang.invoke.DirectMethodHandle$Holder.invokeSpecial(java.lang.Object, java.lang.Object, java.lang.Object, int)'> (0x00000000eba3e870) 
thrown [s\src\hotspot\share\interpreter\linkResolver.cpp, line 759]
Event: 5.939 Thread 0x000002aefe1fa3c0 Exception <a 'java/lang/NoSuchMethodError'{0x00000000eaccc470}: 'int java.lang.invoke.DirectMethodHandle$Holder.invokeVirtual(java.lang.Object, java.lang.Object)'> (0x00000000eaccc470) 
thrown [s\src\hotspot\share\interpreter\linkResolver.cpp, line 759]
Event: 5.940 Thread 0x000002aefe1fad60 Exception <a 'java/io/FileNotFoundException'{0x00000000ebd50f48}> (0x00000000ebd50f48) 
thrown [s\src\hotspot\share\prims\jni.cpp, line 516]
Event: 6.255 Thread 0x000002aefda2b880 Exception <a 'java/io/FileNotFoundException'{0x00000000eb66cc70}> (0x00000000eb66cc70) 
thrown [s\src\hotspot\share\prims\jni.cpp, line 516]
Event: 6.255 Thread 0x000002aefda2b880 Exception <a 'java/io/FileNotFoundException'{0x00000000eb66dab8}> (0x00000000eb66dab8) 
thrown [s\src\hotspot\share\prims\jni.cpp, line 516]
Event: 6.934 Thread 0x000002aefe1fad60 Exception <a 'java/lang/NoSuchMethodError'{0x00000000ec0ab388}: 'java.lang.Object java.lang.invoke.DirectMethodHandle$Holder.newInvokeSpecial(java.lang.Object, java.lang.Object, java.lang.Object, java.lang.Object, java.lang.Object)'> (0x00000000ec0ab388) 
thrown [s\src\hotspot\share\interpreter\linkResolver.cpp, line 759]
Event: 6.964 Thread 0x000002aefda2b880 Exception <a 'java/lang/ClassNotFoundException'{0x00000000ec0764a0}: com/sun/org/apache/xerces/internal/impl/msg/spi/DOMMessagesProvider> (0x00000000ec0764a0) 
thrown [s\src\hotspot\share\classfile\systemDictionary.cpp, line 256]
Event: 6.967 Thread 0x000002aefda2b880 Exception <a 'java/lang/ClassNotFoundException'{0x00000000ec092180}: com/sun/org/apache/xerces/internal/impl/msg/spi/XMLSerializerMessagesProvider> (0x00000000ec092180) 
thrown [s\src\hotspot\share\classfile\systemDictionary.cpp, line 256]
Event: 6.968 Thread 0x000002aefda2b880 Exception <a 'java/lang/ClassNotFoundException'{0x00000000ec2364c8}: com/sun/org/apache/xerces/internal/impl/msg/spi/XMLMessagesProvider> (0x00000000ec2364c8) 
thrown [s\src\hotspot\share\classfile\systemDictionary.cpp, line 256]
Event: 7.231 Thread 0x000002aefda2b880 Exception <a 'sun/nio/fs/WindowsException'{0x00000000eb515a90}> (0x00000000eb515a90) 
thrown [s\src\hotspot\share\prims\jni.cpp, line 516]
Event: 7.500 Thread 0x000002aefda2b880 Exception <a 'java/lang/NoSuchMethodError'{0x00000000ebb0d7b0}: 'java.lang.Object java.lang.invoke.DirectMethodHandle$Holder.invokeStaticInit(java.lang.Object, int, int, int, int)'> (0x00000000ebb0d7b0) 
thrown [s\src\hotspot\share\interpreter\linkResolver.cpp, line 759]
Event: 7.729 Thread 0x000002aefe1fad60 Exception <a 'java/lang/NoClassDefFoundError'{0x00000000ead00b50}: javax/enterprise/inject/Typed> (0x00000000ead00b50) 
thrown [s\src\hotspot\share\classfile\systemDictionary.cpp, line 245]
Event: 7.925 Thread 0x000002aefe1fa3c0 Exception <a 'java/io/FileNotFoundException'{0x00000000eba227b0}> (0x00000000eba227b0) 
thrown [s\src\hotspot\share\prims\jni.cpp, line 516]
Event: 8.031 Thread 0x000002aefda2b880 Exception <a 'java/lang/NoSuchMethodError'{0x00000000ec022998}: 'java.lang.Object java.lang.invoke.DirectMethodHandle$Holder.invokeStaticInit(java.lang.Object, java.lang.Object, int, int, int, int)'> (0x00000000ec022998) 
thrown [s\src\hotspot\share\interpreter\linkResolver.cpp, line 759]
Event: 8.221 Thread 0x000002aefda2b880 Exception <a 'java/lang/ClassNotFoundException'{0x00000000eb27b458}: com/sun/org/apache/xml/internal/serializer/spi/XMLEntitiesProvider> (0x00000000eb27b458) 
thrown [s\src\hotspot\share\classfile\systemDictionary.cpp, line 256]

VM Operations (20 events):
Event: 7.460 Executing VM operation: HandshakeAllThreads
Event: 7.460 Executing VM operation: HandshakeAllThreads done
Event: 7.660 Executing VM operation: ParallelGCFailedAllocation
Event: 7.666 Executing VM operation: ParallelGCFailedAllocation done
Event: 7.679 Executing VM operation: HandshakeAllThreads
Event: 7.679 Executing VM operation: HandshakeAllThreads done
Event: 8.004 Executing VM operation: HandshakeAllThreads
Event: 8.004 Executing VM operation: HandshakeAllThreads done
Event: 8.060 Executing VM operation: CollectForMetadataAllocation
Event: 8.098 Executing VM operation: CollectForMetadataAllocation done
Event: 8.098 Executing VM operation: CollectForMetadataAllocation
Event: 8.098 Executing VM operation: CollectForMetadataAllocation done
Event: 8.219 Executing VM operation: HandshakeAllThreads
Event: 8.219 Executing VM operation: HandshakeAllThreads done
Event: 8.225 Executing VM operation: HandshakeAllThreads
Event: 8.225 Executing VM operation: HandshakeAllThreads done
Event: 8.234 Executing VM operation: HandshakeAllThreads
Event: 8.243 Executing VM operation: HandshakeAllThreads done
Event: 8.347 Executing VM operation: HandshakeAllThreads
Event: 8.347 Executing VM operation: HandshakeAllThreads done

Events (20 events):
Event: 8.398 loading class sun/nio/cs/KOI8_R done
Event: 8.414 loading class com/sun/org/apache/xml/internal/serializer/NamespaceMappings
Event: 8.414 loading class com/sun/org/apache/xml/internal/serializer/NamespaceMappings done
Event: 8.415 loading class com/sun/org/apache/xml/internal/serializer/NamespaceMappings$MappingRecord
Event: 8.415 loading class com/sun/org/apache/xml/internal/serializer/NamespaceMappings$MappingRecord done
Event: 8.415 loading class javax/xml/transform/stream/StreamSource
Event: 8.415 loading class javax/xml/transform/stream/StreamSource done
Event: 8.415 loading class javax/xml/transform/sax/SAXSource
Event: 8.415 loading class javax/xml/transform/sax/SAXSource done
Event: 8.415 loading class javax/xml/transform/stax/StAXSource
Event: 8.416 loading class javax/xml/transform/stax/StAXSource done
Event: 8.416 loading class com/sun/org/apache/xalan/internal/xsltc/trax/DOM2TO
Event: 8.416 loading class com/sun/org/apache/xalan/internal/xsltc/trax/DOM2TO done
Event: 8.427 loading class com/sun/org/apache/xml/internal/serializer/WriterToUTF8Buffered
Event: 8.427 loading class com/sun/org/apache/xml/internal/serializer/WriterChain
Event: 8.427 loading class com/sun/org/apache/xml/internal/serializer/WriterChain done
Event: 8.427 loading class com/sun/org/apache/xml/internal/serializer/WriterToUTF8Buffered done
Event: 8.427 loading class com/sun/org/apache/xml/internal/serializer/WriterToASCI
Event: 8.427 loading class com/sun/org/apache/xml/internal/serializer/WriterToASCI done
Event: 8.550 Loaded shared library C:\Users\Prabharsha\AppData\Local\Temp\jna--1327108362\jna16609809027928632723.dll


Dynamic libraries:
0x00007ff7c8c30000 - 0x00007ff7c8c3e000 	c:\Users\Prabharsha\.vscode\extensions\redhat.java-1.11.0-win32-x64\jre\17.0.4.1-win32-x86_64\bin\java.exe
0x00007ffec83d0000 - 0x00007ffec85c5000 	C:\WINDOWS\SYSTEM32\ntdll.dll
0x00007ffec72b0000 - 0x00007ffec736e000 	C:\WINDOWS\System32\KERNEL32.DLL
0x00007ffec6000000 - 0x00007ffec62c8000 	C:\WINDOWS\System32\KERNELBASE.dll
0x00007ffec3030000 - 0x00007ffec3048000 	c:\Users\Prabharsha\.vscode\extensions\redhat.java-1.11.0-win32-x64\jre\17.0.4.1-win32-x86_64\bin\jli.dll
0x00007ffec6990000 - 0x00007ffec6b30000 	C:\WINDOWS\System32\USER32.dll
0x00007ffec30d0000 - 0x00007ffec30e9000 	c:\Users\Prabharsha\.vscode\extensions\redhat.java-1.11.0-win32-x64\jre\17.0.4.1-win32-x86_64\bin\VCRUNTIME140.dll
0x00007ffec6400000 - 0x00007ffec6422000 	C:\WINDOWS\System32\win32u.dll
0x00007ffec7dd0000 - 0x00007ffec7dfb000 	C:\WINDOWS\System32\GDI32.dll
0x00007ffec5bf0000 - 0x00007ffec5cfb000 	C:\WINDOWS\System32\gdi32full.dll
0x00007ffec6360000 - 0x00007ffec63fd000 	C:\WINDOWS\System32\msvcp_win.dll
0x00007ffec5af0000 - 0x00007ffec5bf0000 	C:\WINDOWS\System32\ucrtbase.dll
0x00007ffec4ed0000 - 0x00007ffec516a000 	C:\WINDOWS\WinSxS\amd64_microsoft.windows.common-controls_6595b64144ccf1df_6.0.19041.1110_none_60b5254171f9507e\COMCTL32.dll
0x00007ffec7e00000 - 0x00007ffec7e9e000 	C:\WINDOWS\System32\msvcrt.dll
0x00007ffec6950000 - 0x00007ffec6980000 	C:\WINDOWS\System32\IMM32.DLL
0x00007ffec5360000 - 0x00007ffec536c000 	c:\Users\Prabharsha\.vscode\extensions\redhat.java-1.11.0-win32-x64\jre\17.0.4.1-win32-x86_64\bin\vcruntime140_1.dll
0x00007ffe91740000 - 0x00007ffe917d1000 	c:\Users\Prabharsha\.vscode\extensions\redhat.java-1.11.0-win32-x64\jre\17.0.4.1-win32-x86_64\bin\msvcp140.dll
0x00007ffe771a0000 - 0x00007ffe77de6000 	c:\Users\Prabharsha\.vscode\extensions\redhat.java-1.11.0-win32-x64\jre\17.0.4.1-win32-x86_64\bin\server\jvm.dll
0x00007ffec68a0000 - 0x00007ffec694e000 	C:\WINDOWS\System32\ADVAPI32.dll
0x00007ffec82f0000 - 0x00007ffec838c000 	C:\WINDOWS\System32\sechost.dll
0x00007ffec7a60000 - 0x00007ffec7b85000 	C:\WINDOWS\System32\RPCRT4.dll
0x00007ffec8050000 - 0x00007ffec8058000 	C:\WINDOWS\System32\PSAPI.DLL
0x00007ffeb02c0000 - 0x00007ffeb02c9000 	C:\WINDOWS\SYSTEM32\WSOCK32.dll
0x00007ffec7f00000 - 0x00007ffec7f6b000 	C:\WINDOWS\System32\WS2_32.dll
0x00007ffeac470000 - 0x00007ffeac497000 	C:\WINDOWS\SYSTEM32\WINMM.dll
0x00007ffebf370000 - 0x00007ffebf37a000 	C:\WINDOWS\SYSTEM32\VERSION.dll
0x00007ffec3d30000 - 0x00007ffec3d42000 	C:\WINDOWS\SYSTEM32\kernel.appcore.dll
0x00007ffec2f70000 - 0x00007ffec2f7a000 	c:\Users\Prabharsha\.vscode\extensions\redhat.java-1.11.0-win32-x64\jre\17.0.4.1-win32-x86_64\bin\jimage.dll
0x00007ffec53c0000 - 0x00007ffec55a4000 	C:\WINDOWS\SYSTEM32\DBGHELP.DLL
0x00007ffec52c0000 - 0x00007ffec52ec000 	C:\WINDOWS\SYSTEM32\dbgcore.DLL
0x00007ffec62d0000 - 0x00007ffec6352000 	C:\WINDOWS\System32\bcryptPrimitives.dll
0x00007ffec2c30000 - 0x00007ffec2c3e000 	c:\Users\Prabharsha\.vscode\extensions\redhat.java-1.11.0-win32-x64\jre\17.0.4.1-win32-x86_64\bin\instrument.dll
0x00007ffebaec0000 - 0x00007ffebaee5000 	c:\Users\Prabharsha\.vscode\extensions\redhat.java-1.11.0-win32-x64\jre\17.0.4.1-win32-x86_64\bin\java.dll
0x00007ffebf7c0000 - 0x00007ffebf7d8000 	c:\Users\Prabharsha\.vscode\extensions\redhat.java-1.11.0-win32-x64\jre\17.0.4.1-win32-x86_64\bin\zip.dll
0x00007ffec6b30000 - 0x00007ffec7274000 	C:\WINDOWS\System32\SHELL32.dll
0x00007ffec3590000 - 0x00007ffec3d24000 	C:\WINDOWS\SYSTEM32\windows.storage.dll
0x00007ffec7490000 - 0x00007ffec77e4000 	C:\WINDOWS\System32\combase.dll
0x00007ffec4e60000 - 0x00007ffec4e8c000 	C:\WINDOWS\SYSTEM32\Wldp.dll
0x00007ffec7b90000 - 0x00007ffec7c3d000 	C:\WINDOWS\System32\SHCORE.dll
0x00007ffec7c40000 - 0x00007ffec7c95000 	C:\WINDOWS\System32\shlwapi.dll
0x00007ffec5a30000 - 0x00007ffec5a4f000 	C:\WINDOWS\SYSTEM32\profapi.dll
0x00007ffebe630000 - 0x00007ffebe649000 	C:\Users\Prabharsha\.vscode\extensions\redhat.java-1.11.0-win32-x64\jre\17.0.4.1-win32-x86_64\bin\net.dll
0x00007ffebafa0000 - 0x00007ffebb0a9000 	C:\WINDOWS\SYSTEM32\WINHTTP.dll
0x00007ffec4bc0000 - 0x00007ffec4c2a000 	C:\WINDOWS\system32\mswsock.dll
0x00007ffebe500000 - 0x00007ffebe515000 	C:\Users\Prabharsha\.vscode\extensions\redhat.java-1.11.0-win32-x64\jre\17.0.4.1-win32-x86_64\bin\nio.dll
0x00007ffec2200000 - 0x00007ffec2210000 	c:\Users\Prabharsha\.vscode\extensions\redhat.java-1.11.0-win32-x64\jre\17.0.4.1-win32-x86_64\bin\verify.dll
0x00007ffebba90000 - 0x00007ffebbace000 	C:\Users\Prabharsha\AppData\Roaming\Code\User\globalStorage\redhat.java\1.11.0\config_win\org.eclipse.equinox.launcher\org.eclipse.equinox.launcher.win32.win32.x86_64_1.2.600.v20220720-1916\eclipse_11700.dll
0x00007ffec77f0000 - 0x00007ffec791a000 	C:\WINDOWS\System32\ole32.dll
0x00007ffec5870000 - 0x00007ffec5888000 	C:\WINDOWS\SYSTEM32\CRYPTSP.dll
0x00007ffec4500000 - 0x00007ffec4534000 	C:\WINDOWS\system32\rsaenh.dll
0x00007ffec5e70000 - 0x00007ffec5e97000 	C:\WINDOWS\System32\bcrypt.dll
0x00007ffec59b0000 - 0x00007ffec59de000 	C:\WINDOWS\SYSTEM32\USERENV.dll
0x00007ffec4e50000 - 0x00007ffec4e5c000 	C:\WINDOWS\SYSTEM32\CRYPTBASE.dll
0x00007ffec48b0000 - 0x00007ffec48eb000 	C:\WINDOWS\SYSTEM32\IPHLPAPI.DLL
0x00007ffec7280000 - 0x00007ffec7288000 	C:\WINDOWS\System32\NSI.dll
0x00007ffebe300000 - 0x00007ffebe317000 	C:\WINDOWS\SYSTEM32\dhcpcsvc6.DLL
0x00007ffebe8f0000 - 0x00007ffebe90d000 	C:\WINDOWS\SYSTEM32\dhcpcsvc.DLL
0x00007ffec48f0000 - 0x00007ffec49ba000 	C:\WINDOWS\SYSTEM32\DNSAPI.dll
0x00007ffe98c00000 - 0x00007ffe98c44000 	C:\Users\Prabharsha\AppData\Local\Temp\jna--1327108362\jna16609809027928632723.dll

dbghelp: loaded successfully - version: 4.0.5 - missing functions: none
symbol engine: initialized successfully - sym options: 0x614 - pdb path: .;c:\Users\Prabharsha\.vscode\extensions\redhat.java-1.11.0-win32-x64\jre\17.0.4.1-win32-x86_64\bin;C:\WINDOWS\SYSTEM32;C:\WINDOWS\WinSxS\amd64_microsoft.windows.common-controls_6595b64144ccf1df_6.0.19041.1110_none_60b5254171f9507e;c:\Users\Prabharsha\.vscode\extensions\redhat.java-1.11.0-win32-x64\jre\17.0.4.1-win32-x86_64\bin\server;C:\Users\Prabharsha\AppData\Roaming\Code\User\globalStorage\redhat.java\1.11.0\config_win\org.eclipse.equinox.launcher\org.eclipse.equinox.launcher.win32.win32.x86_64_1.2.600.v20220720-1916;C:\Users\Prabharsha\AppData\Local\Temp\jna--1327108362

VM Arguments:
jvm_args: --add-modules=ALL-SYSTEM --add-opens=java.base/java.util=ALL-UNNAMED --add-opens=java.base/java.lang=ALL-UNNAMED --add-opens=java.base/sun.nio.fs=ALL-UNNAMED -Declipse.application=org.eclipse.jdt.ls.core.id1 -Dosgi.bundles.defaultStartLevel=4 -Declipse.product=org.eclipse.jdt.ls.core.product -Djava.import.generatesMetadataFilesAtProjectRoot=false -Dfile.encoding=utf8 -DwatchParentProcess=false -XX:+UseParallelGC -XX:GCTimeRatio=4 -XX:AdaptiveSizePolicyWeight=90 -Dsun.zip.disableMemoryMapping=true -Xmx1G -Xms100m -Xlog:disable -javaagent:c:\Users\Prabharsha\.vscode\extensions\redhat.java-1.11.0-win32-x64\lombok\lombok-1.18.24.jar -XX:+HeapDumpOnOutOfMemoryError -XX:HeapDumpPath=c:\Users\Prabharsha\AppData\Roaming\Code\User\workspaceStorage\eb937eaabd02c54c35364ab9040414ff\redhat.java 
java_command: c:\Users\Prabharsha\.vscode\extensions\redhat.java-1.11.0-win32-x64\server\plugins\org.eclipse.equinox.launcher_1.6.400.v20210924-0641.jar -configuration c:\Users\Prabharsha\AppData\Roaming\Code\User\globalStorage\redhat.java\1.11.0\config_win -data c:\Users\Prabharsha\AppData\Roaming\Code\User\workspaceStorage\eb937eaabd02c54c35364ab9040414ff\redhat.java\jdt_ws
java_class_path (initial): c:\Users\Prabharsha\.vscode\extensions\redhat.java-1.11.0-win32-x64\server\plugins\org.eclipse.equinox.launcher_1.6.400.v20210924-0641.jar
Launcher Type: SUN_STANDARD

[Global flags]
    uintx AdaptiveSizePolicyWeight                 = 90                                        {product} {command line}
     intx CICompilerCount                          = 4                                         {product} {ergonomic}
    uintx GCTimeRatio                              = 4                                         {product} {command line}
     bool HeapDumpOnOutOfMemoryError               = true                                   {manageable} {command line}
    ccstr HeapDumpPath                             = c:\Users\Prabharsha\AppData\Roaming\Code\User\workspaceStorage\eb937eaabd02c54c35364ab9040414ff\redhat.java         {manageable} {command line}
   size_t InitialHeapSize                          = 104857600                                 {product} {command line}
   size_t MaxHeapSize                              = 1073741824                                {product} {command line}
   size_t MaxNewSize                               = 357564416                                 {product} {ergonomic}
   size_t MinHeapDeltaBytes                        = 524288                                    {product} {ergonomic}
   size_t MinHeapSize                              = 104857600                                 {product} {command line}
   size_t NewSize                                  = 34603008                                  {product} {ergonomic}
    uintx NonNMethodCodeHeapSize                   = 5839372                                {pd product} {ergonomic}
    uintx NonProfiledCodeHeapSize                  = 122909434                              {pd product} {ergonomic}
   size_t OldSize                                  = 70254592                                  {product} {ergonomic}
    uintx ProfiledCodeHeapSize                     = 122909434                              {pd product} {ergonomic}
    uintx ReservedCodeCacheSize                    = 251658240                              {pd product} {ergonomic}
     bool SegmentedCodeCache                       = true                                      {product} {ergonomic}
   size_t SoftMaxHeapSize                          = 1073741824                             {manageable} {ergonomic}
     bool UseCompressedClassPointers               = true                           {product lp64_product} {ergonomic}
     bool UseCompressedOops                        = true                           {product lp64_product} {ergonomic}
     bool UseLargePagesIndividualAllocation        = false                                  {pd product} {ergonomic}
     bool UseParallelGC                            = true                                      {product} {command line}

Logging:
Log output configuration:
 #0: stdout all=off uptime,level,tags
 #1: stderr all=off uptime,level,tags

Environment Variables:
JAVA_HOME=C:\Program Files\Java\jdk-11.0.16
PATH=C:\Program Files\Java\jdk-11.0.16\bin;C:\Program Files\Common Files\Oracle\Java\javapath;C:\Program Files\Eclipse Adoptium\jdk-8.0.322.6-hotspot\bin;C:\Python310\Scripts\;C:\Python310\;C:\Program Files (x86)\Common Files\Oracle\Java\javapath;C:\WINDOWS\system32;C:\Program Files\Java\jdk1.8.0_271\bin;C:\WINDOWS;C:\WINDOWS\System32\Wbem;C:\WINDOWS\System32\WindowsPowerShell\v1.0\;C:\WINDOWS\System32\OpenSSH\;C:\Program Files\NVIDIA Corporation\NVIDIA NvDLISR;C:\Program Files (x86)\NVIDIA Corporation\PhysX\Common;C:\Program Files\MySQL\MySQL Server 8.0\bin;C:\Program Files (x86)\QuickTime\QTSystem\;C:\Program Files\Git\cmd;C:\ProgramData\chocolatey\bin;C:\Program Files (x86)\NoteBook FanControl\;C:\Program Files\nodejs\;C:\Program Files (x86)\dotnet\;%LOCALAPPDATA%\Android\Sdk\platform-tools;C:\Users\Prabharsha\AppData\Roaming\npm;C:\Program Files\MySQL\MySQL Shell 8.0\bin\;C:\Users\Prabharsha\AppData\Local\Microsoft\WindowsApps;C:\Program Files\JetBrains\IntelliJ IDEA 2022.1.2\bin;;C:\Program Files\MySQL\MySQL Shell 8.0\bin;C:\Program Files\MySQL\MySQL Shell 8.0\bin;C:\Users\Prabharsha\AppData\Local\Programs\Microsoft VS Code\bin
USERNAME=Prabharsha
OS=Windows_NT
PROCESSOR_IDENTIFIER=Intel64 Family 6 Model 142 Stepping 10, GenuineIntel
TMP=C:\Users\PRABHA~1\AppData\Local\Temp
TEMP=C:\Users\PRABHA~1\AppData\Local\Temp



---------------  S Y S T E M  ---------------

OS:
 Windows 10 , 64 bit Build 19041 (10.0.19041.1566)
OS uptime: 0 days 12:50 hours

CPU: total 8 (initial active 8) (4 cores per cpu, 2 threads per core) family 6 model 142 stepping 10 microcode 0xb4, cx8, cmov, fxsr, ht, mmx, 3dnowpref, sse, sse2, sse3, ssse3, sse4.1, sse4.2, popcnt, lzcnt, tsc, tscinvbit, avx, avx2, aes, erms, clmul, bmi1, bmi2, adx, fma, vzeroupper, clflush, clflushopt

Memory: 4k page, system-wide physical 8074M (917M free)
TotalPageFile size 12074M (AvailPageFile size 0M)
current process WorkingSet (physical memory assigned to process): 191M, peak: 191M
current process commit charge ("private bytes"): 289M, peak: 293M

vm_info: OpenJDK 64-Bit Server VM (17.0.4.1+1) for windows-amd64 JRE (17.0.4.1+1), built on Aug 17 2022 07:42:43 by "temurin" with MS VC++ 16.7 (VS2019)

END.
