#
# There is insufficient memory for the Java Runtime Environment to continue.
# Native memory allocation (malloc) failed to allocate 1062352 bytes for Chunk::new
# Possible reasons:
#   The system is out of physical RAM or swap space
#   The process is running with CompressedOops enabled, and the Java Heap may be blocking the growth of the native heap
# Possible solutions:
#   Reduce memory load on the system
#   Increase physical memory or swap space
#   Check if swap backing store is full
#   Decrease Java heap size (-Xmx/-Xms)
#   Decrease number of Java threads
#   Decrease Java thread stack sizes (-Xss)
#   Set larger code cache with -XX:ReservedCodeCacheSize=
#   JVM is running with Unscaled Compressed Oops mode in which the Java heap is
#     placed in the first 4GB address space. The Java Heap base address is the
#     maximum limit for the native heap growth. Please use -XX:HeapBaseMinAddress
#     to set the Java Heap base and to place the Java Heap above 4GB virtual address.
# This output file may be truncated or incomplete.
#
#  Out of Memory Error (arena.cpp:189), pid=11436, tid=14612
#
# JRE version: OpenJDK Runtime Environment Temurin-17.0.4.1+1 (17.0.4.1+1) (build 17.0.4.1+1)
# Java VM: OpenJDK 64-Bit Server VM Temurin-17.0.4.1+1 (17.0.4.1+1, mixed mode, tiered, compressed oops, compressed class ptrs, parallel gc, windows-amd64)
# No core dump will be written. Minidumps are not enabled by default on client versions of Windows
#

---------------  S U M M A R Y ------------

Command Line: --add-modules=ALL-SYSTEM --add-opens=java.base/java.util=ALL-UNNAMED --add-opens=java.base/java.lang=ALL-UNNAMED --add-opens=java.base/sun.nio.fs=ALL-UNNAMED -Declipse.application=org.eclipse.jdt.ls.core.id1 -Dosgi.bundles.defaultStartLevel=4 -Declipse.product=org.eclipse.jdt.ls.core.product -Djava.import.generatesMetadataFilesAtProjectRoot=false -Dfile.encoding=utf8 -DwatchParentProcess=false -XX:+UseParallelGC -XX:GCTimeRatio=4 -XX:AdaptiveSizePolicyWeight=90 -Dsun.zip.disableMemoryMapping=true -Xmx1G -Xms100m -Xlog:disable -javaagent:c:\Users\Prabharsha\.vscode\extensions\redhat.java-1.11.0-win32-x64\lombok\lombok-1.18.24.jar -XX:+HeapDumpOnOutOfMemoryError -XX:HeapDumpPath=c:\Users\Prabharsha\AppData\Roaming\Code\User\workspaceStorage\eb937eaabd02c54c35364ab9040414ff\redhat.java c:\Users\Prabharsha\.vscode\extensions\redhat.java-1.11.0-win32-x64\server\plugins\org.eclipse.equinox.launcher_1.6.400.v20210924-0641.jar -configuration c:\Users\Prabharsha\AppData\Roaming\Code\User\globalStorage\redhat.java\1.11.0\config_win -data c:\Users\Prabharsha\AppData\Roaming\Code\User\workspaceStorage\eb937eaabd02c54c35364ab9040414ff\redhat.java\jdt_ws

Host: Intel(R) Core(TM) i5-8250U CPU @ 1.60GHz, 8 cores, 7G,  Windows 10 , 64 bit Build 19041 (10.0.19041.1566)
Time: Mon Oct 10 22:49:04 2022 Sri Lanka Standard Time elapsed time: 8.306395 seconds (0d 0h 0m 8s)

---------------  T H R E A D  ---------------

Current thread (0x0000019c7dbed410):  JavaThread "C2 CompilerThread0" daemon [_thread_in_native, id=14612, stack(0x0000005b5ee00000,0x0000005b5ef00000)]


Current CompileTask:
C2:   8306 2551  s    4       java.io.BufferedInputStream::read (113 bytes)

Stack: [0x0000005b5ee00000,0x0000005b5ef00000]
Native frames: (J=compiled Java code, j=interpreted, Vv=VM code, C=native code)
V  [jvm.dll+0x67731a]
V  [jvm.dll+0x832284]
V  [jvm.dll+0x833a2e]
V  [jvm.dll+0x834093]
V  [jvm.dll+0x245775]
V  [jvm.dll+0xabd7b]
V  [jvm.dll+0xac30c]
V  [jvm.dll+0x363a97]
V  [jvm.dll+0x1bbbd2]
V  [jvm.dll+0x2187d9]
V  [jvm.dll+0x217aa1]
V  [jvm.dll+0x1a3f8d]
V  [jvm.dll+0x227498]
V  [jvm.dll+0x2255e5]
V  [jvm.dll+0x7e7e9b]
V  [jvm.dll+0x7e240a]
V  [jvm.dll+0x6761a5]
C  [ucrtbase.dll+0x21bb2]
C  [KERNEL32.DLL+0x17034]
C  [ntdll.dll+0x52651]


---------------  P R O C E S S  ---------------

Threads class SMR info:
_java_thread_list=0x0000019c7e2c2220, length=20, elements={
0x0000019c76844a50, 0x0000019c7b6d5c80, 0x0000019c7b6d6af0, 0x0000019c7dbe6260,
0x0000019c7dbe8ee0, 0x0000019c7dbe9b50, 0x0000019c7dbec680, 0x0000019c7dbed410,
0x0000019c7dbefec0, 0x0000019c7dbf08b0, 0x0000019c7dcdaa20, 0x0000019c7df19bb0,
0x0000019c0f033560, 0x0000019c7e807fd0, 0x0000019c0f4a3010, 0x0000019c0f016a80,
0x0000019c7e767070, 0x0000019c0f772bd0, 0x0000019c0f46da70, 0x0000019c7e434140
}

Java Threads: ( => current thread )
  0x0000019c76844a50 JavaThread "main" [_thread_blocked, id=16776, stack(0x0000005b5e500000,0x0000005b5e600000)]
  0x0000019c7b6d5c80 JavaThread "Reference Handler" daemon [_thread_blocked, id=16868, stack(0x0000005b5e800000,0x0000005b5e900000)]
  0x0000019c7b6d6af0 JavaThread "Finalizer" daemon [_thread_blocked, id=10144, stack(0x0000005b5e900000,0x0000005b5ea00000)]
  0x0000019c7dbe6260 JavaThread "Signal Dispatcher" daemon [_thread_blocked, id=6552, stack(0x0000005b5ea00000,0x0000005b5eb00000)]
  0x0000019c7dbe8ee0 JavaThread "Attach Listener" daemon [_thread_blocked, id=4976, stack(0x0000005b5eb00000,0x0000005b5ec00000)]
  0x0000019c7dbe9b50 JavaThread "Service Thread" daemon [_thread_blocked, id=7904, stack(0x0000005b5ec00000,0x0000005b5ed00000)]
  0x0000019c7dbec680 JavaThread "Monitor Deflation Thread" daemon [_thread_blocked, id=3672, stack(0x0000005b5ed00000,0x0000005b5ee00000)]
=>0x0000019c7dbed410 JavaThread "C2 CompilerThread0" daemon [_thread_in_native, id=14612, stack(0x0000005b5ee00000,0x0000005b5ef00000)]
  0x0000019c7dbefec0 JavaThread "C1 CompilerThread0" daemon [_thread_blocked, id=16448, stack(0x0000005b5ef00000,0x0000005b5f000000)]
  0x0000019c7dbf08b0 JavaThread "Sweeper thread" daemon [_thread_blocked, id=11452, stack(0x0000005b5f000000,0x0000005b5f100000)]
  0x0000019c7dcdaa20 JavaThread "Common-Cleaner" daemon [_thread_blocked, id=7124, stack(0x0000005b5f100000,0x0000005b5f200000)]
  0x0000019c7df19bb0 JavaThread "Notification Thread" daemon [_thread_blocked, id=12300, stack(0x0000005b5f200000,0x0000005b5f300000)]
  0x0000019c0f033560 JavaThread "Active Thread: Equinox Container: 621b8d0f-f59d-42d1-896c-87d596f7e29b" [_thread_blocked, id=2180, stack(0x0000005b5fa00000,0x0000005b5fb00000)]
  0x0000019c7e807fd0 JavaThread "Framework Event Dispatcher: Equinox Container: 621b8d0f-f59d-42d1-896c-87d596f7e29b" daemon [_thread_blocked, id=13568, stack(0x0000005b5fb00000,0x0000005b5fc00000)]
  0x0000019c0f4a3010 JavaThread "Start Level: Equinox Container: 621b8d0f-f59d-42d1-896c-87d596f7e29b" daemon [_thread_in_native, id=14308, stack(0x0000005b5fc00000,0x0000005b5fd00000)]
  0x0000019c0f016a80 JavaThread "SCR Component Actor" daemon [_thread_blocked, id=11152, stack(0x0000005b5fd00000,0x0000005b5fe00000)]
  0x0000019c7e767070 JavaThread "SCR Component Registry" daemon [_thread_blocked, id=12940, stack(0x0000005b5f900000,0x0000005b5fa00000)]
  0x0000019c0f772bd0 JavaThread "Bundle File Closer" daemon [_thread_blocked, id=16704, stack(0x0000005b60000000,0x0000005b60100000)]
  0x0000019c0f46da70 JavaThread "Worker-JM" [_thread_blocked, id=13260, stack(0x0000005b60100000,0x0000005b60200000)]
  0x0000019c7e434140 JavaThread "C2 CompilerThread1" daemon [_thread_blocked, id=5692, stack(0x0000005b60200000,0x0000005b60300000)]

Other Threads:
  0x0000019c7b6cdc00 VMThread "VM Thread" [stack: 0x0000005b5e700000,0x0000005b5e800000] [id=2080]
  0x0000019c7df1a080 WatcherThread [stack: 0x0000005b5f300000,0x0000005b5f400000] [id=4920]
  0x0000019c7685a900 GCTaskThread "GC Thread#0" [stack: 0x0000005b5e600000,0x0000005b5e700000] [id=14172]
  0x0000019c7e703dc0 GCTaskThread "GC Thread#1" [stack: 0x0000005b5f400000,0x0000005b5f500000] [id=11916]
  0x0000019c7e6fd620 GCTaskThread "GC Thread#2" [stack: 0x0000005b5f500000,0x0000005b5f600000] [id=14852]
  0x0000019c7e6fd8d0 GCTaskThread "GC Thread#3" [stack: 0x0000005b5f600000,0x0000005b5f700000] [id=16068]
  0x0000019c7e6fdb80 GCTaskThread "GC Thread#4" [stack: 0x0000005b5f700000,0x0000005b5f800000] [id=14260]
  0x0000019c7e6fde30 GCTaskThread "GC Thread#5" [stack: 0x0000005b5f800000,0x0000005b5f900000] [id=1584]
  0x0000019c7e8137c0 GCTaskThread "GC Thread#6" [stack: 0x0000005b5fe00000,0x0000005b5ff00000] [id=932]
  0x0000019c7e813a70 GCTaskThread "GC Thread#7" [stack: 0x0000005b5ff00000,0x0000005b60000000] [id=4240]

Threads with active compile tasks:
C2 CompilerThread0     8359 2551  s    4       java.io.BufferedInputStream::read (113 bytes)

VM state: not at safepoint (normal execution)

VM Mutex/Monitor currently owned by a thread: None

Heap address: 0x00000000c0000000, size: 1024 MB, Compressed Oops mode: 32-bit

CDS archive(s) not mapped
Compressed class space mapped at: 0x0000000100000000-0x0000000140000000, reserved size: 1073741824
Narrow klass base: 0x0000000000000000, Narrow klass shift: 3, Narrow klass range: 0x140000000

GC Precious Log:
 CPUs: 8 total, 8 available
 Memory: 8074M
 Large Page Support: Disabled
 NUMA Support: Disabled
 Compressed Oops: Enabled (32-bit)
 Alignments: Space 512K, Generation 512K, Heap 2M
 Heap Min Capacity: 100M
 Heap Initial Capacity: 100M
 Heap Max Capacity: 1G
 Pre-touch: Disabled
 Parallel Workers: 8

Heap:
 PSYoungGen      total 29696K, used 23035K [0x00000000eab00000, 0x00000000ecc00000, 0x0000000100000000)
  eden space 25600K, 74% used [0x00000000eab00000,0x00000000ebd805d8,0x00000000ec400000)
  from space 4096K, 99% used [0x00000000ec400000,0x00000000ec7fe6b8,0x00000000ec800000)
  to   space 4096K, 0% used [0x00000000ec800000,0x00000000ec800000,0x00000000ecc00000)
 ParOldGen       total 68608K, used 5292K [0x00000000c0000000, 0x00000000c4300000, 0x00000000eab00000)
  object space 68608K, 7% used [0x00000000c0000000,0x00000000c052b1a8,0x00000000c4300000)
 Metaspace       used 21026K, committed 21440K, reserved 1073152K
  class space    used 2107K, committed 2304K, reserved 1048576K

Card table byte_map: [0x0000019c76210000,0x0000019c76420000] _byte_map_base: 0x0000019c75c10000

Marking Bits: (ParMarkBitMap*) 0x00007ffaf1d92cc0
 Begin Bits: [0x0000019c794e0000, 0x0000019c7a4e0000)
 End Bits:   [0x0000019c7a4e0000, 0x0000019c7b4e0000)

Polling page: 0x0000019c749e0000

Metaspace:

Usage:
  Non-class:     18.48 MB used.
      Class:      2.06 MB used.
       Both:     20.53 MB used.

Virtual space:
  Non-class space:       24.00 MB reserved,      18.69 MB ( 78%) committed,  3 nodes.
      Class space:        1.00 GB reserved,       2.25 MB ( <1%) committed,  1 nodes.
             Both:        1.02 GB reserved,      20.94 MB (  2%) committed. 

Chunk freelists:
   Non-Class:  1.06 MB
       Class:  1.75 MB
        Both:  2.81 MB

MaxMetaspaceSize: unlimited
CompressedClassSpaceSize: 1.00 GB
Initial GC threshold: 21.00 MB
Current GC threshold: 21.00 MB
CDS: off
MetaspaceReclaimPolicy: balanced
 - commit_granule_bytes: 65536.
 - commit_granule_words: 8192.
 - virtual_space_node_default_size: 1048576.
 - enlarge_chunks_in_place: 1.
 - new_chunks_are_fully_committed: 0.
 - uncommit_free_chunks: 1.
 - use_allocation_guard: 0.
 - handle_deallocations: 1.


Internal statistics:

num_allocs_failed_limit: 0.
num_arena_births: 176.
num_arena_deaths: 0.
num_vsnodes_births: 4.
num_vsnodes_deaths: 0.
num_space_committed: 335.
num_space_uncommitted: 0.
num_chunks_returned_to_freelist: 0.
num_chunks_taken_from_freelist: 640.
num_chunk_merges: 0.
num_chunk_splits: 422.
num_chunks_enlarged: 305.
num_purges: 0.
num_inconsistent_stats: 0.

CodeHeap 'non-profiled nmethods': size=120000Kb used=977Kb max_used=977Kb free=119022Kb
 bounds [0x0000019c07ad0000, 0x0000019c07d40000, 0x0000019c0f000000]
CodeHeap 'profiled nmethods': size=120000Kb used=5479Kb max_used=5479Kb free=114520Kb
 bounds [0x0000019c005a0000, 0x0000019c00b00000, 0x0000019c07ad0000]
CodeHeap 'non-nmethods': size=5760Kb used=1188Kb max_used=1214Kb free=4571Kb
 bounds [0x0000019c00000000, 0x0000019c00270000, 0x0000019c005a0000]
 total_blobs=3131 nmethods=2645 adapters=400
 compilation: enabled
              stopped_count=0, restarted_count=0
 full_count=0

Compilation events (20 events):
Event: 8.270 Thread 0x0000019c7dbefec0 2614       3       org.eclipse.osgi.internal.framework.FilterImpl$Equal::comparison (8 bytes)
Event: 8.270 Thread 0x0000019c7dbefec0 nmethod 2614 0x0000019c00ae5c10 code [0x0000019c00ae5da0, 0x0000019c00ae5f18]
Event: 8.276 Thread 0x0000019c7dbefec0 2615       3       jdk.internal.misc.Unsafe::checkSize (32 bytes)
Event: 8.276 Thread 0x0000019c7dbefec0 nmethod 2615 0x0000019c00ae5f90 code [0x0000019c00ae6140, 0x0000019c00ae63a8]
Event: 8.277 Thread 0x0000019c7dbefec0 2616       3       sun.nio.fs.WindowsNativeDispatcher::asNativeBuffer (105 bytes)
Event: 8.280 Thread 0x0000019c7dbefec0 nmethod 2616 0x0000019c00ae6490 code [0x0000019c00ae6700, 0x0000019c00ae70b8]
Event: 8.281 Thread 0x0000019c7dbefec0 2618       3       jdk.internal.misc.Unsafe::copyMemoryChecks (21 bytes)
Event: 8.282 Thread 0x0000019c7dbefec0 nmethod 2618 0x0000019c00ae7490 code [0x0000019c00ae7740, 0x0000019c00ae8448]
Event: 8.282 Thread 0x0000019c7dbefec0 2617       3       jdk.internal.misc.Unsafe::checkOffset (32 bytes)
Event: 8.283 Thread 0x0000019c7dbefec0 nmethod 2617 0x0000019c00ae8a10 code [0x0000019c00ae8bc0, 0x0000019c00ae8e28]
Event: 8.283 Thread 0x0000019c7dbefec0 2619       3       sun.nio.fs.WindowsPath::<init> (26 bytes)
Event: 8.283 Thread 0x0000019c7dbefec0 nmethod 2619 0x0000019c00ae8f10 code [0x0000019c00ae90a0, 0x0000019c00ae9258]
Event: 8.284 Thread 0x0000019c7dbefec0 2620       3       sun.nio.fs.WindowsPathParser::parse (384 bytes)
Event: 8.292 Thread 0x0000019c7dbefec0 nmethod 2620 0x0000019c00ae9310 code [0x0000019c00ae9a00, 0x0000019c00aed5e8]
Event: 8.292 Thread 0x0000019c7dbefec0 2621       3       sun.nio.fs.WindowsPathParser$Result::<init> (20 bytes)
Event: 8.292 Thread 0x0000019c7dbefec0 nmethod 2621 0x0000019c00aeec90 code [0x0000019c00aeee20, 0x0000019c00aeefd8]
Event: 8.292 Thread 0x0000019c7dbefec0 2622       3       sun.nio.fs.WindowsPath::isAbsolute (26 bytes)
Event: 8.293 Thread 0x0000019c7dbefec0 nmethod 2622 0x0000019c00aef090 code [0x0000019c00aef220, 0x0000019c00aef3d8]
Event: 8.293 Thread 0x0000019c7dbefec0 2623       1       org.eclipse.osgi.internal.hookregistry.ClassLoaderHook::createClassLoader (2 bytes)
Event: 8.293 Thread 0x0000019c7dbefec0 nmethod 2623 0x0000019c07bc3390 code [0x0000019c07bc3520, 0x0000019c07bc35f8]

GC Heap History (6 events):
Event: 4.155 GC heap before
{Heap before GC invocations=1 (full 0):
 PSYoungGen      total 29696K, used 25600K [0x00000000eab00000, 0x00000000ecc00000, 0x0000000100000000)
  eden space 25600K, 100% used [0x00000000eab00000,0x00000000ec400000,0x00000000ec400000)
  from space 4096K, 0% used [0x00000000ec800000,0x00000000ec800000,0x00000000ecc00000)
  to   space 4096K, 0% used [0x00000000ec400000,0x00000000ec400000,0x00000000ec800000)
 ParOldGen       total 68608K, used 0K [0x00000000c0000000, 0x00000000c4300000, 0x00000000eab00000)
  object space 68608K, 0% used [0x00000000c0000000,0x00000000c0000000,0x00000000c4300000)
 Metaspace       used 10815K, committed 11008K, reserved 1064960K
  class space    used 1084K, committed 1152K, reserved 1048576K
}
Event: 4.185 GC heap after
{Heap after GC invocations=1 (full 0):
 PSYoungGen      total 29696K, used 3288K [0x00000000eab00000, 0x00000000ecc00000, 0x0000000100000000)
  eden space 25600K, 0% used [0x00000000eab00000,0x00000000eab00000,0x00000000ec400000)
  from space 4096K, 80% used [0x00000000ec400000,0x00000000ec736218,0x00000000ec800000)
  to   space 4096K, 0% used [0x00000000ec800000,0x00000000ec800000,0x00000000ecc00000)
 ParOldGen       total 68608K, used 0K [0x00000000c0000000, 0x00000000c4300000, 0x00000000eab00000)
  object space 68608K, 0% used [0x00000000c0000000,0x00000000c0000000,0x00000000c4300000)
 Metaspace       used 10815K, committed 11008K, reserved 1064960K
  class space    used 1084K, committed 1152K, reserved 1048576K
}
Event: 5.695 GC heap before
{Heap before GC invocations=2 (full 0):
 PSYoungGen      total 29696K, used 28888K [0x00000000eab00000, 0x00000000ecc00000, 0x0000000100000000)
  eden space 25600K, 100% used [0x00000000eab00000,0x00000000ec400000,0x00000000ec400000)
  from space 4096K, 80% used [0x00000000ec400000,0x00000000ec736218,0x00000000ec800000)
  to   space 4096K, 0% used [0x00000000ec800000,0x00000000ec800000,0x00000000ecc00000)
 ParOldGen       total 68608K, used 0K [0x00000000c0000000, 0x00000000c4300000, 0x00000000eab00000)
  object space 68608K, 0% used [0x00000000c0000000,0x00000000c0000000,0x00000000c4300000)
 Metaspace       used 14806K, committed 15104K, reserved 1064960K
  class space    used 1506K, committed 1664K, reserved 1048576K
}
Event: 5.704 GC heap after
{Heap after GC invocations=2 (full 0):
 PSYoungGen      total 29696K, used 4093K [0x00000000eab00000, 0x00000000ecc00000, 0x0000000100000000)
  eden space 25600K, 0% used [0x00000000eab00000,0x00000000eab00000,0x00000000ec400000)
  from space 4096K, 99% used [0x00000000ec800000,0x00000000ecbff718,0x00000000ecc00000)
  to   space 4096K, 0% used [0x00000000ec400000,0x00000000ec400000,0x00000000ec800000)
 ParOldGen       total 68608K, used 1370K [0x00000000c0000000, 0x00000000c4300000, 0x00000000eab00000)
  object space 68608K, 1% used [0x00000000c0000000,0x00000000c0156b80,0x00000000c4300000)
 Metaspace       used 14806K, committed 15104K, reserved 1064960K
  class space    used 1506K, committed 1664K, reserved 1048576K
}
Event: 7.335 GC heap before
{Heap before GC invocations=3 (full 0):
 PSYoungGen      total 29696K, used 29693K [0x00000000eab00000, 0x00000000ecc00000, 0x0000000100000000)
  eden space 25600K, 100% used [0x00000000eab00000,0x00000000ec400000,0x00000000ec400000)
  from space 4096K, 99% used [0x00000000ec800000,0x00000000ecbff718,0x00000000ecc00000)
  to   space 4096K, 0% used [0x00000000ec400000,0x00000000ec400000,0x00000000ec800000)
 ParOldGen       total 68608K, used 1370K [0x00000000c0000000, 0x00000000c4300000, 0x00000000eab00000)
  object space 68608K, 1% used [0x00000000c0000000,0x00000000c0156b80,0x00000000c4300000)
 Metaspace       used 17877K, committed 18240K, reserved 1064960K
  class space    used 1797K, committed 1920K, reserved 1048576K
}
Event: 7.345 GC heap after
{Heap after GC invocations=3 (full 0):
 PSYoungGen      total 29696K, used 4089K [0x00000000eab00000, 0x00000000ecc00000, 0x0000000100000000)
  eden space 25600K, 0% used [0x00000000eab00000,0x00000000eab00000,0x00000000ec400000)
  from space 4096K, 99% used [0x00000000ec400000,0x00000000ec7fe6b8,0x00000000ec800000)
  to   space 4096K, 0% used [0x00000000ec800000,0x00000000ec800000,0x00000000ecc00000)
 ParOldGen       total 68608K, used 5292K [0x00000000c0000000, 0x00000000c4300000, 0x00000000eab00000)
  object space 68608K, 7% used [0x00000000c0000000,0x00000000c052b1a8,0x00000000c4300000)
 Metaspace       used 17877K, committed 18240K, reserved 1064960K
  class space    used 1797K, committed 1920K, reserved 1048576K
}

Deoptimization events (20 events):
Event: 8.191 Thread 0x0000019c0f4a3010 Uncommon trap: trap_request=0xffffff45 fr.pc=0x0000019c07bbbb84 relative=0x00000000000009a4
Event: 8.191 Thread 0x0000019c0f4a3010 Uncommon trap: reason=unstable_if action=reinterpret pc=0x0000019c07bbbb84 method=java.io.DataInputStream.readUnsignedShort()I @ 19 c2
Event: 8.191 Thread 0x0000019c0f4a3010 DEOPT PACKING pc=0x0000019c07bbbb84 sp=0x0000005b5fcf4e50
Event: 8.191 Thread 0x0000019c0f4a3010 DEOPT UNPACKING pc=0x0000019c000520a3 sp=0x0000005b5fcf4d68 mode 2
Event: 8.204 Thread 0x0000019c0f4a3010 DEOPT PACKING pc=0x0000019c00ad6f41 sp=0x0000005b5fcf4ea0
Event: 8.204 Thread 0x0000019c0f4a3010 DEOPT UNPACKING pc=0x0000019c00052843 sp=0x0000005b5fcf4338 mode 0
Event: 8.205 Thread 0x0000019c0f4a3010 DEOPT PACKING pc=0x0000019c00adfa4e sp=0x0000005b5fcf4cf0
Event: 8.205 Thread 0x0000019c0f4a3010 DEOPT UNPACKING pc=0x0000019c00052843 sp=0x0000005b5fcf4200 mode 0
Event: 8.221 Thread 0x0000019c0f4a3010 Uncommon trap: trap_request=0xffffff45 fr.pc=0x0000019c07b315ec relative=0x00000000000001cc
Event: 8.221 Thread 0x0000019c0f4a3010 Uncommon trap: reason=unstable_if action=reinterpret pc=0x0000019c07b315ec method=java.net.URI$Parser.scan(IIJJ)I @ 42 c2
Event: 8.221 Thread 0x0000019c0f4a3010 DEOPT PACKING pc=0x0000019c07b315ec sp=0x0000005b5fcf4b10
Event: 8.221 Thread 0x0000019c0f4a3010 DEOPT UNPACKING pc=0x0000019c000520a3 sp=0x0000005b5fcf4a90 mode 2
Event: 8.257 Thread 0x0000019c0f4a3010 Uncommon trap: trap_request=0xffffffde fr.pc=0x0000019c07b3e254 relative=0x0000000000000934
Event: 8.257 Thread 0x0000019c0f4a3010 Uncommon trap: reason=class_check action=maybe_recompile pc=0x0000019c07b3e254 method=java.util.HashMap.putVal(ILjava/lang/Object;Ljava/lang/Object;ZZ)Ljava/lang/Object; @ 253 c2
Event: 8.257 Thread 0x0000019c0f4a3010 DEOPT PACKING pc=0x0000019c07b3e254 sp=0x0000005b5fcf3190
Event: 8.257 Thread 0x0000019c0f4a3010 DEOPT UNPACKING pc=0x0000019c000520a3 sp=0x0000005b5fcf3028 mode 2
Event: 8.285 Thread 0x0000019c0f4a3010 Uncommon trap: trap_request=0xffffff45 fr.pc=0x0000019c07bc0940 relative=0x00000000000000a0
Event: 8.285 Thread 0x0000019c0f4a3010 Uncommon trap: reason=unstable_if action=reinterpret pc=0x0000019c07bc0940 method=org.eclipse.core.runtime.Path.equals(Ljava/lang/Object;)Z @ 35 c2
Event: 8.285 Thread 0x0000019c0f4a3010 DEOPT PACKING pc=0x0000019c07bc0940 sp=0x0000005b5fcf4dd0
Event: 8.285 Thread 0x0000019c0f4a3010 DEOPT UNPACKING pc=0x0000019c000520a3 sp=0x0000005b5fcf4d50 mode 2

Classes unloaded (0 events):
No events

Classes redefined (0 events):
No events

Internal exceptions (20 events):
Event: 3.926 Thread 0x0000019c76844a50 Exception <a 'java/lang/NoSuchMethodError'{0x00000000ec2722e0}: 'void java.lang.invoke.DirectMethodHandle$Holder.invokeStaticInit(java.lang.Object, java.lang.Object)'> (0x00000000ec2722e0) 
thrown [s\src\hotspot\share\interpreter\linkResolver.cpp, line 759]
Event: 3.933 Thread 0x0000019c76844a50 Exception <a 'java/lang/NoSuchMethodError'{0x00000000ec27a758}: 'int java.lang.invoke.DirectMethodHandle$Holder.invokeStaticInit(java.lang.Object, java.lang.Object)'> (0x00000000ec27a758) 
thrown [s\src\hotspot\share\interpreter\linkResolver.cpp, line 759]
Event: 4.118 Thread 0x0000019c76844a50 Exception <a 'java/lang/NoSuchMethodError'{0x00000000ec3be648}: 'void java.lang.invoke.DirectMethodHandle$Holder.invokeSpecial(java.lang.Object, java.lang.Object, java.lang.Object)'> (0x00000000ec3be648) 
thrown [s\src\hotspot\share\interpreter\linkResolver.cpp, line 759]
Event: 5.012 Thread 0x0000019c76844a50 Exception <a 'java/lang/NoSuchMethodError'{0x00000000eb7bca50}: 'java.lang.Object java.lang.invoke.DirectMethodHandle$Holder.newInvokeSpecial(java.lang.Object, int, java.lang.Object)'> (0x00000000eb7bca50) 
thrown [s\src\hotspot\share\interpreter\linkResolver.cpp, line 759]
Event: 5.423 Thread 0x0000019c76844a50 Exception <a 'java/lang/UnsatisfiedLinkError'{0x00000000ebd48d10}: 'void org.eclipse.equinox.launcher.JNIBridge._update_splash()'> (0x00000000ebd48d10) 
thrown [s\src\hotspot\share\prims\nativeLookup.cpp, line 543]
Event: 5.503 Thread 0x0000019c0f4a3010 Exception <a 'java/lang/NoSuchMethodError'{0x00000000ec01d860}: 'java.lang.Object java.lang.invoke.DirectMethodHandle$Holder.invokeStaticInit(java.lang.Object)'> (0x00000000ec01d860) 
thrown [s\src\hotspot\share\interpreter\linkResolver.cpp, line 759]
Event: 6.816 Thread 0x0000019c0f4a3010 Exception <a 'java/io/FileNotFoundException'{0x00000000ebdaa2c8}> (0x00000000ebdaa2c8) 
thrown [s\src\hotspot\share\prims\jni.cpp, line 516]
Event: 6.866 Thread 0x0000019c0f4a3010 Exception <a 'java/lang/NullPointerException'{0x00000000ebdf2f88}> (0x00000000ebdf2f88) 
thrown [s\src\hotspot\share\interpreter\linkResolver.cpp, line 1350]
Event: 6.866 Thread 0x0000019c0f4a3010 Exception <a 'java/lang/NullPointerException'{0x00000000ebdf37b0}> (0x00000000ebdf37b0) 
thrown [s\src\hotspot\share\interpreter\linkResolver.cpp, line 1350]
Event: 7.532 Thread 0x0000019c0f4a3010 Exception <a 'java/lang/NoSuchMethodError'{0x00000000eaed3558}: 'void java.lang.invoke.DirectMethodHandle$Holder.invokeInterface(java.lang.Object, java.lang.Object, java.lang.Object)'> (0x00000000eaed3558) 
thrown [s\src\hotspot\share\interpreter\linkResolver.cpp, line 759]
Event: 7.695 Thread 0x0000019c0f4a3010 Exception <a 'java/lang/NoSuchMethodError'{0x00000000eb1de318}: 'java.lang.Object java.lang.invoke.Invokers$Holder.invokeExact_MT(java.lang.Object, java.lang.Object, java.lang.Object, java.lang.Object, java.lang.Object, java.lang.Object)'> (0x00000000eb1de318) 
thrown [s\src\hotspot\share\interpreter\linkResolver.cpp, line 759]
Event: 7.767 Thread 0x0000019c0f4a3010 Exception <a 'java/lang/NoSuchMethodError'{0x00000000eb2bfaf8}: 'java.lang.Object java.lang.invoke.DirectMethodHandle$Holder.invokeStatic(java.lang.Object, java.lang.Object, int)'> (0x00000000eb2bfaf8) 
thrown [s\src\hotspot\share\interpreter\linkResolver.cpp, line 759]
Event: 7.768 Thread 0x0000019c0f4a3010 Exception <a 'java/lang/NoSuchMethodError'{0x00000000eb2c4950}: 'void java.lang.invoke.DirectMethodHandle$Holder.invokeStatic(java.lang.Object, java.lang.Object, int, java.lang.Object)'> (0x00000000eb2c4950) 
thrown [s\src\hotspot\share\interpreter\linkResolver.cpp, line 759]
Event: 7.769 Thread 0x0000019c0f4a3010 Exception <a 'java/lang/NoSuchMethodError'{0x00000000eb2cc328}: 'void java.lang.invoke.DelegatingMethodHandle$Holder.delegate(java.lang.Object, java.lang.Object, int, java.lang.Object)'> (0x00000000eb2cc328) 
thrown [s\src\hotspot\share\interpreter\linkResolver.cpp, line 759]
Event: 7.771 Thread 0x0000019c0f4a3010 Exception <a 'java/lang/NoSuchMethodError'{0x00000000eb2d09b8}: 'int java.lang.invoke.DirectMethodHandle$Holder.invokeSpecial(java.lang.Object, java.lang.Object, java.lang.Object)'> (0x00000000eb2d09b8) 
thrown [s\src\hotspot\share\interpreter\linkResolver.cpp, line 759]
Event: 7.773 Thread 0x0000019c0f4a3010 Exception <a 'java/lang/NoSuchMethodError'{0x00000000eb2e0fa8}: 'int java.lang.invoke.DirectMethodHandle$Holder.invokeStatic(java.lang.Object, java.lang.Object, int)'> (0x00000000eb2e0fa8) 
thrown [s\src\hotspot\share\interpreter\linkResolver.cpp, line 759]
Event: 7.774 Thread 0x0000019c0f4a3010 Exception <a 'java/lang/NoSuchMethodError'{0x00000000eb2e5598}: 'int java.lang.invoke.DirectMethodHandle$Holder.invokeSpecial(java.lang.Object, java.lang.Object, java.lang.Object, int)'> (0x00000000eb2e5598) 
thrown [s\src\hotspot\share\interpreter\linkResolver.cpp, line 759]
Event: 7.790 Thread 0x0000019c0f4a3010 Exception <a 'java/lang/NoSuchMethodError'{0x00000000eb300018}: 'java.lang.Object java.lang.invoke.DirectMethodHandle$Holder.invokeStatic(java.lang.Object, java.lang.Object, java.lang.Object, java.lang.Object, int)'> (0x00000000eb300018) 
thrown [s\src\hotspot\share\interpreter\linkResolver.cpp, line 759]
Event: 7.796 Thread 0x0000019c0f4a3010 Exception <a 'java/lang/NoSuchMethodError'{0x00000000eb30c010}: 'java.lang.Object java.lang.invoke.DelegatingMethodHandle$Holder.reinvoke_L(java.lang.Object, java.lang.Object, java.lang.Object, java.lang.Object, int, int)'> (0x00000000eb30c010) 
thrown [s\src\hotspot\share\interpreter\linkResolver.cpp, line 759]
Event: 7.806 Thread 0x0000019c0f4a3010 Exception <a 'java/lang/NoSuchMethodError'{0x00000000eb323fa0}: 'java.lang.Object java.lang.invoke.Invokers$Holder.invokeExact_MT(java.lang.Object, java.lang.Object, java.lang.Object, java.lang.Object)'> (0x00000000eb323fa0) 
thrown [s\src\hotspot\share\interpreter\linkResolver.cpp, line 759]

VM Operations (20 events):
Event: 5.535 Executing VM operation: HandshakeAllThreads
Event: 5.535 Executing VM operation: HandshakeAllThreads done
Event: 5.535 Executing VM operation: Cleanup
Event: 5.536 Executing VM operation: Cleanup done
Event: 5.695 Executing VM operation: ParallelGCFailedAllocation
Event: 5.704 Executing VM operation: ParallelGCFailedAllocation done
Event: 6.712 Executing VM operation: Cleanup
Event: 6.713 Executing VM operation: Cleanup done
Event: 7.303 Executing VM operation: HandshakeAllThreads
Event: 7.303 Executing VM operation: HandshakeAllThreads done
Event: 7.335 Executing VM operation: ParallelGCFailedAllocation
Event: 7.347 Executing VM operation: ParallelGCFailedAllocation done
Event: 7.473 Executing VM operation: HandshakeAllThreads
Event: 7.473 Executing VM operation: HandshakeAllThreads done
Event: 7.480 Executing VM operation: HandshakeAllThreads
Event: 7.480 Executing VM operation: HandshakeAllThreads done
Event: 7.765 Executing VM operation: HandshakeAllThreads
Event: 7.765 Executing VM operation: HandshakeAllThreads done
Event: 7.948 Executing VM operation: HandshakeAllThreads
Event: 7.948 Executing VM operation: HandshakeAllThreads done

Events (20 events):
Event: 8.086 loading class java/lang/StackTraceElement$HashedModules
Event: 8.087 loading class java/lang/StackTraceElement$HashedModules done
Event: 8.098 loading class java/io/FileOutputStream$1
Event: 8.098 loading class java/io/FileOutputStream$1 done
Event: 8.237 loading class java/nio/file/FileAlreadyExistsException
Event: 8.237 loading class java/nio/file/FileSystemException
Event: 8.237 loading class java/nio/file/FileSystemException done
Event: 8.237 loading class java/nio/file/FileAlreadyExistsException done
Event: 8.237 loading class java/nio/file/AccessDeniedException
Event: 8.237 loading class java/nio/file/AccessDeniedException done
Event: 8.238 loading class java/nio/file/NoSuchFileException
Event: 8.238 loading class java/nio/file/NoSuchFileException done
Event: 8.238 loading class java/nio/file/DirectoryNotEmptyException
Event: 8.238 loading class java/nio/file/DirectoryNotEmptyException done
Event: 8.274 loading class java/nio/file/attribute/DosFileAttributeView
Event: 8.274 loading class java/nio/file/attribute/DosFileAttributeView done
Event: 8.274 loading class sun/nio/fs/WindowsFileAttributeViews$Dos
Event: 8.275 loading class sun/nio/fs/WindowsFileAttributeViews$Dos done
Event: 8.293 loading class sun/nio/fs/WindowsUriSupport
Event: 8.294 loading class sun/nio/fs/WindowsUriSupport done


Dynamic libraries:
0x00007ff656f80000 - 0x00007ff656f8e000 	c:\Users\Prabharsha\.vscode\extensions\redhat.java-1.11.0-win32-x64\jre\17.0.4.1-win32-x86_64\bin\java.exe
0x00007ffb3b2b0000 - 0x00007ffb3b4a5000 	C:\WINDOWS\SYSTEM32\ntdll.dll
0x00007ffb3a2d0000 - 0x00007ffb3a38e000 	C:\WINDOWS\System32\KERNEL32.DLL
0x00007ffb38be0000 - 0x00007ffb38ea8000 	C:\WINDOWS\System32\KERNELBASE.dll
0x00007ffb38ae0000 - 0x00007ffb38be0000 	C:\WINDOWS\System32\ucrtbase.dll
0x00007ffb30840000 - 0x00007ffb30859000 	c:\Users\Prabharsha\.vscode\extensions\redhat.java-1.11.0-win32-x64\jre\17.0.4.1-win32-x86_64\bin\VCRUNTIME140.dll
0x00007ffb2e7e0000 - 0x00007ffb2e7f8000 	c:\Users\Prabharsha\.vscode\extensions\redhat.java-1.11.0-win32-x64\jre\17.0.4.1-win32-x86_64\bin\jli.dll
0x00007ffb3a5a0000 - 0x00007ffb3a740000 	C:\WINDOWS\System32\USER32.dll
0x00007ffb37de0000 - 0x00007ffb3807a000 	C:\WINDOWS\WinSxS\amd64_microsoft.windows.common-controls_6595b64144ccf1df_6.0.19041.1110_none_60b5254171f9507e\COMCTL32.dll
0x00007ffb39e70000 - 0x00007ffb39f0e000 	C:\WINDOWS\System32\msvcrt.dll
0x00007ffb392e0000 - 0x00007ffb39302000 	C:\WINDOWS\System32\win32u.dll
0x00007ffb3a550000 - 0x00007ffb3a57b000 	C:\WINDOWS\System32\GDI32.dll
0x00007ffb38eb0000 - 0x00007ffb38fbb000 	C:\WINDOWS\System32\gdi32full.dll
0x00007ffb389d0000 - 0x00007ffb38a6d000 	C:\WINDOWS\System32\msvcp_win.dll
0x00007ffb39520000 - 0x00007ffb39550000 	C:\WINDOWS\System32\IMM32.DLL
0x00007ffb35a20000 - 0x00007ffb35a2c000 	c:\Users\Prabharsha\.vscode\extensions\redhat.java-1.11.0-win32-x64\jre\17.0.4.1-win32-x86_64\bin\vcruntime140_1.dll
0x00007ffb0e1a0000 - 0x00007ffb0e231000 	c:\Users\Prabharsha\.vscode\extensions\redhat.java-1.11.0-win32-x64\jre\17.0.4.1-win32-x86_64\bin\msvcp140.dll
0x00007ffaf1210000 - 0x00007ffaf1e56000 	c:\Users\Prabharsha\.vscode\extensions\redhat.java-1.11.0-win32-x64\jre\17.0.4.1-win32-x86_64\bin\server\jvm.dll
0x00007ffb3a9e0000 - 0x00007ffb3aa8e000 	C:\WINDOWS\System32\ADVAPI32.dll
0x00007ffb3a390000 - 0x00007ffb3a42c000 	C:\WINDOWS\System32\sechost.dll
0x00007ffb3a1a0000 - 0x00007ffb3a2c5000 	C:\WINDOWS\System32\RPCRT4.dll
0x00007ffb3b260000 - 0x00007ffb3b268000 	C:\WINDOWS\System32\PSAPI.DLL
0x00007ffb23b50000 - 0x00007ffb23b59000 	C:\WINDOWS\SYSTEM32\WSOCK32.dll
0x00007ffb3a0d0000 - 0x00007ffb3a13b000 	C:\WINDOWS\System32\WS2_32.dll
0x00007ffb1d750000 - 0x00007ffb1d777000 	C:\WINDOWS\SYSTEM32\WINMM.dll
0x00007ffb35e20000 - 0x00007ffb35e2a000 	C:\WINDOWS\SYSTEM32\VERSION.dll
0x00007ffb36470000 - 0x00007ffb36482000 	C:\WINDOWS\SYSTEM32\kernel.appcore.dll
0x00007ffb316b0000 - 0x00007ffb316ba000 	c:\Users\Prabharsha\.vscode\extensions\redhat.java-1.11.0-win32-x64\jre\17.0.4.1-win32-x86_64\bin\jimage.dll
0x00007ffb38250000 - 0x00007ffb38434000 	C:\WINDOWS\SYSTEM32\DBGHELP.DLL
0x00007ffb381a0000 - 0x00007ffb381cc000 	C:\WINDOWS\SYSTEM32\dbgcore.DLL
0x00007ffb39150000 - 0x00007ffb391d2000 	C:\WINDOWS\System32\bcryptPrimitives.dll
0x00007ffb312c0000 - 0x00007ffb312ce000 	c:\Users\Prabharsha\.vscode\extensions\redhat.java-1.11.0-win32-x64\jre\17.0.4.1-win32-x86_64\bin\instrument.dll
0x00007ffb2d9d0000 - 0x00007ffb2d9f5000 	c:\Users\Prabharsha\.vscode\extensions\redhat.java-1.11.0-win32-x64\jre\17.0.4.1-win32-x86_64\bin\java.dll
0x00007ffb2ce90000 - 0x00007ffb2cea8000 	c:\Users\Prabharsha\.vscode\extensions\redhat.java-1.11.0-win32-x64\jre\17.0.4.1-win32-x86_64\bin\zip.dll
0x00007ffb3aa90000 - 0x00007ffb3b1d4000 	C:\WINDOWS\System32\SHELL32.dll
0x00007ffb36490000 - 0x00007ffb36c24000 	C:\WINDOWS\SYSTEM32\windows.storage.dll
0x00007ffb39550000 - 0x00007ffb398a4000 	C:\WINDOWS\System32\combase.dll
0x00007ffb37d40000 - 0x00007ffb37d6c000 	C:\WINDOWS\SYSTEM32\Wldp.dll
0x00007ffb3a930000 - 0x00007ffb3a9dd000 	C:\WINDOWS\System32\SHCORE.dll
0x00007ffb3b1f0000 - 0x00007ffb3b245000 	C:\WINDOWS\System32\shlwapi.dll
0x00007ffb38910000 - 0x00007ffb3892f000 	C:\WINDOWS\SYSTEM32\profapi.dll
0x00007ffb2bbc0000 - 0x00007ffb2bbd9000 	C:\Users\Prabharsha\.vscode\extensions\redhat.java-1.11.0-win32-x64\jre\17.0.4.1-win32-x86_64\bin\net.dll
0x00007ffb2e1f0000 - 0x00007ffb2e2f9000 	C:\WINDOWS\SYSTEM32\WINHTTP.dll
0x00007ffb37c10000 - 0x00007ffb37c7a000 	C:\WINDOWS\system32\mswsock.dll
0x00007ffb22110000 - 0x00007ffb22125000 	C:\Users\Prabharsha\.vscode\extensions\redhat.java-1.11.0-win32-x64\jre\17.0.4.1-win32-x86_64\bin\nio.dll
0x00007ffb30e20000 - 0x00007ffb30e30000 	c:\Users\Prabharsha\.vscode\extensions\redhat.java-1.11.0-win32-x64\jre\17.0.4.1-win32-x86_64\bin\verify.dll
0x00007ffb11fa0000 - 0x00007ffb11fde000 	C:\Users\Prabharsha\AppData\Roaming\Code\User\globalStorage\redhat.java\1.11.0\config_win\org.eclipse.equinox.launcher\org.eclipse.equinox.launcher.win32.win32.x86_64_1.2.600.v20220720-1916\eclipse_11700.dll
0x00007ffb39fa0000 - 0x00007ffb3a0ca000 	C:\WINDOWS\System32\ole32.dll

dbghelp: loaded successfully - version: 4.0.5 - missing functions: none
symbol engine: initialized successfully - sym options: 0x614 - pdb path: .;c:\Users\Prabharsha\.vscode\extensions\redhat.java-1.11.0-win32-x64\jre\17.0.4.1-win32-x86_64\bin;C:\WINDOWS\SYSTEM32;C:\WINDOWS\WinSxS\amd64_microsoft.windows.common-controls_6595b64144ccf1df_6.0.19041.1110_none_60b5254171f9507e;c:\Users\Prabharsha\.vscode\extensions\redhat.java-1.11.0-win32-x64\jre\17.0.4.1-win32-x86_64\bin\server;C:\Users\Prabharsha\AppData\Roaming\Code\User\globalStorage\redhat.java\1.11.0\config_win\org.eclipse.equinox.launcher\org.eclipse.equinox.launcher.win32.win32.x86_64_1.2.600.v20220720-1916

VM Arguments:
jvm_args: --add-modules=ALL-SYSTEM --add-opens=java.base/java.util=ALL-UNNAMED --add-opens=java.base/java.lang=ALL-UNNAMED --add-opens=java.base/sun.nio.fs=ALL-UNNAMED -Declipse.application=org.eclipse.jdt.ls.core.id1 -Dosgi.bundles.defaultStartLevel=4 -Declipse.product=org.eclipse.jdt.ls.core.product -Djava.import.generatesMetadataFilesAtProjectRoot=false -Dfile.encoding=utf8 -DwatchParentProcess=false -XX:+UseParallelGC -XX:GCTimeRatio=4 -XX:AdaptiveSizePolicyWeight=90 -Dsun.zip.disableMemoryMapping=true -Xmx1G -Xms100m -Xlog:disable -javaagent:c:\Users\Prabharsha\.vscode\extensions\redhat.java-1.11.0-win32-x64\lombok\lombok-1.18.24.jar -XX:+HeapDumpOnOutOfMemoryError -XX:HeapDumpPath=c:\Users\Prabharsha\AppData\Roaming\Code\User\workspaceStorage\eb937eaabd02c54c35364ab9040414ff\redhat.java 
java_command: c:\Users\Prabharsha\.vscode\extensions\redhat.java-1.11.0-win32-x64\server\plugins\org.eclipse.equinox.launcher_1.6.400.v20210924-0641.jar -configuration c:\Users\Prabharsha\AppData\Roaming\Code\User\globalStorage\redhat.java\1.11.0\config_win -data c:\Users\Prabharsha\AppData\Roaming\Code\User\workspaceStorage\eb937eaabd02c54c35364ab9040414ff\redhat.java\jdt_ws
java_class_path (initial): c:\Users\Prabharsha\.vscode\extensions\redhat.java-1.11.0-win32-x64\server\plugins\org.eclipse.equinox.launcher_1.6.400.v20210924-0641.jar
Launcher Type: SUN_STANDARD

[Global flags]
    uintx AdaptiveSizePolicyWeight                 = 90                                        {product} {command line}
     intx CICompilerCount                          = 4                                         {product} {ergonomic}
    uintx GCTimeRatio                              = 4                                         {product} {command line}
     bool HeapDumpOnOutOfMemoryError               = true                                   {manageable} {command line}
    ccstr HeapDumpPath                             = c:\Users\Prabharsha\AppData\Roaming\Code\User\workspaceStorage\eb937eaabd02c54c35364ab9040414ff\redhat.java         {manageable} {command line}
   size_t InitialHeapSize                          = 104857600                                 {product} {command line}
   size_t MaxHeapSize                              = 1073741824                                {product} {command line}
   size_t MaxNewSize                               = 357564416                                 {product} {ergonomic}
   size_t MinHeapDeltaBytes                        = 524288                                    {product} {ergonomic}
   size_t MinHeapSize                              = 104857600                                 {product} {command line}
   size_t NewSize                                  = 34603008                                  {product} {ergonomic}
    uintx NonNMethodCodeHeapSize                   = 5839372                                {pd product} {ergonomic}
    uintx NonProfiledCodeHeapSize                  = 122909434                              {pd product} {ergonomic}
   size_t OldSize                                  = 70254592                                  {product} {ergonomic}
    uintx ProfiledCodeHeapSize                     = 122909434                              {pd product} {ergonomic}
    uintx ReservedCodeCacheSize                    = 251658240                              {pd product} {ergonomic}
     bool SegmentedCodeCache                       = true                                      {product} {ergonomic}
   size_t SoftMaxHeapSize                          = 1073741824                             {manageable} {ergonomic}
     bool UseCompressedClassPointers               = true                           {product lp64_product} {ergonomic}
     bool UseCompressedOops                        = true                           {product lp64_product} {ergonomic}
     bool UseLargePagesIndividualAllocation        = false                                  {pd product} {ergonomic}
     bool UseParallelGC                            = true                                      {product} {command line}

Logging:
Log output configuration:
 #0: stdout all=off uptime,level,tags
 #1: stderr all=off uptime,level,tags

Environment Variables:
JAVA_HOME=C:\Program Files\Java\jdk-11.0.16
PATH=C:\Program Files\Java\jdk-11.0.16\bin;C:\Program Files\Common Files\Oracle\Java\javapath;C:\Program Files\Eclipse Adoptium\jdk-8.0.322.6-hotspot\bin;C:\Python310\Scripts\;C:\Python310\;C:\Program Files (x86)\Common Files\Oracle\Java\javapath;C:\WINDOWS\system32;C:\Program Files\Java\jdk1.8.0_271\bin;C:\WINDOWS;C:\WINDOWS\System32\Wbem;C:\WINDOWS\System32\WindowsPowerShell\v1.0\;C:\WINDOWS\System32\OpenSSH\;C:\Program Files\NVIDIA Corporation\NVIDIA NvDLISR;C:\Program Files (x86)\NVIDIA Corporation\PhysX\Common;C:\Program Files\MySQL\MySQL Server 8.0\bin;C:\Program Files (x86)\QuickTime\QTSystem\;C:\Program Files\Git\cmd;C:\ProgramData\chocolatey\bin;C:\Program Files (x86)\NoteBook FanControl\;C:\Program Files\nodejs\;C:\Program Files (x86)\dotnet\;%LOCALAPPDATA%\Android\Sdk\platform-tools;C:\Users\Prabharsha\AppData\Roaming\npm;C:\Program Files\MySQL\MySQL Shell 8.0\bin\;C:\Users\Prabharsha\AppData\Local\Microsoft\WindowsApps;C:\Program Files\JetBrains\IntelliJ IDEA 2022.1.2\bin;;C:\Program Files\MySQL\MySQL Shell 8.0\bin;C:\Program Files\MySQL\MySQL Shell 8.0\bin;C:\Users\Prabharsha\AppData\Local\Programs\Microsoft VS Code\bin
USERNAME=Prabharsha
OS=Windows_NT
PROCESSOR_IDENTIFIER=Intel64 Family 6 Model 142 Stepping 10, GenuineIntel
TMP=C:\Users\PRABHA~1\AppData\Local\Temp
TEMP=C:\Users\PRABHA~1\AppData\Local\Temp



---------------  S Y S T E M  ---------------

OS:
 Windows 10 , 64 bit Build 19041 (10.0.19041.1566)
OS uptime: 0 days 22:16 hours

CPU: total 8 (initial active 8) (4 cores per cpu, 2 threads per core) family 6 model 142 stepping 10 microcode 0xb4, cx8, cmov, fxsr, ht, mmx, 3dnowpref, sse, sse2, sse3, ssse3, sse4.1, sse4.2, popcnt, lzcnt, tsc, tscinvbit, avx, avx2, aes, erms, clmul, bmi1, bmi2, adx, fma, vzeroupper, clflush, clflushopt

Memory: 4k page, system-wide physical 8074M (421M free)
TotalPageFile size 12074M (AvailPageFile size 2M)
current process WorkingSet (physical memory assigned to process): 117M, peak: 118M
current process commit charge ("private bytes"): 228M, peak: 229M

vm_info: OpenJDK 64-Bit Server VM (17.0.4.1+1) for windows-amd64 JRE (17.0.4.1+1), built on Aug 17 2022 07:42:43 by "temurin" with MS VC++ 16.7 (VS2019)

END.
