#
# There is insufficient memory for the Java Runtime Environment to continue.
# Native memory allocation (mmap) failed to map 65536 bytes for Failed to commit metaspace.
# Possible reasons:
#   The system is out of physical RAM or swap space
#   The process is running with CompressedOops enabled, and the Java Heap may be blocking the growth of the native heap
# Possible solutions:
#   Reduce memory load on the system
#   Increase physical memory or swap space
#   Check if swap backing store is full
#   Decrease Java heap size (-Xmx/-Xms)
#   Decrease number of Java threads
#   Decrease Java thread stack sizes (-Xss)
#   Set larger code cache with -XX:ReservedCodeCacheSize=
#   JVM is running with Unscaled Compressed Oops mode in which the Java heap is
#     placed in the first 4GB address space. The Java Heap base address is the
#     maximum limit for the native heap growth. Please use -XX:HeapBaseMinAddress
#     to set the Java Heap base and to place the Java Heap above 4GB virtual address.
# This output file may be truncated or incomplete.
#
#  Out of Memory Error (virtualSpaceNode.cpp:110), pid=13168, tid=7272
#
# JRE version: OpenJDK Runtime Environment Temurin-17.0.4.1+1 (17.0.4.1+1) (build 17.0.4.1+1)
# Java VM: OpenJDK 64-Bit Server VM Temurin-17.0.4.1+1 (17.0.4.1+1, mixed mode, tiered, compressed oops, compressed class ptrs, parallel gc, windows-amd64)
# No core dump will be written. Minidumps are not enabled by default on client versions of Windows
#

---------------  S U M M A R Y ------------

Command Line: --add-modules=ALL-SYSTEM --add-opens=java.base/java.util=ALL-UNNAMED --add-opens=java.base/java.lang=ALL-UNNAMED --add-opens=java.base/sun.nio.fs=ALL-UNNAMED -Declipse.application=org.eclipse.jdt.ls.core.id1 -Dosgi.bundles.defaultStartLevel=4 -Declipse.product=org.eclipse.jdt.ls.core.product -Djava.import.generatesMetadataFilesAtProjectRoot=false -Dfile.encoding=utf8 -DwatchParentProcess=false -XX:+UseParallelGC -XX:GCTimeRatio=4 -XX:AdaptiveSizePolicyWeight=90 -Dsun.zip.disableMemoryMapping=true -Xmx1G -Xms100m -Xlog:disable -javaagent:c:\Users\Prabharsha\.vscode\extensions\redhat.java-1.11.0-win32-x64\lombok\lombok-1.18.24.jar -XX:+HeapDumpOnOutOfMemoryError -XX:HeapDumpPath=c:\Users\Prabharsha\AppData\Roaming\Code\User\workspaceStorage\eb937eaabd02c54c35364ab9040414ff\redhat.java c:\Users\Prabharsha\.vscode\extensions\redhat.java-1.11.0-win32-x64\server\plugins\org.eclipse.equinox.launcher_1.6.400.v20210924-0641.jar -configuration c:\Users\Prabharsha\AppData\Roaming\Code\User\globalStorage\redhat.java\1.11.0\config_win -data c:\Users\Prabharsha\AppData\Roaming\Code\User\workspaceStorage\eb937eaabd02c54c35364ab9040414ff\redhat.java\jdt_ws

Host: Intel(R) Core(TM) i5-8250U CPU @ 1.60GHz, 8 cores, 7G,  Windows 10 , 64 bit Build 19041 (10.0.19041.1566)
Time: Mon Oct 10 22:35:44 2022 Sri Lanka Standard Time elapsed time: 0.955862 seconds (0d 0h 0m 0s)

---------------  T H R E A D  ---------------

Current thread (0x0000024b068f38d0):  JavaThread "main" [_thread_in_vm, id=7272, stack(0x0000009fce500000,0x0000009fce600000)]

Stack: [0x0000009fce500000,0x0000009fce600000]
Native frames: (J=compiled Java code, j=interpreted, Vv=VM code, C=native code)
V  [jvm.dll+0x67731a]
V  [jvm.dll+0x832284]
V  [jvm.dll+0x833a2e]
V  [jvm.dll+0x834093]
V  [jvm.dll+0x245775]
V  [jvm.dll+0x82e22b]
V  [jvm.dll+0x61bdf6]
V  [jvm.dll+0x61be5a]
V  [jvm.dll+0x61e67a]
V  [jvm.dll+0x61c796]
V  [jvm.dll+0x239e0f]
V  [jvm.dll+0x6265a5]
V  [jvm.dll+0x1ea5db]
V  [jvm.dll+0x1eab15]
V  [jvm.dll+0x1eb54f]
V  [jvm.dll+0x1e09f1]
V  [jvm.dll+0x53c910]
V  [jvm.dll+0x1f11e7]
V  [jvm.dll+0x7ac56b]
V  [jvm.dll+0x7ad912]
V  [jvm.dll+0x7adc48]
V  [jvm.dll+0x23db7e]
V  [jvm.dll+0x23ddcf]
V  [jvm.dll+0x559f88]
V  [jvm.dll+0x55ce37]
V  [jvm.dll+0x383307]
V  [jvm.dll+0x38295f]
C  0x0000024b0ad99de2

Java frames: (J=compiled Java code, j=interpreted, Vv=VM code)
j  java.lang.String.replaceAll(Ljava/lang/String;Ljava/lang/String;)Ljava/lang/String;+1 java.base@17.0.4.1
j  lombok.launch.ShadowClassLoader.urlDecode(Ljava/lang/String;)Ljava/lang/String;+7
j  lombok.launch.ShadowClassLoader.<init>(Ljava/lang/ClassLoader;Ljava/lang/String;Ljava/lang/String;Ljava/util/List;Ljava/util/List;)V+368
j  lombok.launch.Main.getShadowClassLoader()Ljava/lang/ClassLoader;+37
j  lombok.launch.Agent.runLauncher(Ljava/lang/String;Ljava/lang/instrument/Instrumentation;Z)V+0
j  lombok.launch.Agent.premain(Ljava/lang/String;Ljava/lang/instrument/Instrumentation;)V+3
v  ~StubRoutines::call_stub
j  jdk.internal.reflect.NativeMethodAccessorImpl.invoke0(Ljava/lang/reflect/Method;Ljava/lang/Object;[Ljava/lang/Object;)Ljava/lang/Object;+0 java.base@17.0.4.1
j  jdk.internal.reflect.NativeMethodAccessorImpl.invoke(Ljava/lang/Object;[Ljava/lang/Object;)Ljava/lang/Object;+133 java.base@17.0.4.1
j  jdk.internal.reflect.DelegatingMethodAccessorImpl.invoke(Ljava/lang/Object;[Ljava/lang/Object;)Ljava/lang/Object;+6 java.base@17.0.4.1
j  java.lang.reflect.Method.invoke(Ljava/lang/Object;[Ljava/lang/Object;)Ljava/lang/Object;+59 java.base@17.0.4.1
j  sun.instrument.InstrumentationImpl.loadClassAndStartAgent(Ljava/lang/String;Ljava/lang/String;Ljava/lang/String;)V+166 java.instrument@17.0.4.1
j  sun.instrument.InstrumentationImpl.loadClassAndCallPremain(Ljava/lang/String;Ljava/lang/String;)V+6 java.instrument@17.0.4.1
v  ~StubRoutines::call_stub

---------------  P R O C E S S  ---------------

Threads class SMR info:
_java_thread_list=0x0000024b1ecc0970, length=11, elements={
0x0000024b068f38d0, 0x0000024b1c6e66d0, 0x0000024b1c6e7540, 0x0000024b1c6e9fe0,
0x0000024b1c6ecd60, 0x0000024b1c6ed9d0, 0x0000024b1c6ee380, 0x0000024b1ebda490,
0x0000024b1ebdcda0, 0x0000024b1ec45220, 0x0000024b1ecc4640
}

Java Threads: ( => current thread )
=>0x0000024b068f38d0 JavaThread "main" [_thread_in_vm, id=7272, stack(0x0000009fce500000,0x0000009fce600000)]
  0x0000024b1c6e66d0 JavaThread "Reference Handler" daemon [_thread_blocked, id=9036, stack(0x0000009fce800000,0x0000009fce900000)]
  0x0000024b1c6e7540 JavaThread "Finalizer" daemon [_thread_blocked, id=8436, stack(0x0000009fce900000,0x0000009fcea00000)]
  0x0000024b1c6e9fe0 JavaThread "Signal Dispatcher" daemon [_thread_blocked, id=12464, stack(0x0000009fcea00000,0x0000009fceb00000)]
  0x0000024b1c6ecd60 JavaThread "Attach Listener" daemon [_thread_blocked, id=5468, stack(0x0000009fceb00000,0x0000009fcec00000)]
  0x0000024b1c6ed9d0 JavaThread "Service Thread" daemon [_thread_blocked, id=1440, stack(0x0000009fcec00000,0x0000009fced00000)]
  0x0000024b1c6ee380 JavaThread "Monitor Deflation Thread" daemon [_thread_blocked, id=13080, stack(0x0000009fced00000,0x0000009fcee00000)]
  0x0000024b1ebda490 JavaThread "C2 CompilerThread0" daemon [_thread_blocked, id=972, stack(0x0000009fcee00000,0x0000009fcef00000)]
  0x0000024b1ebdcda0 JavaThread "C1 CompilerThread0" daemon [_thread_blocked, id=11056, stack(0x0000009fcef00000,0x0000009fcf000000)]
  0x0000024b1ec45220 JavaThread "Sweeper thread" daemon [_thread_blocked, id=12808, stack(0x0000009fcf000000,0x0000009fcf100000)]
  0x0000024b1ecc4640 JavaThread "Common-Cleaner" daemon [_thread_blocked, id=6300, stack(0x0000009fcf100000,0x0000009fcf200000)]

Other Threads:
  0x0000024b1c6de650 VMThread "VM Thread" [stack: 0x0000009fce700000,0x0000009fce800000] [id=3136]
  0x0000024b06909780 GCTaskThread "GC Thread#0" [stack: 0x0000009fce600000,0x0000009fce700000] [id=2760]

Threads with active compile tasks:

VM state: not at safepoint (normal execution)

VM Mutex/Monitor currently owned by a thread:  ([mutex/lock_event])
[0x0000024b06786ec0] Metaspace_lock - owner thread: 0x0000024b068f38d0

Heap address: 0x00000000c0000000, size: 1024 MB, Compressed Oops mode: 32-bit

CDS archive(s) not mapped
Compressed class space mapped at: 0x0000000100000000-0x0000000140000000, reserved size: 1073741824
Narrow klass base: 0x0000000000000000, Narrow klass shift: 3, Narrow klass range: 0x140000000

GC Precious Log:
 CPUs: 8 total, 8 available
 Memory: 8074M
 Large Page Support: Disabled
 NUMA Support: Disabled
 Compressed Oops: Enabled (32-bit)
 Alignments: Space 512K, Generation 512K, Heap 2M
 Heap Min Capacity: 100M
 Heap Initial Capacity: 100M
 Heap Max Capacity: 1G
 Pre-touch: Disabled
 Parallel Workers: 8

Heap:
 PSYoungGen      total 29696K, used 3081K [0x00000000eab00000, 0x00000000ecc00000, 0x0000000100000000)
  eden space 25600K, 12% used [0x00000000eab00000,0x00000000eae02580,0x00000000ec400000)
  from space 4096K, 0% used [0x00000000ec800000,0x00000000ec800000,0x00000000ecc00000)
  to   space 4096K, 0% used [0x00000000ec400000,0x00000000ec400000,0x00000000ec800000)
 ParOldGen       total 68608K, used 0K [0x00000000c0000000, 0x00000000c4300000, 0x00000000eab00000)
  object space 68608K, 0% used [0x00000000c0000000,0x00000000c0000000,0x00000000c4300000)
 Metaspace       used 5554K, committed 5696K, reserved 1056768K
  class space    used 533K, committed 640K, reserved 1048576K

Card table byte_map: [0x0000024b19f60000,0x0000024b1a170000] _byte_map_base: 0x0000024b19960000

Marking Bits: (ParMarkBitMap*) 0x00007ffaf3212cc0
 Begin Bits: [0x0000024b1a2d0000, 0x0000024b1b2d0000)
 End Bits:   [0x0000024b1b2d0000, 0x0000024b1c2d0000)

Polling page: 0x0000024b069d0000

Metaspace:

Usage:
  Non-class:      4.90 MB used.
      Class:    533.41 KB used.
       Both:      5.42 MB used.

Virtual space:
  Non-class space:        8.00 MB reserved,       4.94 MB ( 62%) committed,  1 nodes.
      Class space:        1.00 GB reserved,     640.00 KB ( <1%) committed,  1 nodes.
             Both:        1.01 GB reserved,       5.56 MB ( <1%) committed. 

Chunk freelists:
   Non-Class:  2.97 MB
       Class:  3.25 MB
        Both:  6.22 MB

MaxMetaspaceSize: unlimited
CompressedClassSpaceSize: 1.00 GB
Initial GC threshold: 21.00 MB
Current GC threshold: 21.00 MB
CDS: off
MetaspaceReclaimPolicy: balanced
 - commit_granule_bytes: 65536.
 - commit_granule_words: 8192.
 - virtual_space_node_default_size: 1048576.
 - enlarge_chunks_in_place: 1.
 - new_chunks_are_fully_committed: 0.
 - uncommit_free_chunks: 1.
 - use_allocation_guard: 0.
 - handle_deallocations: 1.


Internal statistics:

num_allocs_failed_limit: 0.
num_arena_births: 8.
num_arena_deaths: 0.
num_vsnodes_births: 2.
num_vsnodes_deaths: 0.
num_space_committed: 89.
num_space_uncommitted: 0.
num_chunks_returned_to_freelist: 0.
num_chunks_taken_from_freelist: 20.
num_chunk_merges: 0.
num_chunk_splits: 8.
num_chunks_enlarged: 5.
num_purges: 0.
num_inconsistent_stats: 0.

CodeHeap 'non-profiled nmethods': size=120000Kb used=62Kb max_used=62Kb free=119937Kb
 bounds [0x0000024b12850000, 0x0000024b12ac0000, 0x0000024b19d80000]
CodeHeap 'profiled nmethods': size=120000Kb used=225Kb max_used=225Kb free=119774Kb
 bounds [0x0000024b0b320000, 0x0000024b0b590000, 0x0000024b12850000]
CodeHeap 'non-nmethods': size=5760Kb used=1094Kb max_used=1107Kb free=4666Kb
 bounds [0x0000024b0ad80000, 0x0000024b0aff0000, 0x0000024b0b320000]
 total_blobs=581 nmethods=209 adapters=287
 compilation: enabled
              stopped_count=0, restarted_count=0
 full_count=0

Compilation events (20 events):
Event: 0.923 Thread 0x0000024b1ebdcda0 nmethod 199 0x0000024b0b354810 code [0x0000024b0b3549c0, 0x0000024b0b354b68]
Event: 0.923 Thread 0x0000024b1ebdcda0  200       3       java.nio.Buffer::checkIndex (22 bytes)
Event: 0.923 Thread 0x0000024b1ebdcda0 nmethod 200 0x0000024b0b354c10 code [0x0000024b0b354dc0, 0x0000024b0b354fc8]
Event: 0.923 Thread 0x0000024b1ebdcda0  202   !   3       java.nio.DirectByteBuffer::get (34 bytes)
Event: 0.924 Thread 0x0000024b1ebdcda0 nmethod 202 0x0000024b0b355090 code [0x0000024b0b3552c0, 0x0000024b0b355ab8]
Event: 0.924 Thread 0x0000024b1ebda490 nmethod 201 0x0000024b1285f210 code [0x0000024b1285f380, 0x0000024b1285f458]
Event: 0.925 Thread 0x0000024b1ebdcda0  203       3       java.nio.DirectByteBuffer::ix (10 bytes)
Event: 0.926 Thread 0x0000024b1ebdcda0 nmethod 203 0x0000024b0b355f10 code [0x0000024b0b3560a0, 0x0000024b0b3561b8]
Event: 0.926 Thread 0x0000024b1ebdcda0  204       3       jdk.internal.jimage.ImageStringsReader::unmaskedHashCode (166 bytes)
Event: 0.928 Thread 0x0000024b1ebdcda0 nmethod 204 0x0000024b0b356290 code [0x0000024b0b3564e0, 0x0000024b0b3570b8]
Event: 0.928 Thread 0x0000024b1ebdcda0  205       1       java.nio.Buffer::limit (5 bytes)
Event: 0.929 Thread 0x0000024b1ebdcda0 nmethod 205 0x0000024b1285f590 code [0x0000024b1285f720, 0x0000024b1285f7f8]
Event: 0.929 Thread 0x0000024b1ebdcda0  206       3       jdk.internal.misc.Unsafe::putReferenceRelease (9 bytes)
Event: 0.929 Thread 0x0000024b1ebdcda0 nmethod 206 0x0000024b0b357590 code [0x0000024b0b357720, 0x0000024b0b357858]
Event: 0.929 Thread 0x0000024b1ebdcda0  208       3       java.lang.StringBuilder::append (8 bytes)
Event: 0.929 Thread 0x0000024b1ebdcda0 nmethod 208 0x0000024b0b357910 code [0x0000024b0b357aa0, 0x0000024b0b357be8]
Event: 0.929 Thread 0x0000024b1ebdcda0  209       3       java.lang.AbstractStringBuilder::append (45 bytes)
Event: 0.930 Thread 0x0000024b1ebdcda0 nmethod 209 0x0000024b0b357c90 code [0x0000024b0b357e60, 0x0000024b0b3581a8]
Event: 0.930 Thread 0x0000024b1ebdcda0  207       3       java.util.Optional::orElse (16 bytes)
Event: 0.930 Thread 0x0000024b1ebdcda0 nmethod 207 0x0000024b0b358310 code [0x0000024b0b3584a0, 0x0000024b0b358618]

GC Heap History (0 events):
No events

Deoptimization events (20 events):
Event: 0.696 Thread 0x0000024b068f38d0 Uncommon trap: trap_request=0xffffff45 fr.pc=0x0000024b1285a5a4 relative=0x0000000000000184
Event: 0.696 Thread 0x0000024b068f38d0 Uncommon trap: reason=unstable_if action=reinterpret pc=0x0000024b1285a5a4 method=java.lang.String.hashCode()I @ 13 c2
Event: 0.696 Thread 0x0000024b068f38d0 DEOPT PACKING pc=0x0000024b1285a5a4 sp=0x0000009fce5fda90
Event: 0.696 Thread 0x0000024b068f38d0 DEOPT UNPACKING pc=0x0000024b0add20a3 sp=0x0000009fce5fda28 mode 2
Event: 0.762 Thread 0x0000024b068f38d0 Uncommon trap: trap_request=0xfffffff4 fr.pc=0x0000024b1285e550 relative=0x00000000000001b0
Event: 0.762 Thread 0x0000024b068f38d0 Uncommon trap: reason=null_check action=make_not_entrant pc=0x0000024b1285e550 method=java.lang.String.equals(Ljava/lang/Object;)Z @ 8 c2
Event: 0.762 Thread 0x0000024b068f38d0 DEOPT PACKING pc=0x0000024b1285e550 sp=0x0000009fce5fcd80
Event: 0.762 Thread 0x0000024b068f38d0 DEOPT UNPACKING pc=0x0000024b0add20a3 sp=0x0000009fce5fcd28 mode 2
Event: 0.868 Thread 0x0000024b068f38d0 Uncommon trap: trap_request=0xffffffde fr.pc=0x0000024b1285bdfc relative=0x000000000000059c
Event: 0.868 Thread 0x0000024b068f38d0 Uncommon trap: reason=class_check action=maybe_recompile pc=0x0000024b1285bdfc method=java.util.HashMap.putVal(ILjava/lang/Object;Ljava/lang/Object;ZZ)Ljava/lang/Object; @ 152 c2
Event: 0.868 Thread 0x0000024b068f38d0 DEOPT PACKING pc=0x0000024b1285bdfc sp=0x0000009fce5fe350
Event: 0.868 Thread 0x0000024b068f38d0 DEOPT UNPACKING pc=0x0000024b0add20a3 sp=0x0000009fce5fe2a0 mode 2
Event: 0.868 Thread 0x0000024b068f38d0 Uncommon trap: trap_request=0xffffffde fr.pc=0x0000024b1285bdfc relative=0x000000000000059c
Event: 0.868 Thread 0x0000024b068f38d0 Uncommon trap: reason=class_check action=maybe_recompile pc=0x0000024b1285bdfc method=java.util.HashMap.putVal(ILjava/lang/Object;Ljava/lang/Object;ZZ)Ljava/lang/Object; @ 152 c2
Event: 0.868 Thread 0x0000024b068f38d0 DEOPT PACKING pc=0x0000024b1285bdfc sp=0x0000009fce5fe350
Event: 0.868 Thread 0x0000024b068f38d0 DEOPT UNPACKING pc=0x0000024b0add20a3 sp=0x0000009fce5fe2a0 mode 2
Event: 0.868 Thread 0x0000024b068f38d0 Uncommon trap: trap_request=0xffffffde fr.pc=0x0000024b1285bdfc relative=0x000000000000059c
Event: 0.868 Thread 0x0000024b068f38d0 Uncommon trap: reason=class_check action=maybe_recompile pc=0x0000024b1285bdfc method=java.util.HashMap.putVal(ILjava/lang/Object;Ljava/lang/Object;ZZ)Ljava/lang/Object; @ 152 c2
Event: 0.868 Thread 0x0000024b068f38d0 DEOPT PACKING pc=0x0000024b1285bdfc sp=0x0000009fce5fe350
Event: 0.868 Thread 0x0000024b068f38d0 DEOPT UNPACKING pc=0x0000024b0add20a3 sp=0x0000009fce5fe2a0 mode 2

Classes unloaded (0 events):
No events

Classes redefined (0 events):
No events

Internal exceptions (2 events):
Event: 0.578 Thread 0x0000024b068f38d0 Exception <a 'java/lang/NoSuchMethodError'{0x00000000eac32478}: 'void java.lang.invoke.DirectMethodHandle$Holder.invokeStatic(java.lang.Object, java.lang.Object, java.lang.Object)'> (0x00000000eac32478) 
thrown [s\src\hotspot\share\interpreter\linkResolver.cpp, line 759]
Event: 0.762 Thread 0x0000024b068f38d0 Implicit null exception at 0x0000024b1285e3d5 to 0x0000024b1285e540

VM Operations (0 events):
No events

Events (20 events):
Event: 0.888 Loaded shared library C:\Users\Prabharsha\.vscode\extensions\redhat.java-1.11.0-win32-x64\jre\17.0.4.1-win32-x86_64\bin\jimage.dll
Event: 0.889 loading class jdk/internal/jimage/ImageHeader
Event: 0.889 loading class jdk/internal/jimage/ImageHeader done
Event: 0.889 loading class java/nio/DirectIntBufferU
Event: 0.889 loading class java/nio/IntBuffer
Event: 0.890 loading class java/nio/IntBuffer done
Event: 0.890 loading class java/nio/DirectIntBufferU done
Event: 0.890 loading class java/nio/DirectByteBufferR
Event: 0.890 loading class java/nio/DirectByteBufferR done
Event: 0.890 loading class java/nio/DirectIntBufferRU
Event: 0.920 loading class java/nio/DirectIntBufferRU done
Event: 0.920 loading class jdk/internal/jimage/ImageStringsReader
Event: 0.920 loading class jdk/internal/jimage/ImageStrings
Event: 0.920 loading class jdk/internal/jimage/ImageStrings done
Event: 0.920 loading class jdk/internal/jimage/ImageStringsReader done
Event: 0.920 loading class jdk/internal/jimage/decompressor/Decompressor
Event: 0.921 loading class jdk/internal/jimage/decompressor/Decompressor done
Event: 0.921 loading class jdk/internal/jimage/ImageLocation
Event: 0.922 loading class jdk/internal/jimage/ImageLocation done
Event: 0.928 loading class java/util/regex/Pattern


Dynamic libraries:
0x00007ff656f80000 - 0x00007ff656f8e000 	c:\Users\Prabharsha\.vscode\extensions\redhat.java-1.11.0-win32-x64\jre\17.0.4.1-win32-x86_64\bin\java.exe
0x00007ffb3b2b0000 - 0x00007ffb3b4a5000 	C:\WINDOWS\SYSTEM32\ntdll.dll
0x00007ffb3a2d0000 - 0x00007ffb3a38e000 	C:\WINDOWS\System32\KERNEL32.DLL
0x00007ffb38be0000 - 0x00007ffb38ea8000 	C:\WINDOWS\System32\KERNELBASE.dll
0x00007ffb38ae0000 - 0x00007ffb38be0000 	C:\WINDOWS\System32\ucrtbase.dll
0x00007ffb30840000 - 0x00007ffb30858000 	c:\Users\Prabharsha\.vscode\extensions\redhat.java-1.11.0-win32-x64\jre\17.0.4.1-win32-x86_64\bin\jli.dll
0x00007ffb3a5a0000 - 0x00007ffb3a740000 	C:\WINDOWS\System32\USER32.dll
0x00007ffb392e0000 - 0x00007ffb39302000 	C:\WINDOWS\System32\win32u.dll
0x00007ffb3a550000 - 0x00007ffb3a57b000 	C:\WINDOWS\System32\GDI32.dll
0x00007ffb38eb0000 - 0x00007ffb38fbb000 	C:\WINDOWS\System32\gdi32full.dll
0x00007ffb389d0000 - 0x00007ffb38a6d000 	C:\WINDOWS\System32\msvcp_win.dll
0x00007ffb2e7e0000 - 0x00007ffb2e7f9000 	c:\Users\Prabharsha\.vscode\extensions\redhat.java-1.11.0-win32-x64\jre\17.0.4.1-win32-x86_64\bin\VCRUNTIME140.dll
0x00007ffb37de0000 - 0x00007ffb3807a000 	C:\WINDOWS\WinSxS\amd64_microsoft.windows.common-controls_6595b64144ccf1df_6.0.19041.1110_none_60b5254171f9507e\COMCTL32.dll
0x00007ffb39e70000 - 0x00007ffb39f0e000 	C:\WINDOWS\System32\msvcrt.dll
0x00007ffb39520000 - 0x00007ffb39550000 	C:\WINDOWS\System32\IMM32.DLL
0x00007ffb312c0000 - 0x00007ffb312cc000 	c:\Users\Prabharsha\.vscode\extensions\redhat.java-1.11.0-win32-x64\jre\17.0.4.1-win32-x86_64\bin\vcruntime140_1.dll
0x00007ffb0e1a0000 - 0x00007ffb0e231000 	c:\Users\Prabharsha\.vscode\extensions\redhat.java-1.11.0-win32-x64\jre\17.0.4.1-win32-x86_64\bin\msvcp140.dll
0x00007ffaf2690000 - 0x00007ffaf32d6000 	c:\Users\Prabharsha\.vscode\extensions\redhat.java-1.11.0-win32-x64\jre\17.0.4.1-win32-x86_64\bin\server\jvm.dll
0x00007ffb3a9e0000 - 0x00007ffb3aa8e000 	C:\WINDOWS\System32\ADVAPI32.dll
0x00007ffb3a390000 - 0x00007ffb3a42c000 	C:\WINDOWS\System32\sechost.dll
0x00007ffb3a1a0000 - 0x00007ffb3a2c5000 	C:\WINDOWS\System32\RPCRT4.dll
0x00007ffb3b260000 - 0x00007ffb3b268000 	C:\WINDOWS\System32\PSAPI.DLL
0x00007ffb1d750000 - 0x00007ffb1d777000 	C:\WINDOWS\SYSTEM32\WINMM.dll
0x00007ffb35e20000 - 0x00007ffb35e2a000 	C:\WINDOWS\SYSTEM32\VERSION.dll
0x00007ffb23b50000 - 0x00007ffb23b59000 	C:\WINDOWS\SYSTEM32\WSOCK32.dll
0x00007ffb3a0d0000 - 0x00007ffb3a13b000 	C:\WINDOWS\System32\WS2_32.dll
0x00007ffb36470000 - 0x00007ffb36482000 	C:\WINDOWS\SYSTEM32\kernel.appcore.dll
0x00007ffb35a20000 - 0x00007ffb35a2a000 	c:\Users\Prabharsha\.vscode\extensions\redhat.java-1.11.0-win32-x64\jre\17.0.4.1-win32-x86_64\bin\jimage.dll
0x00007ffb38250000 - 0x00007ffb38434000 	C:\WINDOWS\SYSTEM32\DBGHELP.DLL
0x00007ffb381a0000 - 0x00007ffb381cc000 	C:\WINDOWS\SYSTEM32\dbgcore.DLL
0x00007ffb39150000 - 0x00007ffb391d2000 	C:\WINDOWS\System32\bcryptPrimitives.dll
0x00007ffb30e90000 - 0x00007ffb30e9e000 	c:\Users\Prabharsha\.vscode\extensions\redhat.java-1.11.0-win32-x64\jre\17.0.4.1-win32-x86_64\bin\instrument.dll
0x00007ffb30c70000 - 0x00007ffb30c95000 	c:\Users\Prabharsha\.vscode\extensions\redhat.java-1.11.0-win32-x64\jre\17.0.4.1-win32-x86_64\bin\java.dll
0x00007ffb30ab0000 - 0x00007ffb30ac8000 	c:\Users\Prabharsha\.vscode\extensions\redhat.java-1.11.0-win32-x64\jre\17.0.4.1-win32-x86_64\bin\zip.dll
0x00007ffb3aa90000 - 0x00007ffb3b1d4000 	C:\WINDOWS\System32\SHELL32.dll
0x00007ffb36490000 - 0x00007ffb36c24000 	C:\WINDOWS\SYSTEM32\windows.storage.dll
0x00007ffb39550000 - 0x00007ffb398a4000 	C:\WINDOWS\System32\combase.dll
0x00007ffb37d40000 - 0x00007ffb37d6c000 	C:\WINDOWS\SYSTEM32\Wldp.dll
0x00007ffb3a930000 - 0x00007ffb3a9dd000 	C:\WINDOWS\System32\SHCORE.dll
0x00007ffb3b1f0000 - 0x00007ffb3b245000 	C:\WINDOWS\System32\shlwapi.dll
0x00007ffb38910000 - 0x00007ffb3892f000 	C:\WINDOWS\SYSTEM32\profapi.dll
0x00007ffb2cee0000 - 0x00007ffb2cef9000 	C:\Users\Prabharsha\.vscode\extensions\redhat.java-1.11.0-win32-x64\jre\17.0.4.1-win32-x86_64\bin\net.dll
0x00007ffb2e1f0000 - 0x00007ffb2e2f9000 	C:\WINDOWS\SYSTEM32\WINHTTP.dll
0x00007ffb37c10000 - 0x00007ffb37c7a000 	C:\WINDOWS\system32\mswsock.dll
0x00007ffb2cec0000 - 0x00007ffb2ced5000 	C:\Users\Prabharsha\.vscode\extensions\redhat.java-1.11.0-win32-x64\jre\17.0.4.1-win32-x86_64\bin\nio.dll

dbghelp: loaded successfully - version: 4.0.5 - missing functions: none
symbol engine: initialized successfully - sym options: 0x614 - pdb path: .;c:\Users\Prabharsha\.vscode\extensions\redhat.java-1.11.0-win32-x64\jre\17.0.4.1-win32-x86_64\bin;C:\WINDOWS\SYSTEM32;C:\WINDOWS\WinSxS\amd64_microsoft.windows.common-controls_6595b64144ccf1df_6.0.19041.1110_none_60b5254171f9507e;c:\Users\Prabharsha\.vscode\extensions\redhat.java-1.11.0-win32-x64\jre\17.0.4.1-win32-x86_64\bin\server

VM Arguments:
jvm_args: --add-modules=ALL-SYSTEM --add-opens=java.base/java.util=ALL-UNNAMED --add-opens=java.base/java.lang=ALL-UNNAMED --add-opens=java.base/sun.nio.fs=ALL-UNNAMED -Declipse.application=org.eclipse.jdt.ls.core.id1 -Dosgi.bundles.defaultStartLevel=4 -Declipse.product=org.eclipse.jdt.ls.core.product -Djava.import.generatesMetadataFilesAtProjectRoot=false -Dfile.encoding=utf8 -DwatchParentProcess=false -XX:+UseParallelGC -XX:GCTimeRatio=4 -XX:AdaptiveSizePolicyWeight=90 -Dsun.zip.disableMemoryMapping=true -Xmx1G -Xms100m -Xlog:disable -javaagent:c:\Users\Prabharsha\.vscode\extensions\redhat.java-1.11.0-win32-x64\lombok\lombok-1.18.24.jar -XX:+HeapDumpOnOutOfMemoryError -XX:HeapDumpPath=c:\Users\Prabharsha\AppData\Roaming\Code\User\workspaceStorage\eb937eaabd02c54c35364ab9040414ff\redhat.java 
java_command: c:\Users\Prabharsha\.vscode\extensions\redhat.java-1.11.0-win32-x64\server\plugins\org.eclipse.equinox.launcher_1.6.400.v20210924-0641.jar -configuration c:\Users\Prabharsha\AppData\Roaming\Code\User\globalStorage\redhat.java\1.11.0\config_win -data c:\Users\Prabharsha\AppData\Roaming\Code\User\workspaceStorage\eb937eaabd02c54c35364ab9040414ff\redhat.java\jdt_ws
java_class_path (initial): c:\Users\Prabharsha\.vscode\extensions\redhat.java-1.11.0-win32-x64\server\plugins\org.eclipse.equinox.launcher_1.6.400.v20210924-0641.jar
Launcher Type: SUN_STANDARD

[Global flags]
    uintx AdaptiveSizePolicyWeight                 = 90                                        {product} {command line}
     intx CICompilerCount                          = 4                                         {product} {ergonomic}
    uintx GCTimeRatio                              = 4                                         {product} {command line}
     bool HeapDumpOnOutOfMemoryError               = true                                   {manageable} {command line}
    ccstr HeapDumpPath                             = c:\Users\Prabharsha\AppData\Roaming\Code\User\workspaceStorage\eb937eaabd02c54c35364ab9040414ff\redhat.java         {manageable} {command line}
   size_t InitialHeapSize                          = 104857600                                 {product} {command line}
   size_t MaxHeapSize                              = 1073741824                                {product} {command line}
   size_t MaxNewSize                               = 357564416                                 {product} {ergonomic}
   size_t MinHeapDeltaBytes                        = 524288                                    {product} {ergonomic}
   size_t MinHeapSize                              = 104857600                                 {product} {command line}
   size_t NewSize                                  = 34603008                                  {product} {ergonomic}
    uintx NonNMethodCodeHeapSize                   = 5839372                                {pd product} {ergonomic}
    uintx NonProfiledCodeHeapSize                  = 122909434                              {pd product} {ergonomic}
   size_t OldSize                                  = 70254592                                  {product} {ergonomic}
    uintx ProfiledCodeHeapSize                     = 122909434                              {pd product} {ergonomic}
    uintx ReservedCodeCacheSize                    = 251658240                              {pd product} {ergonomic}
     bool SegmentedCodeCache                       = true                                      {product} {ergonomic}
   size_t SoftMaxHeapSize                          = 1073741824                             {manageable} {ergonomic}
     bool UseCompressedClassPointers               = true                           {product lp64_product} {ergonomic}
     bool UseCompressedOops                        = true                           {product lp64_product} {ergonomic}
     bool UseLargePagesIndividualAllocation        = false                                  {pd product} {ergonomic}
     bool UseParallelGC                            = true                                      {product} {command line}

Logging:
Log output configuration:
 #0: stdout all=off uptime,level,tags
 #1: stderr all=off uptime,level,tags

Environment Variables:
JAVA_HOME=C:\Program Files\Java\jdk-11.0.16
PATH=C:\Program Files\Java\jdk-11.0.16\bin;C:\Program Files\Common Files\Oracle\Java\javapath;C:\Program Files\Eclipse Adoptium\jdk-8.0.322.6-hotspot\bin;C:\Python310\Scripts\;C:\Python310\;C:\Program Files (x86)\Common Files\Oracle\Java\javapath;C:\WINDOWS\system32;C:\Program Files\Java\jdk1.8.0_271\bin;C:\WINDOWS;C:\WINDOWS\System32\Wbem;C:\WINDOWS\System32\WindowsPowerShell\v1.0\;C:\WINDOWS\System32\OpenSSH\;C:\Program Files\NVIDIA Corporation\NVIDIA NvDLISR;C:\Program Files (x86)\NVIDIA Corporation\PhysX\Common;C:\Program Files\MySQL\MySQL Server 8.0\bin;C:\Program Files (x86)\QuickTime\QTSystem\;C:\Program Files\Git\cmd;C:\ProgramData\chocolatey\bin;C:\Program Files (x86)\NoteBook FanControl\;C:\Program Files\nodejs\;C:\Program Files (x86)\dotnet\;%LOCALAPPDATA%\Android\Sdk\platform-tools;C:\Users\Prabharsha\AppData\Roaming\npm;C:\Program Files\MySQL\MySQL Shell 8.0\bin\;C:\Users\Prabharsha\AppData\Local\Microsoft\WindowsApps;C:\Program Files\JetBrains\IntelliJ IDEA 2022.1.2\bin;;C:\Program Files\MySQL\MySQL Shell 8.0\bin;C:\Program Files\MySQL\MySQL Shell 8.0\bin;C:\Users\Prabharsha\AppData\Local\Programs\Microsoft VS Code\bin
USERNAME=Prabharsha
OS=Windows_NT
PROCESSOR_IDENTIFIER=Intel64 Family 6 Model 142 Stepping 10, GenuineIntel
TMP=C:\Users\PRABHA~1\AppData\Local\Temp
TEMP=C:\Users\PRABHA~1\AppData\Local\Temp



---------------  S Y S T E M  ---------------

OS:
 Windows 10 , 64 bit Build 19041 (10.0.19041.1566)
OS uptime: 0 days 22:02 hours

CPU: total 8 (initial active 8) (4 cores per cpu, 2 threads per core) family 6 model 142 stepping 10 microcode 0xb4, cx8, cmov, fxsr, ht, mmx, 3dnowpref, sse, sse2, sse3, ssse3, sse4.1, sse4.2, popcnt, lzcnt, tsc, tscinvbit, avx, avx2, aes, erms, clmul, bmi1, bmi2, adx, fma, vzeroupper, clflush, clflushopt

Memory: 4k page, system-wide physical 8074M (345M free)
TotalPageFile size 12074M (AvailPageFile size 110M)
current process WorkingSet (physical memory assigned to process): 32M, peak: 32M
current process commit charge ("private bytes"): 184M, peak: 185M

vm_info: OpenJDK 64-Bit Server VM (17.0.4.1+1) for windows-amd64 JRE (17.0.4.1+1), built on Aug 17 2022 07:42:43 by "temurin" with MS VC++ 16.7 (VS2019)

END.
